[0.349s] Invoking command in '/root/Shared/src/TurtleRRT-Connect/MIAPR_project/src/nav2_gps_waypoint_follower_demo': PYTHONPATH=/root/Shared/src/TurtleRRT-Connect/MIAPR_project/build/nav2_gps_waypoint_follower_demo/prefix_override:/usr/lib/python3/dist-packages/colcon_core/task/python/colcon_distutils_commands:/root/Shared/src/TurtleRRT-Connect/MIAPR_project/install/nav2_gps_waypoint_follower_demo/lib/python3.10/site-packages:${PYTHONPATH} /usr/bin/python3 -W ignore:setup.py install is deprecated -W ignore:easy_install command is deprecated setup.py egg_info --egg-base ../../build/nav2_gps_waypoint_follower_demo build --build-base /root/Shared/src/TurtleRRT-Connect/MIAPR_project/build/nav2_gps_waypoint_follower_demo/build install --record /root/Shared/src/TurtleRRT-Connect/MIAPR_project/build/nav2_gps_waypoint_follower_demo/install.log --single-version-externally-managed install_data
[0.506s] running egg_info
[0.506s] writing ../../build/nav2_gps_waypoint_follower_demo/nav2_gps_waypoint_follower_demo.egg-info/PKG-INFO
[0.507s] writing dependency_links to ../../build/nav2_gps_waypoint_follower_demo/nav2_gps_waypoint_follower_demo.egg-info/dependency_links.txt
[0.507s] writing entry points to ../../build/nav2_gps_waypoint_follower_demo/nav2_gps_waypoint_follower_demo.egg-info/entry_points.txt
[0.507s] writing requirements to ../../build/nav2_gps_waypoint_follower_demo/nav2_gps_waypoint_follower_demo.egg-info/requires.txt
[0.507s] writing top-level names to ../../build/nav2_gps_waypoint_follower_demo/nav2_gps_waypoint_follower_demo.egg-info/top_level.txt
[0.509s] reading manifest file '../../build/nav2_gps_waypoint_follower_demo/nav2_gps_waypoint_follower_demo.egg-info/SOURCES.txt'
[0.511s] writing manifest file '../../build/nav2_gps_waypoint_follower_demo/nav2_gps_waypoint_follower_demo.egg-info/SOURCES.txt'
[0.511s] running build
[0.511s] running build_py
[0.511s] running install
[0.512s] running install_lib
[0.513s] running install_data
[0.513s] running install_egg_info
[0.515s] removing '/root/Shared/src/TurtleRRT-Connect/MIAPR_project/install/nav2_gps_waypoint_follower_demo/lib/python3.10/site-packages/nav2_gps_waypoint_follower_demo-0.0.1-py3.10.egg-info' (and everything under it)
[0.515s] Copying ../../build/nav2_gps_waypoint_follower_demo/nav2_gps_waypoint_follower_demo.egg-info to /root/Shared/src/TurtleRRT-Connect/MIAPR_project/install/nav2_gps_waypoint_follower_demo/lib/python3.10/site-packages/nav2_gps_waypoint_follower_demo-0.0.1-py3.10.egg-info
[0.515s] running install_scripts
[0.531s] Installing gps_waypoint_logger script to /root/Shared/src/TurtleRRT-Connect/MIAPR_project/install/nav2_gps_waypoint_follower_demo/lib/nav2_gps_waypoint_follower_demo
[0.531s] Installing interactive_waypoint_follower script to /root/Shared/src/TurtleRRT-Connect/MIAPR_project/install/nav2_gps_waypoint_follower_demo/lib/nav2_gps_waypoint_follower_demo
[0.531s] Installing logged_waypoint_follower script to /root/Shared/src/TurtleRRT-Connect/MIAPR_project/install/nav2_gps_waypoint_follower_demo/lib/nav2_gps_waypoint_follower_demo
[0.531s] writing list of installed files to '/root/Shared/src/TurtleRRT-Connect/MIAPR_project/build/nav2_gps_waypoint_follower_demo/install.log'
[0.555s] Invoked command in '/root/Shared/src/TurtleRRT-Connect/MIAPR_project/src/nav2_gps_waypoint_follower_demo' returned '0': PYTHONPATH=/root/Shared/src/TurtleRRT-Connect/MIAPR_project/build/nav2_gps_waypoint_follower_demo/prefix_override:/usr/lib/python3/dist-packages/colcon_core/task/python/colcon_distutils_commands:/root/Shared/src/TurtleRRT-Connect/MIAPR_project/install/nav2_gps_waypoint_follower_demo/lib/python3.10/site-packages:${PYTHONPATH} /usr/bin/python3 -W ignore:setup.py install is deprecated -W ignore:easy_install command is deprecated setup.py egg_info --egg-base ../../build/nav2_gps_waypoint_follower_demo build --build-base /root/Shared/src/TurtleRRT-Connect/MIAPR_project/build/nav2_gps_waypoint_follower_demo/build install --record /root/Shared/src/TurtleRRT-Connect/MIAPR_project/build/nav2_gps_waypoint_follower_demo/install.log --single-version-externally-managed install_data
