[0.012s] Invoking command in '/home/szymon/Documents/MIAPR/Project_NAV2_przyklad/build/nav2_gradient_costmap_plugin': CMAKE_PREFIX_PATH=/opt/ros/humble /usr/bin/cmake /home/szymon/Documents/MIAPR/Project_NAV2_przyklad/navigation2_tutorials/nav2_gradient_costmap_plugin -DCMAKE_INSTALL_PREFIX=/home/szymon/Documents/MIAPR/Project_NAV2_przyklad/install/nav2_gradient_costmap_plugin
[0.088s] -- The C compiler identification is GNU 11.4.0
[0.149s] -- The CXX compiler identification is GNU 11.4.0
[0.154s] -- Detecting C compiler ABI info
[0.200s] -- Detecting C compiler ABI info - done
[0.204s] -- Check for working C compiler: /usr/bin/cc - skipped
[0.204s] -- Detecting C compile features
[0.205s] -- Detecting C compile features - done
[0.207s] -- Detecting CXX compiler ABI info
[0.257s] -- Detecting CXX compiler ABI info - done
[0.262s] -- Check for working CXX compiler: /usr/bin/c++ - skipped
[0.262s] -- Detecting CXX compile features
[0.262s] -- Detecting CXX compile features - done
[0.266s] -- Found ament_cmake: 1.3.11 (/opt/ros/humble/share/ament_cmake/cmake)
[0.845s] -- Found Python3: /usr/bin/python3 (found version "3.10.12") found components: Interpreter 
[0.904s] -- Found rclcpp: 16.0.12 (/opt/ros/humble/share/rclcpp/cmake)
[0.932s] -- Found rosidl_generator_c: 3.1.6 (/opt/ros/humble/share/rosidl_generator_c/cmake)
[0.935s] -- Found rosidl_adapter: 3.1.6 (/opt/ros/humble/share/rosidl_adapter/cmake)
[0.940s] -- Found rosidl_generator_cpp: 3.1.6 (/opt/ros/humble/share/rosidl_generator_cpp/cmake)
[0.949s] -- Using all available rosidl_typesupport_c: rosidl_typesupport_fastrtps_c;rosidl_typesupport_introspection_c
[0.959s] -- Using all available rosidl_typesupport_cpp: rosidl_typesupport_fastrtps_cpp;rosidl_typesupport_introspection_cpp
[0.989s] -- Found rmw_implementation_cmake: 6.1.2 (/opt/ros/humble/share/rmw_implementation_cmake/cmake)
[0.991s] -- Found rmw_fastrtps_cpp: 6.2.7 (/opt/ros/humble/share/rmw_fastrtps_cpp/cmake)
[1.047s] -- Found OpenSSL: /usr/lib/x86_64-linux-gnu/libcrypto.so (found version "3.0.2")  
[1.065s] -- Found FastRTPS: /opt/ros/humble/include  
[1.093s] -- Using RMW implementation 'rmw_fastrtps_cpp' as default
[1.099s] -- Looking for pthread.h
[1.148s] -- Looking for pthread.h - found
[1.148s] -- Performing Test CMAKE_HAVE_LIBC_PTHREAD
[1.202s] -- Performing Test CMAKE_HAVE_LIBC_PTHREAD - Success
[1.203s] -- Found Threads: TRUE  
[1.236s] -- Found nav2_costmap_2d: 1.1.18 (/opt/ros/humble/share/nav2_costmap_2d/cmake)
[1.392s] -- Found Eigen3: TRUE (found version "3.4.0") 
[1.392s] -- Ensuring Eigen3 include directory is part of orocos-kdl CMake target
[1.526s] -- Configuring done
[1.580s] -- Generating done
[1.584s] -- Build files have been written to: /home/szymon/Documents/MIAPR/Project_NAV2_przyklad/build/nav2_gradient_costmap_plugin
[1.595s] Invoked command in '/home/szymon/Documents/MIAPR/Project_NAV2_przyklad/build/nav2_gradient_costmap_plugin' returned '0': CMAKE_PREFIX_PATH=/opt/ros/humble /usr/bin/cmake /home/szymon/Documents/MIAPR/Project_NAV2_przyklad/navigation2_tutorials/nav2_gradient_costmap_plugin -DCMAKE_INSTALL_PREFIX=/home/szymon/Documents/MIAPR/Project_NAV2_przyklad/install/nav2_gradient_costmap_plugin
[1.596s] Invoking command in '/home/szymon/Documents/MIAPR/Project_NAV2_przyklad/build/nav2_gradient_costmap_plugin': CMAKE_PREFIX_PATH=/opt/ros/humble /usr/bin/cmake --build /home/szymon/Documents/MIAPR/Project_NAV2_przyklad/build/nav2_gradient_costmap_plugin -- -j12 -l12
[1.640s] [ 50%] [32mBuilding CXX object CMakeFiles/nav2_gradient_costmap_plugin_core.dir/src/gradient_layer.cpp.o[0m
[3.959s] [100%] [32m[1mLinking CXX shared library libnav2_gradient_costmap_plugin_core.so[0m
[4.109s] [100%] Built target nav2_gradient_costmap_plugin_core
[4.119s] Invoked command in '/home/szymon/Documents/MIAPR/Project_NAV2_przyklad/build/nav2_gradient_costmap_plugin' returned '0': CMAKE_PREFIX_PATH=/opt/ros/humble /usr/bin/cmake --build /home/szymon/Documents/MIAPR/Project_NAV2_przyklad/build/nav2_gradient_costmap_plugin -- -j12 -l12
[4.120s] Invoking command in '/home/szymon/Documents/MIAPR/Project_NAV2_przyklad/build/nav2_gradient_costmap_plugin': CMAKE_PREFIX_PATH=/opt/ros/humble /usr/bin/cmake --install /home/szymon/Documents/MIAPR/Project_NAV2_przyklad/build/nav2_gradient_costmap_plugin
[4.127s] -- Install configuration: ""
[4.127s] -- Installing: /home/szymon/Documents/MIAPR/Project_NAV2_przyklad/install/nav2_gradient_costmap_plugin/lib/libnav2_gradient_costmap_plugin_core.so
[4.127s] -- Set runtime path of "/home/szymon/Documents/MIAPR/Project_NAV2_przyklad/install/nav2_gradient_costmap_plugin/lib/libnav2_gradient_costmap_plugin_core.so" to ""
[4.127s] -- Installing: /home/szymon/Documents/MIAPR/Project_NAV2_przyklad/install/nav2_gradient_costmap_plugin/share/nav2_gradient_costmap_plugin/gradient_layer.xml
[4.128s] -- Installing: /home/szymon/Documents/MIAPR/Project_NAV2_przyklad/install/nav2_gradient_costmap_plugin/share/ament_index/resource_index/package_run_dependencies/nav2_gradient_costmap_plugin
[4.128s] -- Installing: /home/szymon/Documents/MIAPR/Project_NAV2_przyklad/install/nav2_gradient_costmap_plugin/share/ament_index/resource_index/parent_prefix_path/nav2_gradient_costmap_plugin
[4.128s] -- Installing: /home/szymon/Documents/MIAPR/Project_NAV2_przyklad/install/nav2_gradient_costmap_plugin/share/nav2_gradient_costmap_plugin/environment/ament_prefix_path.sh
[4.128s] -- Installing: /home/szymon/Documents/MIAPR/Project_NAV2_przyklad/install/nav2_gradient_costmap_plugin/share/nav2_gradient_costmap_plugin/environment/ament_prefix_path.dsv
[4.128s] -- Installing: /home/szymon/Documents/MIAPR/Project_NAV2_przyklad/install/nav2_gradient_costmap_plugin/share/nav2_gradient_costmap_plugin/environment/path.sh
[4.128s] -- Installing: /home/szymon/Documents/MIAPR/Project_NAV2_przyklad/install/nav2_gradient_costmap_plugin/share/nav2_gradient_costmap_plugin/environment/path.dsv
[4.128s] -- Installing: /home/szymon/Documents/MIAPR/Project_NAV2_przyklad/install/nav2_gradient_costmap_plugin/share/nav2_gradient_costmap_plugin/local_setup.bash
[4.128s] -- Installing: /home/szymon/Documents/MIAPR/Project_NAV2_przyklad/install/nav2_gradient_costmap_plugin/share/nav2_gradient_costmap_plugin/local_setup.sh
[4.128s] -- Installing: /home/szymon/Documents/MIAPR/Project_NAV2_przyklad/install/nav2_gradient_costmap_plugin/share/nav2_gradient_costmap_plugin/local_setup.zsh
[4.129s] -- Installing: /home/szymon/Documents/MIAPR/Project_NAV2_przyklad/install/nav2_gradient_costmap_plugin/share/nav2_gradient_costmap_plugin/local_setup.dsv
[4.129s] -- Installing: /home/szymon/Documents/MIAPR/Project_NAV2_przyklad/install/nav2_gradient_costmap_plugin/share/nav2_gradient_costmap_plugin/package.dsv
[4.129s] -- Installing: /home/szymon/Documents/MIAPR/Project_NAV2_przyklad/install/nav2_gradient_costmap_plugin/share/ament_index/resource_index/packages/nav2_gradient_costmap_plugin
[4.129s] -- Installing: /home/szymon/Documents/MIAPR/Project_NAV2_przyklad/install/nav2_gradient_costmap_plugin/share/ament_index/resource_index/nav2_costmap_2d__pluginlib__plugin/nav2_gradient_costmap_plugin
[4.129s] -- Installing: /home/szymon/Documents/MIAPR/Project_NAV2_przyklad/install/nav2_gradient_costmap_plugin/share/nav2_gradient_costmap_plugin/cmake/nav2_gradient_costmap_pluginConfig.cmake
[4.129s] -- Installing: /home/szymon/Documents/MIAPR/Project_NAV2_przyklad/install/nav2_gradient_costmap_plugin/share/nav2_gradient_costmap_plugin/cmake/nav2_gradient_costmap_pluginConfig-version.cmake
[4.129s] -- Installing: /home/szymon/Documents/MIAPR/Project_NAV2_przyklad/install/nav2_gradient_costmap_plugin/share/nav2_gradient_costmap_plugin/package.xml
[4.132s] Invoked command in '/home/szymon/Documents/MIAPR/Project_NAV2_przyklad/build/nav2_gradient_costmap_plugin' returned '0': CMAKE_PREFIX_PATH=/opt/ros/humble /usr/bin/cmake --install /home/szymon/Documents/MIAPR/Project_NAV2_przyklad/build/nav2_gradient_costmap_plugin
