[0.016s] Invoking command in '/root/Shared/src/TurtleRRT-Connect/MIAPR_project/build/nav2_costmap_filters_demo': CMAKE_PREFIX_PATH=${CMAKE_PREFIX_PATH}:/opt/ros/humble /usr/bin/cmake /root/Shared/src/TurtleRRT-Connect/MIAPR_project/src/nav2_costmap_filters_demo -DCMAKE_INSTALL_PREFIX=/root/Shared/src/TurtleRRT-Connect/MIAPR_project/install/nav2_costmap_filters_demo
[0.157s] -- The C compiler identification is GNU 11.4.0
[0.158s] -- The CXX compiler identification is GNU 11.4.0
[0.158s] -- Detecting C compiler ABI info
[0.184s] -- Detecting C compiler ABI info - done
[0.191s] -- Check for working C compiler: /usr/bin/cc - skipped
[0.191s] -- Detecting C compile features
[0.191s] -- Detecting C compile features - done
[0.195s] -- Detecting CXX compiler ABI info
[0.249s] -- Detecting CXX compiler ABI info - done
[0.257s] -- Check for working CXX compiler: /usr/bin/c++ - skipped
[0.257s] -- Detecting CXX compile features
[0.257s] -- Detecting CXX compile features - done
[0.260s] -- Found ament_cmake: 1.3.11 (/opt/ros/humble/share/ament_cmake/cmake)
[0.383s] -- Found Python3: /usr/bin/python3 (found version "3.10.12") found components: Interpreter 
[0.549s] -- Configuring done
[0.552s] -- Generating done
[0.553s] -- Build files have been written to: /root/Shared/src/TurtleRRT-Connect/MIAPR_project/build/nav2_costmap_filters_demo
[0.558s] Invoked command in '/root/Shared/src/TurtleRRT-Connect/MIAPR_project/build/nav2_costmap_filters_demo' returned '0': CMAKE_PREFIX_PATH=${CMAKE_PREFIX_PATH}:/opt/ros/humble /usr/bin/cmake /root/Shared/src/TurtleRRT-Connect/MIAPR_project/src/nav2_costmap_filters_demo -DCMAKE_INSTALL_PREFIX=/root/Shared/src/TurtleRRT-Connect/MIAPR_project/install/nav2_costmap_filters_demo
[0.559s] Invoking command in '/root/Shared/src/TurtleRRT-Connect/MIAPR_project/build/nav2_costmap_filters_demo': CMAKE_PREFIX_PATH=${CMAKE_PREFIX_PATH}:/opt/ros/humble /usr/bin/cmake --build /root/Shared/src/TurtleRRT-Connect/MIAPR_project/build/nav2_costmap_filters_demo -- -j12 -l12
[0.591s] Invoked command in '/root/Shared/src/TurtleRRT-Connect/MIAPR_project/build/nav2_costmap_filters_demo' returned '0': CMAKE_PREFIX_PATH=${CMAKE_PREFIX_PATH}:/opt/ros/humble /usr/bin/cmake --build /root/Shared/src/TurtleRRT-Connect/MIAPR_project/build/nav2_costmap_filters_demo -- -j12 -l12
[0.598s] Invoking command in '/root/Shared/src/TurtleRRT-Connect/MIAPR_project/build/nav2_costmap_filters_demo': CMAKE_PREFIX_PATH=${CMAKE_PREFIX_PATH}:/opt/ros/humble /usr/bin/cmake --install /root/Shared/src/TurtleRRT-Connect/MIAPR_project/build/nav2_costmap_filters_demo
[0.603s] -- Install configuration: ""
[0.603s] -- Installing: /root/Shared/src/TurtleRRT-Connect/MIAPR_project/install/nav2_costmap_filters_demo/share/nav2_costmap_filters_demo/launch
[0.603s] -- Installing: /root/Shared/src/TurtleRRT-Connect/MIAPR_project/install/nav2_costmap_filters_demo/share/nav2_costmap_filters_demo/launch/costmap_filter_info.launch.py
[0.604s] -- Installing: /root/Shared/src/TurtleRRT-Connect/MIAPR_project/install/nav2_costmap_filters_demo/share/nav2_costmap_filters_demo/maps
[0.604s] -- Installing: /root/Shared/src/TurtleRRT-Connect/MIAPR_project/install/nav2_costmap_filters_demo/share/nav2_costmap_filters_demo/maps/speed_mask.pgm
[0.604s] -- Installing: /root/Shared/src/TurtleRRT-Connect/MIAPR_project/install/nav2_costmap_filters_demo/share/nav2_costmap_filters_demo/maps/speed_mask.yaml
[0.604s] -- Installing: /root/Shared/src/TurtleRRT-Connect/MIAPR_project/install/nav2_costmap_filters_demo/share/nav2_costmap_filters_demo/maps/keepout_mask.yaml
[0.604s] -- Installing: /root/Shared/src/TurtleRRT-Connect/MIAPR_project/install/nav2_costmap_filters_demo/share/nav2_costmap_filters_demo/maps/keepout_mask.pgm
[0.604s] -- Installing: /root/Shared/src/TurtleRRT-Connect/MIAPR_project/install/nav2_costmap_filters_demo/share/nav2_costmap_filters_demo/params
[0.604s] -- Installing: /root/Shared/src/TurtleRRT-Connect/MIAPR_project/install/nav2_costmap_filters_demo/share/nav2_costmap_filters_demo/params/keepout_params.yaml
[0.604s] -- Installing: /root/Shared/src/TurtleRRT-Connect/MIAPR_project/install/nav2_costmap_filters_demo/share/nav2_costmap_filters_demo/params/speed_params.yaml
[0.604s] -- Installing: /root/Shared/src/TurtleRRT-Connect/MIAPR_project/install/nav2_costmap_filters_demo/share/ament_index/resource_index/package_run_dependencies/nav2_costmap_filters_demo
[0.604s] -- Installing: /root/Shared/src/TurtleRRT-Connect/MIAPR_project/install/nav2_costmap_filters_demo/share/ament_index/resource_index/parent_prefix_path/nav2_costmap_filters_demo
[0.604s] -- Installing: /root/Shared/src/TurtleRRT-Connect/MIAPR_project/install/nav2_costmap_filters_demo/share/nav2_costmap_filters_demo/environment/ament_prefix_path.sh
[0.604s] -- Installing: /root/Shared/src/TurtleRRT-Connect/MIAPR_project/install/nav2_costmap_filters_demo/share/nav2_costmap_filters_demo/environment/ament_prefix_path.dsv
[0.605s] -- Installing: /root/Shared/src/TurtleRRT-Connect/MIAPR_project/install/nav2_costmap_filters_demo/share/nav2_costmap_filters_demo/environment/path.sh
[0.605s] -- Installing: /root/Shared/src/TurtleRRT-Connect/MIAPR_project/install/nav2_costmap_filters_demo/share/nav2_costmap_filters_demo/environment/path.dsv
[0.605s] -- Installing: /root/Shared/src/TurtleRRT-Connect/MIAPR_project/install/nav2_costmap_filters_demo/share/nav2_costmap_filters_demo/local_setup.bash
[0.605s] -- Installing: /root/Shared/src/TurtleRRT-Connect/MIAPR_project/install/nav2_costmap_filters_demo/share/nav2_costmap_filters_demo/local_setup.sh
[0.605s] -- Installing: /root/Shared/src/TurtleRRT-Connect/MIAPR_project/install/nav2_costmap_filters_demo/share/nav2_costmap_filters_demo/local_setup.zsh
[0.605s] -- Installing: /root/Shared/src/TurtleRRT-Connect/MIAPR_project/install/nav2_costmap_filters_demo/share/nav2_costmap_filters_demo/local_setup.dsv
[0.605s] -- Installing: /root/Shared/src/TurtleRRT-Connect/MIAPR_project/install/nav2_costmap_filters_demo/share/nav2_costmap_filters_demo/package.dsv
[0.605s] -- Installing: /root/Shared/src/TurtleRRT-Connect/MIAPR_project/install/nav2_costmap_filters_demo/share/ament_index/resource_index/packages/nav2_costmap_filters_demo
[0.605s] -- Installing: /root/Shared/src/TurtleRRT-Connect/MIAPR_project/install/nav2_costmap_filters_demo/share/nav2_costmap_filters_demo/cmake/nav2_costmap_filters_demoConfig.cmake
[0.605s] -- Installing: /root/Shared/src/TurtleRRT-Connect/MIAPR_project/install/nav2_costmap_filters_demo/share/nav2_costmap_filters_demo/cmake/nav2_costmap_filters_demoConfig-version.cmake
[0.605s] -- Installing: /root/Shared/src/TurtleRRT-Connect/MIAPR_project/install/nav2_costmap_filters_demo/share/nav2_costmap_filters_demo/package.xml
