[0.071s] DEBUG:colcon:Command line arguments: ['/usr/bin/colcon', 'build']
[0.071s] DEBUG:colcon:Parsed command line arguments: Namespace(log_base=None, log_level=None, verb_name='build', build_base='build', install_base='install', merge_install=False, symlink_install=False, test_result_base=None, continue_on_error=False, executor='parallel', parallel_workers=12, event_handlers=None, ignore_user_meta=False, metas=['./colcon.meta'], base_paths=['.'], packages_ignore=None, packages_ignore_regex=None, paths=None, packages_up_to=None, packages_up_to_regex=None, packages_above=None, packages_above_and_dependencies=None, packages_above_depth=None, packages_select_by_dep=None, packages_skip_by_dep=None, packages_skip_up_to=None, packages_select_build_failed=False, packages_skip_build_finished=False, packages_select_test_failures=False, packages_skip_test_passed=False, packages_select=None, packages_skip=None, packages_select_regex=None, packages_skip_regex=None, packages_start=None, packages_end=None, cmake_args=None, cmake_target=None, cmake_target_skip_unavailable=False, cmake_clean_cache=False, cmake_clean_first=False, cmake_force_configure=False, ament_cmake_args=None, catkin_cmake_args=None, catkin_skip_building_tests=False, mixin_files=None, mixin=None, verb_parser=<colcon_mixin.mixin.mixin_argument.MixinArgumentDecorator object at 0x7ecbcd227ca0>, verb_extension=<colcon_core.verb.build.BuildVerb object at 0x7ecbcd36cca0>, main=<bound method BuildVerb.main of <colcon_core.verb.build.BuildVerb object at 0x7ecbcd36cca0>>, mixin_verb=('build',))
[0.154s] Level 1:colcon.colcon_core.package_discovery:discover_packages(colcon_meta) check parameters
[0.155s] INFO:colcon.colcon_metadata.package_discovery.colcon_meta:Using configuration from '/root/.colcon/metadata/default/Gazebo.meta'
[0.155s] INFO:colcon.colcon_metadata.package_discovery.colcon_meta:Using configuration from '/root/.colcon/metadata/default/fastdds.meta'
[0.155s] INFO:colcon.colcon_metadata.package_discovery.colcon_meta:Using configuration from '/root/.colcon/metadata/default/fastrtps.meta'
[0.156s] Level 1:colcon.colcon_core.package_discovery:discover_packages(recursive) check parameters
[0.156s] Level 1:colcon.colcon_core.package_discovery:discover_packages(ignore) check parameters
[0.156s] Level 1:colcon.colcon_core.package_discovery:discover_packages(path) check parameters
[0.156s] Level 1:colcon.colcon_core.package_discovery:discover_packages(colcon_meta) discover
[0.156s] Level 1:colcon.colcon_core.package_discovery:discover_packages(recursive) discover
[0.156s] INFO:colcon.colcon_core.package_discovery:Crawling recursively for packages in '/root/Shared/src/TurtleRRT-Connect/MIAPR_project'
[0.156s] Level 1:colcon.colcon_core.package_identification:_identify(.) by extensions ['ignore', 'ignore_ament_install']
[0.156s] Level 1:colcon.colcon_core.package_identification:_identify(.) by extension 'ignore'
[0.156s] Level 1:colcon.colcon_core.package_identification:_identify(.) by extension 'ignore_ament_install'
[0.156s] Level 1:colcon.colcon_core.package_identification:_identify(.) by extensions ['colcon_pkg']
[0.156s] Level 1:colcon.colcon_core.package_identification:_identify(.) by extension 'colcon_pkg'
[0.156s] Level 1:colcon.colcon_core.package_identification:_identify(.) by extensions ['colcon_meta']
[0.156s] Level 1:colcon.colcon_core.package_identification:_identify(.) by extension 'colcon_meta'
[0.156s] Level 1:colcon.colcon_core.package_identification:_identify(.) by extensions ['ros']
[0.156s] Level 1:colcon.colcon_core.package_identification:_identify(.) by extension 'ros'
[0.164s] Level 1:colcon.colcon_core.package_identification:_identify(.) by extensions ['cmake', 'python']
[0.164s] Level 1:colcon.colcon_core.package_identification:_identify(.) by extension 'cmake'
[0.164s] Level 1:colcon.colcon_core.package_identification:_identify(.) by extension 'python'
[0.164s] Level 1:colcon.colcon_core.package_identification:_identify(.) by extensions ['python_setup_py']
[0.164s] Level 1:colcon.colcon_core.package_identification:_identify(.) by extension 'python_setup_py'
[0.164s] Level 1:colcon.colcon_core.package_identification:_identify(build) by extensions ['ignore', 'ignore_ament_install']
[0.164s] Level 1:colcon.colcon_core.package_identification:_identify(build) by extension 'ignore'
[0.164s] Level 1:colcon.colcon_core.package_identification:_identify(build) ignored
[0.164s] Level 1:colcon.colcon_core.package_identification:_identify(install) by extensions ['ignore', 'ignore_ament_install']
[0.164s] Level 1:colcon.colcon_core.package_identification:_identify(install) by extension 'ignore'
[0.164s] Level 1:colcon.colcon_core.package_identification:_identify(install) ignored
[0.164s] Level 1:colcon.colcon_core.package_identification:_identify(log) by extensions ['ignore', 'ignore_ament_install']
[0.164s] Level 1:colcon.colcon_core.package_identification:_identify(log) by extension 'ignore'
[0.164s] Level 1:colcon.colcon_core.package_identification:_identify(log) ignored
[0.164s] Level 1:colcon.colcon_core.package_identification:_identify(src) by extensions ['ignore', 'ignore_ament_install']
[0.164s] Level 1:colcon.colcon_core.package_identification:_identify(src) by extension 'ignore'
[0.164s] Level 1:colcon.colcon_core.package_identification:_identify(src) by extension 'ignore_ament_install'
[0.164s] Level 1:colcon.colcon_core.package_identification:_identify(src) by extensions ['colcon_pkg']
[0.164s] Level 1:colcon.colcon_core.package_identification:_identify(src) by extension 'colcon_pkg'
[0.164s] Level 1:colcon.colcon_core.package_identification:_identify(src) by extensions ['colcon_meta']
[0.164s] Level 1:colcon.colcon_core.package_identification:_identify(src) by extension 'colcon_meta'
[0.164s] Level 1:colcon.colcon_core.package_identification:_identify(src) by extensions ['ros']
[0.164s] Level 1:colcon.colcon_core.package_identification:_identify(src) by extension 'ros'
[0.165s] Level 1:colcon.colcon_core.package_identification:_identify(src) by extensions ['cmake', 'python']
[0.165s] Level 1:colcon.colcon_core.package_identification:_identify(src) by extension 'cmake'
[0.165s] Level 1:colcon.colcon_core.package_identification:_identify(src) by extension 'python'
[0.165s] Level 1:colcon.colcon_core.package_identification:_identify(src) by extensions ['python_setup_py']
[0.165s] Level 1:colcon.colcon_core.package_identification:_identify(src) by extension 'python_setup_py'
[0.165s] Level 1:colcon.colcon_core.package_identification:_identify(src/nav2-rrt-connect) by extensions ['ignore', 'ignore_ament_install']
[0.165s] Level 1:colcon.colcon_core.package_identification:_identify(src/nav2-rrt-connect) by extension 'ignore'
[0.165s] Level 1:colcon.colcon_core.package_identification:_identify(src/nav2-rrt-connect) by extension 'ignore_ament_install'
[0.165s] Level 1:colcon.colcon_core.package_identification:_identify(src/nav2-rrt-connect) by extensions ['colcon_pkg']
[0.165s] Level 1:colcon.colcon_core.package_identification:_identify(src/nav2-rrt-connect) by extension 'colcon_pkg'
[0.165s] Level 1:colcon.colcon_core.package_identification:_identify(src/nav2-rrt-connect) by extensions ['colcon_meta']
[0.165s] Level 1:colcon.colcon_core.package_identification:_identify(src/nav2-rrt-connect) by extension 'colcon_meta'
[0.165s] Level 1:colcon.colcon_core.package_identification:_identify(src/nav2-rrt-connect) by extensions ['ros']
[0.165s] Level 1:colcon.colcon_core.package_identification:_identify(src/nav2-rrt-connect) by extension 'ros'
[0.167s] DEBUG:colcon.colcon_core.package_identification:Package 'src/nav2-rrt-connect' with type 'ros.ament_cmake' and name 'nav2_RRTstar_planner'
[0.167s] Level 1:colcon.colcon_core.package_identification:_identify(src/nav2_costmap_filters_demo) by extensions ['ignore', 'ignore_ament_install']
[0.167s] Level 1:colcon.colcon_core.package_identification:_identify(src/nav2_costmap_filters_demo) by extension 'ignore'
[0.167s] Level 1:colcon.colcon_core.package_identification:_identify(src/nav2_costmap_filters_demo) by extension 'ignore_ament_install'
[0.167s] Level 1:colcon.colcon_core.package_identification:_identify(src/nav2_costmap_filters_demo) by extensions ['colcon_pkg']
[0.167s] Level 1:colcon.colcon_core.package_identification:_identify(src/nav2_costmap_filters_demo) by extension 'colcon_pkg'
[0.167s] Level 1:colcon.colcon_core.package_identification:_identify(src/nav2_costmap_filters_demo) by extensions ['colcon_meta']
[0.167s] Level 1:colcon.colcon_core.package_identification:_identify(src/nav2_costmap_filters_demo) by extension 'colcon_meta'
[0.167s] Level 1:colcon.colcon_core.package_identification:_identify(src/nav2_costmap_filters_demo) by extensions ['ros']
[0.167s] Level 1:colcon.colcon_core.package_identification:_identify(src/nav2_costmap_filters_demo) by extension 'ros'
[0.168s] DEBUG:colcon.colcon_core.package_identification:Package 'src/nav2_costmap_filters_demo' with type 'ros.ament_cmake' and name 'nav2_costmap_filters_demo'
[0.168s] Level 1:colcon.colcon_core.package_identification:_identify(src/nav2_gps_waypoint_follower_demo) by extensions ['ignore', 'ignore_ament_install']
[0.168s] Level 1:colcon.colcon_core.package_identification:_identify(src/nav2_gps_waypoint_follower_demo) by extension 'ignore'
[0.168s] Level 1:colcon.colcon_core.package_identification:_identify(src/nav2_gps_waypoint_follower_demo) by extension 'ignore_ament_install'
[0.168s] Level 1:colcon.colcon_core.package_identification:_identify(src/nav2_gps_waypoint_follower_demo) by extensions ['colcon_pkg']
[0.168s] Level 1:colcon.colcon_core.package_identification:_identify(src/nav2_gps_waypoint_follower_demo) by extension 'colcon_pkg'
[0.168s] Level 1:colcon.colcon_core.package_identification:_identify(src/nav2_gps_waypoint_follower_demo) by extensions ['colcon_meta']
[0.168s] Level 1:colcon.colcon_core.package_identification:_identify(src/nav2_gps_waypoint_follower_demo) by extension 'colcon_meta'
[0.168s] Level 1:colcon.colcon_core.package_identification:_identify(src/nav2_gps_waypoint_follower_demo) by extensions ['ros']
[0.168s] Level 1:colcon.colcon_core.package_identification:_identify(src/nav2_gps_waypoint_follower_demo) by extension 'ros'
[0.168s] DEBUG:colcon.colcon_core.package_identification:Package 'src/nav2_gps_waypoint_follower_demo' with type 'ros.ament_python' and name 'nav2_gps_waypoint_follower_demo'
[0.168s] Level 1:colcon.colcon_core.package_identification:_identify(src/nav2_gradient_costmap_plugin) by extensions ['ignore', 'ignore_ament_install']
[0.169s] Level 1:colcon.colcon_core.package_identification:_identify(src/nav2_gradient_costmap_plugin) by extension 'ignore'
[0.169s] Level 1:colcon.colcon_core.package_identification:_identify(src/nav2_gradient_costmap_plugin) by extension 'ignore_ament_install'
[0.169s] Level 1:colcon.colcon_core.package_identification:_identify(src/nav2_gradient_costmap_plugin) by extensions ['colcon_pkg']
[0.169s] Level 1:colcon.colcon_core.package_identification:_identify(src/nav2_gradient_costmap_plugin) by extension 'colcon_pkg'
[0.169s] Level 1:colcon.colcon_core.package_identification:_identify(src/nav2_gradient_costmap_plugin) by extensions ['colcon_meta']
[0.169s] Level 1:colcon.colcon_core.package_identification:_identify(src/nav2_gradient_costmap_plugin) by extension 'colcon_meta'
[0.169s] Level 1:colcon.colcon_core.package_identification:_identify(src/nav2_gradient_costmap_plugin) by extensions ['ros']
[0.169s] Level 1:colcon.colcon_core.package_identification:_identify(src/nav2_gradient_costmap_plugin) by extension 'ros'
[0.169s] DEBUG:colcon.colcon_core.package_identification:Package 'src/nav2_gradient_costmap_plugin' with type 'ros.ament_cmake' and name 'nav2_gradient_costmap_plugin'
[0.169s] Level 1:colcon.colcon_core.package_identification:_identify(src/nav2_sms_behavior) by extensions ['ignore', 'ignore_ament_install']
[0.169s] Level 1:colcon.colcon_core.package_identification:_identify(src/nav2_sms_behavior) by extension 'ignore'
[0.169s] Level 1:colcon.colcon_core.package_identification:_identify(src/nav2_sms_behavior) by extension 'ignore_ament_install'
[0.169s] Level 1:colcon.colcon_core.package_identification:_identify(src/nav2_sms_behavior) by extensions ['colcon_pkg']
[0.169s] Level 1:colcon.colcon_core.package_identification:_identify(src/nav2_sms_behavior) by extension 'colcon_pkg'
[0.169s] Level 1:colcon.colcon_core.package_identification:_identify(src/nav2_sms_behavior) by extensions ['colcon_meta']
[0.169s] Level 1:colcon.colcon_core.package_identification:_identify(src/nav2_sms_behavior) by extension 'colcon_meta'
[0.169s] Level 1:colcon.colcon_core.package_identification:_identify(src/nav2_sms_behavior) by extensions ['ros']
[0.169s] Level 1:colcon.colcon_core.package_identification:_identify(src/nav2_sms_behavior) by extension 'ros'
[0.170s] DEBUG:colcon.colcon_core.package_identification:Package 'src/nav2_sms_behavior' with type 'ros.ament_cmake' and name 'nav2_sms_behavior'
[0.170s] Level 1:colcon.colcon_core.package_identification:_identify(src/nav2_straightline_planner) by extensions ['ignore', 'ignore_ament_install']
[0.171s] Level 1:colcon.colcon_core.package_identification:_identify(src/nav2_straightline_planner) by extension 'ignore'
[0.171s] Level 1:colcon.colcon_core.package_identification:_identify(src/nav2_straightline_planner) by extension 'ignore_ament_install'
[0.171s] Level 1:colcon.colcon_core.package_identification:_identify(src/nav2_straightline_planner) by extensions ['colcon_pkg']
[0.171s] Level 1:colcon.colcon_core.package_identification:_identify(src/nav2_straightline_planner) by extension 'colcon_pkg'
[0.171s] Level 1:colcon.colcon_core.package_identification:_identify(src/nav2_straightline_planner) by extensions ['colcon_meta']
[0.171s] Level 1:colcon.colcon_core.package_identification:_identify(src/nav2_straightline_planner) by extension 'colcon_meta'
[0.171s] Level 1:colcon.colcon_core.package_identification:_identify(src/nav2_straightline_planner) by extensions ['ros']
[0.171s] Level 1:colcon.colcon_core.package_identification:_identify(src/nav2_straightline_planner) by extension 'ros'
[0.172s] DEBUG:colcon.colcon_core.package_identification:Package 'src/nav2_straightline_planner' with type 'ros.ament_cmake' and name 'nav2_straightline_planner'
[0.172s] Level 1:colcon.colcon_core.package_discovery:discover_packages(recursive) using defaults
[0.172s] Level 1:colcon.colcon_core.package_discovery:discover_packages(ignore) discover
[0.172s] Level 1:colcon.colcon_core.package_discovery:discover_packages(ignore) using defaults
[0.172s] Level 1:colcon.colcon_core.package_discovery:discover_packages(path) discover
[0.172s] Level 1:colcon.colcon_core.package_discovery:discover_packages(path) using defaults
[0.185s] Level 5:colcon.colcon_core.verb:set package 'nav2_RRTstar_planner' build argument 'cmake_args' from command line to 'None'
[0.185s] Level 5:colcon.colcon_core.verb:set package 'nav2_RRTstar_planner' build argument 'cmake_target' from command line to 'None'
[0.185s] Level 5:colcon.colcon_core.verb:set package 'nav2_RRTstar_planner' build argument 'cmake_target_skip_unavailable' from command line to 'False'
[0.185s] Level 5:colcon.colcon_core.verb:set package 'nav2_RRTstar_planner' build argument 'cmake_clean_cache' from command line to 'False'
[0.185s] Level 5:colcon.colcon_core.verb:set package 'nav2_RRTstar_planner' build argument 'cmake_clean_first' from command line to 'False'
[0.185s] Level 5:colcon.colcon_core.verb:set package 'nav2_RRTstar_planner' build argument 'cmake_force_configure' from command line to 'False'
[0.185s] Level 5:colcon.colcon_core.verb:set package 'nav2_RRTstar_planner' build argument 'ament_cmake_args' from command line to 'None'
[0.185s] Level 5:colcon.colcon_core.verb:set package 'nav2_RRTstar_planner' build argument 'catkin_cmake_args' from command line to 'None'
[0.185s] Level 5:colcon.colcon_core.verb:set package 'nav2_RRTstar_planner' build argument 'catkin_skip_building_tests' from command line to 'False'
[0.185s] DEBUG:colcon.colcon_core.verb:Building package 'nav2_RRTstar_planner' with the following arguments: {'ament_cmake_args': None, 'build_base': '/root/Shared/src/TurtleRRT-Connect/MIAPR_project/build/nav2_RRTstar_planner', 'catkin_cmake_args': None, 'catkin_skip_building_tests': False, 'cmake_args': None, 'cmake_clean_cache': False, 'cmake_clean_first': False, 'cmake_force_configure': False, 'cmake_target': None, 'cmake_target_skip_unavailable': False, 'install_base': '/root/Shared/src/TurtleRRT-Connect/MIAPR_project/install/nav2_RRTstar_planner', 'merge_install': False, 'path': '/root/Shared/src/TurtleRRT-Connect/MIAPR_project/src/nav2-rrt-connect', 'symlink_install': False, 'test_result_base': None}
[0.185s] Level 5:colcon.colcon_core.verb:set package 'nav2_costmap_filters_demo' build argument 'cmake_args' from command line to 'None'
[0.185s] Level 5:colcon.colcon_core.verb:set package 'nav2_costmap_filters_demo' build argument 'cmake_target' from command line to 'None'
[0.185s] Level 5:colcon.colcon_core.verb:set package 'nav2_costmap_filters_demo' build argument 'cmake_target_skip_unavailable' from command line to 'False'
[0.185s] Level 5:colcon.colcon_core.verb:set package 'nav2_costmap_filters_demo' build argument 'cmake_clean_cache' from command line to 'False'
[0.185s] Level 5:colcon.colcon_core.verb:set package 'nav2_costmap_filters_demo' build argument 'cmake_clean_first' from command line to 'False'
[0.185s] Level 5:colcon.colcon_core.verb:set package 'nav2_costmap_filters_demo' build argument 'cmake_force_configure' from command line to 'False'
[0.185s] Level 5:colcon.colcon_core.verb:set package 'nav2_costmap_filters_demo' build argument 'ament_cmake_args' from command line to 'None'
[0.185s] Level 5:colcon.colcon_core.verb:set package 'nav2_costmap_filters_demo' build argument 'catkin_cmake_args' from command line to 'None'
[0.185s] Level 5:colcon.colcon_core.verb:set package 'nav2_costmap_filters_demo' build argument 'catkin_skip_building_tests' from command line to 'False'
[0.185s] DEBUG:colcon.colcon_core.verb:Building package 'nav2_costmap_filters_demo' with the following arguments: {'ament_cmake_args': None, 'build_base': '/root/Shared/src/TurtleRRT-Connect/MIAPR_project/build/nav2_costmap_filters_demo', 'catkin_cmake_args': None, 'catkin_skip_building_tests': False, 'cmake_args': None, 'cmake_clean_cache': False, 'cmake_clean_first': False, 'cmake_force_configure': False, 'cmake_target': None, 'cmake_target_skip_unavailable': False, 'install_base': '/root/Shared/src/TurtleRRT-Connect/MIAPR_project/install/nav2_costmap_filters_demo', 'merge_install': False, 'path': '/root/Shared/src/TurtleRRT-Connect/MIAPR_project/src/nav2_costmap_filters_demo', 'symlink_install': False, 'test_result_base': None}
[0.186s] Level 5:colcon.colcon_core.verb:set package 'nav2_gps_waypoint_follower_demo' build argument 'cmake_args' from command line to 'None'
[0.186s] Level 5:colcon.colcon_core.verb:set package 'nav2_gps_waypoint_follower_demo' build argument 'cmake_target' from command line to 'None'
[0.186s] Level 5:colcon.colcon_core.verb:set package 'nav2_gps_waypoint_follower_demo' build argument 'cmake_target_skip_unavailable' from command line to 'False'
[0.186s] Level 5:colcon.colcon_core.verb:set package 'nav2_gps_waypoint_follower_demo' build argument 'cmake_clean_cache' from command line to 'False'
[0.186s] Level 5:colcon.colcon_core.verb:set package 'nav2_gps_waypoint_follower_demo' build argument 'cmake_clean_first' from command line to 'False'
[0.186s] Level 5:colcon.colcon_core.verb:set package 'nav2_gps_waypoint_follower_demo' build argument 'cmake_force_configure' from command line to 'False'
[0.186s] Level 5:colcon.colcon_core.verb:set package 'nav2_gps_waypoint_follower_demo' build argument 'ament_cmake_args' from command line to 'None'
[0.186s] Level 5:colcon.colcon_core.verb:set package 'nav2_gps_waypoint_follower_demo' build argument 'catkin_cmake_args' from command line to 'None'
[0.186s] Level 5:colcon.colcon_core.verb:set package 'nav2_gps_waypoint_follower_demo' build argument 'catkin_skip_building_tests' from command line to 'False'
[0.186s] DEBUG:colcon.colcon_core.verb:Building package 'nav2_gps_waypoint_follower_demo' with the following arguments: {'ament_cmake_args': None, 'build_base': '/root/Shared/src/TurtleRRT-Connect/MIAPR_project/build/nav2_gps_waypoint_follower_demo', 'catkin_cmake_args': None, 'catkin_skip_building_tests': False, 'cmake_args': None, 'cmake_clean_cache': False, 'cmake_clean_first': False, 'cmake_force_configure': False, 'cmake_target': None, 'cmake_target_skip_unavailable': False, 'install_base': '/root/Shared/src/TurtleRRT-Connect/MIAPR_project/install/nav2_gps_waypoint_follower_demo', 'merge_install': False, 'path': '/root/Shared/src/TurtleRRT-Connect/MIAPR_project/src/nav2_gps_waypoint_follower_demo', 'symlink_install': False, 'test_result_base': None}
[0.187s] Level 5:colcon.colcon_core.verb:set package 'nav2_gradient_costmap_plugin' build argument 'cmake_args' from command line to 'None'
[0.187s] Level 5:colcon.colcon_core.verb:set package 'nav2_gradient_costmap_plugin' build argument 'cmake_target' from command line to 'None'
[0.187s] Level 5:colcon.colcon_core.verb:set package 'nav2_gradient_costmap_plugin' build argument 'cmake_target_skip_unavailable' from command line to 'False'
[0.187s] Level 5:colcon.colcon_core.verb:set package 'nav2_gradient_costmap_plugin' build argument 'cmake_clean_cache' from command line to 'False'
[0.187s] Level 5:colcon.colcon_core.verb:set package 'nav2_gradient_costmap_plugin' build argument 'cmake_clean_first' from command line to 'False'
[0.187s] Level 5:colcon.colcon_core.verb:set package 'nav2_gradient_costmap_plugin' build argument 'cmake_force_configure' from command line to 'False'
[0.187s] Level 5:colcon.colcon_core.verb:set package 'nav2_gradient_costmap_plugin' build argument 'ament_cmake_args' from command line to 'None'
[0.187s] Level 5:colcon.colcon_core.verb:set package 'nav2_gradient_costmap_plugin' build argument 'catkin_cmake_args' from command line to 'None'
[0.187s] Level 5:colcon.colcon_core.verb:set package 'nav2_gradient_costmap_plugin' build argument 'catkin_skip_building_tests' from command line to 'False'
[0.187s] DEBUG:colcon.colcon_core.verb:Building package 'nav2_gradient_costmap_plugin' with the following arguments: {'ament_cmake_args': None, 'build_base': '/root/Shared/src/TurtleRRT-Connect/MIAPR_project/build/nav2_gradient_costmap_plugin', 'catkin_cmake_args': None, 'catkin_skip_building_tests': False, 'cmake_args': None, 'cmake_clean_cache': False, 'cmake_clean_first': False, 'cmake_force_configure': False, 'cmake_target': None, 'cmake_target_skip_unavailable': False, 'install_base': '/root/Shared/src/TurtleRRT-Connect/MIAPR_project/install/nav2_gradient_costmap_plugin', 'merge_install': False, 'path': '/root/Shared/src/TurtleRRT-Connect/MIAPR_project/src/nav2_gradient_costmap_plugin', 'symlink_install': False, 'test_result_base': None}
[0.187s] Level 5:colcon.colcon_core.verb:set package 'nav2_sms_behavior' build argument 'cmake_args' from command line to 'None'
[0.187s] Level 5:colcon.colcon_core.verb:set package 'nav2_sms_behavior' build argument 'cmake_target' from command line to 'None'
[0.187s] Level 5:colcon.colcon_core.verb:set package 'nav2_sms_behavior' build argument 'cmake_target_skip_unavailable' from command line to 'False'
[0.187s] Level 5:colcon.colcon_core.verb:set package 'nav2_sms_behavior' build argument 'cmake_clean_cache' from command line to 'False'
[0.187s] Level 5:colcon.colcon_core.verb:set package 'nav2_sms_behavior' build argument 'cmake_clean_first' from command line to 'False'
[0.187s] Level 5:colcon.colcon_core.verb:set package 'nav2_sms_behavior' build argument 'cmake_force_configure' from command line to 'False'
[0.187s] Level 5:colcon.colcon_core.verb:set package 'nav2_sms_behavior' build argument 'ament_cmake_args' from command line to 'None'
[0.187s] Level 5:colcon.colcon_core.verb:set package 'nav2_sms_behavior' build argument 'catkin_cmake_args' from command line to 'None'
[0.187s] Level 5:colcon.colcon_core.verb:set package 'nav2_sms_behavior' build argument 'catkin_skip_building_tests' from command line to 'False'
[0.187s] DEBUG:colcon.colcon_core.verb:Building package 'nav2_sms_behavior' with the following arguments: {'ament_cmake_args': None, 'build_base': '/root/Shared/src/TurtleRRT-Connect/MIAPR_project/build/nav2_sms_behavior', 'catkin_cmake_args': None, 'catkin_skip_building_tests': False, 'cmake_args': None, 'cmake_clean_cache': False, 'cmake_clean_first': False, 'cmake_force_configure': False, 'cmake_target': None, 'cmake_target_skip_unavailable': False, 'install_base': '/root/Shared/src/TurtleRRT-Connect/MIAPR_project/install/nav2_sms_behavior', 'merge_install': False, 'path': '/root/Shared/src/TurtleRRT-Connect/MIAPR_project/src/nav2_sms_behavior', 'symlink_install': False, 'test_result_base': None}
[0.187s] Level 5:colcon.colcon_core.verb:set package 'nav2_straightline_planner' build argument 'cmake_args' from command line to 'None'
[0.187s] Level 5:colcon.colcon_core.verb:set package 'nav2_straightline_planner' build argument 'cmake_target' from command line to 'None'
[0.187s] Level 5:colcon.colcon_core.verb:set package 'nav2_straightline_planner' build argument 'cmake_target_skip_unavailable' from command line to 'False'
[0.187s] Level 5:colcon.colcon_core.verb:set package 'nav2_straightline_planner' build argument 'cmake_clean_cache' from command line to 'False'
[0.187s] Level 5:colcon.colcon_core.verb:set package 'nav2_straightline_planner' build argument 'cmake_clean_first' from command line to 'False'
[0.187s] Level 5:colcon.colcon_core.verb:set package 'nav2_straightline_planner' build argument 'cmake_force_configure' from command line to 'False'
[0.187s] Level 5:colcon.colcon_core.verb:set package 'nav2_straightline_planner' build argument 'ament_cmake_args' from command line to 'None'
[0.187s] Level 5:colcon.colcon_core.verb:set package 'nav2_straightline_planner' build argument 'catkin_cmake_args' from command line to 'None'
[0.187s] Level 5:colcon.colcon_core.verb:set package 'nav2_straightline_planner' build argument 'catkin_skip_building_tests' from command line to 'False'
[0.187s] DEBUG:colcon.colcon_core.verb:Building package 'nav2_straightline_planner' with the following arguments: {'ament_cmake_args': None, 'build_base': '/root/Shared/src/TurtleRRT-Connect/MIAPR_project/build/nav2_straightline_planner', 'catkin_cmake_args': None, 'catkin_skip_building_tests': False, 'cmake_args': None, 'cmake_clean_cache': False, 'cmake_clean_first': False, 'cmake_force_configure': False, 'cmake_target': None, 'cmake_target_skip_unavailable': False, 'install_base': '/root/Shared/src/TurtleRRT-Connect/MIAPR_project/install/nav2_straightline_planner', 'merge_install': False, 'path': '/root/Shared/src/TurtleRRT-Connect/MIAPR_project/src/nav2_straightline_planner', 'symlink_install': False, 'test_result_base': None}
[0.187s] INFO:colcon.colcon_core.executor:Executing jobs using 'parallel' executor
[0.188s] DEBUG:colcon.colcon_parallel_executor.executor.parallel:run_until_complete
[0.188s] INFO:colcon.colcon_ros.task.ament_cmake.build:Building ROS package in '/root/Shared/src/TurtleRRT-Connect/MIAPR_project/src/nav2-rrt-connect' with build type 'ament_cmake'
[0.188s] INFO:colcon.colcon_cmake.task.cmake.build:Building CMake package in '/root/Shared/src/TurtleRRT-Connect/MIAPR_project/src/nav2-rrt-connect'
[0.190s] INFO:colcon.colcon_core.plugin_system:Skipping extension 'colcon_core.shell.bat': Not used on non-Windows systems
[0.190s] INFO:colcon.colcon_core.shell:Skip shell extension 'powershell' for command environment: Not usable outside of PowerShell
[0.190s] DEBUG:colcon.colcon_core.shell:Skip shell extension 'dsv' for command environment
[0.190s] WARNING:colcon.colcon_core.prefix_path.colcon:The path '/root/Shared/src/TurtleRRT-Connect/install' in the environment variable COLCON_PREFIX_PATH doesn't exist
[0.190s] WARNING:colcon.colcon_ros.prefix_path.ament:The path '/root/Shared/src/TurtleRRT-Connect/install/nav2_RRTstar_planner' in the environment variable AMENT_PREFIX_PATH doesn't exist
[0.190s] WARNING:colcon.colcon_ros.prefix_path.catkin:The path '/root/Shared/src/TurtleRRT-Connect/install/nav2_RRTstar_planner' in the environment variable CMAKE_PREFIX_PATH doesn't exist
[0.199s] INFO:colcon.colcon_ros.task.ament_cmake.build:Building ROS package in '/root/Shared/src/TurtleRRT-Connect/MIAPR_project/src/nav2_costmap_filters_demo' with build type 'ament_cmake'
[0.199s] INFO:colcon.colcon_cmake.task.cmake.build:Building CMake package in '/root/Shared/src/TurtleRRT-Connect/MIAPR_project/src/nav2_costmap_filters_demo'
[0.199s] INFO:colcon.colcon_core.shell:Skip shell extension 'powershell' for command environment: Not usable outside of PowerShell
[0.200s] DEBUG:colcon.colcon_core.shell:Skip shell extension 'dsv' for command environment
[0.201s] INFO:colcon.colcon_ros.task.ament_python.build:Building ROS package in '/root/Shared/src/TurtleRRT-Connect/MIAPR_project/src/nav2_gps_waypoint_follower_demo' with build type 'ament_python'
[0.201s] Level 1:colcon.colcon_core.shell:create_environment_hook('nav2_gps_waypoint_follower_demo', 'ament_prefix_path')
[0.201s] INFO:colcon.colcon_core.shell:Creating environment hook '/root/Shared/src/TurtleRRT-Connect/MIAPR_project/install/nav2_gps_waypoint_follower_demo/share/nav2_gps_waypoint_follower_demo/hook/ament_prefix_path.ps1'
[0.202s] INFO:colcon.colcon_core.shell:Creating environment descriptor '/root/Shared/src/TurtleRRT-Connect/MIAPR_project/install/nav2_gps_waypoint_follower_demo/share/nav2_gps_waypoint_follower_demo/hook/ament_prefix_path.dsv'
[0.202s] INFO:colcon.colcon_core.shell:Creating environment hook '/root/Shared/src/TurtleRRT-Connect/MIAPR_project/install/nav2_gps_waypoint_follower_demo/share/nav2_gps_waypoint_follower_demo/hook/ament_prefix_path.sh'
[0.202s] INFO:colcon.colcon_core.shell:Skip shell extension 'powershell' for command environment: Not usable outside of PowerShell
[0.202s] DEBUG:colcon.colcon_core.shell:Skip shell extension 'dsv' for command environment
[0.204s] INFO:colcon.colcon_ros.task.ament_cmake.build:Building ROS package in '/root/Shared/src/TurtleRRT-Connect/MIAPR_project/src/nav2_gradient_costmap_plugin' with build type 'ament_cmake'
[0.204s] INFO:colcon.colcon_cmake.task.cmake.build:Building CMake package in '/root/Shared/src/TurtleRRT-Connect/MIAPR_project/src/nav2_gradient_costmap_plugin'
[0.204s] INFO:colcon.colcon_core.shell:Skip shell extension 'powershell' for command environment: Not usable outside of PowerShell
[0.204s] DEBUG:colcon.colcon_core.shell:Skip shell extension 'dsv' for command environment
[0.206s] INFO:colcon.colcon_ros.task.ament_cmake.build:Building ROS package in '/root/Shared/src/TurtleRRT-Connect/MIAPR_project/src/nav2_sms_behavior' with build type 'ament_cmake'
[0.206s] INFO:colcon.colcon_cmake.task.cmake.build:Building CMake package in '/root/Shared/src/TurtleRRT-Connect/MIAPR_project/src/nav2_sms_behavior'
[0.206s] INFO:colcon.colcon_core.shell:Skip shell extension 'powershell' for command environment: Not usable outside of PowerShell
[0.206s] DEBUG:colcon.colcon_core.shell:Skip shell extension 'dsv' for command environment
[0.208s] INFO:colcon.colcon_ros.task.ament_cmake.build:Building ROS package in '/root/Shared/src/TurtleRRT-Connect/MIAPR_project/src/nav2_straightline_planner' with build type 'ament_cmake'
[0.208s] INFO:colcon.colcon_cmake.task.cmake.build:Building CMake package in '/root/Shared/src/TurtleRRT-Connect/MIAPR_project/src/nav2_straightline_planner'
[0.208s] INFO:colcon.colcon_core.shell:Skip shell extension 'powershell' for command environment: Not usable outside of PowerShell
[0.208s] DEBUG:colcon.colcon_core.shell:Skip shell extension 'dsv' for command environment
[0.222s] DEBUG:colcon.colcon_core.event_handler.log_command:Invoking command in '/root/Shared/src/TurtleRRT-Connect/MIAPR_project/build/nav2_RRTstar_planner': CMAKE_PREFIX_PATH=${CMAKE_PREFIX_PATH}:/opt/ros/humble /usr/bin/cmake --build /root/Shared/src/TurtleRRT-Connect/MIAPR_project/build/nav2_RRTstar_planner -- -j12 -l12
[0.224s] DEBUG:colcon.colcon_core.event_handler.log_command:Invoking command in '/root/Shared/src/TurtleRRT-Connect/MIAPR_project/build/nav2_costmap_filters_demo': CMAKE_PREFIX_PATH=${CMAKE_PREFIX_PATH}:/opt/ros/humble /usr/bin/cmake --build /root/Shared/src/TurtleRRT-Connect/MIAPR_project/build/nav2_costmap_filters_demo -- -j12 -l12
[0.357s] INFO:colcon.colcon_core.task.python.build:Building Python package in '/root/Shared/src/TurtleRRT-Connect/MIAPR_project/src/nav2_gps_waypoint_follower_demo'
[0.357s] INFO:colcon.colcon_core.shell:Skip shell extension 'powershell' for command environment: Not usable outside of PowerShell
[0.357s] DEBUG:colcon.colcon_core.shell:Skip shell extension 'dsv' for command environment
[0.361s] DEBUG:colcon.colcon_core.event_handler.log_command:Invoking command in '/root/Shared/src/TurtleRRT-Connect/MIAPR_project/build/nav2_gradient_costmap_plugin': CMAKE_PREFIX_PATH=${CMAKE_PREFIX_PATH}:/opt/ros/humble /usr/bin/cmake --build /root/Shared/src/TurtleRRT-Connect/MIAPR_project/build/nav2_gradient_costmap_plugin -- -j12 -l12
[0.363s] DEBUG:colcon.colcon_core.event_handler.log_command:Invoking command in '/root/Shared/src/TurtleRRT-Connect/MIAPR_project/build/nav2_sms_behavior': CMAKE_PREFIX_PATH=${CMAKE_PREFIX_PATH}:/opt/ros/humble /usr/bin/cmake --build /root/Shared/src/TurtleRRT-Connect/MIAPR_project/build/nav2_sms_behavior -- -j12 -l12
[0.365s] DEBUG:colcon.colcon_core.event_handler.log_command:Invoked command in '/root/Shared/src/TurtleRRT-Connect/MIAPR_project/build/nav2_costmap_filters_demo' returned '0': CMAKE_PREFIX_PATH=${CMAKE_PREFIX_PATH}:/opt/ros/humble /usr/bin/cmake --build /root/Shared/src/TurtleRRT-Connect/MIAPR_project/build/nav2_costmap_filters_demo -- -j12 -l12
[0.371s] DEBUG:colcon.colcon_core.event_handler.log_command:Invoking command in '/root/Shared/src/TurtleRRT-Connect/MIAPR_project/build/nav2_costmap_filters_demo': CMAKE_PREFIX_PATH=${CMAKE_PREFIX_PATH}:/opt/ros/humble /usr/bin/cmake --install /root/Shared/src/TurtleRRT-Connect/MIAPR_project/build/nav2_costmap_filters_demo
[0.373s] DEBUG:colcon.colcon_core.event_handler.log_command:Invoking command in '/root/Shared/src/TurtleRRT-Connect/MIAPR_project/build/nav2_straightline_planner': CMAKE_PREFIX_PATH=${CMAKE_PREFIX_PATH}:/opt/ros/humble /usr/bin/cmake --build /root/Shared/src/TurtleRRT-Connect/MIAPR_project/build/nav2_straightline_planner -- -j12 -l12
[0.374s] DEBUG:colcon.colcon_core.event_handler.log_command:Invoked command in '/root/Shared/src/TurtleRRT-Connect/MIAPR_project/build/nav2_RRTstar_planner' returned '0': CMAKE_PREFIX_PATH=${CMAKE_PREFIX_PATH}:/opt/ros/humble /usr/bin/cmake --build /root/Shared/src/TurtleRRT-Connect/MIAPR_project/build/nav2_RRTstar_planner -- -j12 -l12
[0.374s] DEBUG:colcon.colcon_core.event_handler.log_command:Invoking command in '/root/Shared/src/TurtleRRT-Connect/MIAPR_project/build/nav2_RRTstar_planner': CMAKE_PREFIX_PATH=${CMAKE_PREFIX_PATH}:/opt/ros/humble /usr/bin/cmake --install /root/Shared/src/TurtleRRT-Connect/MIAPR_project/build/nav2_RRTstar_planner
[0.380s] Level 1:colcon.colcon_core.environment:create_environment_scripts_only(nav2_costmap_filters_demo)
[0.385s] DEBUG:colcon.colcon_core.event_handler.log_command:Invoked command in '/root/Shared/src/TurtleRRT-Connect/MIAPR_project/build/nav2_costmap_filters_demo' returned '0': CMAKE_PREFIX_PATH=${CMAKE_PREFIX_PATH}:/opt/ros/humble /usr/bin/cmake --install /root/Shared/src/TurtleRRT-Connect/MIAPR_project/build/nav2_costmap_filters_demo
[0.386s] Level 1:colcon.colcon_core.environment:checking '/root/Shared/src/TurtleRRT-Connect/MIAPR_project/install/nav2_costmap_filters_demo' for CMake module files
[0.386s] Level 1:colcon.colcon_core.environment:checking '/root/Shared/src/TurtleRRT-Connect/MIAPR_project/install/nav2_costmap_filters_demo' for CMake config files
[0.386s] Level 1:colcon.colcon_core.shell:create_environment_hook('nav2_costmap_filters_demo', 'cmake_prefix_path')
[0.386s] INFO:colcon.colcon_core.shell:Creating environment hook '/root/Shared/src/TurtleRRT-Connect/MIAPR_project/install/nav2_costmap_filters_demo/share/nav2_costmap_filters_demo/hook/cmake_prefix_path.ps1'
[0.387s] INFO:colcon.colcon_core.shell:Creating environment descriptor '/root/Shared/src/TurtleRRT-Connect/MIAPR_project/install/nav2_costmap_filters_demo/share/nav2_costmap_filters_demo/hook/cmake_prefix_path.dsv'
[0.387s] INFO:colcon.colcon_core.shell:Creating environment hook '/root/Shared/src/TurtleRRT-Connect/MIAPR_project/install/nav2_costmap_filters_demo/share/nav2_costmap_filters_demo/hook/cmake_prefix_path.sh'
[0.387s] Level 1:colcon.colcon_core.environment:checking '/root/Shared/src/TurtleRRT-Connect/MIAPR_project/install/nav2_costmap_filters_demo/bin'
[0.388s] Level 1:colcon.colcon_core.environment:checking '/root/Shared/src/TurtleRRT-Connect/MIAPR_project/install/nav2_costmap_filters_demo/lib/pkgconfig/nav2_costmap_filters_demo.pc'
[0.388s] Level 1:colcon.colcon_core.environment:checking '/root/Shared/src/TurtleRRT-Connect/MIAPR_project/install/nav2_costmap_filters_demo/lib/python3.10/site-packages'
[0.388s] Level 1:colcon.colcon_core.environment:checking '/root/Shared/src/TurtleRRT-Connect/MIAPR_project/install/nav2_costmap_filters_demo/bin'
[0.388s] INFO:colcon.colcon_core.shell:Creating package script '/root/Shared/src/TurtleRRT-Connect/MIAPR_project/install/nav2_costmap_filters_demo/share/nav2_costmap_filters_demo/package.ps1'
[0.389s] INFO:colcon.colcon_core.shell:Creating package descriptor '/root/Shared/src/TurtleRRT-Connect/MIAPR_project/install/nav2_costmap_filters_demo/share/nav2_costmap_filters_demo/package.dsv'
[0.389s] INFO:colcon.colcon_core.shell:Creating package script '/root/Shared/src/TurtleRRT-Connect/MIAPR_project/install/nav2_costmap_filters_demo/share/nav2_costmap_filters_demo/package.sh'
[0.390s] INFO:colcon.colcon_core.shell:Creating package script '/root/Shared/src/TurtleRRT-Connect/MIAPR_project/install/nav2_costmap_filters_demo/share/nav2_costmap_filters_demo/package.bash'
[0.390s] INFO:colcon.colcon_core.shell:Creating package script '/root/Shared/src/TurtleRRT-Connect/MIAPR_project/install/nav2_costmap_filters_demo/share/nav2_costmap_filters_demo/package.zsh'
[0.391s] Level 1:colcon.colcon_core.environment:create_file_with_runtime_dependencies(/root/Shared/src/TurtleRRT-Connect/MIAPR_project/install/nav2_costmap_filters_demo/share/colcon-core/packages/nav2_costmap_filters_demo)
[0.391s] Level 1:colcon.colcon_core.environment:create_environment_scripts_only(nav2_costmap_filters_demo)
[0.391s] Level 1:colcon.colcon_core.environment:checking '/root/Shared/src/TurtleRRT-Connect/MIAPR_project/install/nav2_costmap_filters_demo' for CMake module files
[0.391s] Level 1:colcon.colcon_core.environment:checking '/root/Shared/src/TurtleRRT-Connect/MIAPR_project/install/nav2_costmap_filters_demo' for CMake config files
[0.392s] Level 1:colcon.colcon_core.shell:create_environment_hook('nav2_costmap_filters_demo', 'cmake_prefix_path')
[0.392s] INFO:colcon.colcon_core.shell:Creating environment hook '/root/Shared/src/TurtleRRT-Connect/MIAPR_project/install/nav2_costmap_filters_demo/share/nav2_costmap_filters_demo/hook/cmake_prefix_path.ps1'
[0.392s] INFO:colcon.colcon_core.shell:Creating environment descriptor '/root/Shared/src/TurtleRRT-Connect/MIAPR_project/install/nav2_costmap_filters_demo/share/nav2_costmap_filters_demo/hook/cmake_prefix_path.dsv'
[0.392s] INFO:colcon.colcon_core.shell:Creating environment hook '/root/Shared/src/TurtleRRT-Connect/MIAPR_project/install/nav2_costmap_filters_demo/share/nav2_costmap_filters_demo/hook/cmake_prefix_path.sh'
[0.393s] Level 1:colcon.colcon_core.environment:checking '/root/Shared/src/TurtleRRT-Connect/MIAPR_project/install/nav2_costmap_filters_demo/bin'
[0.393s] Level 1:colcon.colcon_core.environment:checking '/root/Shared/src/TurtleRRT-Connect/MIAPR_project/install/nav2_costmap_filters_demo/lib/pkgconfig/nav2_costmap_filters_demo.pc'
[0.393s] Level 1:colcon.colcon_core.environment:checking '/root/Shared/src/TurtleRRT-Connect/MIAPR_project/install/nav2_costmap_filters_demo/lib/python3.10/site-packages'
[0.393s] Level 1:colcon.colcon_core.environment:checking '/root/Shared/src/TurtleRRT-Connect/MIAPR_project/install/nav2_costmap_filters_demo/bin'
[0.393s] INFO:colcon.colcon_core.shell:Creating package script '/root/Shared/src/TurtleRRT-Connect/MIAPR_project/install/nav2_costmap_filters_demo/share/nav2_costmap_filters_demo/package.ps1'
[0.394s] INFO:colcon.colcon_core.shell:Creating package descriptor '/root/Shared/src/TurtleRRT-Connect/MIAPR_project/install/nav2_costmap_filters_demo/share/nav2_costmap_filters_demo/package.dsv'
[0.394s] INFO:colcon.colcon_core.shell:Creating package script '/root/Shared/src/TurtleRRT-Connect/MIAPR_project/install/nav2_costmap_filters_demo/share/nav2_costmap_filters_demo/package.sh'
[0.394s] INFO:colcon.colcon_core.shell:Creating package script '/root/Shared/src/TurtleRRT-Connect/MIAPR_project/install/nav2_costmap_filters_demo/share/nav2_costmap_filters_demo/package.bash'
[0.394s] INFO:colcon.colcon_core.shell:Creating package script '/root/Shared/src/TurtleRRT-Connect/MIAPR_project/install/nav2_costmap_filters_demo/share/nav2_costmap_filters_demo/package.zsh'
[0.395s] Level 1:colcon.colcon_core.environment:create_file_with_runtime_dependencies(/root/Shared/src/TurtleRRT-Connect/MIAPR_project/install/nav2_costmap_filters_demo/share/colcon-core/packages/nav2_costmap_filters_demo)
[0.395s] Level 1:colcon.colcon_core.environment:create_environment_scripts_only(nav2_RRTstar_planner)
[0.395s] Level 1:colcon.colcon_core.environment:checking '/root/Shared/src/TurtleRRT-Connect/MIAPR_project/install/nav2_RRTstar_planner' for CMake module files
[0.396s] DEBUG:colcon.colcon_core.event_handler.log_command:Invoked command in '/root/Shared/src/TurtleRRT-Connect/MIAPR_project/build/nav2_RRTstar_planner' returned '0': CMAKE_PREFIX_PATH=${CMAKE_PREFIX_PATH}:/opt/ros/humble /usr/bin/cmake --install /root/Shared/src/TurtleRRT-Connect/MIAPR_project/build/nav2_RRTstar_planner
[0.396s] Level 1:colcon.colcon_core.environment:checking '/root/Shared/src/TurtleRRT-Connect/MIAPR_project/install/nav2_RRTstar_planner' for CMake config files
[0.397s] Level 1:colcon.colcon_core.shell:create_environment_hook('nav2_RRTstar_planner', 'cmake_prefix_path')
[0.397s] INFO:colcon.colcon_core.shell:Creating environment hook '/root/Shared/src/TurtleRRT-Connect/MIAPR_project/install/nav2_RRTstar_planner/share/nav2_RRTstar_planner/hook/cmake_prefix_path.ps1'
[0.398s] INFO:colcon.colcon_core.shell:Creating environment descriptor '/root/Shared/src/TurtleRRT-Connect/MIAPR_project/install/nav2_RRTstar_planner/share/nav2_RRTstar_planner/hook/cmake_prefix_path.dsv'
[0.398s] INFO:colcon.colcon_core.shell:Creating environment hook '/root/Shared/src/TurtleRRT-Connect/MIAPR_project/install/nav2_RRTstar_planner/share/nav2_RRTstar_planner/hook/cmake_prefix_path.sh'
[0.399s] Level 1:colcon.colcon_core.environment:checking '/root/Shared/src/TurtleRRT-Connect/MIAPR_project/install/nav2_RRTstar_planner/lib'
[0.399s] Level 1:colcon.colcon_core.shell:create_environment_hook('nav2_RRTstar_planner', 'ld_library_path_lib')
[0.399s] INFO:colcon.colcon_core.shell:Creating environment hook '/root/Shared/src/TurtleRRT-Connect/MIAPR_project/install/nav2_RRTstar_planner/share/nav2_RRTstar_planner/hook/ld_library_path_lib.ps1'
[0.400s] INFO:colcon.colcon_core.shell:Creating environment descriptor '/root/Shared/src/TurtleRRT-Connect/MIAPR_project/install/nav2_RRTstar_planner/share/nav2_RRTstar_planner/hook/ld_library_path_lib.dsv'
[0.400s] INFO:colcon.colcon_core.shell:Creating environment hook '/root/Shared/src/TurtleRRT-Connect/MIAPR_project/install/nav2_RRTstar_planner/share/nav2_RRTstar_planner/hook/ld_library_path_lib.sh'
[0.400s] Level 1:colcon.colcon_core.environment:checking '/root/Shared/src/TurtleRRT-Connect/MIAPR_project/install/nav2_RRTstar_planner/bin'
[0.400s] Level 1:colcon.colcon_core.environment:checking '/root/Shared/src/TurtleRRT-Connect/MIAPR_project/install/nav2_RRTstar_planner/lib/pkgconfig/nav2_RRTstar_planner.pc'
[0.401s] Level 1:colcon.colcon_core.environment:checking '/root/Shared/src/TurtleRRT-Connect/MIAPR_project/install/nav2_RRTstar_planner/lib/python3.10/site-packages'
[0.401s] Level 1:colcon.colcon_core.environment:checking '/root/Shared/src/TurtleRRT-Connect/MIAPR_project/install/nav2_RRTstar_planner/bin'
[0.401s] INFO:colcon.colcon_core.shell:Creating package script '/root/Shared/src/TurtleRRT-Connect/MIAPR_project/install/nav2_RRTstar_planner/share/nav2_RRTstar_planner/package.ps1'
[0.401s] INFO:colcon.colcon_core.shell:Creating package descriptor '/root/Shared/src/TurtleRRT-Connect/MIAPR_project/install/nav2_RRTstar_planner/share/nav2_RRTstar_planner/package.dsv'
[0.402s] INFO:colcon.colcon_core.shell:Creating package script '/root/Shared/src/TurtleRRT-Connect/MIAPR_project/install/nav2_RRTstar_planner/share/nav2_RRTstar_planner/package.sh'
[0.402s] INFO:colcon.colcon_core.shell:Creating package script '/root/Shared/src/TurtleRRT-Connect/MIAPR_project/install/nav2_RRTstar_planner/share/nav2_RRTstar_planner/package.bash'
[0.403s] INFO:colcon.colcon_core.shell:Creating package script '/root/Shared/src/TurtleRRT-Connect/MIAPR_project/install/nav2_RRTstar_planner/share/nav2_RRTstar_planner/package.zsh'
[0.403s] Level 1:colcon.colcon_core.environment:create_file_with_runtime_dependencies(/root/Shared/src/TurtleRRT-Connect/MIAPR_project/install/nav2_RRTstar_planner/share/colcon-core/packages/nav2_RRTstar_planner)
[0.404s] Level 1:colcon.colcon_core.environment:create_environment_scripts_only(nav2_RRTstar_planner)
[0.404s] Level 1:colcon.colcon_core.environment:checking '/root/Shared/src/TurtleRRT-Connect/MIAPR_project/install/nav2_RRTstar_planner' for CMake module files
[0.404s] Level 1:colcon.colcon_core.environment:checking '/root/Shared/src/TurtleRRT-Connect/MIAPR_project/install/nav2_RRTstar_planner' for CMake config files
[0.405s] Level 1:colcon.colcon_core.shell:create_environment_hook('nav2_RRTstar_planner', 'cmake_prefix_path')
[0.405s] INFO:colcon.colcon_core.shell:Creating environment hook '/root/Shared/src/TurtleRRT-Connect/MIAPR_project/install/nav2_RRTstar_planner/share/nav2_RRTstar_planner/hook/cmake_prefix_path.ps1'
[0.405s] INFO:colcon.colcon_core.shell:Creating environment descriptor '/root/Shared/src/TurtleRRT-Connect/MIAPR_project/install/nav2_RRTstar_planner/share/nav2_RRTstar_planner/hook/cmake_prefix_path.dsv'
[0.406s] INFO:colcon.colcon_core.shell:Creating environment hook '/root/Shared/src/TurtleRRT-Connect/MIAPR_project/install/nav2_RRTstar_planner/share/nav2_RRTstar_planner/hook/cmake_prefix_path.sh'
[0.406s] Level 1:colcon.colcon_core.environment:checking '/root/Shared/src/TurtleRRT-Connect/MIAPR_project/install/nav2_RRTstar_planner/lib'
[0.406s] Level 1:colcon.colcon_core.shell:create_environment_hook('nav2_RRTstar_planner', 'ld_library_path_lib')
[0.407s] INFO:colcon.colcon_core.shell:Creating environment hook '/root/Shared/src/TurtleRRT-Connect/MIAPR_project/install/nav2_RRTstar_planner/share/nav2_RRTstar_planner/hook/ld_library_path_lib.ps1'
[0.407s] INFO:colcon.colcon_core.shell:Creating environment descriptor '/root/Shared/src/TurtleRRT-Connect/MIAPR_project/install/nav2_RRTstar_planner/share/nav2_RRTstar_planner/hook/ld_library_path_lib.dsv'
[0.407s] INFO:colcon.colcon_core.shell:Creating environment hook '/root/Shared/src/TurtleRRT-Connect/MIAPR_project/install/nav2_RRTstar_planner/share/nav2_RRTstar_planner/hook/ld_library_path_lib.sh'
[0.408s] Level 1:colcon.colcon_core.environment:checking '/root/Shared/src/TurtleRRT-Connect/MIAPR_project/install/nav2_RRTstar_planner/bin'
[0.408s] Level 1:colcon.colcon_core.environment:checking '/root/Shared/src/TurtleRRT-Connect/MIAPR_project/install/nav2_RRTstar_planner/lib/pkgconfig/nav2_RRTstar_planner.pc'
[0.408s] Level 1:colcon.colcon_core.environment:checking '/root/Shared/src/TurtleRRT-Connect/MIAPR_project/install/nav2_RRTstar_planner/lib/python3.10/site-packages'
[0.409s] Level 1:colcon.colcon_core.environment:checking '/root/Shared/src/TurtleRRT-Connect/MIAPR_project/install/nav2_RRTstar_planner/bin'
[0.409s] INFO:colcon.colcon_core.shell:Creating package script '/root/Shared/src/TurtleRRT-Connect/MIAPR_project/install/nav2_RRTstar_planner/share/nav2_RRTstar_planner/package.ps1'
[0.410s] INFO:colcon.colcon_core.shell:Creating package descriptor '/root/Shared/src/TurtleRRT-Connect/MIAPR_project/install/nav2_RRTstar_planner/share/nav2_RRTstar_planner/package.dsv'
[0.410s] INFO:colcon.colcon_core.shell:Creating package script '/root/Shared/src/TurtleRRT-Connect/MIAPR_project/install/nav2_RRTstar_planner/share/nav2_RRTstar_planner/package.sh'
[0.411s] INFO:colcon.colcon_core.shell:Creating package script '/root/Shared/src/TurtleRRT-Connect/MIAPR_project/install/nav2_RRTstar_planner/share/nav2_RRTstar_planner/package.bash'
[0.411s] INFO:colcon.colcon_core.shell:Creating package script '/root/Shared/src/TurtleRRT-Connect/MIAPR_project/install/nav2_RRTstar_planner/share/nav2_RRTstar_planner/package.zsh'
[0.411s] Level 1:colcon.colcon_core.environment:create_file_with_runtime_dependencies(/root/Shared/src/TurtleRRT-Connect/MIAPR_project/install/nav2_RRTstar_planner/share/colcon-core/packages/nav2_RRTstar_planner)
[0.427s] DEBUG:colcon.colcon_core.event_handler.log_command:Invoked command in '/root/Shared/src/TurtleRRT-Connect/MIAPR_project/build/nav2_gradient_costmap_plugin' returned '0': CMAKE_PREFIX_PATH=${CMAKE_PREFIX_PATH}:/opt/ros/humble /usr/bin/cmake --build /root/Shared/src/TurtleRRT-Connect/MIAPR_project/build/nav2_gradient_costmap_plugin -- -j12 -l12
[0.429s] DEBUG:colcon.colcon_core.event_handler.log_command:Invoking command in '/root/Shared/src/TurtleRRT-Connect/MIAPR_project/build/nav2_gradient_costmap_plugin': CMAKE_PREFIX_PATH=${CMAKE_PREFIX_PATH}:/opt/ros/humble /usr/bin/cmake --install /root/Shared/src/TurtleRRT-Connect/MIAPR_project/build/nav2_gradient_costmap_plugin
[0.438s] DEBUG:colcon.colcon_core.event_handler.log_command:Invoked command in '/root/Shared/src/TurtleRRT-Connect/MIAPR_project/build/nav2_straightline_planner' returned '0': CMAKE_PREFIX_PATH=${CMAKE_PREFIX_PATH}:/opt/ros/humble /usr/bin/cmake --build /root/Shared/src/TurtleRRT-Connect/MIAPR_project/build/nav2_straightline_planner -- -j12 -l12
[0.439s] Level 1:colcon.colcon_core.environment:create_environment_scripts_only(nav2_gradient_costmap_plugin)
[0.439s] Level 1:colcon.colcon_core.environment:checking '/root/Shared/src/TurtleRRT-Connect/MIAPR_project/install/nav2_gradient_costmap_plugin' for CMake module files
[0.439s] DEBUG:colcon.colcon_core.event_handler.log_command:Invoking command in '/root/Shared/src/TurtleRRT-Connect/MIAPR_project/build/nav2_straightline_planner': CMAKE_PREFIX_PATH=${CMAKE_PREFIX_PATH}:/opt/ros/humble /usr/bin/cmake --install /root/Shared/src/TurtleRRT-Connect/MIAPR_project/build/nav2_straightline_planner
[0.440s] DEBUG:colcon.colcon_core.event_handler.log_command:Invoked command in '/root/Shared/src/TurtleRRT-Connect/MIAPR_project/build/nav2_gradient_costmap_plugin' returned '0': CMAKE_PREFIX_PATH=${CMAKE_PREFIX_PATH}:/opt/ros/humble /usr/bin/cmake --install /root/Shared/src/TurtleRRT-Connect/MIAPR_project/build/nav2_gradient_costmap_plugin
[0.440s] Level 1:colcon.colcon_core.environment:checking '/root/Shared/src/TurtleRRT-Connect/MIAPR_project/install/nav2_gradient_costmap_plugin' for CMake config files
[0.440s] Level 1:colcon.colcon_core.shell:create_environment_hook('nav2_gradient_costmap_plugin', 'cmake_prefix_path')
[0.440s] INFO:colcon.colcon_core.shell:Creating environment hook '/root/Shared/src/TurtleRRT-Connect/MIAPR_project/install/nav2_gradient_costmap_plugin/share/nav2_gradient_costmap_plugin/hook/cmake_prefix_path.ps1'
[0.441s] INFO:colcon.colcon_core.shell:Creating environment descriptor '/root/Shared/src/TurtleRRT-Connect/MIAPR_project/install/nav2_gradient_costmap_plugin/share/nav2_gradient_costmap_plugin/hook/cmake_prefix_path.dsv'
[0.441s] INFO:colcon.colcon_core.shell:Creating environment hook '/root/Shared/src/TurtleRRT-Connect/MIAPR_project/install/nav2_gradient_costmap_plugin/share/nav2_gradient_costmap_plugin/hook/cmake_prefix_path.sh'
[0.442s] Level 1:colcon.colcon_core.environment:checking '/root/Shared/src/TurtleRRT-Connect/MIAPR_project/install/nav2_gradient_costmap_plugin/lib'
[0.442s] Level 1:colcon.colcon_core.shell:create_environment_hook('nav2_gradient_costmap_plugin', 'ld_library_path_lib')
[0.442s] INFO:colcon.colcon_core.shell:Creating environment hook '/root/Shared/src/TurtleRRT-Connect/MIAPR_project/install/nav2_gradient_costmap_plugin/share/nav2_gradient_costmap_plugin/hook/ld_library_path_lib.ps1'
[0.442s] INFO:colcon.colcon_core.shell:Creating environment descriptor '/root/Shared/src/TurtleRRT-Connect/MIAPR_project/install/nav2_gradient_costmap_plugin/share/nav2_gradient_costmap_plugin/hook/ld_library_path_lib.dsv'
[0.443s] INFO:colcon.colcon_core.shell:Creating environment hook '/root/Shared/src/TurtleRRT-Connect/MIAPR_project/install/nav2_gradient_costmap_plugin/share/nav2_gradient_costmap_plugin/hook/ld_library_path_lib.sh'
[0.444s] Level 1:colcon.colcon_core.environment:checking '/root/Shared/src/TurtleRRT-Connect/MIAPR_project/install/nav2_gradient_costmap_plugin/bin'
[0.445s] Level 1:colcon.colcon_core.environment:checking '/root/Shared/src/TurtleRRT-Connect/MIAPR_project/install/nav2_gradient_costmap_plugin/lib/pkgconfig/nav2_gradient_costmap_plugin.pc'
[0.445s] Level 1:colcon.colcon_core.environment:checking '/root/Shared/src/TurtleRRT-Connect/MIAPR_project/install/nav2_gradient_costmap_plugin/lib/python3.10/site-packages'
[0.445s] Level 1:colcon.colcon_core.environment:checking '/root/Shared/src/TurtleRRT-Connect/MIAPR_project/install/nav2_gradient_costmap_plugin/bin'
[0.445s] INFO:colcon.colcon_core.shell:Creating package script '/root/Shared/src/TurtleRRT-Connect/MIAPR_project/install/nav2_gradient_costmap_plugin/share/nav2_gradient_costmap_plugin/package.ps1'
[0.446s] INFO:colcon.colcon_core.shell:Creating package descriptor '/root/Shared/src/TurtleRRT-Connect/MIAPR_project/install/nav2_gradient_costmap_plugin/share/nav2_gradient_costmap_plugin/package.dsv'
[0.446s] INFO:colcon.colcon_core.shell:Creating package script '/root/Shared/src/TurtleRRT-Connect/MIAPR_project/install/nav2_gradient_costmap_plugin/share/nav2_gradient_costmap_plugin/package.sh'
[0.446s] INFO:colcon.colcon_core.shell:Creating package script '/root/Shared/src/TurtleRRT-Connect/MIAPR_project/install/nav2_gradient_costmap_plugin/share/nav2_gradient_costmap_plugin/package.bash'
[0.446s] INFO:colcon.colcon_core.shell:Creating package script '/root/Shared/src/TurtleRRT-Connect/MIAPR_project/install/nav2_gradient_costmap_plugin/share/nav2_gradient_costmap_plugin/package.zsh'
[0.447s] Level 1:colcon.colcon_core.environment:create_file_with_runtime_dependencies(/root/Shared/src/TurtleRRT-Connect/MIAPR_project/install/nav2_gradient_costmap_plugin/share/colcon-core/packages/nav2_gradient_costmap_plugin)
[0.447s] Level 1:colcon.colcon_core.environment:create_environment_scripts_only(nav2_gradient_costmap_plugin)
[0.447s] Level 1:colcon.colcon_core.environment:checking '/root/Shared/src/TurtleRRT-Connect/MIAPR_project/install/nav2_gradient_costmap_plugin' for CMake module files
[0.448s] Level 1:colcon.colcon_core.environment:checking '/root/Shared/src/TurtleRRT-Connect/MIAPR_project/install/nav2_gradient_costmap_plugin' for CMake config files
[0.448s] Level 1:colcon.colcon_core.shell:create_environment_hook('nav2_gradient_costmap_plugin', 'cmake_prefix_path')
[0.448s] INFO:colcon.colcon_core.shell:Creating environment hook '/root/Shared/src/TurtleRRT-Connect/MIAPR_project/install/nav2_gradient_costmap_plugin/share/nav2_gradient_costmap_plugin/hook/cmake_prefix_path.ps1'
[0.448s] INFO:colcon.colcon_core.shell:Creating environment descriptor '/root/Shared/src/TurtleRRT-Connect/MIAPR_project/install/nav2_gradient_costmap_plugin/share/nav2_gradient_costmap_plugin/hook/cmake_prefix_path.dsv'
[0.448s] INFO:colcon.colcon_core.shell:Creating environment hook '/root/Shared/src/TurtleRRT-Connect/MIAPR_project/install/nav2_gradient_costmap_plugin/share/nav2_gradient_costmap_plugin/hook/cmake_prefix_path.sh'
[0.449s] Level 1:colcon.colcon_core.environment:checking '/root/Shared/src/TurtleRRT-Connect/MIAPR_project/install/nav2_gradient_costmap_plugin/lib'
[0.449s] Level 1:colcon.colcon_core.shell:create_environment_hook('nav2_gradient_costmap_plugin', 'ld_library_path_lib')
[0.449s] INFO:colcon.colcon_core.shell:Creating environment hook '/root/Shared/src/TurtleRRT-Connect/MIAPR_project/install/nav2_gradient_costmap_plugin/share/nav2_gradient_costmap_plugin/hook/ld_library_path_lib.ps1'
[0.449s] INFO:colcon.colcon_core.shell:Creating environment descriptor '/root/Shared/src/TurtleRRT-Connect/MIAPR_project/install/nav2_gradient_costmap_plugin/share/nav2_gradient_costmap_plugin/hook/ld_library_path_lib.dsv'
[0.449s] INFO:colcon.colcon_core.shell:Creating environment hook '/root/Shared/src/TurtleRRT-Connect/MIAPR_project/install/nav2_gradient_costmap_plugin/share/nav2_gradient_costmap_plugin/hook/ld_library_path_lib.sh'
[0.450s] Level 1:colcon.colcon_core.environment:checking '/root/Shared/src/TurtleRRT-Connect/MIAPR_project/install/nav2_gradient_costmap_plugin/bin'
[0.450s] Level 1:colcon.colcon_core.environment:checking '/root/Shared/src/TurtleRRT-Connect/MIAPR_project/install/nav2_gradient_costmap_plugin/lib/pkgconfig/nav2_gradient_costmap_plugin.pc'
[0.450s] Level 1:colcon.colcon_core.environment:checking '/root/Shared/src/TurtleRRT-Connect/MIAPR_project/install/nav2_gradient_costmap_plugin/lib/python3.10/site-packages'
[0.450s] Level 1:colcon.colcon_core.environment:checking '/root/Shared/src/TurtleRRT-Connect/MIAPR_project/install/nav2_gradient_costmap_plugin/bin'
[0.450s] INFO:colcon.colcon_core.shell:Creating package script '/root/Shared/src/TurtleRRT-Connect/MIAPR_project/install/nav2_gradient_costmap_plugin/share/nav2_gradient_costmap_plugin/package.ps1'
[0.451s] INFO:colcon.colcon_core.shell:Creating package descriptor '/root/Shared/src/TurtleRRT-Connect/MIAPR_project/install/nav2_gradient_costmap_plugin/share/nav2_gradient_costmap_plugin/package.dsv'
[0.451s] INFO:colcon.colcon_core.shell:Creating package script '/root/Shared/src/TurtleRRT-Connect/MIAPR_project/install/nav2_gradient_costmap_plugin/share/nav2_gradient_costmap_plugin/package.sh'
[0.451s] INFO:colcon.colcon_core.shell:Creating package script '/root/Shared/src/TurtleRRT-Connect/MIAPR_project/install/nav2_gradient_costmap_plugin/share/nav2_gradient_costmap_plugin/package.bash'
[0.451s] INFO:colcon.colcon_core.shell:Creating package script '/root/Shared/src/TurtleRRT-Connect/MIAPR_project/install/nav2_gradient_costmap_plugin/share/nav2_gradient_costmap_plugin/package.zsh'
[0.451s] Level 1:colcon.colcon_core.environment:create_file_with_runtime_dependencies(/root/Shared/src/TurtleRRT-Connect/MIAPR_project/install/nav2_gradient_costmap_plugin/share/colcon-core/packages/nav2_gradient_costmap_plugin)
[0.452s] Level 1:colcon.colcon_core.environment:create_environment_scripts_only(nav2_straightline_planner)
[0.452s] Level 1:colcon.colcon_core.environment:checking '/root/Shared/src/TurtleRRT-Connect/MIAPR_project/install/nav2_straightline_planner' for CMake module files
[0.453s] DEBUG:colcon.colcon_core.event_handler.log_command:Invoked command in '/root/Shared/src/TurtleRRT-Connect/MIAPR_project/build/nav2_straightline_planner' returned '0': CMAKE_PREFIX_PATH=${CMAKE_PREFIX_PATH}:/opt/ros/humble /usr/bin/cmake --install /root/Shared/src/TurtleRRT-Connect/MIAPR_project/build/nav2_straightline_planner
[0.453s] Level 1:colcon.colcon_core.environment:checking '/root/Shared/src/TurtleRRT-Connect/MIAPR_project/install/nav2_straightline_planner' for CMake config files
[0.453s] Level 1:colcon.colcon_core.shell:create_environment_hook('nav2_straightline_planner', 'cmake_prefix_path')
[0.453s] INFO:colcon.colcon_core.shell:Creating environment hook '/root/Shared/src/TurtleRRT-Connect/MIAPR_project/install/nav2_straightline_planner/share/nav2_straightline_planner/hook/cmake_prefix_path.ps1'
[0.454s] INFO:colcon.colcon_core.shell:Creating environment descriptor '/root/Shared/src/TurtleRRT-Connect/MIAPR_project/install/nav2_straightline_planner/share/nav2_straightline_planner/hook/cmake_prefix_path.dsv'
[0.454s] INFO:colcon.colcon_core.shell:Creating environment hook '/root/Shared/src/TurtleRRT-Connect/MIAPR_project/install/nav2_straightline_planner/share/nav2_straightline_planner/hook/cmake_prefix_path.sh'
[0.454s] Level 1:colcon.colcon_core.environment:checking '/root/Shared/src/TurtleRRT-Connect/MIAPR_project/install/nav2_straightline_planner/lib'
[0.454s] Level 1:colcon.colcon_core.shell:create_environment_hook('nav2_straightline_planner', 'ld_library_path_lib')
[0.454s] INFO:colcon.colcon_core.shell:Creating environment hook '/root/Shared/src/TurtleRRT-Connect/MIAPR_project/install/nav2_straightline_planner/share/nav2_straightline_planner/hook/ld_library_path_lib.ps1'
[0.455s] INFO:colcon.colcon_core.shell:Creating environment descriptor '/root/Shared/src/TurtleRRT-Connect/MIAPR_project/install/nav2_straightline_planner/share/nav2_straightline_planner/hook/ld_library_path_lib.dsv'
[0.455s] INFO:colcon.colcon_core.shell:Creating environment hook '/root/Shared/src/TurtleRRT-Connect/MIAPR_project/install/nav2_straightline_planner/share/nav2_straightline_planner/hook/ld_library_path_lib.sh'
[0.455s] Level 1:colcon.colcon_core.environment:checking '/root/Shared/src/TurtleRRT-Connect/MIAPR_project/install/nav2_straightline_planner/bin'
[0.455s] Level 1:colcon.colcon_core.environment:checking '/root/Shared/src/TurtleRRT-Connect/MIAPR_project/install/nav2_straightline_planner/lib/pkgconfig/nav2_straightline_planner.pc'
[0.455s] Level 1:colcon.colcon_core.environment:checking '/root/Shared/src/TurtleRRT-Connect/MIAPR_project/install/nav2_straightline_planner/lib/python3.10/site-packages'
[0.455s] Level 1:colcon.colcon_core.environment:checking '/root/Shared/src/TurtleRRT-Connect/MIAPR_project/install/nav2_straightline_planner/bin'
[0.456s] INFO:colcon.colcon_core.shell:Creating package script '/root/Shared/src/TurtleRRT-Connect/MIAPR_project/install/nav2_straightline_planner/share/nav2_straightline_planner/package.ps1'
[0.456s] INFO:colcon.colcon_core.shell:Creating package descriptor '/root/Shared/src/TurtleRRT-Connect/MIAPR_project/install/nav2_straightline_planner/share/nav2_straightline_planner/package.dsv'
[0.456s] INFO:colcon.colcon_core.shell:Creating package script '/root/Shared/src/TurtleRRT-Connect/MIAPR_project/install/nav2_straightline_planner/share/nav2_straightline_planner/package.sh'
[0.456s] INFO:colcon.colcon_core.shell:Creating package script '/root/Shared/src/TurtleRRT-Connect/MIAPR_project/install/nav2_straightline_planner/share/nav2_straightline_planner/package.bash'
[0.457s] INFO:colcon.colcon_core.shell:Creating package script '/root/Shared/src/TurtleRRT-Connect/MIAPR_project/install/nav2_straightline_planner/share/nav2_straightline_planner/package.zsh'
[0.457s] Level 1:colcon.colcon_core.environment:create_file_with_runtime_dependencies(/root/Shared/src/TurtleRRT-Connect/MIAPR_project/install/nav2_straightline_planner/share/colcon-core/packages/nav2_straightline_planner)
[0.457s] Level 1:colcon.colcon_core.environment:create_environment_scripts_only(nav2_straightline_planner)
[0.457s] Level 1:colcon.colcon_core.environment:checking '/root/Shared/src/TurtleRRT-Connect/MIAPR_project/install/nav2_straightline_planner' for CMake module files
[0.457s] Level 1:colcon.colcon_core.environment:checking '/root/Shared/src/TurtleRRT-Connect/MIAPR_project/install/nav2_straightline_planner' for CMake config files
[0.458s] Level 1:colcon.colcon_core.shell:create_environment_hook('nav2_straightline_planner', 'cmake_prefix_path')
[0.458s] INFO:colcon.colcon_core.shell:Creating environment hook '/root/Shared/src/TurtleRRT-Connect/MIAPR_project/install/nav2_straightline_planner/share/nav2_straightline_planner/hook/cmake_prefix_path.ps1'
[0.458s] INFO:colcon.colcon_core.shell:Creating environment descriptor '/root/Shared/src/TurtleRRT-Connect/MIAPR_project/install/nav2_straightline_planner/share/nav2_straightline_planner/hook/cmake_prefix_path.dsv'
[0.458s] INFO:colcon.colcon_core.shell:Creating environment hook '/root/Shared/src/TurtleRRT-Connect/MIAPR_project/install/nav2_straightline_planner/share/nav2_straightline_planner/hook/cmake_prefix_path.sh'
[0.459s] Level 1:colcon.colcon_core.environment:checking '/root/Shared/src/TurtleRRT-Connect/MIAPR_project/install/nav2_straightline_planner/lib'
[0.459s] Level 1:colcon.colcon_core.shell:create_environment_hook('nav2_straightline_planner', 'ld_library_path_lib')
[0.459s] INFO:colcon.colcon_core.shell:Creating environment hook '/root/Shared/src/TurtleRRT-Connect/MIAPR_project/install/nav2_straightline_planner/share/nav2_straightline_planner/hook/ld_library_path_lib.ps1'
[0.459s] INFO:colcon.colcon_core.shell:Creating environment descriptor '/root/Shared/src/TurtleRRT-Connect/MIAPR_project/install/nav2_straightline_planner/share/nav2_straightline_planner/hook/ld_library_path_lib.dsv'
[0.459s] INFO:colcon.colcon_core.shell:Creating environment hook '/root/Shared/src/TurtleRRT-Connect/MIAPR_project/install/nav2_straightline_planner/share/nav2_straightline_planner/hook/ld_library_path_lib.sh'
[0.459s] Level 1:colcon.colcon_core.environment:checking '/root/Shared/src/TurtleRRT-Connect/MIAPR_project/install/nav2_straightline_planner/bin'
[0.459s] Level 1:colcon.colcon_core.environment:checking '/root/Shared/src/TurtleRRT-Connect/MIAPR_project/install/nav2_straightline_planner/lib/pkgconfig/nav2_straightline_planner.pc'
[0.460s] Level 1:colcon.colcon_core.environment:checking '/root/Shared/src/TurtleRRT-Connect/MIAPR_project/install/nav2_straightline_planner/lib/python3.10/site-packages'
[0.460s] Level 1:colcon.colcon_core.environment:checking '/root/Shared/src/TurtleRRT-Connect/MIAPR_project/install/nav2_straightline_planner/bin'
[0.460s] INFO:colcon.colcon_core.shell:Creating package script '/root/Shared/src/TurtleRRT-Connect/MIAPR_project/install/nav2_straightline_planner/share/nav2_straightline_planner/package.ps1'
[0.460s] INFO:colcon.colcon_core.shell:Creating package descriptor '/root/Shared/src/TurtleRRT-Connect/MIAPR_project/install/nav2_straightline_planner/share/nav2_straightline_planner/package.dsv'
[0.460s] INFO:colcon.colcon_core.shell:Creating package script '/root/Shared/src/TurtleRRT-Connect/MIAPR_project/install/nav2_straightline_planner/share/nav2_straightline_planner/package.sh'
[0.461s] INFO:colcon.colcon_core.shell:Creating package script '/root/Shared/src/TurtleRRT-Connect/MIAPR_project/install/nav2_straightline_planner/share/nav2_straightline_planner/package.bash'
[0.461s] INFO:colcon.colcon_core.shell:Creating package script '/root/Shared/src/TurtleRRT-Connect/MIAPR_project/install/nav2_straightline_planner/share/nav2_straightline_planner/package.zsh'
[0.461s] Level 1:colcon.colcon_core.environment:create_file_with_runtime_dependencies(/root/Shared/src/TurtleRRT-Connect/MIAPR_project/install/nav2_straightline_planner/share/colcon-core/packages/nav2_straightline_planner)
[0.596s] DEBUG:colcon.colcon_core.event_handler.log_command:Invoking command in '/root/Shared/src/TurtleRRT-Connect/MIAPR_project/src/nav2_gps_waypoint_follower_demo': PYTHONPATH=/root/Shared/src/TurtleRRT-Connect/MIAPR_project/build/nav2_gps_waypoint_follower_demo/prefix_override:/usr/lib/python3/dist-packages/colcon_core/task/python/colcon_distutils_commands:/root/Shared/src/TurtleRRT-Connect/MIAPR_project/install/nav2_gps_waypoint_follower_demo/lib/python3.10/site-packages:${PYTHONPATH} /usr/bin/python3 -W ignore:setup.py install is deprecated -W ignore:easy_install command is deprecated setup.py egg_info --egg-base ../../build/nav2_gps_waypoint_follower_demo build --build-base /root/Shared/src/TurtleRRT-Connect/MIAPR_project/build/nav2_gps_waypoint_follower_demo/build install --record /root/Shared/src/TurtleRRT-Connect/MIAPR_project/build/nav2_gps_waypoint_follower_demo/install.log --single-version-externally-managed install_data
[0.600s] DEBUG:colcon.colcon_core.event_handler.log_command:Invoked command in '/root/Shared/src/TurtleRRT-Connect/MIAPR_project/build/nav2_sms_behavior' returned '0': CMAKE_PREFIX_PATH=${CMAKE_PREFIX_PATH}:/opt/ros/humble /usr/bin/cmake --build /root/Shared/src/TurtleRRT-Connect/MIAPR_project/build/nav2_sms_behavior -- -j12 -l12
[0.601s] DEBUG:colcon.colcon_core.event_handler.log_command:Invoking command in '/root/Shared/src/TurtleRRT-Connect/MIAPR_project/build/nav2_sms_behavior': CMAKE_PREFIX_PATH=${CMAKE_PREFIX_PATH}:/opt/ros/humble /usr/bin/cmake --install /root/Shared/src/TurtleRRT-Connect/MIAPR_project/build/nav2_sms_behavior
[0.633s] Level 1:colcon.colcon_core.environment:create_environment_scripts_only(nav2_sms_behavior)
[0.634s] Level 1:colcon.colcon_core.environment:checking '/root/Shared/src/TurtleRRT-Connect/MIAPR_project/install/nav2_sms_behavior' for CMake module files
[0.634s] DEBUG:colcon.colcon_core.event_handler.log_command:Invoked command in '/root/Shared/src/TurtleRRT-Connect/MIAPR_project/build/nav2_sms_behavior' returned '0': CMAKE_PREFIX_PATH=${CMAKE_PREFIX_PATH}:/opt/ros/humble /usr/bin/cmake --install /root/Shared/src/TurtleRRT-Connect/MIAPR_project/build/nav2_sms_behavior
[0.635s] Level 1:colcon.colcon_core.environment:checking '/root/Shared/src/TurtleRRT-Connect/MIAPR_project/install/nav2_sms_behavior' for CMake config files
[0.635s] Level 1:colcon.colcon_core.shell:create_environment_hook('nav2_sms_behavior', 'cmake_prefix_path')
[0.635s] INFO:colcon.colcon_core.shell:Creating environment hook '/root/Shared/src/TurtleRRT-Connect/MIAPR_project/install/nav2_sms_behavior/share/nav2_sms_behavior/hook/cmake_prefix_path.ps1'
[0.636s] INFO:colcon.colcon_core.shell:Creating environment descriptor '/root/Shared/src/TurtleRRT-Connect/MIAPR_project/install/nav2_sms_behavior/share/nav2_sms_behavior/hook/cmake_prefix_path.dsv'
[0.636s] INFO:colcon.colcon_core.shell:Creating environment hook '/root/Shared/src/TurtleRRT-Connect/MIAPR_project/install/nav2_sms_behavior/share/nav2_sms_behavior/hook/cmake_prefix_path.sh'
[0.637s] Level 1:colcon.colcon_core.environment:checking '/root/Shared/src/TurtleRRT-Connect/MIAPR_project/install/nav2_sms_behavior/lib'
[0.637s] Level 1:colcon.colcon_core.shell:create_environment_hook('nav2_sms_behavior', 'ld_library_path_lib')
[0.637s] INFO:colcon.colcon_core.shell:Creating environment hook '/root/Shared/src/TurtleRRT-Connect/MIAPR_project/install/nav2_sms_behavior/share/nav2_sms_behavior/hook/ld_library_path_lib.ps1'
[0.637s] INFO:colcon.colcon_core.shell:Creating environment descriptor '/root/Shared/src/TurtleRRT-Connect/MIAPR_project/install/nav2_sms_behavior/share/nav2_sms_behavior/hook/ld_library_path_lib.dsv'
[0.638s] INFO:colcon.colcon_core.shell:Creating environment hook '/root/Shared/src/TurtleRRT-Connect/MIAPR_project/install/nav2_sms_behavior/share/nav2_sms_behavior/hook/ld_library_path_lib.sh'
[0.638s] Level 1:colcon.colcon_core.environment:checking '/root/Shared/src/TurtleRRT-Connect/MIAPR_project/install/nav2_sms_behavior/bin'
[0.638s] Level 1:colcon.colcon_core.environment:checking '/root/Shared/src/TurtleRRT-Connect/MIAPR_project/install/nav2_sms_behavior/lib/pkgconfig/nav2_sms_behavior.pc'
[0.638s] Level 1:colcon.colcon_core.environment:checking '/root/Shared/src/TurtleRRT-Connect/MIAPR_project/install/nav2_sms_behavior/lib/python3.10/site-packages'
[0.639s] Level 1:colcon.colcon_core.environment:checking '/root/Shared/src/TurtleRRT-Connect/MIAPR_project/install/nav2_sms_behavior/bin'
[0.639s] INFO:colcon.colcon_core.shell:Creating package script '/root/Shared/src/TurtleRRT-Connect/MIAPR_project/install/nav2_sms_behavior/share/nav2_sms_behavior/package.ps1'
[0.639s] INFO:colcon.colcon_core.shell:Creating package descriptor '/root/Shared/src/TurtleRRT-Connect/MIAPR_project/install/nav2_sms_behavior/share/nav2_sms_behavior/package.dsv'
[0.640s] INFO:colcon.colcon_core.shell:Creating package script '/root/Shared/src/TurtleRRT-Connect/MIAPR_project/install/nav2_sms_behavior/share/nav2_sms_behavior/package.sh'
[0.640s] INFO:colcon.colcon_core.shell:Creating package script '/root/Shared/src/TurtleRRT-Connect/MIAPR_project/install/nav2_sms_behavior/share/nav2_sms_behavior/package.bash'
[0.641s] INFO:colcon.colcon_core.shell:Creating package script '/root/Shared/src/TurtleRRT-Connect/MIAPR_project/install/nav2_sms_behavior/share/nav2_sms_behavior/package.zsh'
[0.641s] Level 1:colcon.colcon_core.environment:create_file_with_runtime_dependencies(/root/Shared/src/TurtleRRT-Connect/MIAPR_project/install/nav2_sms_behavior/share/colcon-core/packages/nav2_sms_behavior)
[0.642s] Level 1:colcon.colcon_core.environment:create_environment_scripts_only(nav2_sms_behavior)
[0.642s] Level 1:colcon.colcon_core.environment:checking '/root/Shared/src/TurtleRRT-Connect/MIAPR_project/install/nav2_sms_behavior' for CMake module files
[0.642s] Level 1:colcon.colcon_core.environment:checking '/root/Shared/src/TurtleRRT-Connect/MIAPR_project/install/nav2_sms_behavior' for CMake config files
[0.643s] Level 1:colcon.colcon_core.shell:create_environment_hook('nav2_sms_behavior', 'cmake_prefix_path')
[0.643s] INFO:colcon.colcon_core.shell:Creating environment hook '/root/Shared/src/TurtleRRT-Connect/MIAPR_project/install/nav2_sms_behavior/share/nav2_sms_behavior/hook/cmake_prefix_path.ps1'
[0.643s] INFO:colcon.colcon_core.shell:Creating environment descriptor '/root/Shared/src/TurtleRRT-Connect/MIAPR_project/install/nav2_sms_behavior/share/nav2_sms_behavior/hook/cmake_prefix_path.dsv'
[0.643s] INFO:colcon.colcon_core.shell:Creating environment hook '/root/Shared/src/TurtleRRT-Connect/MIAPR_project/install/nav2_sms_behavior/share/nav2_sms_behavior/hook/cmake_prefix_path.sh'
[0.644s] Level 1:colcon.colcon_core.environment:checking '/root/Shared/src/TurtleRRT-Connect/MIAPR_project/install/nav2_sms_behavior/lib'
[0.644s] Level 1:colcon.colcon_core.shell:create_environment_hook('nav2_sms_behavior', 'ld_library_path_lib')
[0.644s] INFO:colcon.colcon_core.shell:Creating environment hook '/root/Shared/src/TurtleRRT-Connect/MIAPR_project/install/nav2_sms_behavior/share/nav2_sms_behavior/hook/ld_library_path_lib.ps1'
[0.644s] INFO:colcon.colcon_core.shell:Creating environment descriptor '/root/Shared/src/TurtleRRT-Connect/MIAPR_project/install/nav2_sms_behavior/share/nav2_sms_behavior/hook/ld_library_path_lib.dsv'
[0.644s] INFO:colcon.colcon_core.shell:Creating environment hook '/root/Shared/src/TurtleRRT-Connect/MIAPR_project/install/nav2_sms_behavior/share/nav2_sms_behavior/hook/ld_library_path_lib.sh'
[0.644s] Level 1:colcon.colcon_core.environment:checking '/root/Shared/src/TurtleRRT-Connect/MIAPR_project/install/nav2_sms_behavior/bin'
[0.644s] Level 1:colcon.colcon_core.environment:checking '/root/Shared/src/TurtleRRT-Connect/MIAPR_project/install/nav2_sms_behavior/lib/pkgconfig/nav2_sms_behavior.pc'
[0.645s] Level 1:colcon.colcon_core.environment:checking '/root/Shared/src/TurtleRRT-Connect/MIAPR_project/install/nav2_sms_behavior/lib/python3.10/site-packages'
[0.645s] Level 1:colcon.colcon_core.environment:checking '/root/Shared/src/TurtleRRT-Connect/MIAPR_project/install/nav2_sms_behavior/bin'
[0.645s] INFO:colcon.colcon_core.shell:Creating package script '/root/Shared/src/TurtleRRT-Connect/MIAPR_project/install/nav2_sms_behavior/share/nav2_sms_behavior/package.ps1'
[0.645s] INFO:colcon.colcon_core.shell:Creating package descriptor '/root/Shared/src/TurtleRRT-Connect/MIAPR_project/install/nav2_sms_behavior/share/nav2_sms_behavior/package.dsv'
[0.645s] INFO:colcon.colcon_core.shell:Creating package script '/root/Shared/src/TurtleRRT-Connect/MIAPR_project/install/nav2_sms_behavior/share/nav2_sms_behavior/package.sh'
[0.646s] INFO:colcon.colcon_core.shell:Creating package script '/root/Shared/src/TurtleRRT-Connect/MIAPR_project/install/nav2_sms_behavior/share/nav2_sms_behavior/package.bash'
[0.646s] INFO:colcon.colcon_core.shell:Creating package script '/root/Shared/src/TurtleRRT-Connect/MIAPR_project/install/nav2_sms_behavior/share/nav2_sms_behavior/package.zsh'
[0.646s] Level 1:colcon.colcon_core.environment:create_file_with_runtime_dependencies(/root/Shared/src/TurtleRRT-Connect/MIAPR_project/install/nav2_sms_behavior/share/colcon-core/packages/nav2_sms_behavior)
[0.758s] Level 1:colcon.colcon_core.environment:checking '/root/Shared/src/TurtleRRT-Connect/MIAPR_project/install/nav2_gps_waypoint_follower_demo' for CMake module files
[0.758s] DEBUG:colcon.colcon_core.event_handler.log_command:Invoked command in '/root/Shared/src/TurtleRRT-Connect/MIAPR_project/src/nav2_gps_waypoint_follower_demo' returned '0': PYTHONPATH=/root/Shared/src/TurtleRRT-Connect/MIAPR_project/build/nav2_gps_waypoint_follower_demo/prefix_override:/usr/lib/python3/dist-packages/colcon_core/task/python/colcon_distutils_commands:/root/Shared/src/TurtleRRT-Connect/MIAPR_project/install/nav2_gps_waypoint_follower_demo/lib/python3.10/site-packages:${PYTHONPATH} /usr/bin/python3 -W ignore:setup.py install is deprecated -W ignore:easy_install command is deprecated setup.py egg_info --egg-base ../../build/nav2_gps_waypoint_follower_demo build --build-base /root/Shared/src/TurtleRRT-Connect/MIAPR_project/build/nav2_gps_waypoint_follower_demo/build install --record /root/Shared/src/TurtleRRT-Connect/MIAPR_project/build/nav2_gps_waypoint_follower_demo/install.log --single-version-externally-managed install_data
[0.758s] Level 1:colcon.colcon_core.environment:checking '/root/Shared/src/TurtleRRT-Connect/MIAPR_project/install/nav2_gps_waypoint_follower_demo' for CMake config files
[0.759s] Level 1:colcon.colcon_core.environment:checking '/root/Shared/src/TurtleRRT-Connect/MIAPR_project/install/nav2_gps_waypoint_follower_demo/lib'
[0.759s] Level 1:colcon.colcon_core.environment:checking '/root/Shared/src/TurtleRRT-Connect/MIAPR_project/install/nav2_gps_waypoint_follower_demo/bin'
[0.759s] Level 1:colcon.colcon_core.environment:checking '/root/Shared/src/TurtleRRT-Connect/MIAPR_project/install/nav2_gps_waypoint_follower_demo/lib/pkgconfig/nav2_gps_waypoint_follower_demo.pc'
[0.759s] Level 1:colcon.colcon_core.environment:checking '/root/Shared/src/TurtleRRT-Connect/MIAPR_project/install/nav2_gps_waypoint_follower_demo/lib/python3.10/site-packages'
[0.759s] Level 1:colcon.colcon_core.shell:create_environment_hook('nav2_gps_waypoint_follower_demo', 'pythonpath')
[0.759s] INFO:colcon.colcon_core.shell:Creating environment hook '/root/Shared/src/TurtleRRT-Connect/MIAPR_project/install/nav2_gps_waypoint_follower_demo/share/nav2_gps_waypoint_follower_demo/hook/pythonpath.ps1'
[0.760s] INFO:colcon.colcon_core.shell:Creating environment descriptor '/root/Shared/src/TurtleRRT-Connect/MIAPR_project/install/nav2_gps_waypoint_follower_demo/share/nav2_gps_waypoint_follower_demo/hook/pythonpath.dsv'
[0.760s] INFO:colcon.colcon_core.shell:Creating environment hook '/root/Shared/src/TurtleRRT-Connect/MIAPR_project/install/nav2_gps_waypoint_follower_demo/share/nav2_gps_waypoint_follower_demo/hook/pythonpath.sh'
[0.760s] Level 1:colcon.colcon_core.environment:checking '/root/Shared/src/TurtleRRT-Connect/MIAPR_project/install/nav2_gps_waypoint_follower_demo/bin'
[0.760s] Level 1:colcon.colcon_core.environment:create_environment_scripts_only(nav2_gps_waypoint_follower_demo)
[0.760s] INFO:colcon.colcon_core.shell:Creating package script '/root/Shared/src/TurtleRRT-Connect/MIAPR_project/install/nav2_gps_waypoint_follower_demo/share/nav2_gps_waypoint_follower_demo/package.ps1'
[0.761s] INFO:colcon.colcon_core.shell:Creating package descriptor '/root/Shared/src/TurtleRRT-Connect/MIAPR_project/install/nav2_gps_waypoint_follower_demo/share/nav2_gps_waypoint_follower_demo/package.dsv'
[0.761s] INFO:colcon.colcon_core.shell:Creating package script '/root/Shared/src/TurtleRRT-Connect/MIAPR_project/install/nav2_gps_waypoint_follower_demo/share/nav2_gps_waypoint_follower_demo/package.sh'
[0.761s] INFO:colcon.colcon_core.shell:Creating package script '/root/Shared/src/TurtleRRT-Connect/MIAPR_project/install/nav2_gps_waypoint_follower_demo/share/nav2_gps_waypoint_follower_demo/package.bash'
[0.761s] INFO:colcon.colcon_core.shell:Creating package script '/root/Shared/src/TurtleRRT-Connect/MIAPR_project/install/nav2_gps_waypoint_follower_demo/share/nav2_gps_waypoint_follower_demo/package.zsh'
[0.761s] Level 1:colcon.colcon_core.environment:create_file_with_runtime_dependencies(/root/Shared/src/TurtleRRT-Connect/MIAPR_project/install/nav2_gps_waypoint_follower_demo/share/colcon-core/packages/nav2_gps_waypoint_follower_demo)
[0.762s] DEBUG:colcon.colcon_parallel_executor.executor.parallel:closing loop
[0.762s] DEBUG:colcon.colcon_parallel_executor.executor.parallel:loop closed
[0.762s] DEBUG:colcon.colcon_parallel_executor.executor.parallel:run_until_complete finished with '0'
[0.762s] DEBUG:colcon.colcon_core.event_reactor:joining thread
[0.765s] INFO:colcon.colcon_core.plugin_system:Skipping extension 'colcon_notification.desktop_notification.notify_send': Could not find 'notify-send'
[0.765s] INFO:colcon.colcon_core.plugin_system:Skipping extension 'colcon_notification.desktop_notification.terminal_notifier': Not used on non-Darwin systems
[0.765s] INFO:colcon.colcon_core.plugin_system:Skipping extension 'colcon_notification.desktop_notification.win32': Not used on non-Windows systems
[0.765s] INFO:colcon.colcon_notification.desktop_notification:Sending desktop notification using 'notify2'
[0.767s] DEBUG:colcon.colcon_notification.desktop_notification.notify2:Failed to initialize notify2: org.freedesktop.DBus.Error.Spawn.ExecFailed: /usr/bin/dbus-launch terminated abnormally without any error message
[0.768s] DEBUG:colcon.colcon_core.event_reactor:joined thread
[0.768s] INFO:colcon.colcon_core.shell:Creating prefix script '/root/Shared/src/TurtleRRT-Connect/MIAPR_project/install/local_setup.ps1'
[0.769s] INFO:colcon.colcon_core.shell:Creating prefix util module '/root/Shared/src/TurtleRRT-Connect/MIAPR_project/install/_local_setup_util_ps1.py'
[0.769s] INFO:colcon.colcon_core.shell:Creating prefix chain script '/root/Shared/src/TurtleRRT-Connect/MIAPR_project/install/setup.ps1'
[0.770s] INFO:colcon.colcon_core.shell:Creating prefix script '/root/Shared/src/TurtleRRT-Connect/MIAPR_project/install/local_setup.sh'
[0.770s] INFO:colcon.colcon_core.shell:Creating prefix util module '/root/Shared/src/TurtleRRT-Connect/MIAPR_project/install/_local_setup_util_sh.py'
[0.771s] INFO:colcon.colcon_core.shell:Creating prefix chain script '/root/Shared/src/TurtleRRT-Connect/MIAPR_project/install/setup.sh'
[0.771s] INFO:colcon.colcon_core.shell:Creating prefix script '/root/Shared/src/TurtleRRT-Connect/MIAPR_project/install/local_setup.bash'
[0.772s] INFO:colcon.colcon_core.shell:Creating prefix chain script '/root/Shared/src/TurtleRRT-Connect/MIAPR_project/install/setup.bash'
[0.772s] INFO:colcon.colcon_core.shell:Creating prefix script '/root/Shared/src/TurtleRRT-Connect/MIAPR_project/install/local_setup.zsh'
[0.772s] INFO:colcon.colcon_core.shell:Creating prefix chain script '/root/Shared/src/TurtleRRT-Connect/MIAPR_project/install/setup.zsh'
