[0.165s] Invoking command in '/root/Shared/src/TurtleRRT-Connect/MIAPR_project/build/nav2_straightline_planner': CMAKE_PREFIX_PATH=${CMAKE_PREFIX_PATH}:/opt/ros/humble /usr/bin/cmake --build /root/Shared/src/TurtleRRT-Connect/MIAPR_project/build/nav2_straightline_planner -- -j12 -l12
[0.197s] [35m[1mConsolidate compiler generated dependencies of target nav2_straightline_planner_plugin[0m
[0.218s] [100%] Built target nav2_straightline_planner_plugin
[0.230s] Invoked command in '/root/Shared/src/TurtleRRT-Connect/MIAPR_project/build/nav2_straightline_planner' returned '0': CMAKE_PREFIX_PATH=${CMAKE_PREFIX_PATH}:/opt/ros/humble /usr/bin/cmake --build /root/Shared/src/TurtleRRT-Connect/MIAPR_project/build/nav2_straightline_planner -- -j12 -l12
[0.231s] Invoking command in '/root/Shared/src/TurtleRRT-Connect/MIAPR_project/build/nav2_straightline_planner': CMAKE_PREFIX_PATH=${CMAKE_PREFIX_PATH}:/opt/ros/humble /usr/bin/cmake --install /root/Shared/src/TurtleRRT-Connect/MIAPR_project/build/nav2_straightline_planner
[0.235s] -- Install configuration: ""
[0.235s] -- Up-to-date: /root/Shared/src/TurtleRRT-Connect/MIAPR_project/install/nav2_straightline_planner/share/nav2_straightline_planner/global_planner_plugin.xml
[0.235s] -- Up-to-date: /root/Shared/src/TurtleRRT-Connect/MIAPR_project/install/nav2_straightline_planner/lib/libnav2_straightline_planner_plugin.so
[0.235s] -- Up-to-date: /root/Shared/src/TurtleRRT-Connect/MIAPR_project/install/nav2_straightline_planner/include/
[0.235s] -- Up-to-date: /root/Shared/src/TurtleRRT-Connect/MIAPR_project/install/nav2_straightline_planner/include//nav2_straightline_planner
[0.235s] -- Up-to-date: /root/Shared/src/TurtleRRT-Connect/MIAPR_project/install/nav2_straightline_planner/include//nav2_straightline_planner/straight_line_planner.hpp
[0.236s] -- Up-to-date: /root/Shared/src/TurtleRRT-Connect/MIAPR_project/install/nav2_straightline_planner/share/nav2_straightline_planner/global_planner_plugin.xml
[0.236s] -- Up-to-date: /root/Shared/src/TurtleRRT-Connect/MIAPR_project/install/nav2_straightline_planner/share/nav2_straightline_planner/environment/library_path.sh
[0.236s] -- Up-to-date: /root/Shared/src/TurtleRRT-Connect/MIAPR_project/install/nav2_straightline_planner/share/nav2_straightline_planner/environment/library_path.dsv
[0.236s] -- Up-to-date: /root/Shared/src/TurtleRRT-Connect/MIAPR_project/install/nav2_straightline_planner/share/ament_index/resource_index/package_run_dependencies/nav2_straightline_planner
[0.236s] -- Up-to-date: /root/Shared/src/TurtleRRT-Connect/MIAPR_project/install/nav2_straightline_planner/share/ament_index/resource_index/parent_prefix_path/nav2_straightline_planner
[0.236s] -- Up-to-date: /root/Shared/src/TurtleRRT-Connect/MIAPR_project/install/nav2_straightline_planner/share/nav2_straightline_planner/environment/ament_prefix_path.sh
[0.236s] -- Up-to-date: /root/Shared/src/TurtleRRT-Connect/MIAPR_project/install/nav2_straightline_planner/share/nav2_straightline_planner/environment/ament_prefix_path.dsv
[0.236s] -- Up-to-date: /root/Shared/src/TurtleRRT-Connect/MIAPR_project/install/nav2_straightline_planner/share/nav2_straightline_planner/environment/path.sh
[0.236s] -- Up-to-date: /root/Shared/src/TurtleRRT-Connect/MIAPR_project/install/nav2_straightline_planner/share/nav2_straightline_planner/environment/path.dsv
[0.236s] -- Up-to-date: /root/Shared/src/TurtleRRT-Connect/MIAPR_project/install/nav2_straightline_planner/share/nav2_straightline_planner/local_setup.bash
[0.236s] -- Up-to-date: /root/Shared/src/TurtleRRT-Connect/MIAPR_project/install/nav2_straightline_planner/share/nav2_straightline_planner/local_setup.sh
[0.236s] -- Up-to-date: /root/Shared/src/TurtleRRT-Connect/MIAPR_project/install/nav2_straightline_planner/share/nav2_straightline_planner/local_setup.zsh
[0.236s] -- Up-to-date: /root/Shared/src/TurtleRRT-Connect/MIAPR_project/install/nav2_straightline_planner/share/nav2_straightline_planner/local_setup.dsv
[0.236s] -- Installing: /root/Shared/src/TurtleRRT-Connect/MIAPR_project/install/nav2_straightline_planner/share/nav2_straightline_planner/package.dsv
[0.237s] -- Up-to-date: /root/Shared/src/TurtleRRT-Connect/MIAPR_project/install/nav2_straightline_planner/share/ament_index/resource_index/packages/nav2_straightline_planner
[0.237s] -- Up-to-date: /root/Shared/src/TurtleRRT-Connect/MIAPR_project/install/nav2_straightline_planner/share/ament_index/resource_index/nav2_core__pluginlib__plugin/nav2_straightline_planner
[0.237s] -- Up-to-date: /root/Shared/src/TurtleRRT-Connect/MIAPR_project/install/nav2_straightline_planner/share/nav2_straightline_planner/cmake/ament_cmake_export_include_directories-extras.cmake
[0.237s] -- Up-to-date: /root/Shared/src/TurtleRRT-Connect/MIAPR_project/install/nav2_straightline_planner/share/nav2_straightline_planner/cmake/ament_cmake_export_libraries-extras.cmake
[0.237s] -- Up-to-date: /root/Shared/src/TurtleRRT-Connect/MIAPR_project/install/nav2_straightline_planner/share/nav2_straightline_planner/cmake/ament_cmake_export_dependencies-extras.cmake
[0.237s] -- Up-to-date: /root/Shared/src/TurtleRRT-Connect/MIAPR_project/install/nav2_straightline_planner/share/nav2_straightline_planner/cmake/nav2_straightline_plannerConfig.cmake
[0.237s] -- Up-to-date: /root/Shared/src/TurtleRRT-Connect/MIAPR_project/install/nav2_straightline_planner/share/nav2_straightline_planner/cmake/nav2_straightline_plannerConfig-version.cmake
[0.237s] -- Up-to-date: /root/Shared/src/TurtleRRT-Connect/MIAPR_project/install/nav2_straightline_planner/share/nav2_straightline_planner/package.xml
[0.245s] Invoked command in '/root/Shared/src/TurtleRRT-Connect/MIAPR_project/build/nav2_straightline_planner' returned '0': CMAKE_PREFIX_PATH=${CMAKE_PREFIX_PATH}:/opt/ros/humble /usr/bin/cmake --install /root/Shared/src/TurtleRRT-Connect/MIAPR_project/build/nav2_straightline_planner
