[0.064s] DEBUG:colcon:Command line arguments: ['/usr/bin/colcon', 'build']
[0.064s] DEBUG:colcon:Parsed command line arguments: Namespace(log_base=None, log_level=None, verb_name='build', build_base='build', install_base='install', merge_install=False, symlink_install=False, test_result_base=None, continue_on_error=False, executor='parallel', parallel_workers=12, event_handlers=None, ignore_user_meta=False, metas=['./colcon.meta'], base_paths=['.'], packages_ignore=None, packages_ignore_regex=None, paths=None, packages_up_to=None, packages_up_to_regex=None, packages_above=None, packages_above_and_dependencies=None, packages_above_depth=None, packages_select_by_dep=None, packages_skip_by_dep=None, packages_skip_up_to=None, packages_select_build_failed=False, packages_skip_build_finished=False, packages_select_test_failures=False, packages_skip_test_passed=False, packages_select=None, packages_skip=None, packages_select_regex=None, packages_skip_regex=None, packages_start=None, packages_end=None, cmake_args=None, cmake_target=None, cmake_target_skip_unavailable=False, cmake_clean_cache=False, cmake_clean_first=False, cmake_force_configure=False, ament_cmake_args=None, catkin_cmake_args=None, catkin_skip_building_tests=False, mixin_files=None, mixin=None, verb_parser=<colcon_mixin.mixin.mixin_argument.MixinArgumentDecorator object at 0x73a2ef503ca0>, verb_extension=<colcon_core.verb.build.BuildVerb object at 0x73a2ef648ca0>, main=<bound method BuildVerb.main of <colcon_core.verb.build.BuildVerb object at 0x73a2ef648ca0>>, mixin_verb=('build',))
[0.138s] Level 1:colcon.colcon_core.package_discovery:discover_packages(colcon_meta) check parameters
[0.138s] INFO:colcon.colcon_metadata.package_discovery.colcon_meta:Using configuration from '/root/.colcon/metadata/default/Gazebo.meta'
[0.139s] INFO:colcon.colcon_metadata.package_discovery.colcon_meta:Using configuration from '/root/.colcon/metadata/default/fastdds.meta'
[0.139s] INFO:colcon.colcon_metadata.package_discovery.colcon_meta:Using configuration from '/root/.colcon/metadata/default/fastrtps.meta'
[0.139s] Level 1:colcon.colcon_core.package_discovery:discover_packages(recursive) check parameters
[0.139s] Level 1:colcon.colcon_core.package_discovery:discover_packages(ignore) check parameters
[0.139s] Level 1:colcon.colcon_core.package_discovery:discover_packages(path) check parameters
[0.139s] Level 1:colcon.colcon_core.package_discovery:discover_packages(colcon_meta) discover
[0.139s] Level 1:colcon.colcon_core.package_discovery:discover_packages(recursive) discover
[0.139s] INFO:colcon.colcon_core.package_discovery:Crawling recursively for packages in '/root/Shared/src/TurtleRRT-Connect/MIAPR_project'
[0.139s] Level 1:colcon.colcon_core.package_identification:_identify(.) by extensions ['ignore', 'ignore_ament_install']
[0.139s] Level 1:colcon.colcon_core.package_identification:_identify(.) by extension 'ignore'
[0.139s] Level 1:colcon.colcon_core.package_identification:_identify(.) by extension 'ignore_ament_install'
[0.139s] Level 1:colcon.colcon_core.package_identification:_identify(.) by extensions ['colcon_pkg']
[0.139s] Level 1:colcon.colcon_core.package_identification:_identify(.) by extension 'colcon_pkg'
[0.139s] Level 1:colcon.colcon_core.package_identification:_identify(.) by extensions ['colcon_meta']
[0.139s] Level 1:colcon.colcon_core.package_identification:_identify(.) by extension 'colcon_meta'
[0.139s] Level 1:colcon.colcon_core.package_identification:_identify(.) by extensions ['ros']
[0.139s] Level 1:colcon.colcon_core.package_identification:_identify(.) by extension 'ros'
[0.147s] Level 1:colcon.colcon_core.package_identification:_identify(.) by extensions ['cmake', 'python']
[0.147s] Level 1:colcon.colcon_core.package_identification:_identify(.) by extension 'cmake'
[0.147s] Level 1:colcon.colcon_core.package_identification:_identify(.) by extension 'python'
[0.147s] Level 1:colcon.colcon_core.package_identification:_identify(.) by extensions ['python_setup_py']
[0.147s] Level 1:colcon.colcon_core.package_identification:_identify(.) by extension 'python_setup_py'
[0.147s] Level 1:colcon.colcon_core.package_identification:_identify(build) by extensions ['ignore', 'ignore_ament_install']
[0.147s] Level 1:colcon.colcon_core.package_identification:_identify(build) by extension 'ignore'
[0.147s] Level 1:colcon.colcon_core.package_identification:_identify(build) ignored
[0.147s] Level 1:colcon.colcon_core.package_identification:_identify(install) by extensions ['ignore', 'ignore_ament_install']
[0.147s] Level 1:colcon.colcon_core.package_identification:_identify(install) by extension 'ignore'
[0.147s] Level 1:colcon.colcon_core.package_identification:_identify(install) ignored
[0.147s] Level 1:colcon.colcon_core.package_identification:_identify(log) by extensions ['ignore', 'ignore_ament_install']
[0.147s] Level 1:colcon.colcon_core.package_identification:_identify(log) by extension 'ignore'
[0.147s] Level 1:colcon.colcon_core.package_identification:_identify(log) ignored
[0.148s] Level 1:colcon.colcon_core.package_identification:_identify(src) by extensions ['ignore', 'ignore_ament_install']
[0.148s] Level 1:colcon.colcon_core.package_identification:_identify(src) by extension 'ignore'
[0.148s] Level 1:colcon.colcon_core.package_identification:_identify(src) by extension 'ignore_ament_install'
[0.148s] Level 1:colcon.colcon_core.package_identification:_identify(src) by extensions ['colcon_pkg']
[0.148s] Level 1:colcon.colcon_core.package_identification:_identify(src) by extension 'colcon_pkg'
[0.148s] Level 1:colcon.colcon_core.package_identification:_identify(src) by extensions ['colcon_meta']
[0.148s] Level 1:colcon.colcon_core.package_identification:_identify(src) by extension 'colcon_meta'
[0.148s] Level 1:colcon.colcon_core.package_identification:_identify(src) by extensions ['ros']
[0.148s] Level 1:colcon.colcon_core.package_identification:_identify(src) by extension 'ros'
[0.148s] Level 1:colcon.colcon_core.package_identification:_identify(src) by extensions ['cmake', 'python']
[0.148s] Level 1:colcon.colcon_core.package_identification:_identify(src) by extension 'cmake'
[0.148s] Level 1:colcon.colcon_core.package_identification:_identify(src) by extension 'python'
[0.148s] Level 1:colcon.colcon_core.package_identification:_identify(src) by extensions ['python_setup_py']
[0.148s] Level 1:colcon.colcon_core.package_identification:_identify(src) by extension 'python_setup_py'
[0.148s] Level 1:colcon.colcon_core.package_identification:_identify(src/nav2-rrt-connect) by extensions ['ignore', 'ignore_ament_install']
[0.148s] Level 1:colcon.colcon_core.package_identification:_identify(src/nav2-rrt-connect) by extension 'ignore'
[0.148s] Level 1:colcon.colcon_core.package_identification:_identify(src/nav2-rrt-connect) by extension 'ignore_ament_install'
[0.148s] Level 1:colcon.colcon_core.package_identification:_identify(src/nav2-rrt-connect) by extensions ['colcon_pkg']
[0.148s] Level 1:colcon.colcon_core.package_identification:_identify(src/nav2-rrt-connect) by extension 'colcon_pkg'
[0.148s] Level 1:colcon.colcon_core.package_identification:_identify(src/nav2-rrt-connect) by extensions ['colcon_meta']
[0.148s] Level 1:colcon.colcon_core.package_identification:_identify(src/nav2-rrt-connect) by extension 'colcon_meta'
[0.148s] Level 1:colcon.colcon_core.package_identification:_identify(src/nav2-rrt-connect) by extensions ['ros']
[0.148s] Level 1:colcon.colcon_core.package_identification:_identify(src/nav2-rrt-connect) by extension 'ros'
[0.150s] DEBUG:colcon.colcon_core.package_identification:Package 'src/nav2-rrt-connect' with type 'ros.ament_cmake' and name 'nav2_RRTstar_planner'
[0.150s] Level 1:colcon.colcon_core.package_identification:_identify(src/nav2_costmap_filters_demo) by extensions ['ignore', 'ignore_ament_install']
[0.150s] Level 1:colcon.colcon_core.package_identification:_identify(src/nav2_costmap_filters_demo) by extension 'ignore'
[0.150s] Level 1:colcon.colcon_core.package_identification:_identify(src/nav2_costmap_filters_demo) by extension 'ignore_ament_install'
[0.150s] Level 1:colcon.colcon_core.package_identification:_identify(src/nav2_costmap_filters_demo) by extensions ['colcon_pkg']
[0.150s] Level 1:colcon.colcon_core.package_identification:_identify(src/nav2_costmap_filters_demo) by extension 'colcon_pkg'
[0.150s] Level 1:colcon.colcon_core.package_identification:_identify(src/nav2_costmap_filters_demo) by extensions ['colcon_meta']
[0.150s] Level 1:colcon.colcon_core.package_identification:_identify(src/nav2_costmap_filters_demo) by extension 'colcon_meta'
[0.151s] Level 1:colcon.colcon_core.package_identification:_identify(src/nav2_costmap_filters_demo) by extensions ['ros']
[0.151s] Level 1:colcon.colcon_core.package_identification:_identify(src/nav2_costmap_filters_demo) by extension 'ros'
[0.151s] DEBUG:colcon.colcon_core.package_identification:Package 'src/nav2_costmap_filters_demo' with type 'ros.ament_cmake' and name 'nav2_costmap_filters_demo'
[0.151s] Level 1:colcon.colcon_core.package_identification:_identify(src/nav2_gps_waypoint_follower_demo) by extensions ['ignore', 'ignore_ament_install']
[0.151s] Level 1:colcon.colcon_core.package_identification:_identify(src/nav2_gps_waypoint_follower_demo) by extension 'ignore'
[0.151s] Level 1:colcon.colcon_core.package_identification:_identify(src/nav2_gps_waypoint_follower_demo) by extension 'ignore_ament_install'
[0.151s] Level 1:colcon.colcon_core.package_identification:_identify(src/nav2_gps_waypoint_follower_demo) by extensions ['colcon_pkg']
[0.151s] Level 1:colcon.colcon_core.package_identification:_identify(src/nav2_gps_waypoint_follower_demo) by extension 'colcon_pkg'
[0.151s] Level 1:colcon.colcon_core.package_identification:_identify(src/nav2_gps_waypoint_follower_demo) by extensions ['colcon_meta']
[0.151s] Level 1:colcon.colcon_core.package_identification:_identify(src/nav2_gps_waypoint_follower_demo) by extension 'colcon_meta'
[0.151s] Level 1:colcon.colcon_core.package_identification:_identify(src/nav2_gps_waypoint_follower_demo) by extensions ['ros']
[0.151s] Level 1:colcon.colcon_core.package_identification:_identify(src/nav2_gps_waypoint_follower_demo) by extension 'ros'
[0.152s] DEBUG:colcon.colcon_core.package_identification:Package 'src/nav2_gps_waypoint_follower_demo' with type 'ros.ament_python' and name 'nav2_gps_waypoint_follower_demo'
[0.152s] Level 1:colcon.colcon_core.package_identification:_identify(src/nav2_gradient_costmap_plugin) by extensions ['ignore', 'ignore_ament_install']
[0.152s] Level 1:colcon.colcon_core.package_identification:_identify(src/nav2_gradient_costmap_plugin) by extension 'ignore'
[0.152s] Level 1:colcon.colcon_core.package_identification:_identify(src/nav2_gradient_costmap_plugin) by extension 'ignore_ament_install'
[0.152s] Level 1:colcon.colcon_core.package_identification:_identify(src/nav2_gradient_costmap_plugin) by extensions ['colcon_pkg']
[0.152s] Level 1:colcon.colcon_core.package_identification:_identify(src/nav2_gradient_costmap_plugin) by extension 'colcon_pkg'
[0.152s] Level 1:colcon.colcon_core.package_identification:_identify(src/nav2_gradient_costmap_plugin) by extensions ['colcon_meta']
[0.152s] Level 1:colcon.colcon_core.package_identification:_identify(src/nav2_gradient_costmap_plugin) by extension 'colcon_meta'
[0.152s] Level 1:colcon.colcon_core.package_identification:_identify(src/nav2_gradient_costmap_plugin) by extensions ['ros']
[0.152s] Level 1:colcon.colcon_core.package_identification:_identify(src/nav2_gradient_costmap_plugin) by extension 'ros'
[0.152s] DEBUG:colcon.colcon_core.package_identification:Package 'src/nav2_gradient_costmap_plugin' with type 'ros.ament_cmake' and name 'nav2_gradient_costmap_plugin'
[0.152s] Level 1:colcon.colcon_core.package_identification:_identify(src/nav2_sms_behavior) by extensions ['ignore', 'ignore_ament_install']
[0.152s] Level 1:colcon.colcon_core.package_identification:_identify(src/nav2_sms_behavior) by extension 'ignore'
[0.152s] Level 1:colcon.colcon_core.package_identification:_identify(src/nav2_sms_behavior) by extension 'ignore_ament_install'
[0.152s] Level 1:colcon.colcon_core.package_identification:_identify(src/nav2_sms_behavior) by extensions ['colcon_pkg']
[0.152s] Level 1:colcon.colcon_core.package_identification:_identify(src/nav2_sms_behavior) by extension 'colcon_pkg'
[0.152s] Level 1:colcon.colcon_core.package_identification:_identify(src/nav2_sms_behavior) by extensions ['colcon_meta']
[0.152s] Level 1:colcon.colcon_core.package_identification:_identify(src/nav2_sms_behavior) by extension 'colcon_meta'
[0.152s] Level 1:colcon.colcon_core.package_identification:_identify(src/nav2_sms_behavior) by extensions ['ros']
[0.152s] Level 1:colcon.colcon_core.package_identification:_identify(src/nav2_sms_behavior) by extension 'ros'
[0.153s] DEBUG:colcon.colcon_core.package_identification:Package 'src/nav2_sms_behavior' with type 'ros.ament_cmake' and name 'nav2_sms_behavior'
[0.153s] Level 1:colcon.colcon_core.package_identification:_identify(src/nav2_straightline_planner) by extensions ['ignore', 'ignore_ament_install']
[0.154s] Level 1:colcon.colcon_core.package_identification:_identify(src/nav2_straightline_planner) by extension 'ignore'
[0.154s] Level 1:colcon.colcon_core.package_identification:_identify(src/nav2_straightline_planner) by extension 'ignore_ament_install'
[0.154s] Level 1:colcon.colcon_core.package_identification:_identify(src/nav2_straightline_planner) by extensions ['colcon_pkg']
[0.154s] Level 1:colcon.colcon_core.package_identification:_identify(src/nav2_straightline_planner) by extension 'colcon_pkg'
[0.154s] Level 1:colcon.colcon_core.package_identification:_identify(src/nav2_straightline_planner) by extensions ['colcon_meta']
[0.154s] Level 1:colcon.colcon_core.package_identification:_identify(src/nav2_straightline_planner) by extension 'colcon_meta'
[0.154s] Level 1:colcon.colcon_core.package_identification:_identify(src/nav2_straightline_planner) by extensions ['ros']
[0.154s] Level 1:colcon.colcon_core.package_identification:_identify(src/nav2_straightline_planner) by extension 'ros'
[0.154s] DEBUG:colcon.colcon_core.package_identification:Package 'src/nav2_straightline_planner' with type 'ros.ament_cmake' and name 'nav2_straightline_planner'
[0.155s] Level 1:colcon.colcon_core.package_discovery:discover_packages(recursive) using defaults
[0.155s] Level 1:colcon.colcon_core.package_discovery:discover_packages(ignore) discover
[0.155s] Level 1:colcon.colcon_core.package_discovery:discover_packages(ignore) using defaults
[0.155s] Level 1:colcon.colcon_core.package_discovery:discover_packages(path) discover
[0.155s] Level 1:colcon.colcon_core.package_discovery:discover_packages(path) using defaults
[0.167s] Level 5:colcon.colcon_core.verb:set package 'nav2_RRTstar_planner' build argument 'cmake_args' from command line to 'None'
[0.167s] Level 5:colcon.colcon_core.verb:set package 'nav2_RRTstar_planner' build argument 'cmake_target' from command line to 'None'
[0.167s] Level 5:colcon.colcon_core.verb:set package 'nav2_RRTstar_planner' build argument 'cmake_target_skip_unavailable' from command line to 'False'
[0.167s] Level 5:colcon.colcon_core.verb:set package 'nav2_RRTstar_planner' build argument 'cmake_clean_cache' from command line to 'False'
[0.167s] Level 5:colcon.colcon_core.verb:set package 'nav2_RRTstar_planner' build argument 'cmake_clean_first' from command line to 'False'
[0.168s] Level 5:colcon.colcon_core.verb:set package 'nav2_RRTstar_planner' build argument 'cmake_force_configure' from command line to 'False'
[0.168s] Level 5:colcon.colcon_core.verb:set package 'nav2_RRTstar_planner' build argument 'ament_cmake_args' from command line to 'None'
[0.168s] Level 5:colcon.colcon_core.verb:set package 'nav2_RRTstar_planner' build argument 'catkin_cmake_args' from command line to 'None'
[0.168s] Level 5:colcon.colcon_core.verb:set package 'nav2_RRTstar_planner' build argument 'catkin_skip_building_tests' from command line to 'False'
[0.168s] DEBUG:colcon.colcon_core.verb:Building package 'nav2_RRTstar_planner' with the following arguments: {'ament_cmake_args': None, 'build_base': '/root/Shared/src/TurtleRRT-Connect/MIAPR_project/build/nav2_RRTstar_planner', 'catkin_cmake_args': None, 'catkin_skip_building_tests': False, 'cmake_args': None, 'cmake_clean_cache': False, 'cmake_clean_first': False, 'cmake_force_configure': False, 'cmake_target': None, 'cmake_target_skip_unavailable': False, 'install_base': '/root/Shared/src/TurtleRRT-Connect/MIAPR_project/install/nav2_RRTstar_planner', 'merge_install': False, 'path': '/root/Shared/src/TurtleRRT-Connect/MIAPR_project/src/nav2-rrt-connect', 'symlink_install': False, 'test_result_base': None}
[0.168s] Level 5:colcon.colcon_core.verb:set package 'nav2_costmap_filters_demo' build argument 'cmake_args' from command line to 'None'
[0.168s] Level 5:colcon.colcon_core.verb:set package 'nav2_costmap_filters_demo' build argument 'cmake_target' from command line to 'None'
[0.168s] Level 5:colcon.colcon_core.verb:set package 'nav2_costmap_filters_demo' build argument 'cmake_target_skip_unavailable' from command line to 'False'
[0.168s] Level 5:colcon.colcon_core.verb:set package 'nav2_costmap_filters_demo' build argument 'cmake_clean_cache' from command line to 'False'
[0.168s] Level 5:colcon.colcon_core.verb:set package 'nav2_costmap_filters_demo' build argument 'cmake_clean_first' from command line to 'False'
[0.168s] Level 5:colcon.colcon_core.verb:set package 'nav2_costmap_filters_demo' build argument 'cmake_force_configure' from command line to 'False'
[0.168s] Level 5:colcon.colcon_core.verb:set package 'nav2_costmap_filters_demo' build argument 'ament_cmake_args' from command line to 'None'
[0.168s] Level 5:colcon.colcon_core.verb:set package 'nav2_costmap_filters_demo' build argument 'catkin_cmake_args' from command line to 'None'
[0.168s] Level 5:colcon.colcon_core.verb:set package 'nav2_costmap_filters_demo' build argument 'catkin_skip_building_tests' from command line to 'False'
[0.168s] DEBUG:colcon.colcon_core.verb:Building package 'nav2_costmap_filters_demo' with the following arguments: {'ament_cmake_args': None, 'build_base': '/root/Shared/src/TurtleRRT-Connect/MIAPR_project/build/nav2_costmap_filters_demo', 'catkin_cmake_args': None, 'catkin_skip_building_tests': False, 'cmake_args': None, 'cmake_clean_cache': False, 'cmake_clean_first': False, 'cmake_force_configure': False, 'cmake_target': None, 'cmake_target_skip_unavailable': False, 'install_base': '/root/Shared/src/TurtleRRT-Connect/MIAPR_project/install/nav2_costmap_filters_demo', 'merge_install': False, 'path': '/root/Shared/src/TurtleRRT-Connect/MIAPR_project/src/nav2_costmap_filters_demo', 'symlink_install': False, 'test_result_base': None}
[0.168s] Level 5:colcon.colcon_core.verb:set package 'nav2_gps_waypoint_follower_demo' build argument 'cmake_args' from command line to 'None'
[0.168s] Level 5:colcon.colcon_core.verb:set package 'nav2_gps_waypoint_follower_demo' build argument 'cmake_target' from command line to 'None'
[0.168s] Level 5:colcon.colcon_core.verb:set package 'nav2_gps_waypoint_follower_demo' build argument 'cmake_target_skip_unavailable' from command line to 'False'
[0.168s] Level 5:colcon.colcon_core.verb:set package 'nav2_gps_waypoint_follower_demo' build argument 'cmake_clean_cache' from command line to 'False'
[0.168s] Level 5:colcon.colcon_core.verb:set package 'nav2_gps_waypoint_follower_demo' build argument 'cmake_clean_first' from command line to 'False'
[0.168s] Level 5:colcon.colcon_core.verb:set package 'nav2_gps_waypoint_follower_demo' build argument 'cmake_force_configure' from command line to 'False'
[0.168s] Level 5:colcon.colcon_core.verb:set package 'nav2_gps_waypoint_follower_demo' build argument 'ament_cmake_args' from command line to 'None'
[0.168s] Level 5:colcon.colcon_core.verb:set package 'nav2_gps_waypoint_follower_demo' build argument 'catkin_cmake_args' from command line to 'None'
[0.168s] Level 5:colcon.colcon_core.verb:set package 'nav2_gps_waypoint_follower_demo' build argument 'catkin_skip_building_tests' from command line to 'False'
[0.168s] DEBUG:colcon.colcon_core.verb:Building package 'nav2_gps_waypoint_follower_demo' with the following arguments: {'ament_cmake_args': None, 'build_base': '/root/Shared/src/TurtleRRT-Connect/MIAPR_project/build/nav2_gps_waypoint_follower_demo', 'catkin_cmake_args': None, 'catkin_skip_building_tests': False, 'cmake_args': None, 'cmake_clean_cache': False, 'cmake_clean_first': False, 'cmake_force_configure': False, 'cmake_target': None, 'cmake_target_skip_unavailable': False, 'install_base': '/root/Shared/src/TurtleRRT-Connect/MIAPR_project/install/nav2_gps_waypoint_follower_demo', 'merge_install': False, 'path': '/root/Shared/src/TurtleRRT-Connect/MIAPR_project/src/nav2_gps_waypoint_follower_demo', 'symlink_install': False, 'test_result_base': None}
[0.169s] Level 5:colcon.colcon_core.verb:set package 'nav2_gradient_costmap_plugin' build argument 'cmake_args' from command line to 'None'
[0.169s] Level 5:colcon.colcon_core.verb:set package 'nav2_gradient_costmap_plugin' build argument 'cmake_target' from command line to 'None'
[0.169s] Level 5:colcon.colcon_core.verb:set package 'nav2_gradient_costmap_plugin' build argument 'cmake_target_skip_unavailable' from command line to 'False'
[0.169s] Level 5:colcon.colcon_core.verb:set package 'nav2_gradient_costmap_plugin' build argument 'cmake_clean_cache' from command line to 'False'
[0.169s] Level 5:colcon.colcon_core.verb:set package 'nav2_gradient_costmap_plugin' build argument 'cmake_clean_first' from command line to 'False'
[0.169s] Level 5:colcon.colcon_core.verb:set package 'nav2_gradient_costmap_plugin' build argument 'cmake_force_configure' from command line to 'False'
[0.169s] Level 5:colcon.colcon_core.verb:set package 'nav2_gradient_costmap_plugin' build argument 'ament_cmake_args' from command line to 'None'
[0.169s] Level 5:colcon.colcon_core.verb:set package 'nav2_gradient_costmap_plugin' build argument 'catkin_cmake_args' from command line to 'None'
[0.169s] Level 5:colcon.colcon_core.verb:set package 'nav2_gradient_costmap_plugin' build argument 'catkin_skip_building_tests' from command line to 'False'
[0.169s] DEBUG:colcon.colcon_core.verb:Building package 'nav2_gradient_costmap_plugin' with the following arguments: {'ament_cmake_args': None, 'build_base': '/root/Shared/src/TurtleRRT-Connect/MIAPR_project/build/nav2_gradient_costmap_plugin', 'catkin_cmake_args': None, 'catkin_skip_building_tests': False, 'cmake_args': None, 'cmake_clean_cache': False, 'cmake_clean_first': False, 'cmake_force_configure': False, 'cmake_target': None, 'cmake_target_skip_unavailable': False, 'install_base': '/root/Shared/src/TurtleRRT-Connect/MIAPR_project/install/nav2_gradient_costmap_plugin', 'merge_install': False, 'path': '/root/Shared/src/TurtleRRT-Connect/MIAPR_project/src/nav2_gradient_costmap_plugin', 'symlink_install': False, 'test_result_base': None}
[0.169s] Level 5:colcon.colcon_core.verb:set package 'nav2_sms_behavior' build argument 'cmake_args' from command line to 'None'
[0.169s] Level 5:colcon.colcon_core.verb:set package 'nav2_sms_behavior' build argument 'cmake_target' from command line to 'None'
[0.169s] Level 5:colcon.colcon_core.verb:set package 'nav2_sms_behavior' build argument 'cmake_target_skip_unavailable' from command line to 'False'
[0.169s] Level 5:colcon.colcon_core.verb:set package 'nav2_sms_behavior' build argument 'cmake_clean_cache' from command line to 'False'
[0.169s] Level 5:colcon.colcon_core.verb:set package 'nav2_sms_behavior' build argument 'cmake_clean_first' from command line to 'False'
[0.169s] Level 5:colcon.colcon_core.verb:set package 'nav2_sms_behavior' build argument 'cmake_force_configure' from command line to 'False'
[0.169s] Level 5:colcon.colcon_core.verb:set package 'nav2_sms_behavior' build argument 'ament_cmake_args' from command line to 'None'
[0.169s] Level 5:colcon.colcon_core.verb:set package 'nav2_sms_behavior' build argument 'catkin_cmake_args' from command line to 'None'
[0.169s] Level 5:colcon.colcon_core.verb:set package 'nav2_sms_behavior' build argument 'catkin_skip_building_tests' from command line to 'False'
[0.169s] DEBUG:colcon.colcon_core.verb:Building package 'nav2_sms_behavior' with the following arguments: {'ament_cmake_args': None, 'build_base': '/root/Shared/src/TurtleRRT-Connect/MIAPR_project/build/nav2_sms_behavior', 'catkin_cmake_args': None, 'catkin_skip_building_tests': False, 'cmake_args': None, 'cmake_clean_cache': False, 'cmake_clean_first': False, 'cmake_force_configure': False, 'cmake_target': None, 'cmake_target_skip_unavailable': False, 'install_base': '/root/Shared/src/TurtleRRT-Connect/MIAPR_project/install/nav2_sms_behavior', 'merge_install': False, 'path': '/root/Shared/src/TurtleRRT-Connect/MIAPR_project/src/nav2_sms_behavior', 'symlink_install': False, 'test_result_base': None}
[0.170s] Level 5:colcon.colcon_core.verb:set package 'nav2_straightline_planner' build argument 'cmake_args' from command line to 'None'
[0.170s] Level 5:colcon.colcon_core.verb:set package 'nav2_straightline_planner' build argument 'cmake_target' from command line to 'None'
[0.170s] Level 5:colcon.colcon_core.verb:set package 'nav2_straightline_planner' build argument 'cmake_target_skip_unavailable' from command line to 'False'
[0.170s] Level 5:colcon.colcon_core.verb:set package 'nav2_straightline_planner' build argument 'cmake_clean_cache' from command line to 'False'
[0.170s] Level 5:colcon.colcon_core.verb:set package 'nav2_straightline_planner' build argument 'cmake_clean_first' from command line to 'False'
[0.170s] Level 5:colcon.colcon_core.verb:set package 'nav2_straightline_planner' build argument 'cmake_force_configure' from command line to 'False'
[0.170s] Level 5:colcon.colcon_core.verb:set package 'nav2_straightline_planner' build argument 'ament_cmake_args' from command line to 'None'
[0.170s] Level 5:colcon.colcon_core.verb:set package 'nav2_straightline_planner' build argument 'catkin_cmake_args' from command line to 'None'
[0.170s] Level 5:colcon.colcon_core.verb:set package 'nav2_straightline_planner' build argument 'catkin_skip_building_tests' from command line to 'False'
[0.170s] DEBUG:colcon.colcon_core.verb:Building package 'nav2_straightline_planner' with the following arguments: {'ament_cmake_args': None, 'build_base': '/root/Shared/src/TurtleRRT-Connect/MIAPR_project/build/nav2_straightline_planner', 'catkin_cmake_args': None, 'catkin_skip_building_tests': False, 'cmake_args': None, 'cmake_clean_cache': False, 'cmake_clean_first': False, 'cmake_force_configure': False, 'cmake_target': None, 'cmake_target_skip_unavailable': False, 'install_base': '/root/Shared/src/TurtleRRT-Connect/MIAPR_project/install/nav2_straightline_planner', 'merge_install': False, 'path': '/root/Shared/src/TurtleRRT-Connect/MIAPR_project/src/nav2_straightline_planner', 'symlink_install': False, 'test_result_base': None}
[0.170s] INFO:colcon.colcon_core.executor:Executing jobs using 'parallel' executor
[0.171s] DEBUG:colcon.colcon_parallel_executor.executor.parallel:run_until_complete
[0.171s] INFO:colcon.colcon_ros.task.ament_cmake.build:Building ROS package in '/root/Shared/src/TurtleRRT-Connect/MIAPR_project/src/nav2-rrt-connect' with build type 'ament_cmake'
[0.171s] INFO:colcon.colcon_cmake.task.cmake.build:Building CMake package in '/root/Shared/src/TurtleRRT-Connect/MIAPR_project/src/nav2-rrt-connect'
[0.172s] INFO:colcon.colcon_core.plugin_system:Skipping extension 'colcon_core.shell.bat': Not used on non-Windows systems
[0.172s] INFO:colcon.colcon_core.shell:Skip shell extension 'powershell' for command environment: Not usable outside of PowerShell
[0.172s] DEBUG:colcon.colcon_core.shell:Skip shell extension 'dsv' for command environment
[0.173s] WARNING:colcon.colcon_core.prefix_path.colcon:The path '/root/Shared/src/TurtleRRT-Connect/install' in the environment variable COLCON_PREFIX_PATH doesn't exist
[0.173s] WARNING:colcon.colcon_ros.prefix_path.ament:The path '/root/Shared/src/TurtleRRT-Connect/install/nav2_RRTstar_planner' in the environment variable AMENT_PREFIX_PATH doesn't exist
[0.173s] WARNING:colcon.colcon_ros.prefix_path.catkin:The path '/root/Shared/src/TurtleRRT-Connect/install/nav2_RRTstar_planner' in the environment variable CMAKE_PREFIX_PATH doesn't exist
[0.182s] INFO:colcon.colcon_ros.task.ament_cmake.build:Building ROS package in '/root/Shared/src/TurtleRRT-Connect/MIAPR_project/src/nav2_costmap_filters_demo' with build type 'ament_cmake'
[0.182s] INFO:colcon.colcon_cmake.task.cmake.build:Building CMake package in '/root/Shared/src/TurtleRRT-Connect/MIAPR_project/src/nav2_costmap_filters_demo'
[0.182s] INFO:colcon.colcon_core.shell:Skip shell extension 'powershell' for command environment: Not usable outside of PowerShell
[0.182s] DEBUG:colcon.colcon_core.shell:Skip shell extension 'dsv' for command environment
[0.184s] INFO:colcon.colcon_ros.task.ament_python.build:Building ROS package in '/root/Shared/src/TurtleRRT-Connect/MIAPR_project/src/nav2_gps_waypoint_follower_demo' with build type 'ament_python'
[0.184s] Level 1:colcon.colcon_core.shell:create_environment_hook('nav2_gps_waypoint_follower_demo', 'ament_prefix_path')
[0.184s] INFO:colcon.colcon_core.shell:Creating environment hook '/root/Shared/src/TurtleRRT-Connect/MIAPR_project/install/nav2_gps_waypoint_follower_demo/share/nav2_gps_waypoint_follower_demo/hook/ament_prefix_path.ps1'
[0.184s] INFO:colcon.colcon_core.shell:Creating environment descriptor '/root/Shared/src/TurtleRRT-Connect/MIAPR_project/install/nav2_gps_waypoint_follower_demo/share/nav2_gps_waypoint_follower_demo/hook/ament_prefix_path.dsv'
[0.184s] INFO:colcon.colcon_core.shell:Creating environment hook '/root/Shared/src/TurtleRRT-Connect/MIAPR_project/install/nav2_gps_waypoint_follower_demo/share/nav2_gps_waypoint_follower_demo/hook/ament_prefix_path.sh'
[0.185s] INFO:colcon.colcon_core.shell:Skip shell extension 'powershell' for command environment: Not usable outside of PowerShell
[0.185s] DEBUG:colcon.colcon_core.shell:Skip shell extension 'dsv' for command environment
[0.186s] INFO:colcon.colcon_ros.task.ament_cmake.build:Building ROS package in '/root/Shared/src/TurtleRRT-Connect/MIAPR_project/src/nav2_gradient_costmap_plugin' with build type 'ament_cmake'
[0.187s] INFO:colcon.colcon_cmake.task.cmake.build:Building CMake package in '/root/Shared/src/TurtleRRT-Connect/MIAPR_project/src/nav2_gradient_costmap_plugin'
[0.187s] INFO:colcon.colcon_core.shell:Skip shell extension 'powershell' for command environment: Not usable outside of PowerShell
[0.187s] DEBUG:colcon.colcon_core.shell:Skip shell extension 'dsv' for command environment
[0.188s] INFO:colcon.colcon_ros.task.ament_cmake.build:Building ROS package in '/root/Shared/src/TurtleRRT-Connect/MIAPR_project/src/nav2_sms_behavior' with build type 'ament_cmake'
[0.189s] INFO:colcon.colcon_cmake.task.cmake.build:Building CMake package in '/root/Shared/src/TurtleRRT-Connect/MIAPR_project/src/nav2_sms_behavior'
[0.189s] INFO:colcon.colcon_core.shell:Skip shell extension 'powershell' for command environment: Not usable outside of PowerShell
[0.189s] DEBUG:colcon.colcon_core.shell:Skip shell extension 'dsv' for command environment
[0.190s] INFO:colcon.colcon_ros.task.ament_cmake.build:Building ROS package in '/root/Shared/src/TurtleRRT-Connect/MIAPR_project/src/nav2_straightline_planner' with build type 'ament_cmake'
[0.190s] INFO:colcon.colcon_cmake.task.cmake.build:Building CMake package in '/root/Shared/src/TurtleRRT-Connect/MIAPR_project/src/nav2_straightline_planner'
[0.190s] INFO:colcon.colcon_core.shell:Skip shell extension 'powershell' for command environment: Not usable outside of PowerShell
[0.191s] DEBUG:colcon.colcon_core.shell:Skip shell extension 'dsv' for command environment
[0.195s] DEBUG:colcon.colcon_core.event_handler.log_command:Invoking command in '/root/Shared/src/TurtleRRT-Connect/MIAPR_project/build/nav2_RRTstar_planner': CMAKE_PREFIX_PATH=${CMAKE_PREFIX_PATH}:/opt/ros/humble /usr/bin/cmake --build /root/Shared/src/TurtleRRT-Connect/MIAPR_project/build/nav2_RRTstar_planner -- -j12 -l12
[0.197s] DEBUG:colcon.colcon_core.event_handler.log_command:Invoking command in '/root/Shared/src/TurtleRRT-Connect/MIAPR_project/build/nav2_costmap_filters_demo': CMAKE_PREFIX_PATH=${CMAKE_PREFIX_PATH}:/opt/ros/humble /usr/bin/cmake --build /root/Shared/src/TurtleRRT-Connect/MIAPR_project/build/nav2_costmap_filters_demo -- -j12 -l12
[0.326s] INFO:colcon.colcon_core.task.python.build:Building Python package in '/root/Shared/src/TurtleRRT-Connect/MIAPR_project/src/nav2_gps_waypoint_follower_demo'
[0.326s] INFO:colcon.colcon_core.shell:Skip shell extension 'powershell' for command environment: Not usable outside of PowerShell
[0.326s] DEBUG:colcon.colcon_core.shell:Skip shell extension 'dsv' for command environment
[0.329s] DEBUG:colcon.colcon_core.event_handler.log_command:Invoking command in '/root/Shared/src/TurtleRRT-Connect/MIAPR_project/build/nav2_gradient_costmap_plugin': CMAKE_PREFIX_PATH=${CMAKE_PREFIX_PATH}:/opt/ros/humble /usr/bin/cmake --build /root/Shared/src/TurtleRRT-Connect/MIAPR_project/build/nav2_gradient_costmap_plugin -- -j12 -l12
[0.332s] DEBUG:colcon.colcon_core.event_handler.log_command:Invoking command in '/root/Shared/src/TurtleRRT-Connect/MIAPR_project/build/nav2_sms_behavior': CMAKE_PREFIX_PATH=${CMAKE_PREFIX_PATH}:/opt/ros/humble /usr/bin/cmake --build /root/Shared/src/TurtleRRT-Connect/MIAPR_project/build/nav2_sms_behavior -- -j12 -l12
[0.335s] DEBUG:colcon.colcon_core.event_handler.log_command:Invoking command in '/root/Shared/src/TurtleRRT-Connect/MIAPR_project/build/nav2_straightline_planner': CMAKE_PREFIX_PATH=${CMAKE_PREFIX_PATH}:/opt/ros/humble /usr/bin/cmake --build /root/Shared/src/TurtleRRT-Connect/MIAPR_project/build/nav2_straightline_planner -- -j12 -l12
[0.337s] DEBUG:colcon.colcon_core.event_handler.log_command:Invoked command in '/root/Shared/src/TurtleRRT-Connect/MIAPR_project/build/nav2_costmap_filters_demo' returned '0': CMAKE_PREFIX_PATH=${CMAKE_PREFIX_PATH}:/opt/ros/humble /usr/bin/cmake --build /root/Shared/src/TurtleRRT-Connect/MIAPR_project/build/nav2_costmap_filters_demo -- -j12 -l12
[0.347s] DEBUG:colcon.colcon_core.event_handler.log_command:Invoking command in '/root/Shared/src/TurtleRRT-Connect/MIAPR_project/build/nav2_costmap_filters_demo': CMAKE_PREFIX_PATH=${CMAKE_PREFIX_PATH}:/opt/ros/humble /usr/bin/cmake --install /root/Shared/src/TurtleRRT-Connect/MIAPR_project/build/nav2_costmap_filters_demo
[0.357s] Level 1:colcon.colcon_core.environment:create_environment_scripts_only(nav2_costmap_filters_demo)
[0.357s] DEBUG:colcon.colcon_core.event_handler.log_command:Invoked command in '/root/Shared/src/TurtleRRT-Connect/MIAPR_project/build/nav2_costmap_filters_demo' returned '0': CMAKE_PREFIX_PATH=${CMAKE_PREFIX_PATH}:/opt/ros/humble /usr/bin/cmake --install /root/Shared/src/TurtleRRT-Connect/MIAPR_project/build/nav2_costmap_filters_demo
[0.360s] Level 1:colcon.colcon_core.environment:checking '/root/Shared/src/TurtleRRT-Connect/MIAPR_project/install/nav2_costmap_filters_demo' for CMake module files
[0.360s] Level 1:colcon.colcon_core.environment:checking '/root/Shared/src/TurtleRRT-Connect/MIAPR_project/install/nav2_costmap_filters_demo' for CMake config files
[0.361s] Level 1:colcon.colcon_core.shell:create_environment_hook('nav2_costmap_filters_demo', 'cmake_prefix_path')
[0.361s] INFO:colcon.colcon_core.shell:Creating environment hook '/root/Shared/src/TurtleRRT-Connect/MIAPR_project/install/nav2_costmap_filters_demo/share/nav2_costmap_filters_demo/hook/cmake_prefix_path.ps1'
[0.362s] INFO:colcon.colcon_core.shell:Creating environment descriptor '/root/Shared/src/TurtleRRT-Connect/MIAPR_project/install/nav2_costmap_filters_demo/share/nav2_costmap_filters_demo/hook/cmake_prefix_path.dsv'
[0.362s] INFO:colcon.colcon_core.shell:Creating environment hook '/root/Shared/src/TurtleRRT-Connect/MIAPR_project/install/nav2_costmap_filters_demo/share/nav2_costmap_filters_demo/hook/cmake_prefix_path.sh'
[0.363s] Level 1:colcon.colcon_core.environment:checking '/root/Shared/src/TurtleRRT-Connect/MIAPR_project/install/nav2_costmap_filters_demo/bin'
[0.363s] Level 1:colcon.colcon_core.environment:checking '/root/Shared/src/TurtleRRT-Connect/MIAPR_project/install/nav2_costmap_filters_demo/lib/pkgconfig/nav2_costmap_filters_demo.pc'
[0.363s] Level 1:colcon.colcon_core.environment:checking '/root/Shared/src/TurtleRRT-Connect/MIAPR_project/install/nav2_costmap_filters_demo/lib/python3.10/site-packages'
[0.363s] Level 1:colcon.colcon_core.environment:checking '/root/Shared/src/TurtleRRT-Connect/MIAPR_project/install/nav2_costmap_filters_demo/bin'
[0.364s] INFO:colcon.colcon_core.shell:Creating package script '/root/Shared/src/TurtleRRT-Connect/MIAPR_project/install/nav2_costmap_filters_demo/share/nav2_costmap_filters_demo/package.ps1'
[0.365s] INFO:colcon.colcon_core.shell:Creating package descriptor '/root/Shared/src/TurtleRRT-Connect/MIAPR_project/install/nav2_costmap_filters_demo/share/nav2_costmap_filters_demo/package.dsv'
[0.365s] INFO:colcon.colcon_core.shell:Creating package script '/root/Shared/src/TurtleRRT-Connect/MIAPR_project/install/nav2_costmap_filters_demo/share/nav2_costmap_filters_demo/package.sh'
[0.366s] INFO:colcon.colcon_core.shell:Creating package script '/root/Shared/src/TurtleRRT-Connect/MIAPR_project/install/nav2_costmap_filters_demo/share/nav2_costmap_filters_demo/package.bash'
[0.366s] INFO:colcon.colcon_core.shell:Creating package script '/root/Shared/src/TurtleRRT-Connect/MIAPR_project/install/nav2_costmap_filters_demo/share/nav2_costmap_filters_demo/package.zsh'
[0.367s] Level 1:colcon.colcon_core.environment:create_file_with_runtime_dependencies(/root/Shared/src/TurtleRRT-Connect/MIAPR_project/install/nav2_costmap_filters_demo/share/colcon-core/packages/nav2_costmap_filters_demo)
[0.367s] Level 1:colcon.colcon_core.environment:create_environment_scripts_only(nav2_costmap_filters_demo)
[0.367s] Level 1:colcon.colcon_core.environment:checking '/root/Shared/src/TurtleRRT-Connect/MIAPR_project/install/nav2_costmap_filters_demo' for CMake module files
[0.368s] Level 1:colcon.colcon_core.environment:checking '/root/Shared/src/TurtleRRT-Connect/MIAPR_project/install/nav2_costmap_filters_demo' for CMake config files
[0.368s] Level 1:colcon.colcon_core.shell:create_environment_hook('nav2_costmap_filters_demo', 'cmake_prefix_path')
[0.368s] INFO:colcon.colcon_core.shell:Creating environment hook '/root/Shared/src/TurtleRRT-Connect/MIAPR_project/install/nav2_costmap_filters_demo/share/nav2_costmap_filters_demo/hook/cmake_prefix_path.ps1'
[0.368s] INFO:colcon.colcon_core.shell:Creating environment descriptor '/root/Shared/src/TurtleRRT-Connect/MIAPR_project/install/nav2_costmap_filters_demo/share/nav2_costmap_filters_demo/hook/cmake_prefix_path.dsv'
[0.369s] INFO:colcon.colcon_core.shell:Creating environment hook '/root/Shared/src/TurtleRRT-Connect/MIAPR_project/install/nav2_costmap_filters_demo/share/nav2_costmap_filters_demo/hook/cmake_prefix_path.sh'
[0.369s] Level 1:colcon.colcon_core.environment:checking '/root/Shared/src/TurtleRRT-Connect/MIAPR_project/install/nav2_costmap_filters_demo/bin'
[0.369s] Level 1:colcon.colcon_core.environment:checking '/root/Shared/src/TurtleRRT-Connect/MIAPR_project/install/nav2_costmap_filters_demo/lib/pkgconfig/nav2_costmap_filters_demo.pc'
[0.369s] Level 1:colcon.colcon_core.environment:checking '/root/Shared/src/TurtleRRT-Connect/MIAPR_project/install/nav2_costmap_filters_demo/lib/python3.10/site-packages'
[0.369s] Level 1:colcon.colcon_core.environment:checking '/root/Shared/src/TurtleRRT-Connect/MIAPR_project/install/nav2_costmap_filters_demo/bin'
[0.369s] INFO:colcon.colcon_core.shell:Creating package script '/root/Shared/src/TurtleRRT-Connect/MIAPR_project/install/nav2_costmap_filters_demo/share/nav2_costmap_filters_demo/package.ps1'
[0.370s] INFO:colcon.colcon_core.shell:Creating package descriptor '/root/Shared/src/TurtleRRT-Connect/MIAPR_project/install/nav2_costmap_filters_demo/share/nav2_costmap_filters_demo/package.dsv'
[0.370s] INFO:colcon.colcon_core.shell:Creating package script '/root/Shared/src/TurtleRRT-Connect/MIAPR_project/install/nav2_costmap_filters_demo/share/nav2_costmap_filters_demo/package.sh'
[0.370s] INFO:colcon.colcon_core.shell:Creating package script '/root/Shared/src/TurtleRRT-Connect/MIAPR_project/install/nav2_costmap_filters_demo/share/nav2_costmap_filters_demo/package.bash'
[0.371s] INFO:colcon.colcon_core.shell:Creating package script '/root/Shared/src/TurtleRRT-Connect/MIAPR_project/install/nav2_costmap_filters_demo/share/nav2_costmap_filters_demo/package.zsh'
[0.371s] Level 1:colcon.colcon_core.environment:create_file_with_runtime_dependencies(/root/Shared/src/TurtleRRT-Connect/MIAPR_project/install/nav2_costmap_filters_demo/share/colcon-core/packages/nav2_costmap_filters_demo)
[0.532s] DEBUG:colcon.colcon_core.event_handler.log_command:Invoking command in '/root/Shared/src/TurtleRRT-Connect/MIAPR_project/src/nav2_gps_waypoint_follower_demo': PYTHONPATH=/root/Shared/src/TurtleRRT-Connect/MIAPR_project/build/nav2_gps_waypoint_follower_demo/prefix_override:/usr/lib/python3/dist-packages/colcon_core/task/python/colcon_distutils_commands:/root/Shared/src/TurtleRRT-Connect/MIAPR_project/install/nav2_gps_waypoint_follower_demo/lib/python3.10/site-packages:${PYTHONPATH} /usr/bin/python3 -W ignore:setup.py install is deprecated -W ignore:easy_install command is deprecated setup.py egg_info --egg-base ../../build/nav2_gps_waypoint_follower_demo build --build-base /root/Shared/src/TurtleRRT-Connect/MIAPR_project/build/nav2_gps_waypoint_follower_demo/build install --record /root/Shared/src/TurtleRRT-Connect/MIAPR_project/build/nav2_gps_waypoint_follower_demo/install.log --single-version-externally-managed install_data
[0.738s] Level 1:colcon.colcon_core.environment:checking '/root/Shared/src/TurtleRRT-Connect/MIAPR_project/install/nav2_gps_waypoint_follower_demo' for CMake module files
[0.739s] DEBUG:colcon.colcon_core.event_handler.log_command:Invoked command in '/root/Shared/src/TurtleRRT-Connect/MIAPR_project/src/nav2_gps_waypoint_follower_demo' returned '0': PYTHONPATH=/root/Shared/src/TurtleRRT-Connect/MIAPR_project/build/nav2_gps_waypoint_follower_demo/prefix_override:/usr/lib/python3/dist-packages/colcon_core/task/python/colcon_distutils_commands:/root/Shared/src/TurtleRRT-Connect/MIAPR_project/install/nav2_gps_waypoint_follower_demo/lib/python3.10/site-packages:${PYTHONPATH} /usr/bin/python3 -W ignore:setup.py install is deprecated -W ignore:easy_install command is deprecated setup.py egg_info --egg-base ../../build/nav2_gps_waypoint_follower_demo build --build-base /root/Shared/src/TurtleRRT-Connect/MIAPR_project/build/nav2_gps_waypoint_follower_demo/build install --record /root/Shared/src/TurtleRRT-Connect/MIAPR_project/build/nav2_gps_waypoint_follower_demo/install.log --single-version-externally-managed install_data
[0.739s] Level 1:colcon.colcon_core.environment:checking '/root/Shared/src/TurtleRRT-Connect/MIAPR_project/install/nav2_gps_waypoint_follower_demo' for CMake config files
[0.740s] Level 1:colcon.colcon_core.environment:checking '/root/Shared/src/TurtleRRT-Connect/MIAPR_project/install/nav2_gps_waypoint_follower_demo/lib'
[0.740s] Level 1:colcon.colcon_core.environment:checking '/root/Shared/src/TurtleRRT-Connect/MIAPR_project/install/nav2_gps_waypoint_follower_demo/bin'
[0.740s] Level 1:colcon.colcon_core.environment:checking '/root/Shared/src/TurtleRRT-Connect/MIAPR_project/install/nav2_gps_waypoint_follower_demo/lib/pkgconfig/nav2_gps_waypoint_follower_demo.pc'
[0.741s] Level 1:colcon.colcon_core.environment:checking '/root/Shared/src/TurtleRRT-Connect/MIAPR_project/install/nav2_gps_waypoint_follower_demo/lib/python3.10/site-packages'
[0.741s] Level 1:colcon.colcon_core.shell:create_environment_hook('nav2_gps_waypoint_follower_demo', 'pythonpath')
[0.741s] INFO:colcon.colcon_core.shell:Creating environment hook '/root/Shared/src/TurtleRRT-Connect/MIAPR_project/install/nav2_gps_waypoint_follower_demo/share/nav2_gps_waypoint_follower_demo/hook/pythonpath.ps1'
[0.742s] INFO:colcon.colcon_core.shell:Creating environment descriptor '/root/Shared/src/TurtleRRT-Connect/MIAPR_project/install/nav2_gps_waypoint_follower_demo/share/nav2_gps_waypoint_follower_demo/hook/pythonpath.dsv'
[0.742s] INFO:colcon.colcon_core.shell:Creating environment hook '/root/Shared/src/TurtleRRT-Connect/MIAPR_project/install/nav2_gps_waypoint_follower_demo/share/nav2_gps_waypoint_follower_demo/hook/pythonpath.sh'
[0.743s] Level 1:colcon.colcon_core.environment:checking '/root/Shared/src/TurtleRRT-Connect/MIAPR_project/install/nav2_gps_waypoint_follower_demo/bin'
[0.743s] Level 1:colcon.colcon_core.environment:create_environment_scripts_only(nav2_gps_waypoint_follower_demo)
[0.743s] INFO:colcon.colcon_core.shell:Creating package script '/root/Shared/src/TurtleRRT-Connect/MIAPR_project/install/nav2_gps_waypoint_follower_demo/share/nav2_gps_waypoint_follower_demo/package.ps1'
[0.744s] INFO:colcon.colcon_core.shell:Creating package descriptor '/root/Shared/src/TurtleRRT-Connect/MIAPR_project/install/nav2_gps_waypoint_follower_demo/share/nav2_gps_waypoint_follower_demo/package.dsv'
[0.744s] INFO:colcon.colcon_core.shell:Creating package script '/root/Shared/src/TurtleRRT-Connect/MIAPR_project/install/nav2_gps_waypoint_follower_demo/share/nav2_gps_waypoint_follower_demo/package.sh'
[0.745s] INFO:colcon.colcon_core.shell:Creating package script '/root/Shared/src/TurtleRRT-Connect/MIAPR_project/install/nav2_gps_waypoint_follower_demo/share/nav2_gps_waypoint_follower_demo/package.bash'
[0.745s] INFO:colcon.colcon_core.shell:Creating package script '/root/Shared/src/TurtleRRT-Connect/MIAPR_project/install/nav2_gps_waypoint_follower_demo/share/nav2_gps_waypoint_follower_demo/package.zsh'
[0.745s] Level 1:colcon.colcon_core.environment:create_file_with_runtime_dependencies(/root/Shared/src/TurtleRRT-Connect/MIAPR_project/install/nav2_gps_waypoint_follower_demo/share/colcon-core/packages/nav2_gps_waypoint_follower_demo)
[3.097s] DEBUG:colcon.colcon_core.event_handler.log_command:Invoked command in '/root/Shared/src/TurtleRRT-Connect/MIAPR_project/build/nav2_gradient_costmap_plugin' returned '0': CMAKE_PREFIX_PATH=${CMAKE_PREFIX_PATH}:/opt/ros/humble /usr/bin/cmake --build /root/Shared/src/TurtleRRT-Connect/MIAPR_project/build/nav2_gradient_costmap_plugin -- -j12 -l12
[3.099s] DEBUG:colcon.colcon_core.event_handler.log_command:Invoking command in '/root/Shared/src/TurtleRRT-Connect/MIAPR_project/build/nav2_gradient_costmap_plugin': CMAKE_PREFIX_PATH=${CMAKE_PREFIX_PATH}:/opt/ros/humble /usr/bin/cmake --install /root/Shared/src/TurtleRRT-Connect/MIAPR_project/build/nav2_gradient_costmap_plugin
[3.110s] Level 1:colcon.colcon_core.environment:create_environment_scripts_only(nav2_gradient_costmap_plugin)
[3.110s] Level 1:colcon.colcon_core.environment:checking '/root/Shared/src/TurtleRRT-Connect/MIAPR_project/install/nav2_gradient_costmap_plugin' for CMake module files
[3.110s] DEBUG:colcon.colcon_core.event_handler.log_command:Invoked command in '/root/Shared/src/TurtleRRT-Connect/MIAPR_project/build/nav2_gradient_costmap_plugin' returned '0': CMAKE_PREFIX_PATH=${CMAKE_PREFIX_PATH}:/opt/ros/humble /usr/bin/cmake --install /root/Shared/src/TurtleRRT-Connect/MIAPR_project/build/nav2_gradient_costmap_plugin
[3.111s] Level 1:colcon.colcon_core.environment:checking '/root/Shared/src/TurtleRRT-Connect/MIAPR_project/install/nav2_gradient_costmap_plugin' for CMake config files
[3.111s] Level 1:colcon.colcon_core.shell:create_environment_hook('nav2_gradient_costmap_plugin', 'cmake_prefix_path')
[3.111s] INFO:colcon.colcon_core.shell:Creating environment hook '/root/Shared/src/TurtleRRT-Connect/MIAPR_project/install/nav2_gradient_costmap_plugin/share/nav2_gradient_costmap_plugin/hook/cmake_prefix_path.ps1'
[3.112s] INFO:colcon.colcon_core.shell:Creating environment descriptor '/root/Shared/src/TurtleRRT-Connect/MIAPR_project/install/nav2_gradient_costmap_plugin/share/nav2_gradient_costmap_plugin/hook/cmake_prefix_path.dsv'
[3.112s] INFO:colcon.colcon_core.shell:Creating environment hook '/root/Shared/src/TurtleRRT-Connect/MIAPR_project/install/nav2_gradient_costmap_plugin/share/nav2_gradient_costmap_plugin/hook/cmake_prefix_path.sh'
[3.113s] Level 1:colcon.colcon_core.environment:checking '/root/Shared/src/TurtleRRT-Connect/MIAPR_project/install/nav2_gradient_costmap_plugin/lib'
[3.113s] Level 1:colcon.colcon_core.shell:create_environment_hook('nav2_gradient_costmap_plugin', 'ld_library_path_lib')
[3.113s] INFO:colcon.colcon_core.shell:Creating environment hook '/root/Shared/src/TurtleRRT-Connect/MIAPR_project/install/nav2_gradient_costmap_plugin/share/nav2_gradient_costmap_plugin/hook/ld_library_path_lib.ps1'
[3.113s] INFO:colcon.colcon_core.shell:Creating environment descriptor '/root/Shared/src/TurtleRRT-Connect/MIAPR_project/install/nav2_gradient_costmap_plugin/share/nav2_gradient_costmap_plugin/hook/ld_library_path_lib.dsv'
[3.114s] INFO:colcon.colcon_core.shell:Creating environment hook '/root/Shared/src/TurtleRRT-Connect/MIAPR_project/install/nav2_gradient_costmap_plugin/share/nav2_gradient_costmap_plugin/hook/ld_library_path_lib.sh'
[3.114s] Level 1:colcon.colcon_core.environment:checking '/root/Shared/src/TurtleRRT-Connect/MIAPR_project/install/nav2_gradient_costmap_plugin/bin'
[3.114s] Level 1:colcon.colcon_core.environment:checking '/root/Shared/src/TurtleRRT-Connect/MIAPR_project/install/nav2_gradient_costmap_plugin/lib/pkgconfig/nav2_gradient_costmap_plugin.pc'
[3.114s] Level 1:colcon.colcon_core.environment:checking '/root/Shared/src/TurtleRRT-Connect/MIAPR_project/install/nav2_gradient_costmap_plugin/lib/python3.10/site-packages'
[3.114s] Level 1:colcon.colcon_core.environment:checking '/root/Shared/src/TurtleRRT-Connect/MIAPR_project/install/nav2_gradient_costmap_plugin/bin'
[3.115s] INFO:colcon.colcon_core.shell:Creating package script '/root/Shared/src/TurtleRRT-Connect/MIAPR_project/install/nav2_gradient_costmap_plugin/share/nav2_gradient_costmap_plugin/package.ps1'
[3.115s] INFO:colcon.colcon_core.shell:Creating package descriptor '/root/Shared/src/TurtleRRT-Connect/MIAPR_project/install/nav2_gradient_costmap_plugin/share/nav2_gradient_costmap_plugin/package.dsv'
[3.116s] INFO:colcon.colcon_core.shell:Creating package script '/root/Shared/src/TurtleRRT-Connect/MIAPR_project/install/nav2_gradient_costmap_plugin/share/nav2_gradient_costmap_plugin/package.sh'
[3.116s] INFO:colcon.colcon_core.shell:Creating package script '/root/Shared/src/TurtleRRT-Connect/MIAPR_project/install/nav2_gradient_costmap_plugin/share/nav2_gradient_costmap_plugin/package.bash'
[3.117s] INFO:colcon.colcon_core.shell:Creating package script '/root/Shared/src/TurtleRRT-Connect/MIAPR_project/install/nav2_gradient_costmap_plugin/share/nav2_gradient_costmap_plugin/package.zsh'
[3.117s] Level 1:colcon.colcon_core.environment:create_file_with_runtime_dependencies(/root/Shared/src/TurtleRRT-Connect/MIAPR_project/install/nav2_gradient_costmap_plugin/share/colcon-core/packages/nav2_gradient_costmap_plugin)
[3.118s] Level 1:colcon.colcon_core.environment:create_environment_scripts_only(nav2_gradient_costmap_plugin)
[3.118s] Level 1:colcon.colcon_core.environment:checking '/root/Shared/src/TurtleRRT-Connect/MIAPR_project/install/nav2_gradient_costmap_plugin' for CMake module files
[3.118s] Level 1:colcon.colcon_core.environment:checking '/root/Shared/src/TurtleRRT-Connect/MIAPR_project/install/nav2_gradient_costmap_plugin' for CMake config files
[3.118s] Level 1:colcon.colcon_core.shell:create_environment_hook('nav2_gradient_costmap_plugin', 'cmake_prefix_path')
[3.119s] INFO:colcon.colcon_core.shell:Creating environment hook '/root/Shared/src/TurtleRRT-Connect/MIAPR_project/install/nav2_gradient_costmap_plugin/share/nav2_gradient_costmap_plugin/hook/cmake_prefix_path.ps1'
[3.119s] INFO:colcon.colcon_core.shell:Creating environment descriptor '/root/Shared/src/TurtleRRT-Connect/MIAPR_project/install/nav2_gradient_costmap_plugin/share/nav2_gradient_costmap_plugin/hook/cmake_prefix_path.dsv'
[3.119s] INFO:colcon.colcon_core.shell:Creating environment hook '/root/Shared/src/TurtleRRT-Connect/MIAPR_project/install/nav2_gradient_costmap_plugin/share/nav2_gradient_costmap_plugin/hook/cmake_prefix_path.sh'
[3.120s] Level 1:colcon.colcon_core.environment:checking '/root/Shared/src/TurtleRRT-Connect/MIAPR_project/install/nav2_gradient_costmap_plugin/lib'
[3.120s] Level 1:colcon.colcon_core.shell:create_environment_hook('nav2_gradient_costmap_plugin', 'ld_library_path_lib')
[3.120s] INFO:colcon.colcon_core.shell:Creating environment hook '/root/Shared/src/TurtleRRT-Connect/MIAPR_project/install/nav2_gradient_costmap_plugin/share/nav2_gradient_costmap_plugin/hook/ld_library_path_lib.ps1'
[3.121s] INFO:colcon.colcon_core.shell:Creating environment descriptor '/root/Shared/src/TurtleRRT-Connect/MIAPR_project/install/nav2_gradient_costmap_plugin/share/nav2_gradient_costmap_plugin/hook/ld_library_path_lib.dsv'
[3.121s] INFO:colcon.colcon_core.shell:Creating environment hook '/root/Shared/src/TurtleRRT-Connect/MIAPR_project/install/nav2_gradient_costmap_plugin/share/nav2_gradient_costmap_plugin/hook/ld_library_path_lib.sh'
[3.122s] Level 1:colcon.colcon_core.environment:checking '/root/Shared/src/TurtleRRT-Connect/MIAPR_project/install/nav2_gradient_costmap_plugin/bin'
[3.122s] Level 1:colcon.colcon_core.environment:checking '/root/Shared/src/TurtleRRT-Connect/MIAPR_project/install/nav2_gradient_costmap_plugin/lib/pkgconfig/nav2_gradient_costmap_plugin.pc'
[3.122s] Level 1:colcon.colcon_core.environment:checking '/root/Shared/src/TurtleRRT-Connect/MIAPR_project/install/nav2_gradient_costmap_plugin/lib/python3.10/site-packages'
[3.122s] Level 1:colcon.colcon_core.environment:checking '/root/Shared/src/TurtleRRT-Connect/MIAPR_project/install/nav2_gradient_costmap_plugin/bin'
[3.122s] INFO:colcon.colcon_core.shell:Creating package script '/root/Shared/src/TurtleRRT-Connect/MIAPR_project/install/nav2_gradient_costmap_plugin/share/nav2_gradient_costmap_plugin/package.ps1'
[3.123s] INFO:colcon.colcon_core.shell:Creating package descriptor '/root/Shared/src/TurtleRRT-Connect/MIAPR_project/install/nav2_gradient_costmap_plugin/share/nav2_gradient_costmap_plugin/package.dsv'
[3.124s] INFO:colcon.colcon_core.shell:Creating package script '/root/Shared/src/TurtleRRT-Connect/MIAPR_project/install/nav2_gradient_costmap_plugin/share/nav2_gradient_costmap_plugin/package.sh'
[3.124s] INFO:colcon.colcon_core.shell:Creating package script '/root/Shared/src/TurtleRRT-Connect/MIAPR_project/install/nav2_gradient_costmap_plugin/share/nav2_gradient_costmap_plugin/package.bash'
[3.124s] INFO:colcon.colcon_core.shell:Creating package script '/root/Shared/src/TurtleRRT-Connect/MIAPR_project/install/nav2_gradient_costmap_plugin/share/nav2_gradient_costmap_plugin/package.zsh'
[3.125s] Level 1:colcon.colcon_core.environment:create_file_with_runtime_dependencies(/root/Shared/src/TurtleRRT-Connect/MIAPR_project/install/nav2_gradient_costmap_plugin/share/colcon-core/packages/nav2_gradient_costmap_plugin)
[4.116s] DEBUG:colcon.colcon_core.event_handler.log_command:Invoked command in '/root/Shared/src/TurtleRRT-Connect/MIAPR_project/build/nav2_straightline_planner' returned '0': CMAKE_PREFIX_PATH=${CMAKE_PREFIX_PATH}:/opt/ros/humble /usr/bin/cmake --build /root/Shared/src/TurtleRRT-Connect/MIAPR_project/build/nav2_straightline_planner -- -j12 -l12
[4.118s] DEBUG:colcon.colcon_core.event_handler.log_command:Invoking command in '/root/Shared/src/TurtleRRT-Connect/MIAPR_project/build/nav2_straightline_planner': CMAKE_PREFIX_PATH=${CMAKE_PREFIX_PATH}:/opt/ros/humble /usr/bin/cmake --install /root/Shared/src/TurtleRRT-Connect/MIAPR_project/build/nav2_straightline_planner
[4.126s] Level 1:colcon.colcon_core.environment:create_environment_scripts_only(nav2_straightline_planner)
[4.126s] Level 1:colcon.colcon_core.environment:checking '/root/Shared/src/TurtleRRT-Connect/MIAPR_project/install/nav2_straightline_planner' for CMake module files
[4.127s] DEBUG:colcon.colcon_core.event_handler.log_command:Invoked command in '/root/Shared/src/TurtleRRT-Connect/MIAPR_project/build/nav2_straightline_planner' returned '0': CMAKE_PREFIX_PATH=${CMAKE_PREFIX_PATH}:/opt/ros/humble /usr/bin/cmake --install /root/Shared/src/TurtleRRT-Connect/MIAPR_project/build/nav2_straightline_planner
[4.127s] Level 1:colcon.colcon_core.environment:checking '/root/Shared/src/TurtleRRT-Connect/MIAPR_project/install/nav2_straightline_planner' for CMake config files
[4.127s] Level 1:colcon.colcon_core.shell:create_environment_hook('nav2_straightline_planner', 'cmake_prefix_path')
[4.127s] INFO:colcon.colcon_core.shell:Creating environment hook '/root/Shared/src/TurtleRRT-Connect/MIAPR_project/install/nav2_straightline_planner/share/nav2_straightline_planner/hook/cmake_prefix_path.ps1'
[4.128s] INFO:colcon.colcon_core.shell:Creating environment descriptor '/root/Shared/src/TurtleRRT-Connect/MIAPR_project/install/nav2_straightline_planner/share/nav2_straightline_planner/hook/cmake_prefix_path.dsv'
[4.128s] INFO:colcon.colcon_core.shell:Creating environment hook '/root/Shared/src/TurtleRRT-Connect/MIAPR_project/install/nav2_straightline_planner/share/nav2_straightline_planner/hook/cmake_prefix_path.sh'
[4.129s] Level 1:colcon.colcon_core.environment:checking '/root/Shared/src/TurtleRRT-Connect/MIAPR_project/install/nav2_straightline_planner/lib'
[4.129s] Level 1:colcon.colcon_core.shell:create_environment_hook('nav2_straightline_planner', 'ld_library_path_lib')
[4.129s] INFO:colcon.colcon_core.shell:Creating environment hook '/root/Shared/src/TurtleRRT-Connect/MIAPR_project/install/nav2_straightline_planner/share/nav2_straightline_planner/hook/ld_library_path_lib.ps1'
[4.129s] INFO:colcon.colcon_core.shell:Creating environment descriptor '/root/Shared/src/TurtleRRT-Connect/MIAPR_project/install/nav2_straightline_planner/share/nav2_straightline_planner/hook/ld_library_path_lib.dsv'
[4.130s] INFO:colcon.colcon_core.shell:Creating environment hook '/root/Shared/src/TurtleRRT-Connect/MIAPR_project/install/nav2_straightline_planner/share/nav2_straightline_planner/hook/ld_library_path_lib.sh'
[4.130s] Level 1:colcon.colcon_core.environment:checking '/root/Shared/src/TurtleRRT-Connect/MIAPR_project/install/nav2_straightline_planner/bin'
[4.130s] Level 1:colcon.colcon_core.environment:checking '/root/Shared/src/TurtleRRT-Connect/MIAPR_project/install/nav2_straightline_planner/lib/pkgconfig/nav2_straightline_planner.pc'
[4.130s] Level 1:colcon.colcon_core.environment:checking '/root/Shared/src/TurtleRRT-Connect/MIAPR_project/install/nav2_straightline_planner/lib/python3.10/site-packages'
[4.130s] Level 1:colcon.colcon_core.environment:checking '/root/Shared/src/TurtleRRT-Connect/MIAPR_project/install/nav2_straightline_planner/bin'
[4.131s] INFO:colcon.colcon_core.shell:Creating package script '/root/Shared/src/TurtleRRT-Connect/MIAPR_project/install/nav2_straightline_planner/share/nav2_straightline_planner/package.ps1'
[4.131s] INFO:colcon.colcon_core.shell:Creating package descriptor '/root/Shared/src/TurtleRRT-Connect/MIAPR_project/install/nav2_straightline_planner/share/nav2_straightline_planner/package.dsv'
[4.132s] INFO:colcon.colcon_core.shell:Creating package script '/root/Shared/src/TurtleRRT-Connect/MIAPR_project/install/nav2_straightline_planner/share/nav2_straightline_planner/package.sh'
[4.132s] INFO:colcon.colcon_core.shell:Creating package script '/root/Shared/src/TurtleRRT-Connect/MIAPR_project/install/nav2_straightline_planner/share/nav2_straightline_planner/package.bash'
[4.132s] INFO:colcon.colcon_core.shell:Creating package script '/root/Shared/src/TurtleRRT-Connect/MIAPR_project/install/nav2_straightline_planner/share/nav2_straightline_planner/package.zsh'
[4.133s] Level 1:colcon.colcon_core.environment:create_file_with_runtime_dependencies(/root/Shared/src/TurtleRRT-Connect/MIAPR_project/install/nav2_straightline_planner/share/colcon-core/packages/nav2_straightline_planner)
[4.133s] Level 1:colcon.colcon_core.environment:create_environment_scripts_only(nav2_straightline_planner)
[4.133s] Level 1:colcon.colcon_core.environment:checking '/root/Shared/src/TurtleRRT-Connect/MIAPR_project/install/nav2_straightline_planner' for CMake module files
[4.134s] Level 1:colcon.colcon_core.environment:checking '/root/Shared/src/TurtleRRT-Connect/MIAPR_project/install/nav2_straightline_planner' for CMake config files
[4.134s] Level 1:colcon.colcon_core.shell:create_environment_hook('nav2_straightline_planner', 'cmake_prefix_path')
[4.134s] INFO:colcon.colcon_core.shell:Creating environment hook '/root/Shared/src/TurtleRRT-Connect/MIAPR_project/install/nav2_straightline_planner/share/nav2_straightline_planner/hook/cmake_prefix_path.ps1'
[4.135s] INFO:colcon.colcon_core.shell:Creating environment descriptor '/root/Shared/src/TurtleRRT-Connect/MIAPR_project/install/nav2_straightline_planner/share/nav2_straightline_planner/hook/cmake_prefix_path.dsv'
[4.135s] INFO:colcon.colcon_core.shell:Creating environment hook '/root/Shared/src/TurtleRRT-Connect/MIAPR_project/install/nav2_straightline_planner/share/nav2_straightline_planner/hook/cmake_prefix_path.sh'
[4.135s] Level 1:colcon.colcon_core.environment:checking '/root/Shared/src/TurtleRRT-Connect/MIAPR_project/install/nav2_straightline_planner/lib'
[4.135s] Level 1:colcon.colcon_core.shell:create_environment_hook('nav2_straightline_planner', 'ld_library_path_lib')
[4.136s] INFO:colcon.colcon_core.shell:Creating environment hook '/root/Shared/src/TurtleRRT-Connect/MIAPR_project/install/nav2_straightline_planner/share/nav2_straightline_planner/hook/ld_library_path_lib.ps1'
[4.136s] INFO:colcon.colcon_core.shell:Creating environment descriptor '/root/Shared/src/TurtleRRT-Connect/MIAPR_project/install/nav2_straightline_planner/share/nav2_straightline_planner/hook/ld_library_path_lib.dsv'
[4.136s] INFO:colcon.colcon_core.shell:Creating environment hook '/root/Shared/src/TurtleRRT-Connect/MIAPR_project/install/nav2_straightline_planner/share/nav2_straightline_planner/hook/ld_library_path_lib.sh'
[4.136s] Level 1:colcon.colcon_core.environment:checking '/root/Shared/src/TurtleRRT-Connect/MIAPR_project/install/nav2_straightline_planner/bin'
[4.136s] Level 1:colcon.colcon_core.environment:checking '/root/Shared/src/TurtleRRT-Connect/MIAPR_project/install/nav2_straightline_planner/lib/pkgconfig/nav2_straightline_planner.pc'
[4.136s] Level 1:colcon.colcon_core.environment:checking '/root/Shared/src/TurtleRRT-Connect/MIAPR_project/install/nav2_straightline_planner/lib/python3.10/site-packages'
[4.136s] Level 1:colcon.colcon_core.environment:checking '/root/Shared/src/TurtleRRT-Connect/MIAPR_project/install/nav2_straightline_planner/bin'
[4.137s] INFO:colcon.colcon_core.shell:Creating package script '/root/Shared/src/TurtleRRT-Connect/MIAPR_project/install/nav2_straightline_planner/share/nav2_straightline_planner/package.ps1'
[4.137s] INFO:colcon.colcon_core.shell:Creating package descriptor '/root/Shared/src/TurtleRRT-Connect/MIAPR_project/install/nav2_straightline_planner/share/nav2_straightline_planner/package.dsv'
[4.137s] INFO:colcon.colcon_core.shell:Creating package script '/root/Shared/src/TurtleRRT-Connect/MIAPR_project/install/nav2_straightline_planner/share/nav2_straightline_planner/package.sh'
[4.137s] INFO:colcon.colcon_core.shell:Creating package script '/root/Shared/src/TurtleRRT-Connect/MIAPR_project/install/nav2_straightline_planner/share/nav2_straightline_planner/package.bash'
[4.138s] INFO:colcon.colcon_core.shell:Creating package script '/root/Shared/src/TurtleRRT-Connect/MIAPR_project/install/nav2_straightline_planner/share/nav2_straightline_planner/package.zsh'
[4.138s] Level 1:colcon.colcon_core.environment:create_file_with_runtime_dependencies(/root/Shared/src/TurtleRRT-Connect/MIAPR_project/install/nav2_straightline_planner/share/colcon-core/packages/nav2_straightline_planner)
[4.139s] DEBUG:colcon.colcon_core.event_handler.log_command:Invoked command in '/root/Shared/src/TurtleRRT-Connect/MIAPR_project/build/nav2_RRTstar_planner' returned '0': CMAKE_PREFIX_PATH=${CMAKE_PREFIX_PATH}:/opt/ros/humble /usr/bin/cmake --build /root/Shared/src/TurtleRRT-Connect/MIAPR_project/build/nav2_RRTstar_planner -- -j12 -l12
[4.140s] DEBUG:colcon.colcon_core.event_handler.log_command:Invoking command in '/root/Shared/src/TurtleRRT-Connect/MIAPR_project/build/nav2_RRTstar_planner': CMAKE_PREFIX_PATH=${CMAKE_PREFIX_PATH}:/opt/ros/humble /usr/bin/cmake --install /root/Shared/src/TurtleRRT-Connect/MIAPR_project/build/nav2_RRTstar_planner
[4.148s] Level 1:colcon.colcon_core.environment:create_environment_scripts_only(nav2_RRTstar_planner)
[4.148s] Level 1:colcon.colcon_core.environment:checking '/root/Shared/src/TurtleRRT-Connect/MIAPR_project/install/nav2_RRTstar_planner' for CMake module files
[4.148s] DEBUG:colcon.colcon_core.event_handler.log_command:Invoked command in '/root/Shared/src/TurtleRRT-Connect/MIAPR_project/build/nav2_RRTstar_planner' returned '0': CMAKE_PREFIX_PATH=${CMAKE_PREFIX_PATH}:/opt/ros/humble /usr/bin/cmake --install /root/Shared/src/TurtleRRT-Connect/MIAPR_project/build/nav2_RRTstar_planner
[4.149s] Level 1:colcon.colcon_core.environment:checking '/root/Shared/src/TurtleRRT-Connect/MIAPR_project/install/nav2_RRTstar_planner' for CMake config files
[4.149s] Level 1:colcon.colcon_core.shell:create_environment_hook('nav2_RRTstar_planner', 'cmake_prefix_path')
[4.150s] INFO:colcon.colcon_core.shell:Creating environment hook '/root/Shared/src/TurtleRRT-Connect/MIAPR_project/install/nav2_RRTstar_planner/share/nav2_RRTstar_planner/hook/cmake_prefix_path.ps1'
[4.150s] INFO:colcon.colcon_core.shell:Creating environment descriptor '/root/Shared/src/TurtleRRT-Connect/MIAPR_project/install/nav2_RRTstar_planner/share/nav2_RRTstar_planner/hook/cmake_prefix_path.dsv'
[4.150s] INFO:colcon.colcon_core.shell:Creating environment hook '/root/Shared/src/TurtleRRT-Connect/MIAPR_project/install/nav2_RRTstar_planner/share/nav2_RRTstar_planner/hook/cmake_prefix_path.sh'
[4.151s] Level 1:colcon.colcon_core.environment:checking '/root/Shared/src/TurtleRRT-Connect/MIAPR_project/install/nav2_RRTstar_planner/lib'
[4.151s] Level 1:colcon.colcon_core.shell:create_environment_hook('nav2_RRTstar_planner', 'ld_library_path_lib')
[4.151s] INFO:colcon.colcon_core.shell:Creating environment hook '/root/Shared/src/TurtleRRT-Connect/MIAPR_project/install/nav2_RRTstar_planner/share/nav2_RRTstar_planner/hook/ld_library_path_lib.ps1'
[4.152s] INFO:colcon.colcon_core.shell:Creating environment descriptor '/root/Shared/src/TurtleRRT-Connect/MIAPR_project/install/nav2_RRTstar_planner/share/nav2_RRTstar_planner/hook/ld_library_path_lib.dsv'
[4.152s] INFO:colcon.colcon_core.shell:Creating environment hook '/root/Shared/src/TurtleRRT-Connect/MIAPR_project/install/nav2_RRTstar_planner/share/nav2_RRTstar_planner/hook/ld_library_path_lib.sh'
[4.152s] Level 1:colcon.colcon_core.environment:checking '/root/Shared/src/TurtleRRT-Connect/MIAPR_project/install/nav2_RRTstar_planner/bin'
[4.152s] Level 1:colcon.colcon_core.environment:checking '/root/Shared/src/TurtleRRT-Connect/MIAPR_project/install/nav2_RRTstar_planner/lib/pkgconfig/nav2_RRTstar_planner.pc'
[4.153s] Level 1:colcon.colcon_core.environment:checking '/root/Shared/src/TurtleRRT-Connect/MIAPR_project/install/nav2_RRTstar_planner/lib/python3.10/site-packages'
[4.153s] Level 1:colcon.colcon_core.environment:checking '/root/Shared/src/TurtleRRT-Connect/MIAPR_project/install/nav2_RRTstar_planner/bin'
[4.153s] INFO:colcon.colcon_core.shell:Creating package script '/root/Shared/src/TurtleRRT-Connect/MIAPR_project/install/nav2_RRTstar_planner/share/nav2_RRTstar_planner/package.ps1'
[4.154s] INFO:colcon.colcon_core.shell:Creating package descriptor '/root/Shared/src/TurtleRRT-Connect/MIAPR_project/install/nav2_RRTstar_planner/share/nav2_RRTstar_planner/package.dsv'
[4.154s] INFO:colcon.colcon_core.shell:Creating package script '/root/Shared/src/TurtleRRT-Connect/MIAPR_project/install/nav2_RRTstar_planner/share/nav2_RRTstar_planner/package.sh'
[4.154s] INFO:colcon.colcon_core.shell:Creating package script '/root/Shared/src/TurtleRRT-Connect/MIAPR_project/install/nav2_RRTstar_planner/share/nav2_RRTstar_planner/package.bash'
[4.154s] INFO:colcon.colcon_core.shell:Creating package script '/root/Shared/src/TurtleRRT-Connect/MIAPR_project/install/nav2_RRTstar_planner/share/nav2_RRTstar_planner/package.zsh'
[4.155s] Level 1:colcon.colcon_core.environment:create_file_with_runtime_dependencies(/root/Shared/src/TurtleRRT-Connect/MIAPR_project/install/nav2_RRTstar_planner/share/colcon-core/packages/nav2_RRTstar_planner)
[4.155s] Level 1:colcon.colcon_core.environment:create_environment_scripts_only(nav2_RRTstar_planner)
[4.155s] Level 1:colcon.colcon_core.environment:checking '/root/Shared/src/TurtleRRT-Connect/MIAPR_project/install/nav2_RRTstar_planner' for CMake module files
[4.155s] Level 1:colcon.colcon_core.environment:checking '/root/Shared/src/TurtleRRT-Connect/MIAPR_project/install/nav2_RRTstar_planner' for CMake config files
[4.156s] Level 1:colcon.colcon_core.shell:create_environment_hook('nav2_RRTstar_planner', 'cmake_prefix_path')
[4.156s] INFO:colcon.colcon_core.shell:Creating environment hook '/root/Shared/src/TurtleRRT-Connect/MIAPR_project/install/nav2_RRTstar_planner/share/nav2_RRTstar_planner/hook/cmake_prefix_path.ps1'
[4.156s] INFO:colcon.colcon_core.shell:Creating environment descriptor '/root/Shared/src/TurtleRRT-Connect/MIAPR_project/install/nav2_RRTstar_planner/share/nav2_RRTstar_planner/hook/cmake_prefix_path.dsv'
[4.156s] INFO:colcon.colcon_core.shell:Creating environment hook '/root/Shared/src/TurtleRRT-Connect/MIAPR_project/install/nav2_RRTstar_planner/share/nav2_RRTstar_planner/hook/cmake_prefix_path.sh'
[4.157s] Level 1:colcon.colcon_core.environment:checking '/root/Shared/src/TurtleRRT-Connect/MIAPR_project/install/nav2_RRTstar_planner/lib'
[4.157s] Level 1:colcon.colcon_core.shell:create_environment_hook('nav2_RRTstar_planner', 'ld_library_path_lib')
[4.157s] INFO:colcon.colcon_core.shell:Creating environment hook '/root/Shared/src/TurtleRRT-Connect/MIAPR_project/install/nav2_RRTstar_planner/share/nav2_RRTstar_planner/hook/ld_library_path_lib.ps1'
[4.157s] INFO:colcon.colcon_core.shell:Creating environment descriptor '/root/Shared/src/TurtleRRT-Connect/MIAPR_project/install/nav2_RRTstar_planner/share/nav2_RRTstar_planner/hook/ld_library_path_lib.dsv'
[4.157s] INFO:colcon.colcon_core.shell:Creating environment hook '/root/Shared/src/TurtleRRT-Connect/MIAPR_project/install/nav2_RRTstar_planner/share/nav2_RRTstar_planner/hook/ld_library_path_lib.sh'
[4.157s] Level 1:colcon.colcon_core.environment:checking '/root/Shared/src/TurtleRRT-Connect/MIAPR_project/install/nav2_RRTstar_planner/bin'
[4.157s] Level 1:colcon.colcon_core.environment:checking '/root/Shared/src/TurtleRRT-Connect/MIAPR_project/install/nav2_RRTstar_planner/lib/pkgconfig/nav2_RRTstar_planner.pc'
[4.158s] Level 1:colcon.colcon_core.environment:checking '/root/Shared/src/TurtleRRT-Connect/MIAPR_project/install/nav2_RRTstar_planner/lib/python3.10/site-packages'
[4.158s] Level 1:colcon.colcon_core.environment:checking '/root/Shared/src/TurtleRRT-Connect/MIAPR_project/install/nav2_RRTstar_planner/bin'
[4.158s] INFO:colcon.colcon_core.shell:Creating package script '/root/Shared/src/TurtleRRT-Connect/MIAPR_project/install/nav2_RRTstar_planner/share/nav2_RRTstar_planner/package.ps1'
[4.158s] INFO:colcon.colcon_core.shell:Creating package descriptor '/root/Shared/src/TurtleRRT-Connect/MIAPR_project/install/nav2_RRTstar_planner/share/nav2_RRTstar_planner/package.dsv'
[4.159s] INFO:colcon.colcon_core.shell:Creating package script '/root/Shared/src/TurtleRRT-Connect/MIAPR_project/install/nav2_RRTstar_planner/share/nav2_RRTstar_planner/package.sh'
[4.159s] INFO:colcon.colcon_core.shell:Creating package script '/root/Shared/src/TurtleRRT-Connect/MIAPR_project/install/nav2_RRTstar_planner/share/nav2_RRTstar_planner/package.bash'
[4.159s] INFO:colcon.colcon_core.shell:Creating package script '/root/Shared/src/TurtleRRT-Connect/MIAPR_project/install/nav2_RRTstar_planner/share/nav2_RRTstar_planner/package.zsh'
[4.160s] Level 1:colcon.colcon_core.environment:create_file_with_runtime_dependencies(/root/Shared/src/TurtleRRT-Connect/MIAPR_project/install/nav2_RRTstar_planner/share/colcon-core/packages/nav2_RRTstar_planner)
[6.091s] DEBUG:colcon.colcon_core.event_handler.log_command:Invoked command in '/root/Shared/src/TurtleRRT-Connect/MIAPR_project/build/nav2_sms_behavior' returned '0': CMAKE_PREFIX_PATH=${CMAKE_PREFIX_PATH}:/opt/ros/humble /usr/bin/cmake --build /root/Shared/src/TurtleRRT-Connect/MIAPR_project/build/nav2_sms_behavior -- -j12 -l12
[6.092s] DEBUG:colcon.colcon_core.event_handler.log_command:Invoking command in '/root/Shared/src/TurtleRRT-Connect/MIAPR_project/build/nav2_sms_behavior': CMAKE_PREFIX_PATH=${CMAKE_PREFIX_PATH}:/opt/ros/humble /usr/bin/cmake --install /root/Shared/src/TurtleRRT-Connect/MIAPR_project/build/nav2_sms_behavior
[6.138s] Level 1:colcon.colcon_core.environment:create_environment_scripts_only(nav2_sms_behavior)
[6.138s] Level 1:colcon.colcon_core.environment:checking '/root/Shared/src/TurtleRRT-Connect/MIAPR_project/install/nav2_sms_behavior' for CMake module files
[6.138s] DEBUG:colcon.colcon_core.event_handler.log_command:Invoked command in '/root/Shared/src/TurtleRRT-Connect/MIAPR_project/build/nav2_sms_behavior' returned '0': CMAKE_PREFIX_PATH=${CMAKE_PREFIX_PATH}:/opt/ros/humble /usr/bin/cmake --install /root/Shared/src/TurtleRRT-Connect/MIAPR_project/build/nav2_sms_behavior
[6.139s] Level 1:colcon.colcon_core.environment:checking '/root/Shared/src/TurtleRRT-Connect/MIAPR_project/install/nav2_sms_behavior' for CMake config files
[6.139s] Level 1:colcon.colcon_core.shell:create_environment_hook('nav2_sms_behavior', 'cmake_prefix_path')
[6.140s] INFO:colcon.colcon_core.shell:Creating environment hook '/root/Shared/src/TurtleRRT-Connect/MIAPR_project/install/nav2_sms_behavior/share/nav2_sms_behavior/hook/cmake_prefix_path.ps1'
[6.140s] INFO:colcon.colcon_core.shell:Creating environment descriptor '/root/Shared/src/TurtleRRT-Connect/MIAPR_project/install/nav2_sms_behavior/share/nav2_sms_behavior/hook/cmake_prefix_path.dsv'
[6.140s] INFO:colcon.colcon_core.shell:Creating environment hook '/root/Shared/src/TurtleRRT-Connect/MIAPR_project/install/nav2_sms_behavior/share/nav2_sms_behavior/hook/cmake_prefix_path.sh'
[6.140s] Level 1:colcon.colcon_core.environment:checking '/root/Shared/src/TurtleRRT-Connect/MIAPR_project/install/nav2_sms_behavior/lib'
[6.141s] Level 1:colcon.colcon_core.shell:create_environment_hook('nav2_sms_behavior', 'ld_library_path_lib')
[6.141s] INFO:colcon.colcon_core.shell:Creating environment hook '/root/Shared/src/TurtleRRT-Connect/MIAPR_project/install/nav2_sms_behavior/share/nav2_sms_behavior/hook/ld_library_path_lib.ps1'
[6.141s] INFO:colcon.colcon_core.shell:Creating environment descriptor '/root/Shared/src/TurtleRRT-Connect/MIAPR_project/install/nav2_sms_behavior/share/nav2_sms_behavior/hook/ld_library_path_lib.dsv'
[6.141s] INFO:colcon.colcon_core.shell:Creating environment hook '/root/Shared/src/TurtleRRT-Connect/MIAPR_project/install/nav2_sms_behavior/share/nav2_sms_behavior/hook/ld_library_path_lib.sh'
[6.141s] Level 1:colcon.colcon_core.environment:checking '/root/Shared/src/TurtleRRT-Connect/MIAPR_project/install/nav2_sms_behavior/bin'
[6.141s] Level 1:colcon.colcon_core.environment:checking '/root/Shared/src/TurtleRRT-Connect/MIAPR_project/install/nav2_sms_behavior/lib/pkgconfig/nav2_sms_behavior.pc'
[6.141s] Level 1:colcon.colcon_core.environment:checking '/root/Shared/src/TurtleRRT-Connect/MIAPR_project/install/nav2_sms_behavior/lib/python3.10/site-packages'
[6.141s] Level 1:colcon.colcon_core.environment:checking '/root/Shared/src/TurtleRRT-Connect/MIAPR_project/install/nav2_sms_behavior/bin'
[6.142s] INFO:colcon.colcon_core.shell:Creating package script '/root/Shared/src/TurtleRRT-Connect/MIAPR_project/install/nav2_sms_behavior/share/nav2_sms_behavior/package.ps1'
[6.142s] INFO:colcon.colcon_core.shell:Creating package descriptor '/root/Shared/src/TurtleRRT-Connect/MIAPR_project/install/nav2_sms_behavior/share/nav2_sms_behavior/package.dsv'
[6.142s] INFO:colcon.colcon_core.shell:Creating package script '/root/Shared/src/TurtleRRT-Connect/MIAPR_project/install/nav2_sms_behavior/share/nav2_sms_behavior/package.sh'
[6.142s] INFO:colcon.colcon_core.shell:Creating package script '/root/Shared/src/TurtleRRT-Connect/MIAPR_project/install/nav2_sms_behavior/share/nav2_sms_behavior/package.bash'
[6.143s] INFO:colcon.colcon_core.shell:Creating package script '/root/Shared/src/TurtleRRT-Connect/MIAPR_project/install/nav2_sms_behavior/share/nav2_sms_behavior/package.zsh'
[6.143s] Level 1:colcon.colcon_core.environment:create_file_with_runtime_dependencies(/root/Shared/src/TurtleRRT-Connect/MIAPR_project/install/nav2_sms_behavior/share/colcon-core/packages/nav2_sms_behavior)
[6.143s] Level 1:colcon.colcon_core.environment:create_environment_scripts_only(nav2_sms_behavior)
[6.143s] Level 1:colcon.colcon_core.environment:checking '/root/Shared/src/TurtleRRT-Connect/MIAPR_project/install/nav2_sms_behavior' for CMake module files
[6.143s] Level 1:colcon.colcon_core.environment:checking '/root/Shared/src/TurtleRRT-Connect/MIAPR_project/install/nav2_sms_behavior' for CMake config files
[6.144s] Level 1:colcon.colcon_core.shell:create_environment_hook('nav2_sms_behavior', 'cmake_prefix_path')
[6.144s] INFO:colcon.colcon_core.shell:Creating environment hook '/root/Shared/src/TurtleRRT-Connect/MIAPR_project/install/nav2_sms_behavior/share/nav2_sms_behavior/hook/cmake_prefix_path.ps1'
[6.144s] INFO:colcon.colcon_core.shell:Creating environment descriptor '/root/Shared/src/TurtleRRT-Connect/MIAPR_project/install/nav2_sms_behavior/share/nav2_sms_behavior/hook/cmake_prefix_path.dsv'
[6.144s] INFO:colcon.colcon_core.shell:Creating environment hook '/root/Shared/src/TurtleRRT-Connect/MIAPR_project/install/nav2_sms_behavior/share/nav2_sms_behavior/hook/cmake_prefix_path.sh'
[6.144s] Level 1:colcon.colcon_core.environment:checking '/root/Shared/src/TurtleRRT-Connect/MIAPR_project/install/nav2_sms_behavior/lib'
[6.145s] Level 1:colcon.colcon_core.shell:create_environment_hook('nav2_sms_behavior', 'ld_library_path_lib')
[6.145s] INFO:colcon.colcon_core.shell:Creating environment hook '/root/Shared/src/TurtleRRT-Connect/MIAPR_project/install/nav2_sms_behavior/share/nav2_sms_behavior/hook/ld_library_path_lib.ps1'
[6.145s] INFO:colcon.colcon_core.shell:Creating environment descriptor '/root/Shared/src/TurtleRRT-Connect/MIAPR_project/install/nav2_sms_behavior/share/nav2_sms_behavior/hook/ld_library_path_lib.dsv'
[6.145s] INFO:colcon.colcon_core.shell:Creating environment hook '/root/Shared/src/TurtleRRT-Connect/MIAPR_project/install/nav2_sms_behavior/share/nav2_sms_behavior/hook/ld_library_path_lib.sh'
[6.145s] Level 1:colcon.colcon_core.environment:checking '/root/Shared/src/TurtleRRT-Connect/MIAPR_project/install/nav2_sms_behavior/bin'
[6.145s] Level 1:colcon.colcon_core.environment:checking '/root/Shared/src/TurtleRRT-Connect/MIAPR_project/install/nav2_sms_behavior/lib/pkgconfig/nav2_sms_behavior.pc'
[6.145s] Level 1:colcon.colcon_core.environment:checking '/root/Shared/src/TurtleRRT-Connect/MIAPR_project/install/nav2_sms_behavior/lib/python3.10/site-packages'
[6.145s] Level 1:colcon.colcon_core.environment:checking '/root/Shared/src/TurtleRRT-Connect/MIAPR_project/install/nav2_sms_behavior/bin'
[6.146s] INFO:colcon.colcon_core.shell:Creating package script '/root/Shared/src/TurtleRRT-Connect/MIAPR_project/install/nav2_sms_behavior/share/nav2_sms_behavior/package.ps1'
[6.146s] INFO:colcon.colcon_core.shell:Creating package descriptor '/root/Shared/src/TurtleRRT-Connect/MIAPR_project/install/nav2_sms_behavior/share/nav2_sms_behavior/package.dsv'
[6.146s] INFO:colcon.colcon_core.shell:Creating package script '/root/Shared/src/TurtleRRT-Connect/MIAPR_project/install/nav2_sms_behavior/share/nav2_sms_behavior/package.sh'
[6.146s] INFO:colcon.colcon_core.shell:Creating package script '/root/Shared/src/TurtleRRT-Connect/MIAPR_project/install/nav2_sms_behavior/share/nav2_sms_behavior/package.bash'
[6.147s] INFO:colcon.colcon_core.shell:Creating package script '/root/Shared/src/TurtleRRT-Connect/MIAPR_project/install/nav2_sms_behavior/share/nav2_sms_behavior/package.zsh'
[6.147s] Level 1:colcon.colcon_core.environment:create_file_with_runtime_dependencies(/root/Shared/src/TurtleRRT-Connect/MIAPR_project/install/nav2_sms_behavior/share/colcon-core/packages/nav2_sms_behavior)
[6.147s] DEBUG:colcon.colcon_parallel_executor.executor.parallel:closing loop
[6.147s] DEBUG:colcon.colcon_parallel_executor.executor.parallel:loop closed
[6.147s] DEBUG:colcon.colcon_parallel_executor.executor.parallel:run_until_complete finished with '0'
[6.147s] DEBUG:colcon.colcon_core.event_reactor:joining thread
[6.150s] INFO:colcon.colcon_core.plugin_system:Skipping extension 'colcon_notification.desktop_notification.notify_send': Could not find 'notify-send'
[6.150s] INFO:colcon.colcon_core.plugin_system:Skipping extension 'colcon_notification.desktop_notification.terminal_notifier': Not used on non-Darwin systems
[6.150s] INFO:colcon.colcon_core.plugin_system:Skipping extension 'colcon_notification.desktop_notification.win32': Not used on non-Windows systems
[6.150s] INFO:colcon.colcon_notification.desktop_notification:Sending desktop notification using 'notify2'
[6.152s] DEBUG:colcon.colcon_notification.desktop_notification.notify2:Failed to initialize notify2: org.freedesktop.DBus.Error.Spawn.ExecFailed: /usr/bin/dbus-launch terminated abnormally without any error message
[6.152s] DEBUG:colcon.colcon_core.event_reactor:joined thread
[6.153s] INFO:colcon.colcon_core.shell:Creating prefix script '/root/Shared/src/TurtleRRT-Connect/MIAPR_project/install/local_setup.ps1'
[6.154s] INFO:colcon.colcon_core.shell:Creating prefix util module '/root/Shared/src/TurtleRRT-Connect/MIAPR_project/install/_local_setup_util_ps1.py'
[6.154s] INFO:colcon.colcon_core.shell:Creating prefix chain script '/root/Shared/src/TurtleRRT-Connect/MIAPR_project/install/setup.ps1'
[6.155s] INFO:colcon.colcon_core.shell:Creating prefix script '/root/Shared/src/TurtleRRT-Connect/MIAPR_project/install/local_setup.sh'
[6.155s] INFO:colcon.colcon_core.shell:Creating prefix util module '/root/Shared/src/TurtleRRT-Connect/MIAPR_project/install/_local_setup_util_sh.py'
[6.156s] INFO:colcon.colcon_core.shell:Creating prefix chain script '/root/Shared/src/TurtleRRT-Connect/MIAPR_project/install/setup.sh'
[6.156s] INFO:colcon.colcon_core.shell:Creating prefix script '/root/Shared/src/TurtleRRT-Connect/MIAPR_project/install/local_setup.bash'
[6.156s] INFO:colcon.colcon_core.shell:Creating prefix chain script '/root/Shared/src/TurtleRRT-Connect/MIAPR_project/install/setup.bash'
[6.157s] INFO:colcon.colcon_core.shell:Creating prefix script '/root/Shared/src/TurtleRRT-Connect/MIAPR_project/install/local_setup.zsh'
[6.157s] INFO:colcon.colcon_core.shell:Creating prefix chain script '/root/Shared/src/TurtleRRT-Connect/MIAPR_project/install/setup.zsh'
