[0.012s] Invoking command in '/root/Shared/src/MIAPR_project/build/nav2_straightline_planner': CMAKE_PREFIX_PATH=${CMAKE_PREFIX_PATH}:/opt/ros/humble /usr/bin/cmake --build /root/Shared/src/MIAPR_project/build/nav2_straightline_planner -- -j8 -l8
[0.051s] [35m[1mConsolidate compiler generated dependencies of target nav2_straightline_planner_plugin[0m
[0.067s] [ 50%] [32mBuilding CXX object CMakeFiles/nav2_straightline_planner_plugin.dir/src/straight_line_planner.cpp.o[0m
[4.714s] [100%] [32m[1mLinking CXX shared library libnav2_straightline_planner_plugin.so[0m
[5.057s] [100%] Built target nav2_straightline_planner_plugin
[5.067s] Invoked command in '/root/Shared/src/MIAPR_project/build/nav2_straightline_planner' returned '0': CMAKE_PREFIX_PATH=${CMAKE_PREFIX_PATH}:/opt/ros/humble /usr/bin/cmake --build /root/Shared/src/MIAPR_project/build/nav2_straightline_planner -- -j8 -l8
[5.068s] Invoking command in '/root/Shared/src/MIAPR_project/build/nav2_straightline_planner': CMAKE_PREFIX_PATH=${CMAKE_PREFIX_PATH}:/opt/ros/humble /usr/bin/cmake --install /root/Shared/src/MIAPR_project/build/nav2_straightline_planner
[5.075s] -- Install configuration: ""
[5.076s] -- Up-to-date: /root/Shared/src/MIAPR_project/install/nav2_straightline_planner/share/nav2_straightline_planner/global_planner_plugin.xml
[5.076s] -- Installing: /root/Shared/src/MIAPR_project/install/nav2_straightline_planner/lib/libnav2_straightline_planner_plugin.so
[5.077s] -- Set runtime path of "/root/Shared/src/MIAPR_project/install/nav2_straightline_planner/lib/libnav2_straightline_planner_plugin.so" to ""
[5.077s] -- Up-to-date: /root/Shared/src/MIAPR_project/install/nav2_straightline_planner/include/
[5.077s] -- Up-to-date: /root/Shared/src/MIAPR_project/install/nav2_straightline_planner/include//nav2_straightline_planner
[5.077s] -- Up-to-date: /root/Shared/src/MIAPR_project/install/nav2_straightline_planner/include//nav2_straightline_planner/straight_line_planner.hpp
[5.077s] -- Up-to-date: /root/Shared/src/MIAPR_project/install/nav2_straightline_planner/share/nav2_straightline_planner/global_planner_plugin.xml
[5.078s] -- Up-to-date: /root/Shared/src/MIAPR_project/install/nav2_straightline_planner/share/nav2_straightline_planner/environment/library_path.sh
[5.078s] -- Up-to-date: /root/Shared/src/MIAPR_project/install/nav2_straightline_planner/share/nav2_straightline_planner/environment/library_path.dsv
[5.078s] -- Up-to-date: /root/Shared/src/MIAPR_project/install/nav2_straightline_planner/share/ament_index/resource_index/package_run_dependencies/nav2_straightline_planner
[5.078s] -- Up-to-date: /root/Shared/src/MIAPR_project/install/nav2_straightline_planner/share/ament_index/resource_index/parent_prefix_path/nav2_straightline_planner
[5.078s] -- Up-to-date: /root/Shared/src/MIAPR_project/install/nav2_straightline_planner/share/nav2_straightline_planner/environment/ament_prefix_path.sh
[5.078s] -- Up-to-date: /root/Shared/src/MIAPR_project/install/nav2_straightline_planner/share/nav2_straightline_planner/environment/ament_prefix_path.dsv
[5.078s] -- Up-to-date: /root/Shared/src/MIAPR_project/install/nav2_straightline_planner/share/nav2_straightline_planner/environment/path.sh
[5.078s] -- Up-to-date: /root/Shared/src/MIAPR_project/install/nav2_straightline_planner/share/nav2_straightline_planner/environment/path.dsv
[5.078s] -- Up-to-date: /root/Shared/src/MIAPR_project/install/nav2_straightline_planner/share/nav2_straightline_planner/local_setup.bash
[5.078s] -- Up-to-date: /root/Shared/src/MIAPR_project/install/nav2_straightline_planner/share/nav2_straightline_planner/local_setup.sh
[5.078s] -- Up-to-date: /root/Shared/src/MIAPR_project/install/nav2_straightline_planner/share/nav2_straightline_planner/local_setup.zsh
[5.078s] -- Up-to-date: /root/Shared/src/MIAPR_project/install/nav2_straightline_planner/share/nav2_straightline_planner/local_setup.dsv
[5.078s] -- Installing: /root/Shared/src/MIAPR_project/install/nav2_straightline_planner/share/nav2_straightline_planner/package.dsv
[5.079s] -- Up-to-date: /root/Shared/src/MIAPR_project/install/nav2_straightline_planner/share/ament_index/resource_index/packages/nav2_straightline_planner
[5.079s] -- Up-to-date: /root/Shared/src/MIAPR_project/install/nav2_straightline_planner/share/ament_index/resource_index/nav2_core__pluginlib__plugin/nav2_straightline_planner
[5.079s] -- Up-to-date: /root/Shared/src/MIAPR_project/install/nav2_straightline_planner/share/nav2_straightline_planner/cmake/ament_cmake_export_include_directories-extras.cmake
[5.079s] -- Up-to-date: /root/Shared/src/MIAPR_project/install/nav2_straightline_planner/share/nav2_straightline_planner/cmake/ament_cmake_export_libraries-extras.cmake
[5.079s] -- Up-to-date: /root/Shared/src/MIAPR_project/install/nav2_straightline_planner/share/nav2_straightline_planner/cmake/ament_cmake_export_dependencies-extras.cmake
[5.079s] -- Up-to-date: /root/Shared/src/MIAPR_project/install/nav2_straightline_planner/share/nav2_straightline_planner/cmake/nav2_straightline_plannerConfig.cmake
[5.079s] -- Up-to-date: /root/Shared/src/MIAPR_project/install/nav2_straightline_planner/share/nav2_straightline_planner/cmake/nav2_straightline_plannerConfig-version.cmake
[5.079s] -- Up-to-date: /root/Shared/src/MIAPR_project/install/nav2_straightline_planner/share/nav2_straightline_planner/package.xml
[5.080s] Invoked command in '/root/Shared/src/MIAPR_project/build/nav2_straightline_planner' returned '0': CMAKE_PREFIX_PATH=${CMAKE_PREFIX_PATH}:/opt/ros/humble /usr/bin/cmake --install /root/Shared/src/MIAPR_project/build/nav2_straightline_planner
