[100%] Built target nav2_RRTstar_planner_plugin
-- Install configuration: ""
-- Up-to-date: /root/Shared/src/TurtleRRT-Connect/MIAPR_project/install/nav2_RRTstar_planner/share/nav2_RRTstar_planner/global_planner_plugin.xml
-- Up-to-date: /root/Shared/src/TurtleRRT-Connect/MIAPR_project/install/nav2_RRTstar_planner/lib/libnav2_RRTstar_planner_plugin.so
-- Up-to-date: /root/Shared/src/TurtleRRT-Connect/MIAPR_project/install/nav2_RRTstar_planner/include/
-- Up-to-date: /root/Shared/src/TurtleRRT-Connect/MIAPR_project/install/nav2_RRTstar_planner/include//nav2_RRTstar_planner
-- Up-to-date: /root/Shared/src/TurtleRRT-Connect/MIAPR_project/install/nav2_RRTstar_planner/include//nav2_RRTstar_planner/RRT_star_planner.hpp
-- Up-to-date: /root/Shared/src/TurtleRRT-Connect/MIAPR_project/install/nav2_RRTstar_planner/share/nav2_RRTstar_planner/global_planner_plugin.xml
-- Up-to-date: /root/Shared/src/TurtleRRT-Connect/MIAPR_project/install/nav2_RRTstar_planner/share/nav2_RRTstar_planner/environment/library_path.sh
-- Up-to-date: /root/Shared/src/TurtleRRT-Connect/MIAPR_project/install/nav2_RRTstar_planner/share/nav2_RRTstar_planner/environment/library_path.dsv
-- Up-to-date: /root/Shared/src/TurtleRRT-Connect/MIAPR_project/install/nav2_RRTstar_planner/share/ament_index/resource_index/package_run_dependencies/nav2_RRTstar_planner
-- Up-to-date: /root/Shared/src/TurtleRRT-Connect/MIAPR_project/install/nav2_RRTstar_planner/share/ament_index/resource_index/parent_prefix_path/nav2_RRTstar_planner
-- Up-to-date: /root/Shared/src/TurtleRRT-Connect/MIAPR_project/install/nav2_RRTstar_planner/share/nav2_RRTstar_planner/environment/ament_prefix_path.sh
-- Up-to-date: /root/Shared/src/TurtleRRT-Connect/MIAPR_project/install/nav2_RRTstar_planner/share/nav2_RRTstar_planner/environment/ament_prefix_path.dsv
-- Up-to-date: /root/Shared/src/TurtleRRT-Connect/MIAPR_project/install/nav2_RRTstar_planner/share/nav2_RRTstar_planner/environment/path.sh
-- Up-to-date: /root/Shared/src/TurtleRRT-Connect/MIAPR_project/install/nav2_RRTstar_planner/share/nav2_RRTstar_planner/environment/path.dsv
-- Up-to-date: /root/Shared/src/TurtleRRT-Connect/MIAPR_project/install/nav2_RRTstar_planner/share/nav2_RRTstar_planner/local_setup.bash
-- Up-to-date: /root/Shared/src/TurtleRRT-Connect/MIAPR_project/install/nav2_RRTstar_planner/share/nav2_RRTstar_planner/local_setup.sh
-- Up-to-date: /root/Shared/src/TurtleRRT-Connect/MIAPR_project/install/nav2_RRTstar_planner/share/nav2_RRTstar_planner/local_setup.zsh
-- Up-to-date: /root/Shared/src/TurtleRRT-Connect/MIAPR_project/install/nav2_RRTstar_planner/share/nav2_RRTstar_planner/local_setup.dsv
-- Installing: /root/Shared/src/TurtleRRT-Connect/MIAPR_project/install/nav2_RRTstar_planner/share/nav2_RRTstar_planner/package.dsv
-- Up-to-date: /root/Shared/src/TurtleRRT-Connect/MIAPR_project/install/nav2_RRTstar_planner/share/ament_index/resource_index/packages/nav2_RRTstar_planner
-- Up-to-date: /root/Shared/src/TurtleRRT-Connect/MIAPR_project/install/nav2_RRTstar_planner/share/ament_index/resource_index/nav2_core__pluginlib__plugin/nav2_RRTstar_planner
-- Up-to-date: /root/Shared/src/TurtleRRT-Connect/MIAPR_project/install/nav2_RRTstar_planner/share/nav2_RRTstar_planner/cmake/ament_cmake_export_include_directories-extras.cmake
-- Up-to-date: /root/Shared/src/TurtleRRT-Connect/MIAPR_project/install/nav2_RRTstar_planner/share/nav2_RRTstar_planner/cmake/ament_cmake_export_libraries-extras.cmake
-- Up-to-date: /root/Shared/src/TurtleRRT-Connect/MIAPR_project/install/nav2_RRTstar_planner/share/nav2_RRTstar_planner/cmake/ament_cmake_export_dependencies-extras.cmake
-- Up-to-date: /root/Shared/src/TurtleRRT-Connect/MIAPR_project/install/nav2_RRTstar_planner/share/nav2_RRTstar_planner/cmake/nav2_RRTstar_plannerConfig.cmake
-- Up-to-date: /root/Shared/src/TurtleRRT-Connect/MIAPR_project/install/nav2_RRTstar_planner/share/nav2_RRTstar_planner/cmake/nav2_RRTstar_plannerConfig-version.cmake
-- Up-to-date: /root/Shared/src/TurtleRRT-Connect/MIAPR_project/install/nav2_RRTstar_planner/share/nav2_RRTstar_planner/package.xml
