[0.024s] Invoking command in '/root/Shared/src/TurtleRRT-Connect/MIAPR_project/build/nav2_costmap_filters_demo': CMAKE_PREFIX_PATH=${CMAKE_PREFIX_PATH}:/opt/ros/humble /usr/bin/cmake --build /root/Shared/src/TurtleRRT-Connect/MIAPR_project/build/nav2_costmap_filters_demo -- -j12 -l12
[0.165s] Invoked command in '/root/Shared/src/TurtleRRT-Connect/MIAPR_project/build/nav2_costmap_filters_demo' returned '0': CMAKE_PREFIX_PATH=${CMAKE_PREFIX_PATH}:/opt/ros/humble /usr/bin/cmake --build /root/Shared/src/TurtleRRT-Connect/MIAPR_project/build/nav2_costmap_filters_demo -- -j12 -l12
[0.171s] Invoking command in '/root/Shared/src/TurtleRRT-Connect/MIAPR_project/build/nav2_costmap_filters_demo': CMAKE_PREFIX_PATH=${CMAKE_PREFIX_PATH}:/opt/ros/humble /usr/bin/cmake --install /root/Shared/src/TurtleRRT-Connect/MIAPR_project/build/nav2_costmap_filters_demo
[0.177s] -- Install configuration: ""
[0.177s] -- Up-to-date: /root/Shared/src/TurtleRRT-Connect/MIAPR_project/install/nav2_costmap_filters_demo/share/nav2_costmap_filters_demo/launch
[0.177s] -- Up-to-date: /root/Shared/src/TurtleRRT-Connect/MIAPR_project/install/nav2_costmap_filters_demo/share/nav2_costmap_filters_demo/launch/costmap_filter_info.launch.py
[0.177s] -- Up-to-date: /root/Shared/src/TurtleRRT-Connect/MIAPR_project/install/nav2_costmap_filters_demo/share/nav2_costmap_filters_demo/maps
[0.177s] -- Up-to-date: /root/Shared/src/TurtleRRT-Connect/MIAPR_project/install/nav2_costmap_filters_demo/share/nav2_costmap_filters_demo/maps/speed_mask.pgm
[0.177s] -- Up-to-date: /root/Shared/src/TurtleRRT-Connect/MIAPR_project/install/nav2_costmap_filters_demo/share/nav2_costmap_filters_demo/maps/speed_mask.yaml
[0.177s] -- Up-to-date: /root/Shared/src/TurtleRRT-Connect/MIAPR_project/install/nav2_costmap_filters_demo/share/nav2_costmap_filters_demo/maps/keepout_mask.yaml
[0.178s] -- Up-to-date: /root/Shared/src/TurtleRRT-Connect/MIAPR_project/install/nav2_costmap_filters_demo/share/nav2_costmap_filters_demo/maps/keepout_mask.pgm
[0.178s] -- Up-to-date: /root/Shared/src/TurtleRRT-Connect/MIAPR_project/install/nav2_costmap_filters_demo/share/nav2_costmap_filters_demo/params
[0.178s] -- Up-to-date: /root/Shared/src/TurtleRRT-Connect/MIAPR_project/install/nav2_costmap_filters_demo/share/nav2_costmap_filters_demo/params/keepout_params.yaml
[0.178s] -- Up-to-date: /root/Shared/src/TurtleRRT-Connect/MIAPR_project/install/nav2_costmap_filters_demo/share/nav2_costmap_filters_demo/params/speed_params.yaml
[0.178s] -- Up-to-date: /root/Shared/src/TurtleRRT-Connect/MIAPR_project/install/nav2_costmap_filters_demo/share/ament_index/resource_index/package_run_dependencies/nav2_costmap_filters_demo
[0.178s] -- Up-to-date: /root/Shared/src/TurtleRRT-Connect/MIAPR_project/install/nav2_costmap_filters_demo/share/ament_index/resource_index/parent_prefix_path/nav2_costmap_filters_demo
[0.178s] -- Up-to-date: /root/Shared/src/TurtleRRT-Connect/MIAPR_project/install/nav2_costmap_filters_demo/share/nav2_costmap_filters_demo/environment/ament_prefix_path.sh
[0.178s] -- Up-to-date: /root/Shared/src/TurtleRRT-Connect/MIAPR_project/install/nav2_costmap_filters_demo/share/nav2_costmap_filters_demo/environment/ament_prefix_path.dsv
[0.178s] -- Up-to-date: /root/Shared/src/TurtleRRT-Connect/MIAPR_project/install/nav2_costmap_filters_demo/share/nav2_costmap_filters_demo/environment/path.sh
[0.178s] -- Up-to-date: /root/Shared/src/TurtleRRT-Connect/MIAPR_project/install/nav2_costmap_filters_demo/share/nav2_costmap_filters_demo/environment/path.dsv
[0.178s] -- Up-to-date: /root/Shared/src/TurtleRRT-Connect/MIAPR_project/install/nav2_costmap_filters_demo/share/nav2_costmap_filters_demo/local_setup.bash
[0.178s] -- Up-to-date: /root/Shared/src/TurtleRRT-Connect/MIAPR_project/install/nav2_costmap_filters_demo/share/nav2_costmap_filters_demo/local_setup.sh
[0.178s] -- Up-to-date: /root/Shared/src/TurtleRRT-Connect/MIAPR_project/install/nav2_costmap_filters_demo/share/nav2_costmap_filters_demo/local_setup.zsh
[0.178s] -- Up-to-date: /root/Shared/src/TurtleRRT-Connect/MIAPR_project/install/nav2_costmap_filters_demo/share/nav2_costmap_filters_demo/local_setup.dsv
[0.178s] -- Installing: /root/Shared/src/TurtleRRT-Connect/MIAPR_project/install/nav2_costmap_filters_demo/share/nav2_costmap_filters_demo/package.dsv
[0.178s] -- Up-to-date: /root/Shared/src/TurtleRRT-Connect/MIAPR_project/install/nav2_costmap_filters_demo/share/ament_index/resource_index/packages/nav2_costmap_filters_demo
[0.178s] -- Up-to-date: /root/Shared/src/TurtleRRT-Connect/MIAPR_project/install/nav2_costmap_filters_demo/share/nav2_costmap_filters_demo/cmake/nav2_costmap_filters_demoConfig.cmake
[0.178s] -- Up-to-date: /root/Shared/src/TurtleRRT-Connect/MIAPR_project/install/nav2_costmap_filters_demo/share/nav2_costmap_filters_demo/cmake/nav2_costmap_filters_demoConfig-version.cmake
[0.178s] -- Up-to-date: /root/Shared/src/TurtleRRT-Connect/MIAPR_project/install/nav2_costmap_filters_demo/share/nav2_costmap_filters_demo/package.xml
[0.185s] Invoked command in '/root/Shared/src/TurtleRRT-Connect/MIAPR_project/build/nav2_costmap_filters_demo' returned '0': CMAKE_PREFIX_PATH=${CMAKE_PREFIX_PATH}:/opt/ros/humble /usr/bin/cmake --install /root/Shared/src/TurtleRRT-Connect/MIAPR_project/build/nav2_costmap_filters_demo
