[0.077s] DEBUG:colcon:Command line arguments: ['/usr/bin/colcon', 'build']
[0.077s] DEBUG:colcon:Parsed command line arguments: Namespace(log_base=None, log_level=None, verb_name='build', build_base='build', install_base='install', merge_install=False, symlink_install=False, test_result_base=None, continue_on_error=False, executor='parallel', parallel_workers=8, event_handlers=None, ignore_user_meta=False, metas=['./colcon.meta'], base_paths=['.'], packages_ignore=None, packages_ignore_regex=None, paths=None, packages_up_to=None, packages_up_to_regex=None, packages_above=None, packages_above_and_dependencies=None, packages_above_depth=None, packages_select_by_dep=None, packages_skip_by_dep=None, packages_skip_up_to=None, packages_select_build_failed=False, packages_skip_build_finished=False, packages_select_test_failures=False, packages_skip_test_passed=False, packages_select=None, packages_skip=None, packages_select_regex=None, packages_skip_regex=None, packages_start=None, packages_end=None, cmake_args=None, cmake_target=None, cmake_target_skip_unavailable=False, cmake_clean_cache=False, cmake_clean_first=False, cmake_force_configure=False, ament_cmake_args=None, catkin_cmake_args=None, catkin_skip_building_tests=False, mixin_files=None, mixin=None, verb_parser=<colcon_mixin.mixin.mixin_argument.MixinArgumentDecorator object at 0x79a5e5dbfcd0>, verb_extension=<colcon_core.verb.build.BuildVerb object at 0x79a5e5dbf6d0>, main=<bound method BuildVerb.main of <colcon_core.verb.build.BuildVerb object at 0x79a5e5dbf6d0>>, mixin_verb=('build',))
[0.173s] Level 1:colcon.colcon_core.package_discovery:discover_packages(colcon_meta) check parameters
[0.173s] INFO:colcon.colcon_metadata.package_discovery.colcon_meta:Using configuration from '/root/.colcon/metadata/default/Gazebo.meta'
[0.174s] INFO:colcon.colcon_metadata.package_discovery.colcon_meta:Using configuration from '/root/.colcon/metadata/default/fastdds.meta'
[0.174s] INFO:colcon.colcon_metadata.package_discovery.colcon_meta:Using configuration from '/root/.colcon/metadata/default/fastrtps.meta'
[0.174s] Level 1:colcon.colcon_core.package_discovery:discover_packages(recursive) check parameters
[0.174s] Level 1:colcon.colcon_core.package_discovery:discover_packages(ignore) check parameters
[0.174s] Level 1:colcon.colcon_core.package_discovery:discover_packages(path) check parameters
[0.174s] Level 1:colcon.colcon_core.package_discovery:discover_packages(colcon_meta) discover
[0.174s] Level 1:colcon.colcon_core.package_discovery:discover_packages(recursive) discover
[0.174s] INFO:colcon.colcon_core.package_discovery:Crawling recursively for packages in '/root/Shared/src/MIAPR_project'
[0.174s] Level 1:colcon.colcon_core.package_identification:_identify(.) by extensions ['ignore', 'ignore_ament_install']
[0.174s] Level 1:colcon.colcon_core.package_identification:_identify(.) by extension 'ignore'
[0.174s] Level 1:colcon.colcon_core.package_identification:_identify(.) by extension 'ignore_ament_install'
[0.174s] Level 1:colcon.colcon_core.package_identification:_identify(.) by extensions ['colcon_pkg']
[0.174s] Level 1:colcon.colcon_core.package_identification:_identify(.) by extension 'colcon_pkg'
[0.174s] Level 1:colcon.colcon_core.package_identification:_identify(.) by extensions ['colcon_meta']
[0.174s] Level 1:colcon.colcon_core.package_identification:_identify(.) by extension 'colcon_meta'
[0.175s] Level 1:colcon.colcon_core.package_identification:_identify(.) by extensions ['ros']
[0.175s] Level 1:colcon.colcon_core.package_identification:_identify(.) by extension 'ros'
[0.183s] Level 1:colcon.colcon_core.package_identification:_identify(.) by extensions ['cmake', 'python']
[0.183s] Level 1:colcon.colcon_core.package_identification:_identify(.) by extension 'cmake'
[0.183s] Level 1:colcon.colcon_core.package_identification:_identify(.) by extension 'python'
[0.183s] Level 1:colcon.colcon_core.package_identification:_identify(.) by extensions ['python_setup_py']
[0.183s] Level 1:colcon.colcon_core.package_identification:_identify(.) by extension 'python_setup_py'
[0.183s] Level 1:colcon.colcon_core.package_identification:_identify(build) by extensions ['ignore', 'ignore_ament_install']
[0.183s] Level 1:colcon.colcon_core.package_identification:_identify(build) by extension 'ignore'
[0.183s] Level 1:colcon.colcon_core.package_identification:_identify(build) ignored
[0.183s] Level 1:colcon.colcon_core.package_identification:_identify(install) by extensions ['ignore', 'ignore_ament_install']
[0.183s] Level 1:colcon.colcon_core.package_identification:_identify(install) by extension 'ignore'
[0.183s] Level 1:colcon.colcon_core.package_identification:_identify(install) ignored
[0.183s] Level 1:colcon.colcon_core.package_identification:_identify(log) by extensions ['ignore', 'ignore_ament_install']
[0.183s] Level 1:colcon.colcon_core.package_identification:_identify(log) by extension 'ignore'
[0.183s] Level 1:colcon.colcon_core.package_identification:_identify(log) ignored
[0.183s] Level 1:colcon.colcon_core.package_identification:_identify(src) by extensions ['ignore', 'ignore_ament_install']
[0.183s] Level 1:colcon.colcon_core.package_identification:_identify(src) by extension 'ignore'
[0.183s] Level 1:colcon.colcon_core.package_identification:_identify(src) by extension 'ignore_ament_install'
[0.183s] Level 1:colcon.colcon_core.package_identification:_identify(src) by extensions ['colcon_pkg']
[0.183s] Level 1:colcon.colcon_core.package_identification:_identify(src) by extension 'colcon_pkg'
[0.184s] Level 1:colcon.colcon_core.package_identification:_identify(src) by extensions ['colcon_meta']
[0.184s] Level 1:colcon.colcon_core.package_identification:_identify(src) by extension 'colcon_meta'
[0.184s] Level 1:colcon.colcon_core.package_identification:_identify(src) by extensions ['ros']
[0.184s] Level 1:colcon.colcon_core.package_identification:_identify(src) by extension 'ros'
[0.184s] Level 1:colcon.colcon_core.package_identification:_identify(src) by extensions ['cmake', 'python']
[0.184s] Level 1:colcon.colcon_core.package_identification:_identify(src) by extension 'cmake'
[0.184s] Level 1:colcon.colcon_core.package_identification:_identify(src) by extension 'python'
[0.184s] Level 1:colcon.colcon_core.package_identification:_identify(src) by extensions ['python_setup_py']
[0.184s] Level 1:colcon.colcon_core.package_identification:_identify(src) by extension 'python_setup_py'
[0.184s] Level 1:colcon.colcon_core.package_identification:_identify(src/nav2-rrt-star) by extensions ['ignore', 'ignore_ament_install']
[0.184s] Level 1:colcon.colcon_core.package_identification:_identify(src/nav2-rrt-star) by extension 'ignore'
[0.184s] Level 1:colcon.colcon_core.package_identification:_identify(src/nav2-rrt-star) by extension 'ignore_ament_install'
[0.184s] Level 1:colcon.colcon_core.package_identification:_identify(src/nav2-rrt-star) by extensions ['colcon_pkg']
[0.184s] Level 1:colcon.colcon_core.package_identification:_identify(src/nav2-rrt-star) by extension 'colcon_pkg'
[0.184s] Level 1:colcon.colcon_core.package_identification:_identify(src/nav2-rrt-star) by extensions ['colcon_meta']
[0.184s] Level 1:colcon.colcon_core.package_identification:_identify(src/nav2-rrt-star) by extension 'colcon_meta'
[0.184s] Level 1:colcon.colcon_core.package_identification:_identify(src/nav2-rrt-star) by extensions ['ros']
[0.184s] Level 1:colcon.colcon_core.package_identification:_identify(src/nav2-rrt-star) by extension 'ros'
[0.186s] DEBUG:colcon.colcon_core.package_identification:Package 'src/nav2-rrt-star' with type 'ros.ament_cmake' and name 'nav2_RRTstar_planner'
[0.186s] Level 1:colcon.colcon_core.package_identification:_identify(src/nav2_straightline_planner) by extensions ['ignore', 'ignore_ament_install']
[0.187s] Level 1:colcon.colcon_core.package_identification:_identify(src/nav2_straightline_planner) by extension 'ignore'
[0.187s] Level 1:colcon.colcon_core.package_identification:_identify(src/nav2_straightline_planner) by extension 'ignore_ament_install'
[0.187s] Level 1:colcon.colcon_core.package_identification:_identify(src/nav2_straightline_planner) by extensions ['colcon_pkg']
[0.187s] Level 1:colcon.colcon_core.package_identification:_identify(src/nav2_straightline_planner) by extension 'colcon_pkg'
[0.187s] Level 1:colcon.colcon_core.package_identification:_identify(src/nav2_straightline_planner) by extensions ['colcon_meta']
[0.187s] Level 1:colcon.colcon_core.package_identification:_identify(src/nav2_straightline_planner) by extension 'colcon_meta'
[0.187s] Level 1:colcon.colcon_core.package_identification:_identify(src/nav2_straightline_planner) by extensions ['ros']
[0.187s] Level 1:colcon.colcon_core.package_identification:_identify(src/nav2_straightline_planner) by extension 'ros'
[0.188s] DEBUG:colcon.colcon_core.package_identification:Package 'src/nav2_straightline_planner' with type 'ros.ament_cmake' and name 'nav2_straightline_planner'
[0.188s] Level 1:colcon.colcon_core.package_discovery:discover_packages(recursive) using defaults
[0.188s] Level 1:colcon.colcon_core.package_discovery:discover_packages(ignore) discover
[0.188s] Level 1:colcon.colcon_core.package_discovery:discover_packages(ignore) using defaults
[0.188s] Level 1:colcon.colcon_core.package_discovery:discover_packages(path) discover
[0.188s] Level 1:colcon.colcon_core.package_discovery:discover_packages(path) using defaults
[0.202s] Level 5:colcon.colcon_core.verb:set package 'nav2_RRTstar_planner' build argument 'cmake_args' from command line to 'None'
[0.202s] Level 5:colcon.colcon_core.verb:set package 'nav2_RRTstar_planner' build argument 'cmake_target' from command line to 'None'
[0.202s] Level 5:colcon.colcon_core.verb:set package 'nav2_RRTstar_planner' build argument 'cmake_target_skip_unavailable' from command line to 'False'
[0.202s] Level 5:colcon.colcon_core.verb:set package 'nav2_RRTstar_planner' build argument 'cmake_clean_cache' from command line to 'False'
[0.202s] Level 5:colcon.colcon_core.verb:set package 'nav2_RRTstar_planner' build argument 'cmake_clean_first' from command line to 'False'
[0.202s] Level 5:colcon.colcon_core.verb:set package 'nav2_RRTstar_planner' build argument 'cmake_force_configure' from command line to 'False'
[0.202s] Level 5:colcon.colcon_core.verb:set package 'nav2_RRTstar_planner' build argument 'ament_cmake_args' from command line to 'None'
[0.202s] Level 5:colcon.colcon_core.verb:set package 'nav2_RRTstar_planner' build argument 'catkin_cmake_args' from command line to 'None'
[0.202s] Level 5:colcon.colcon_core.verb:set package 'nav2_RRTstar_planner' build argument 'catkin_skip_building_tests' from command line to 'False'
[0.202s] DEBUG:colcon.colcon_core.verb:Building package 'nav2_RRTstar_planner' with the following arguments: {'ament_cmake_args': None, 'build_base': '/root/Shared/src/MIAPR_project/build/nav2_RRTstar_planner', 'catkin_cmake_args': None, 'catkin_skip_building_tests': False, 'cmake_args': None, 'cmake_clean_cache': False, 'cmake_clean_first': False, 'cmake_force_configure': False, 'cmake_target': None, 'cmake_target_skip_unavailable': False, 'install_base': '/root/Shared/src/MIAPR_project/install/nav2_RRTstar_planner', 'merge_install': False, 'path': '/root/Shared/src/MIAPR_project/src/nav2-rrt-star', 'symlink_install': False, 'test_result_base': None}
[0.202s] Level 5:colcon.colcon_core.verb:set package 'nav2_straightline_planner' build argument 'cmake_args' from command line to 'None'
[0.203s] Level 5:colcon.colcon_core.verb:set package 'nav2_straightline_planner' build argument 'cmake_target' from command line to 'None'
[0.203s] Level 5:colcon.colcon_core.verb:set package 'nav2_straightline_planner' build argument 'cmake_target_skip_unavailable' from command line to 'False'
[0.203s] Level 5:colcon.colcon_core.verb:set package 'nav2_straightline_planner' build argument 'cmake_clean_cache' from command line to 'False'
[0.203s] Level 5:colcon.colcon_core.verb:set package 'nav2_straightline_planner' build argument 'cmake_clean_first' from command line to 'False'
[0.203s] Level 5:colcon.colcon_core.verb:set package 'nav2_straightline_planner' build argument 'cmake_force_configure' from command line to 'False'
[0.203s] Level 5:colcon.colcon_core.verb:set package 'nav2_straightline_planner' build argument 'ament_cmake_args' from command line to 'None'
[0.203s] Level 5:colcon.colcon_core.verb:set package 'nav2_straightline_planner' build argument 'catkin_cmake_args' from command line to 'None'
[0.203s] Level 5:colcon.colcon_core.verb:set package 'nav2_straightline_planner' build argument 'catkin_skip_building_tests' from command line to 'False'
[0.203s] DEBUG:colcon.colcon_core.verb:Building package 'nav2_straightline_planner' with the following arguments: {'ament_cmake_args': None, 'build_base': '/root/Shared/src/MIAPR_project/build/nav2_straightline_planner', 'catkin_cmake_args': None, 'catkin_skip_building_tests': False, 'cmake_args': None, 'cmake_clean_cache': False, 'cmake_clean_first': False, 'cmake_force_configure': False, 'cmake_target': None, 'cmake_target_skip_unavailable': False, 'install_base': '/root/Shared/src/MIAPR_project/install/nav2_straightline_planner', 'merge_install': False, 'path': '/root/Shared/src/MIAPR_project/src/nav2_straightline_planner', 'symlink_install': False, 'test_result_base': None}
[0.203s] INFO:colcon.colcon_core.executor:Executing jobs using 'parallel' executor
[0.204s] DEBUG:colcon.colcon_parallel_executor.executor.parallel:run_until_complete
[0.204s] INFO:colcon.colcon_ros.task.ament_cmake.build:Building ROS package in '/root/Shared/src/MIAPR_project/src/nav2-rrt-star' with build type 'ament_cmake'
[0.204s] INFO:colcon.colcon_cmake.task.cmake.build:Building CMake package in '/root/Shared/src/MIAPR_project/src/nav2-rrt-star'
[0.206s] INFO:colcon.colcon_core.plugin_system:Skipping extension 'colcon_core.shell.bat': Not used on non-Windows systems
[0.206s] INFO:colcon.colcon_core.shell:Skip shell extension 'powershell' for command environment: Not usable outside of PowerShell
[0.206s] DEBUG:colcon.colcon_core.shell:Skip shell extension 'dsv' for command environment
[0.209s] INFO:colcon.colcon_ros.task.ament_cmake.build:Building ROS package in '/root/Shared/src/MIAPR_project/src/nav2_straightline_planner' with build type 'ament_cmake'
[0.209s] INFO:colcon.colcon_cmake.task.cmake.build:Building CMake package in '/root/Shared/src/MIAPR_project/src/nav2_straightline_planner'
[0.209s] INFO:colcon.colcon_core.shell:Skip shell extension 'powershell' for command environment: Not usable outside of PowerShell
[0.209s] DEBUG:colcon.colcon_core.shell:Skip shell extension 'dsv' for command environment
[0.216s] DEBUG:colcon.colcon_core.event_handler.log_command:Invoking command in '/root/Shared/src/MIAPR_project/build/nav2_RRTstar_planner': CMAKE_PREFIX_PATH=/opt/ros/humble /usr/bin/cmake --build /root/Shared/src/MIAPR_project/build/nav2_RRTstar_planner -- -j8 -l8
[0.219s] DEBUG:colcon.colcon_core.event_handler.log_command:Invoking command in '/root/Shared/src/MIAPR_project/build/nav2_straightline_planner': CMAKE_PREFIX_PATH=/opt/ros/humble /usr/bin/cmake --build /root/Shared/src/MIAPR_project/build/nav2_straightline_planner -- -j8 -l8
[0.275s] DEBUG:colcon.colcon_core.event_handler.log_command:Invoked command in '/root/Shared/src/MIAPR_project/build/nav2_straightline_planner' returned '0': CMAKE_PREFIX_PATH=/opt/ros/humble /usr/bin/cmake --build /root/Shared/src/MIAPR_project/build/nav2_straightline_planner -- -j8 -l8
[0.282s] DEBUG:colcon.colcon_core.event_handler.log_command:Invoking command in '/root/Shared/src/MIAPR_project/build/nav2_straightline_planner': CMAKE_PREFIX_PATH=/opt/ros/humble /usr/bin/cmake --install /root/Shared/src/MIAPR_project/build/nav2_straightline_planner
[0.299s] Level 1:colcon.colcon_core.environment:create_environment_scripts_only(nav2_straightline_planner)
[0.299s] DEBUG:colcon.colcon_core.event_handler.log_command:Invoked command in '/root/Shared/src/MIAPR_project/build/nav2_straightline_planner' returned '0': CMAKE_PREFIX_PATH=/opt/ros/humble /usr/bin/cmake --install /root/Shared/src/MIAPR_project/build/nav2_straightline_planner
[0.301s] Level 1:colcon.colcon_core.environment:checking '/root/Shared/src/MIAPR_project/install/nav2_straightline_planner' for CMake module files
[0.302s] Level 1:colcon.colcon_core.environment:checking '/root/Shared/src/MIAPR_project/install/nav2_straightline_planner' for CMake config files
[0.302s] Level 1:colcon.colcon_core.shell:create_environment_hook('nav2_straightline_planner', 'cmake_prefix_path')
[0.302s] INFO:colcon.colcon_core.shell:Creating environment hook '/root/Shared/src/MIAPR_project/install/nav2_straightline_planner/share/nav2_straightline_planner/hook/cmake_prefix_path.ps1'
[0.303s] INFO:colcon.colcon_core.shell:Creating environment descriptor '/root/Shared/src/MIAPR_project/install/nav2_straightline_planner/share/nav2_straightline_planner/hook/cmake_prefix_path.dsv'
[0.304s] INFO:colcon.colcon_core.shell:Creating environment hook '/root/Shared/src/MIAPR_project/install/nav2_straightline_planner/share/nav2_straightline_planner/hook/cmake_prefix_path.sh'
[0.304s] Level 1:colcon.colcon_core.environment:checking '/root/Shared/src/MIAPR_project/install/nav2_straightline_planner/lib'
[0.304s] Level 1:colcon.colcon_core.shell:create_environment_hook('nav2_straightline_planner', 'ld_library_path_lib')
[0.305s] INFO:colcon.colcon_core.shell:Creating environment hook '/root/Shared/src/MIAPR_project/install/nav2_straightline_planner/share/nav2_straightline_planner/hook/ld_library_path_lib.ps1'
[0.305s] INFO:colcon.colcon_core.shell:Creating environment descriptor '/root/Shared/src/MIAPR_project/install/nav2_straightline_planner/share/nav2_straightline_planner/hook/ld_library_path_lib.dsv'
[0.305s] INFO:colcon.colcon_core.shell:Creating environment hook '/root/Shared/src/MIAPR_project/install/nav2_straightline_planner/share/nav2_straightline_planner/hook/ld_library_path_lib.sh'
[0.305s] Level 1:colcon.colcon_core.environment:checking '/root/Shared/src/MIAPR_project/install/nav2_straightline_planner/bin'
[0.305s] Level 1:colcon.colcon_core.environment:checking '/root/Shared/src/MIAPR_project/install/nav2_straightline_planner/lib/pkgconfig/nav2_straightline_planner.pc'
[0.307s] Level 1:colcon.colcon_core.environment:checking '/root/Shared/src/MIAPR_project/install/nav2_straightline_planner/lib/python3.10/site-packages'
[0.307s] Level 1:colcon.colcon_core.environment:checking '/root/Shared/src/MIAPR_project/install/nav2_straightline_planner/bin'
[0.307s] INFO:colcon.colcon_core.shell:Creating package script '/root/Shared/src/MIAPR_project/install/nav2_straightline_planner/share/nav2_straightline_planner/package.ps1'
[0.308s] INFO:colcon.colcon_core.shell:Creating package descriptor '/root/Shared/src/MIAPR_project/install/nav2_straightline_planner/share/nav2_straightline_planner/package.dsv'
[0.308s] INFO:colcon.colcon_core.shell:Creating package script '/root/Shared/src/MIAPR_project/install/nav2_straightline_planner/share/nav2_straightline_planner/package.sh'
[0.308s] INFO:colcon.colcon_core.shell:Creating package script '/root/Shared/src/MIAPR_project/install/nav2_straightline_planner/share/nav2_straightline_planner/package.bash'
[0.309s] INFO:colcon.colcon_core.shell:Creating package script '/root/Shared/src/MIAPR_project/install/nav2_straightline_planner/share/nav2_straightline_planner/package.zsh'
[0.309s] Level 1:colcon.colcon_core.environment:create_file_with_runtime_dependencies(/root/Shared/src/MIAPR_project/install/nav2_straightline_planner/share/colcon-core/packages/nav2_straightline_planner)
[0.310s] Level 1:colcon.colcon_core.environment:create_environment_scripts_only(nav2_straightline_planner)
[0.310s] Level 1:colcon.colcon_core.environment:checking '/root/Shared/src/MIAPR_project/install/nav2_straightline_planner' for CMake module files
[0.310s] Level 1:colcon.colcon_core.environment:checking '/root/Shared/src/MIAPR_project/install/nav2_straightline_planner' for CMake config files
[0.310s] Level 1:colcon.colcon_core.shell:create_environment_hook('nav2_straightline_planner', 'cmake_prefix_path')
[0.311s] INFO:colcon.colcon_core.shell:Creating environment hook '/root/Shared/src/MIAPR_project/install/nav2_straightline_planner/share/nav2_straightline_planner/hook/cmake_prefix_path.ps1'
[0.311s] INFO:colcon.colcon_core.shell:Creating environment descriptor '/root/Shared/src/MIAPR_project/install/nav2_straightline_planner/share/nav2_straightline_planner/hook/cmake_prefix_path.dsv'
[0.311s] INFO:colcon.colcon_core.shell:Creating environment hook '/root/Shared/src/MIAPR_project/install/nav2_straightline_planner/share/nav2_straightline_planner/hook/cmake_prefix_path.sh'
[0.311s] Level 1:colcon.colcon_core.environment:checking '/root/Shared/src/MIAPR_project/install/nav2_straightline_planner/lib'
[0.311s] Level 1:colcon.colcon_core.shell:create_environment_hook('nav2_straightline_planner', 'ld_library_path_lib')
[0.312s] INFO:colcon.colcon_core.shell:Creating environment hook '/root/Shared/src/MIAPR_project/install/nav2_straightline_planner/share/nav2_straightline_planner/hook/ld_library_path_lib.ps1'
[0.312s] INFO:colcon.colcon_core.shell:Creating environment descriptor '/root/Shared/src/MIAPR_project/install/nav2_straightline_planner/share/nav2_straightline_planner/hook/ld_library_path_lib.dsv'
[0.312s] INFO:colcon.colcon_core.shell:Creating environment hook '/root/Shared/src/MIAPR_project/install/nav2_straightline_planner/share/nav2_straightline_planner/hook/ld_library_path_lib.sh'
[0.312s] Level 1:colcon.colcon_core.environment:checking '/root/Shared/src/MIAPR_project/install/nav2_straightline_planner/bin'
[0.312s] Level 1:colcon.colcon_core.environment:checking '/root/Shared/src/MIAPR_project/install/nav2_straightline_planner/lib/pkgconfig/nav2_straightline_planner.pc'
[0.312s] Level 1:colcon.colcon_core.environment:checking '/root/Shared/src/MIAPR_project/install/nav2_straightline_planner/lib/python3.10/site-packages'
[0.313s] Level 1:colcon.colcon_core.environment:checking '/root/Shared/src/MIAPR_project/install/nav2_straightline_planner/bin'
[0.313s] INFO:colcon.colcon_core.shell:Creating package script '/root/Shared/src/MIAPR_project/install/nav2_straightline_planner/share/nav2_straightline_planner/package.ps1'
[0.313s] INFO:colcon.colcon_core.shell:Creating package descriptor '/root/Shared/src/MIAPR_project/install/nav2_straightline_planner/share/nav2_straightline_planner/package.dsv'
[0.313s] INFO:colcon.colcon_core.shell:Creating package script '/root/Shared/src/MIAPR_project/install/nav2_straightline_planner/share/nav2_straightline_planner/package.sh'
[0.314s] INFO:colcon.colcon_core.shell:Creating package script '/root/Shared/src/MIAPR_project/install/nav2_straightline_planner/share/nav2_straightline_planner/package.bash'
[0.314s] INFO:colcon.colcon_core.shell:Creating package script '/root/Shared/src/MIAPR_project/install/nav2_straightline_planner/share/nav2_straightline_planner/package.zsh'
[0.314s] Level 1:colcon.colcon_core.environment:create_file_with_runtime_dependencies(/root/Shared/src/MIAPR_project/install/nav2_straightline_planner/share/colcon-core/packages/nav2_straightline_planner)
[5.679s] DEBUG:colcon.colcon_core.event_handler.log_command:Invoked command in '/root/Shared/src/MIAPR_project/build/nav2_RRTstar_planner' returned '0': CMAKE_PREFIX_PATH=/opt/ros/humble /usr/bin/cmake --build /root/Shared/src/MIAPR_project/build/nav2_RRTstar_planner -- -j8 -l8
[5.680s] DEBUG:colcon.colcon_core.event_handler.log_command:Invoking command in '/root/Shared/src/MIAPR_project/build/nav2_RRTstar_planner': CMAKE_PREFIX_PATH=/opt/ros/humble /usr/bin/cmake --install /root/Shared/src/MIAPR_project/build/nav2_RRTstar_planner
[5.690s] Level 1:colcon.colcon_core.environment:create_environment_scripts_only(nav2_RRTstar_planner)
[5.690s] Level 1:colcon.colcon_core.environment:checking '/root/Shared/src/MIAPR_project/install/nav2_RRTstar_planner' for CMake module files
[5.691s] DEBUG:colcon.colcon_core.event_handler.log_command:Invoked command in '/root/Shared/src/MIAPR_project/build/nav2_RRTstar_planner' returned '0': CMAKE_PREFIX_PATH=/opt/ros/humble /usr/bin/cmake --install /root/Shared/src/MIAPR_project/build/nav2_RRTstar_planner
[5.691s] Level 1:colcon.colcon_core.environment:checking '/root/Shared/src/MIAPR_project/install/nav2_RRTstar_planner' for CMake config files
[5.691s] Level 1:colcon.colcon_core.shell:create_environment_hook('nav2_RRTstar_planner', 'cmake_prefix_path')
[5.691s] INFO:colcon.colcon_core.shell:Creating environment hook '/root/Shared/src/MIAPR_project/install/nav2_RRTstar_planner/share/nav2_RRTstar_planner/hook/cmake_prefix_path.ps1'
[5.692s] INFO:colcon.colcon_core.shell:Creating environment descriptor '/root/Shared/src/MIAPR_project/install/nav2_RRTstar_planner/share/nav2_RRTstar_planner/hook/cmake_prefix_path.dsv'
[5.692s] INFO:colcon.colcon_core.shell:Creating environment hook '/root/Shared/src/MIAPR_project/install/nav2_RRTstar_planner/share/nav2_RRTstar_planner/hook/cmake_prefix_path.sh'
[5.692s] Level 1:colcon.colcon_core.environment:checking '/root/Shared/src/MIAPR_project/install/nav2_RRTstar_planner/lib'
[5.692s] Level 1:colcon.colcon_core.shell:create_environment_hook('nav2_RRTstar_planner', 'ld_library_path_lib')
[5.693s] INFO:colcon.colcon_core.shell:Creating environment hook '/root/Shared/src/MIAPR_project/install/nav2_RRTstar_planner/share/nav2_RRTstar_planner/hook/ld_library_path_lib.ps1'
[5.693s] INFO:colcon.colcon_core.shell:Creating environment descriptor '/root/Shared/src/MIAPR_project/install/nav2_RRTstar_planner/share/nav2_RRTstar_planner/hook/ld_library_path_lib.dsv'
[5.693s] INFO:colcon.colcon_core.shell:Creating environment hook '/root/Shared/src/MIAPR_project/install/nav2_RRTstar_planner/share/nav2_RRTstar_planner/hook/ld_library_path_lib.sh'
[5.693s] Level 1:colcon.colcon_core.environment:checking '/root/Shared/src/MIAPR_project/install/nav2_RRTstar_planner/bin'
[5.693s] Level 1:colcon.colcon_core.environment:checking '/root/Shared/src/MIAPR_project/install/nav2_RRTstar_planner/lib/pkgconfig/nav2_RRTstar_planner.pc'
[5.693s] Level 1:colcon.colcon_core.environment:checking '/root/Shared/src/MIAPR_project/install/nav2_RRTstar_planner/lib/python3.10/site-packages'
[5.694s] Level 1:colcon.colcon_core.environment:checking '/root/Shared/src/MIAPR_project/install/nav2_RRTstar_planner/bin'
[5.694s] INFO:colcon.colcon_core.shell:Creating package script '/root/Shared/src/MIAPR_project/install/nav2_RRTstar_planner/share/nav2_RRTstar_planner/package.ps1'
[5.694s] INFO:colcon.colcon_core.shell:Creating package descriptor '/root/Shared/src/MIAPR_project/install/nav2_RRTstar_planner/share/nav2_RRTstar_planner/package.dsv'
[5.694s] INFO:colcon.colcon_core.shell:Creating package script '/root/Shared/src/MIAPR_project/install/nav2_RRTstar_planner/share/nav2_RRTstar_planner/package.sh'
[5.695s] INFO:colcon.colcon_core.shell:Creating package script '/root/Shared/src/MIAPR_project/install/nav2_RRTstar_planner/share/nav2_RRTstar_planner/package.bash'
[5.695s] INFO:colcon.colcon_core.shell:Creating package script '/root/Shared/src/MIAPR_project/install/nav2_RRTstar_planner/share/nav2_RRTstar_planner/package.zsh'
[5.695s] Level 1:colcon.colcon_core.environment:create_file_with_runtime_dependencies(/root/Shared/src/MIAPR_project/install/nav2_RRTstar_planner/share/colcon-core/packages/nav2_RRTstar_planner)
[5.695s] Level 1:colcon.colcon_core.environment:create_environment_scripts_only(nav2_RRTstar_planner)
[5.696s] Level 1:colcon.colcon_core.environment:checking '/root/Shared/src/MIAPR_project/install/nav2_RRTstar_planner' for CMake module files
[5.696s] Level 1:colcon.colcon_core.environment:checking '/root/Shared/src/MIAPR_project/install/nav2_RRTstar_planner' for CMake config files
[5.696s] Level 1:colcon.colcon_core.shell:create_environment_hook('nav2_RRTstar_planner', 'cmake_prefix_path')
[5.696s] INFO:colcon.colcon_core.shell:Creating environment hook '/root/Shared/src/MIAPR_project/install/nav2_RRTstar_planner/share/nav2_RRTstar_planner/hook/cmake_prefix_path.ps1'
[5.697s] INFO:colcon.colcon_core.shell:Creating environment descriptor '/root/Shared/src/MIAPR_project/install/nav2_RRTstar_planner/share/nav2_RRTstar_planner/hook/cmake_prefix_path.dsv'
[5.697s] INFO:colcon.colcon_core.shell:Creating environment hook '/root/Shared/src/MIAPR_project/install/nav2_RRTstar_planner/share/nav2_RRTstar_planner/hook/cmake_prefix_path.sh'
[5.697s] Level 1:colcon.colcon_core.environment:checking '/root/Shared/src/MIAPR_project/install/nav2_RRTstar_planner/lib'
[5.698s] Level 1:colcon.colcon_core.shell:create_environment_hook('nav2_RRTstar_planner', 'ld_library_path_lib')
[5.698s] INFO:colcon.colcon_core.shell:Creating environment hook '/root/Shared/src/MIAPR_project/install/nav2_RRTstar_planner/share/nav2_RRTstar_planner/hook/ld_library_path_lib.ps1'
[5.698s] INFO:colcon.colcon_core.shell:Creating environment descriptor '/root/Shared/src/MIAPR_project/install/nav2_RRTstar_planner/share/nav2_RRTstar_planner/hook/ld_library_path_lib.dsv'
[5.698s] INFO:colcon.colcon_core.shell:Creating environment hook '/root/Shared/src/MIAPR_project/install/nav2_RRTstar_planner/share/nav2_RRTstar_planner/hook/ld_library_path_lib.sh'
[5.699s] Level 1:colcon.colcon_core.environment:checking '/root/Shared/src/MIAPR_project/install/nav2_RRTstar_planner/bin'
[5.699s] Level 1:colcon.colcon_core.environment:checking '/root/Shared/src/MIAPR_project/install/nav2_RRTstar_planner/lib/pkgconfig/nav2_RRTstar_planner.pc'
[5.699s] Level 1:colcon.colcon_core.environment:checking '/root/Shared/src/MIAPR_project/install/nav2_RRTstar_planner/lib/python3.10/site-packages'
[5.699s] Level 1:colcon.colcon_core.environment:checking '/root/Shared/src/MIAPR_project/install/nav2_RRTstar_planner/bin'
[5.699s] INFO:colcon.colcon_core.shell:Creating package script '/root/Shared/src/MIAPR_project/install/nav2_RRTstar_planner/share/nav2_RRTstar_planner/package.ps1'
[5.700s] INFO:colcon.colcon_core.shell:Creating package descriptor '/root/Shared/src/MIAPR_project/install/nav2_RRTstar_planner/share/nav2_RRTstar_planner/package.dsv'
[5.700s] INFO:colcon.colcon_core.shell:Creating package script '/root/Shared/src/MIAPR_project/install/nav2_RRTstar_planner/share/nav2_RRTstar_planner/package.sh'
[5.701s] INFO:colcon.colcon_core.shell:Creating package script '/root/Shared/src/MIAPR_project/install/nav2_RRTstar_planner/share/nav2_RRTstar_planner/package.bash'
[5.701s] INFO:colcon.colcon_core.shell:Creating package script '/root/Shared/src/MIAPR_project/install/nav2_RRTstar_planner/share/nav2_RRTstar_planner/package.zsh'
[5.701s] Level 1:colcon.colcon_core.environment:create_file_with_runtime_dependencies(/root/Shared/src/MIAPR_project/install/nav2_RRTstar_planner/share/colcon-core/packages/nav2_RRTstar_planner)
[5.701s] DEBUG:colcon.colcon_parallel_executor.executor.parallel:closing loop
[5.702s] DEBUG:colcon.colcon_parallel_executor.executor.parallel:loop closed
[5.702s] DEBUG:colcon.colcon_parallel_executor.executor.parallel:run_until_complete finished with '0'
[5.702s] DEBUG:colcon.colcon_core.event_reactor:joining thread
[5.705s] INFO:colcon.colcon_core.plugin_system:Skipping extension 'colcon_notification.desktop_notification.notify_send': Could not find 'notify-send'
[5.705s] INFO:colcon.colcon_core.plugin_system:Skipping extension 'colcon_notification.desktop_notification.terminal_notifier': Not used on non-Darwin systems
[5.706s] INFO:colcon.colcon_core.plugin_system:Skipping extension 'colcon_notification.desktop_notification.win32': Not used on non-Windows systems
[5.706s] INFO:colcon.colcon_notification.desktop_notification:Sending desktop notification using 'notify2'
[5.707s] DEBUG:colcon.colcon_notification.desktop_notification.notify2:Failed to initialize notify2: org.freedesktop.DBus.Error.Spawn.ExecFailed: /usr/bin/dbus-launch terminated abnormally without any error message
[5.708s] DEBUG:colcon.colcon_core.event_reactor:joined thread
[5.708s] INFO:colcon.colcon_core.shell:Creating prefix script '/root/Shared/src/MIAPR_project/install/local_setup.ps1'
[5.709s] INFO:colcon.colcon_core.shell:Creating prefix util module '/root/Shared/src/MIAPR_project/install/_local_setup_util_ps1.py'
[5.710s] INFO:colcon.colcon_core.shell:Creating prefix chain script '/root/Shared/src/MIAPR_project/install/setup.ps1'
[5.711s] INFO:colcon.colcon_core.shell:Creating prefix script '/root/Shared/src/MIAPR_project/install/local_setup.sh'
[5.711s] INFO:colcon.colcon_core.shell:Creating prefix util module '/root/Shared/src/MIAPR_project/install/_local_setup_util_sh.py'
[5.711s] INFO:colcon.colcon_core.shell:Creating prefix chain script '/root/Shared/src/MIAPR_project/install/setup.sh'
[5.712s] INFO:colcon.colcon_core.shell:Creating prefix script '/root/Shared/src/MIAPR_project/install/local_setup.bash'
[5.712s] INFO:colcon.colcon_core.shell:Creating prefix chain script '/root/Shared/src/MIAPR_project/install/setup.bash'
[5.713s] INFO:colcon.colcon_core.shell:Creating prefix script '/root/Shared/src/MIAPR_project/install/local_setup.zsh'
[5.714s] INFO:colcon.colcon_core.shell:Creating prefix chain script '/root/Shared/src/MIAPR_project/install/setup.zsh'
