[0.011s] Invoking command in '/home/szymon/Documents/MIAPR/MIAPR_project/build/nav2_sms_behavior': CMAKE_PREFIX_PATH=/opt/ros/humble /usr/bin/cmake /home/szymon/Documents/MIAPR/MIAPR_project/src/nav2_sms_behavior -DCMAKE_INSTALL_PREFIX=/home/szymon/Documents/MIAPR/MIAPR_project/install/nav2_sms_behavior
[0.081s] -- The C compiler identification is GNU 11.4.0
[0.140s] -- The CXX compiler identification is GNU 11.4.0
[0.146s] -- Detecting C compiler ABI info
[0.194s] -- Detecting C compiler ABI info - done
[0.200s] -- Check for working C compiler: /usr/bin/cc - skipped
[0.200s] -- Detecting C compile features
[0.200s] -- Detecting C compile features - done
[0.202s] -- Detecting CXX compiler ABI info
[0.250s] -- Detecting CXX compiler ABI info - done
[0.258s] -- Check for working CXX compiler: /usr/bin/c++ - skipped
[0.258s] -- Detecting CXX compile features
[0.258s] -- Detecting CXX compile features - done
[0.260s] -- Found ament_cmake: 1.3.11 (/opt/ros/humble/share/ament_cmake/cmake)
[0.736s] -- Found Python3: /usr/bin/python3 (found version "3.10.12") found components: Interpreter 
[0.825s] -- Found rclcpp: 16.0.12 (/opt/ros/humble/share/rclcpp/cmake)
[0.859s] -- Found rosidl_generator_c: 3.1.6 (/opt/ros/humble/share/rosidl_generator_c/cmake)
[0.863s] -- Found rosidl_adapter: 3.1.6 (/opt/ros/humble/share/rosidl_adapter/cmake)
[0.870s] -- Found rosidl_generator_cpp: 3.1.6 (/opt/ros/humble/share/rosidl_generator_cpp/cmake)
[0.880s] -- Using all available rosidl_typesupport_c: rosidl_typesupport_fastrtps_c;rosidl_typesupport_introspection_c
[0.893s] -- Using all available rosidl_typesupport_cpp: rosidl_typesupport_fastrtps_cpp;rosidl_typesupport_introspection_cpp
[0.929s] -- Found rmw_implementation_cmake: 6.1.2 (/opt/ros/humble/share/rmw_implementation_cmake/cmake)
[0.932s] -- Found rmw_fastrtps_cpp: 6.2.7 (/opt/ros/humble/share/rmw_fastrtps_cpp/cmake)
[1.000s] -- Found OpenSSL: /usr/lib/x86_64-linux-gnu/libcrypto.so (found version "3.0.2")  
[1.021s] -- Found FastRTPS: /opt/ros/humble/include  
[1.053s] -- Using RMW implementation 'rmw_fastrtps_cpp' as default
[1.058s] -- Looking for pthread.h
[1.109s] -- Looking for pthread.h - found
[1.109s] -- Performing Test CMAKE_HAVE_LIBC_PTHREAD
[1.161s] -- Performing Test CMAKE_HAVE_LIBC_PTHREAD - Success
[1.162s] -- Found Threads: TRUE  
[1.197s] -- Found rclcpp_action: 16.0.12 (/opt/ros/humble/share/rclcpp_action/cmake)
[1.224s] -- Found rclcpp_lifecycle: 16.0.12 (/opt/ros/humble/share/rclcpp_lifecycle/cmake)
[1.239s] -- Found visualization_msgs: 4.8.0 (/opt/ros/humble/share/visualization_msgs/cmake)
[1.278s] -- Found nav2_util: 1.1.18 (/opt/ros/humble/share/nav2_util/cmake)
[1.365s] -- Found eigen3_cmake_module: 0.1.1 (/opt/ros/humble/share/eigen3_cmake_module/cmake)
[1.366s] -- Found Eigen3: TRUE (found version "3.4.0") 
[1.366s] -- Ensuring Eigen3 include directory is part of orocos-kdl CMake target
[1.390s] -- Found nav2_costmap_2d: 1.1.18 (/opt/ros/humble/share/nav2_costmap_2d/cmake)
[1.445s] -- Found nav2_core: 1.1.18 (/opt/ros/humble/share/nav2_core/cmake)
[1.453s] -- Found nav2_behaviors: 1.1.18 (/opt/ros/humble/share/nav2_behaviors/cmake)
[1.487s] -- Found rosidl_default_generators: 1.2.0 (/opt/ros/humble/share/rosidl_default_generators/cmake)
[1.545s] -- Found CURL: /usr/lib/x86_64-linux-gnu/libcurl.so (found version "7.81.0")  
[1.756s] -- Found ament_cmake_ros: 0.10.0 (/opt/ros/humble/share/ament_cmake_ros/cmake)
[2.025s] -- Using all available rosidl_typesupport_c: rosidl_typesupport_fastrtps_c;rosidl_typesupport_introspection_c
[2.125s] -- Using all available rosidl_typesupport_cpp: rosidl_typesupport_fastrtps_cpp;rosidl_typesupport_introspection_cpp
[2.144s] -- Found PythonInterp: /usr/bin/python3 (found suitable version "3.10.12", minimum required is "3.6") 
[2.145s] -- Found python_cmake_module: 0.10.0 (/opt/ros/humble/share/python_cmake_module/cmake)
[2.168s] -- Found PythonLibs: /usr/lib/x86_64-linux-gnu/libpython3.10.so (found suitable version "3.10.12", minimum required is "3.5") 
[2.168s] -- Using PYTHON_EXECUTABLE: /usr/bin/python3
[2.168s] -- Using PYTHON_INCLUDE_DIRS: /usr/include/python3.10
[2.168s] -- Using PYTHON_LIBRARIES: /usr/lib/x86_64-linux-gnu/libpython3.10.so
[2.183s] -- Found PythonExtra: .so  
[2.656s] -- Found ament_lint_auto: 0.12.12 (/opt/ros/humble/share/ament_lint_auto/cmake)
[2.677s] -- Added test 'copyright' to check source files copyright and LICENSE
[2.678s] -- Added test 'cppcheck' to perform static code analysis on C / C++ code
[2.678s] -- Configured cppcheck include dirs: /home/szymon/Documents/MIAPR/MIAPR_project/src/nav2_sms_behavior/include
[2.679s] -- Configured cppcheck exclude dirs and/or files: 
[2.679s] -- Added test 'cpplint' to check C / C++ code against the Google style
[2.679s] -- Configured cpplint exclude dirs and/or files: 
[2.679s] -- Added test 'lint_cmake' to check CMake code style
[2.680s] -- Added test 'uncrustify' to check C / C++ code style
[2.680s] -- Configured uncrustify additional arguments: 
[2.680s] -- Added test 'xmllint' to check XML markup files
[2.681s] -- Configuring done
[2.741s] -- Generating done
[2.753s] -- Build files have been written to: /home/szymon/Documents/MIAPR/MIAPR_project/build/nav2_sms_behavior
[2.764s] Invoked command in '/home/szymon/Documents/MIAPR/MIAPR_project/build/nav2_sms_behavior' returned '0': CMAKE_PREFIX_PATH=/opt/ros/humble /usr/bin/cmake /home/szymon/Documents/MIAPR/MIAPR_project/src/nav2_sms_behavior -DCMAKE_INSTALL_PREFIX=/home/szymon/Documents/MIAPR/MIAPR_project/install/nav2_sms_behavior
[2.765s] Invoking command in '/home/szymon/Documents/MIAPR/MIAPR_project/build/nav2_sms_behavior': CMAKE_PREFIX_PATH=/opt/ros/humble /usr/bin/cmake --build /home/szymon/Documents/MIAPR/MIAPR_project/build/nav2_sms_behavior -- -j12 -l12
[2.796s] [  2%] [34m[1mGenerating C code for ROS interfaces[0m
[2.806s] [  5%] [34m[1mGenerating C++ code for ROS interfaces[0m
[2.811s] [  5%] Built target ament_cmake_python_copy_nav2_sms_behavior
[3.074s] [  5%] Built target nav2_sms_behavior__cpp
[3.081s] [  8%] [34m[1mGenerating C++ type support for eProsima Fast-RTPS[0m
[3.083s] [ 14%] [34m[1mGenerating C++ introspection for ROS interfaces[0m
[3.083s] [ 14%] [34m[1mGenerating C++ type support dispatch for ROS interfaces[0m
[3.108s] running egg_info
[3.109s] creating nav2_sms_behavior.egg-info
[3.120s] writing nav2_sms_behavior.egg-info/PKG-INFO
[3.120s] writing dependency_links to nav2_sms_behavior.egg-info/dependency_links.txt
[3.120s] writing top-level names to nav2_sms_behavior.egg-info/top_level.txt
[3.121s] writing manifest file 'nav2_sms_behavior.egg-info/SOURCES.txt'
[3.156s] reading manifest file 'nav2_sms_behavior.egg-info/SOURCES.txt'
[3.157s] writing manifest file 'nav2_sms_behavior.egg-info/SOURCES.txt'
[3.204s] [ 17%] [32mBuilding C object CMakeFiles/nav2_sms_behavior__rosidl_generator_c.dir/rosidl_generator_c/nav2_sms_behavior/action/detail/send_sms__functions.c.o[0m
[3.206s] [ 17%] Built target ament_cmake_python_build_nav2_sms_behavior_egg
[3.297s] [ 20%] [32m[1mLinking C shared library libnav2_sms_behavior__rosidl_generator_c.so[0m
[3.310s] [ 23%] [32mBuilding CXX object CMakeFiles/nav2_sms_behavior__rosidl_typesupport_cpp.dir/rosidl_typesupport_cpp/nav2_sms_behavior/action/send_sms__type_support.cpp.o[0m
[3.327s] [ 23%] Built target nav2_sms_behavior__rosidl_generator_c
[3.333s] [ 26%] [34m[1mGenerating C introspection for ROS interfaces[0m
[3.335s] [ 32%] [34m[1mGenerating C type support for eProsima Fast-RTPS[0m
[3.336s] [ 32%] [34m[1mGenerating C type support dispatch for ROS interfaces[0m
[3.342s] [ 35%] [32mBuilding CXX object CMakeFiles/nav2_sms_behavior__rosidl_typesupport_introspection_cpp.dir/rosidl_typesupport_introspection_cpp/nav2_sms_behavior/action/detail/send_sms__type_support.cpp.o[0m
[3.381s] [ 38%] [32mBuilding CXX object CMakeFiles/nav2_sms_behavior__rosidl_typesupport_fastrtps_cpp.dir/rosidl_typesupport_fastrtps_cpp/nav2_sms_behavior/action/detail/dds_fastrtps/send_sms__type_support.cpp.o[0m
[3.580s] [ 41%] [32mBuilding C object CMakeFiles/nav2_sms_behavior__rosidl_typesupport_introspection_c.dir/rosidl_typesupport_introspection_c/nav2_sms_behavior/action/detail/send_sms__type_support.c.o[0m
[3.628s] [ 44%] [32m[1mLinking C shared library libnav2_sms_behavior__rosidl_typesupport_introspection_c.so[0m
[3.649s] [ 47%] [32mBuilding CXX object CMakeFiles/nav2_sms_behavior__rosidl_typesupport_c.dir/rosidl_typesupport_c/nav2_sms_behavior/action/send_sms__type_support.cpp.o[0m
[3.649s] [ 47%] Built target nav2_sms_behavior__rosidl_typesupport_introspection_c
[3.683s] [ 50%] [32m[1mLinking CXX shared library libnav2_sms_behavior__rosidl_typesupport_c.so[0m
[3.709s] [ 50%] Built target nav2_sms_behavior__rosidl_typesupport_c
[3.711s] [ 52%] [32m[1mLinking CXX shared library libnav2_sms_behavior__rosidl_typesupport_cpp.so[0m
[3.723s] [ 55%] [32m[1mLinking CXX shared library libnav2_sms_behavior__rosidl_typesupport_introspection_cpp.so[0m
[3.741s] [ 55%] Built target nav2_sms_behavior__rosidl_typesupport_cpp
[3.747s] [ 58%] [32mBuilding CXX object CMakeFiles/nav2_sms_behavior__rosidl_typesupport_fastrtps_c.dir/rosidl_typesupport_fastrtps_c/nav2_sms_behavior/action/detail/send_sms__type_support_c.cpp.o[0m
[3.748s] [ 61%] [32m[1mLinking CXX shared library libnav2_sms_behavior__rosidl_typesupport_fastrtps_cpp.so[0m
[3.759s] [ 64%] [32mBuilding CXX object CMakeFiles/nav2_sms_behavior_plugin.dir/src/send_sms.cpp.o[0m
[3.759s] [ 67%] [32mBuilding CXX object CMakeFiles/nav2_sms_behavior_plugin.dir/src/twilio.cpp.o[0m
[3.785s] [ 67%] Built target nav2_sms_behavior__rosidl_typesupport_introspection_cpp
[3.823s] [ 67%] Built target nav2_sms_behavior__rosidl_typesupport_fastrtps_cpp
[3.989s] [ 70%] [32m[1mLinking CXX shared library libnav2_sms_behavior__rosidl_typesupport_fastrtps_c.so[0m
[4.065s] [ 70%] Built target nav2_sms_behavior__rosidl_typesupport_fastrtps_c
[4.081s] [ 70%] Built target nav2_sms_behavior
[4.097s] [ 73%] [34m[1mGenerating Python code for ROS interfaces[0m
[4.523s] [ 73%] Built target nav2_sms_behavior__py
[4.539s] [ 76%] [32mBuilding C object CMakeFiles/nav2_sms_behavior__rosidl_generator_py.dir/rosidl_generator_py/nav2_sms_behavior/action/_send_sms_s.c.o[0m
[4.637s] [ 79%] [32m[1mLinking C shared library rosidl_generator_py/nav2_sms_behavior/libnav2_sms_behavior__rosidl_generator_py.so[0m
[4.668s] [ 79%] Built target nav2_sms_behavior__rosidl_generator_py
[4.682s] [ 82%] [32mBuilding C object CMakeFiles/nav2_sms_behavior__rosidl_typesupport_fastrtps_c__pyext.dir/rosidl_generator_py/nav2_sms_behavior/_nav2_sms_behavior_s.ep.rosidl_typesupport_fastrtps_c.c.o[0m
[4.682s] [ 85%] [32mBuilding C object CMakeFiles/nav2_sms_behavior__rosidl_typesupport_introspection_c__pyext.dir/rosidl_generator_py/nav2_sms_behavior/_nav2_sms_behavior_s.ep.rosidl_typesupport_introspection_c.c.o[0m
[4.683s] [ 88%] [32mBuilding C object CMakeFiles/nav2_sms_behavior__rosidl_typesupport_c__pyext.dir/rosidl_generator_py/nav2_sms_behavior/_nav2_sms_behavior_s.ep.rosidl_typesupport_c.c.o[0m
[4.756s] [ 91%] [32m[1mLinking C shared library rosidl_generator_py/nav2_sms_behavior/nav2_sms_behavior_s__rosidl_typesupport_c.cpython-310-x86_64-linux-gnu.so[0m
[4.760s] [ 94%] [32m[1mLinking C shared library rosidl_generator_py/nav2_sms_behavior/nav2_sms_behavior_s__rosidl_typesupport_fastrtps_c.cpython-310-x86_64-linux-gnu.so[0m
[4.785s] [ 94%] Built target nav2_sms_behavior__rosidl_typesupport_c__pyext
[4.788s] [ 94%] Built target nav2_sms_behavior__rosidl_typesupport_fastrtps_c__pyext
[4.793s] [ 97%] [32m[1mLinking C shared library rosidl_generator_py/nav2_sms_behavior/nav2_sms_behavior_s__rosidl_typesupport_introspection_c.cpython-310-x86_64-linux-gnu.so[0m
[4.822s] [ 97%] Built target nav2_sms_behavior__rosidl_typesupport_introspection_c__pyext
[7.788s] [100%] [32m[1mLinking CXX shared library libnav2_sms_behavior_plugin.so[0m
[8.184s] [100%] Built target nav2_sms_behavior_plugin
[8.194s] Invoked command in '/home/szymon/Documents/MIAPR/MIAPR_project/build/nav2_sms_behavior' returned '0': CMAKE_PREFIX_PATH=/opt/ros/humble /usr/bin/cmake --build /home/szymon/Documents/MIAPR/MIAPR_project/build/nav2_sms_behavior -- -j12 -l12
[8.196s] Invoking command in '/home/szymon/Documents/MIAPR/MIAPR_project/build/nav2_sms_behavior': CMAKE_PREFIX_PATH=/opt/ros/humble /usr/bin/cmake --install /home/szymon/Documents/MIAPR/MIAPR_project/build/nav2_sms_behavior
[8.201s] -- Install configuration: ""
[8.201s] -- Installing: /home/szymon/Documents/MIAPR/MIAPR_project/install/nav2_sms_behavior/share/ament_index/resource_index/rosidl_interfaces/nav2_sms_behavior
[8.202s] -- Installing: /home/szymon/Documents/MIAPR/MIAPR_project/install/nav2_sms_behavior/include/nav2_sms_behavior/nav2_sms_behavior
[8.202s] -- Installing: /home/szymon/Documents/MIAPR/MIAPR_project/install/nav2_sms_behavior/include/nav2_sms_behavior/nav2_sms_behavior/action
[8.202s] -- Installing: /home/szymon/Documents/MIAPR/MIAPR_project/install/nav2_sms_behavior/include/nav2_sms_behavior/nav2_sms_behavior/action/send_sms.h
[8.202s] -- Installing: /home/szymon/Documents/MIAPR/MIAPR_project/install/nav2_sms_behavior/include/nav2_sms_behavior/nav2_sms_behavior/action/detail
[8.202s] -- Installing: /home/szymon/Documents/MIAPR/MIAPR_project/install/nav2_sms_behavior/include/nav2_sms_behavior/nav2_sms_behavior/action/detail/send_sms__functions.h
[8.202s] -- Installing: /home/szymon/Documents/MIAPR/MIAPR_project/install/nav2_sms_behavior/include/nav2_sms_behavior/nav2_sms_behavior/action/detail/send_sms__functions.c
[8.202s] -- Installing: /home/szymon/Documents/MIAPR/MIAPR_project/install/nav2_sms_behavior/include/nav2_sms_behavior/nav2_sms_behavior/action/detail/send_sms__type_support.h
[8.202s] -- Installing: /home/szymon/Documents/MIAPR/MIAPR_project/install/nav2_sms_behavior/include/nav2_sms_behavior/nav2_sms_behavior/action/detail/send_sms__struct.h
[8.202s] -- Installing: /home/szymon/Documents/MIAPR/MIAPR_project/install/nav2_sms_behavior/include/nav2_sms_behavior/nav2_sms_behavior/msg
[8.202s] -- Installing: /home/szymon/Documents/MIAPR/MIAPR_project/install/nav2_sms_behavior/include/nav2_sms_behavior/nav2_sms_behavior/msg/rosidl_generator_c__visibility_control.h
[8.202s] -- Installing: /home/szymon/Documents/MIAPR/MIAPR_project/install/nav2_sms_behavior/share/nav2_sms_behavior/environment/library_path.sh
[8.202s] -- Installing: /home/szymon/Documents/MIAPR/MIAPR_project/install/nav2_sms_behavior/share/nav2_sms_behavior/environment/library_path.dsv
[8.202s] -- Installing: /home/szymon/Documents/MIAPR/MIAPR_project/install/nav2_sms_behavior/lib/libnav2_sms_behavior__rosidl_generator_c.so
[8.202s] -- Set runtime path of "/home/szymon/Documents/MIAPR/MIAPR_project/install/nav2_sms_behavior/lib/libnav2_sms_behavior__rosidl_generator_c.so" to ""
[8.202s] -- Up-to-date: /home/szymon/Documents/MIAPR/MIAPR_project/install/nav2_sms_behavior/include/nav2_sms_behavior/nav2_sms_behavior
[8.202s] -- Up-to-date: /home/szymon/Documents/MIAPR/MIAPR_project/install/nav2_sms_behavior/include/nav2_sms_behavior/nav2_sms_behavior/action
[8.202s] -- Up-to-date: /home/szymon/Documents/MIAPR/MIAPR_project/install/nav2_sms_behavior/include/nav2_sms_behavior/nav2_sms_behavior/action/detail
[8.202s] -- Installing: /home/szymon/Documents/MIAPR/MIAPR_project/install/nav2_sms_behavior/include/nav2_sms_behavior/nav2_sms_behavior/action/detail/send_sms__rosidl_typesupport_fastrtps_c.h
[8.202s] -- Up-to-date: /home/szymon/Documents/MIAPR/MIAPR_project/install/nav2_sms_behavior/include/nav2_sms_behavior/nav2_sms_behavior/msg
[8.202s] -- Installing: /home/szymon/Documents/MIAPR/MIAPR_project/install/nav2_sms_behavior/include/nav2_sms_behavior/nav2_sms_behavior/msg/rosidl_typesupport_fastrtps_c__visibility_control.h
[8.202s] -- Installing: /home/szymon/Documents/MIAPR/MIAPR_project/install/nav2_sms_behavior/lib/libnav2_sms_behavior__rosidl_typesupport_fastrtps_c.so
[8.202s] -- Set runtime path of "/home/szymon/Documents/MIAPR/MIAPR_project/install/nav2_sms_behavior/lib/libnav2_sms_behavior__rosidl_typesupport_fastrtps_c.so" to ""
[8.202s] -- Up-to-date: /home/szymon/Documents/MIAPR/MIAPR_project/install/nav2_sms_behavior/include/nav2_sms_behavior/nav2_sms_behavior
[8.203s] -- Up-to-date: /home/szymon/Documents/MIAPR/MIAPR_project/install/nav2_sms_behavior/include/nav2_sms_behavior/nav2_sms_behavior/action
[8.203s] -- Installing: /home/szymon/Documents/MIAPR/MIAPR_project/install/nav2_sms_behavior/include/nav2_sms_behavior/nav2_sms_behavior/action/send_sms.hpp
[8.203s] -- Up-to-date: /home/szymon/Documents/MIAPR/MIAPR_project/install/nav2_sms_behavior/include/nav2_sms_behavior/nav2_sms_behavior/action/detail
[8.203s] -- Installing: /home/szymon/Documents/MIAPR/MIAPR_project/install/nav2_sms_behavior/include/nav2_sms_behavior/nav2_sms_behavior/action/detail/send_sms__traits.hpp
[8.203s] -- Installing: /home/szymon/Documents/MIAPR/MIAPR_project/install/nav2_sms_behavior/include/nav2_sms_behavior/nav2_sms_behavior/action/detail/send_sms__type_support.hpp
[8.203s] -- Installing: /home/szymon/Documents/MIAPR/MIAPR_project/install/nav2_sms_behavior/include/nav2_sms_behavior/nav2_sms_behavior/action/detail/send_sms__struct.hpp
[8.203s] -- Installing: /home/szymon/Documents/MIAPR/MIAPR_project/install/nav2_sms_behavior/include/nav2_sms_behavior/nav2_sms_behavior/action/detail/send_sms__builder.hpp
[8.203s] -- Up-to-date: /home/szymon/Documents/MIAPR/MIAPR_project/install/nav2_sms_behavior/include/nav2_sms_behavior/nav2_sms_behavior/msg
[8.203s] -- Installing: /home/szymon/Documents/MIAPR/MIAPR_project/install/nav2_sms_behavior/include/nav2_sms_behavior/nav2_sms_behavior/msg/rosidl_generator_cpp__visibility_control.hpp
[8.203s] -- Up-to-date: /home/szymon/Documents/MIAPR/MIAPR_project/install/nav2_sms_behavior/include/nav2_sms_behavior/nav2_sms_behavior
[8.203s] -- Up-to-date: /home/szymon/Documents/MIAPR/MIAPR_project/install/nav2_sms_behavior/include/nav2_sms_behavior/nav2_sms_behavior/action
[8.203s] -- Up-to-date: /home/szymon/Documents/MIAPR/MIAPR_project/install/nav2_sms_behavior/include/nav2_sms_behavior/nav2_sms_behavior/action/detail
[8.203s] -- Installing: /home/szymon/Documents/MIAPR/MIAPR_project/install/nav2_sms_behavior/include/nav2_sms_behavior/nav2_sms_behavior/action/detail/dds_fastrtps
[8.203s] -- Installing: /home/szymon/Documents/MIAPR/MIAPR_project/install/nav2_sms_behavior/include/nav2_sms_behavior/nav2_sms_behavior/action/detail/send_sms__rosidl_typesupport_fastrtps_cpp.hpp
[8.203s] -- Up-to-date: /home/szymon/Documents/MIAPR/MIAPR_project/install/nav2_sms_behavior/include/nav2_sms_behavior/nav2_sms_behavior/msg
[8.203s] -- Installing: /home/szymon/Documents/MIAPR/MIAPR_project/install/nav2_sms_behavior/include/nav2_sms_behavior/nav2_sms_behavior/msg/rosidl_typesupport_fastrtps_cpp__visibility_control.h
[8.203s] -- Installing: /home/szymon/Documents/MIAPR/MIAPR_project/install/nav2_sms_behavior/lib/libnav2_sms_behavior__rosidl_typesupport_fastrtps_cpp.so
[8.203s] -- Set runtime path of "/home/szymon/Documents/MIAPR/MIAPR_project/install/nav2_sms_behavior/lib/libnav2_sms_behavior__rosidl_typesupport_fastrtps_cpp.so" to ""
[8.203s] -- Up-to-date: /home/szymon/Documents/MIAPR/MIAPR_project/install/nav2_sms_behavior/include/nav2_sms_behavior/nav2_sms_behavior
[8.203s] -- Up-to-date: /home/szymon/Documents/MIAPR/MIAPR_project/install/nav2_sms_behavior/include/nav2_sms_behavior/nav2_sms_behavior/action
[8.203s] -- Up-to-date: /home/szymon/Documents/MIAPR/MIAPR_project/install/nav2_sms_behavior/include/nav2_sms_behavior/nav2_sms_behavior/action/detail
[8.203s] -- Installing: /home/szymon/Documents/MIAPR/MIAPR_project/install/nav2_sms_behavior/include/nav2_sms_behavior/nav2_sms_behavior/action/detail/send_sms__type_support.c
[8.203s] -- Installing: /home/szymon/Documents/MIAPR/MIAPR_project/install/nav2_sms_behavior/include/nav2_sms_behavior/nav2_sms_behavior/action/detail/send_sms__rosidl_typesupport_introspection_c.h
[8.203s] -- Up-to-date: /home/szymon/Documents/MIAPR/MIAPR_project/install/nav2_sms_behavior/include/nav2_sms_behavior/nav2_sms_behavior/msg
[8.203s] -- Installing: /home/szymon/Documents/MIAPR/MIAPR_project/install/nav2_sms_behavior/include/nav2_sms_behavior/nav2_sms_behavior/msg/rosidl_typesupport_introspection_c__visibility_control.h
[8.203s] -- Installing: /home/szymon/Documents/MIAPR/MIAPR_project/install/nav2_sms_behavior/lib/libnav2_sms_behavior__rosidl_typesupport_introspection_c.so
[8.204s] -- Set runtime path of "/home/szymon/Documents/MIAPR/MIAPR_project/install/nav2_sms_behavior/lib/libnav2_sms_behavior__rosidl_typesupport_introspection_c.so" to ""
[8.204s] -- Installing: /home/szymon/Documents/MIAPR/MIAPR_project/install/nav2_sms_behavior/lib/libnav2_sms_behavior__rosidl_typesupport_c.so
[8.204s] -- Set runtime path of "/home/szymon/Documents/MIAPR/MIAPR_project/install/nav2_sms_behavior/lib/libnav2_sms_behavior__rosidl_typesupport_c.so" to ""
[8.204s] -- Up-to-date: /home/szymon/Documents/MIAPR/MIAPR_project/install/nav2_sms_behavior/include/nav2_sms_behavior/nav2_sms_behavior
[8.204s] -- Up-to-date: /home/szymon/Documents/MIAPR/MIAPR_project/install/nav2_sms_behavior/include/nav2_sms_behavior/nav2_sms_behavior/action
[8.204s] -- Up-to-date: /home/szymon/Documents/MIAPR/MIAPR_project/install/nav2_sms_behavior/include/nav2_sms_behavior/nav2_sms_behavior/action/detail
[8.204s] -- Installing: /home/szymon/Documents/MIAPR/MIAPR_project/install/nav2_sms_behavior/include/nav2_sms_behavior/nav2_sms_behavior/action/detail/send_sms__rosidl_typesupport_introspection_cpp.hpp
[8.204s] -- Installing: /home/szymon/Documents/MIAPR/MIAPR_project/install/nav2_sms_behavior/include/nav2_sms_behavior/nav2_sms_behavior/action/detail/send_sms__type_support.cpp
[8.204s] -- Installing: /home/szymon/Documents/MIAPR/MIAPR_project/install/nav2_sms_behavior/lib/libnav2_sms_behavior__rosidl_typesupport_introspection_cpp.so
[8.204s] -- Set runtime path of "/home/szymon/Documents/MIAPR/MIAPR_project/install/nav2_sms_behavior/lib/libnav2_sms_behavior__rosidl_typesupport_introspection_cpp.so" to ""
[8.204s] -- Installing: /home/szymon/Documents/MIAPR/MIAPR_project/install/nav2_sms_behavior/lib/libnav2_sms_behavior__rosidl_typesupport_cpp.so
[8.204s] -- Set runtime path of "/home/szymon/Documents/MIAPR/MIAPR_project/install/nav2_sms_behavior/lib/libnav2_sms_behavior__rosidl_typesupport_cpp.so" to ""
[8.204s] -- Installing: /home/szymon/Documents/MIAPR/MIAPR_project/install/nav2_sms_behavior/share/nav2_sms_behavior/environment/pythonpath.sh
[8.204s] -- Installing: /home/szymon/Documents/MIAPR/MIAPR_project/install/nav2_sms_behavior/share/nav2_sms_behavior/environment/pythonpath.dsv
[8.204s] -- Installing: /home/szymon/Documents/MIAPR/MIAPR_project/install/nav2_sms_behavior/local/lib/python3.10/dist-packages/nav2_sms_behavior-1.0.0-py3.10.egg-info
[8.204s] -- Installing: /home/szymon/Documents/MIAPR/MIAPR_project/install/nav2_sms_behavior/local/lib/python3.10/dist-packages/nav2_sms_behavior-1.0.0-py3.10.egg-info/dependency_links.txt
[8.204s] -- Installing: /home/szymon/Documents/MIAPR/MIAPR_project/install/nav2_sms_behavior/local/lib/python3.10/dist-packages/nav2_sms_behavior-1.0.0-py3.10.egg-info/PKG-INFO
[8.204s] -- Installing: /home/szymon/Documents/MIAPR/MIAPR_project/install/nav2_sms_behavior/local/lib/python3.10/dist-packages/nav2_sms_behavior-1.0.0-py3.10.egg-info/top_level.txt
[8.204s] -- Installing: /home/szymon/Documents/MIAPR/MIAPR_project/install/nav2_sms_behavior/local/lib/python3.10/dist-packages/nav2_sms_behavior-1.0.0-py3.10.egg-info/SOURCES.txt
[8.204s] -- Installing: /home/szymon/Documents/MIAPR/MIAPR_project/install/nav2_sms_behavior/local/lib/python3.10/dist-packages/nav2_sms_behavior
[8.205s] -- Installing: /home/szymon/Documents/MIAPR/MIAPR_project/install/nav2_sms_behavior/local/lib/python3.10/dist-packages/nav2_sms_behavior/action
[8.205s] -- Installing: /home/szymon/Documents/MIAPR/MIAPR_project/install/nav2_sms_behavior/local/lib/python3.10/dist-packages/nav2_sms_behavior/action/_send_sms_s.c
[8.205s] -- Installing: /home/szymon/Documents/MIAPR/MIAPR_project/install/nav2_sms_behavior/local/lib/python3.10/dist-packages/nav2_sms_behavior/action/__init__.py
[8.205s] -- Installing: /home/szymon/Documents/MIAPR/MIAPR_project/install/nav2_sms_behavior/local/lib/python3.10/dist-packages/nav2_sms_behavior/action/_send_sms.py
[8.205s] -- Installing: /home/szymon/Documents/MIAPR/MIAPR_project/install/nav2_sms_behavior/local/lib/python3.10/dist-packages/nav2_sms_behavior/nav2_sms_behavior_s__rosidl_typesupport_fastrtps_c.cpython-310-x86_64-linux-gnu.so
[8.205s] -- Installing: /home/szymon/Documents/MIAPR/MIAPR_project/install/nav2_sms_behavior/local/lib/python3.10/dist-packages/nav2_sms_behavior/libnav2_sms_behavior__rosidl_generator_py.so
[8.205s] -- Installing: /home/szymon/Documents/MIAPR/MIAPR_project/install/nav2_sms_behavior/local/lib/python3.10/dist-packages/nav2_sms_behavior/_nav2_sms_behavior_s.ep.rosidl_typesupport_c.c
[8.205s] -- Installing: /home/szymon/Documents/MIAPR/MIAPR_project/install/nav2_sms_behavior/local/lib/python3.10/dist-packages/nav2_sms_behavior/_nav2_sms_behavior_s.ep.rosidl_typesupport_introspection_c.c
[8.205s] -- Installing: /home/szymon/Documents/MIAPR/MIAPR_project/install/nav2_sms_behavior/local/lib/python3.10/dist-packages/nav2_sms_behavior/__init__.py
[8.205s] -- Installing: /home/szymon/Documents/MIAPR/MIAPR_project/install/nav2_sms_behavior/local/lib/python3.10/dist-packages/nav2_sms_behavior/_nav2_sms_behavior_s.ep.rosidl_typesupport_fastrtps_c.c
[8.205s] -- Installing: /home/szymon/Documents/MIAPR/MIAPR_project/install/nav2_sms_behavior/local/lib/python3.10/dist-packages/nav2_sms_behavior/nav2_sms_behavior_s__rosidl_typesupport_c.cpython-310-x86_64-linux-gnu.so
[8.205s] -- Installing: /home/szymon/Documents/MIAPR/MIAPR_project/install/nav2_sms_behavior/local/lib/python3.10/dist-packages/nav2_sms_behavior/nav2_sms_behavior_s__rosidl_typesupport_introspection_c.cpython-310-x86_64-linux-gnu.so
[8.230s] Listing '/home/szymon/Documents/MIAPR/MIAPR_project/install/nav2_sms_behavior/local/lib/python3.10/dist-packages/nav2_sms_behavior'...
[8.230s] Compiling '/home/szymon/Documents/MIAPR/MIAPR_project/install/nav2_sms_behavior/local/lib/python3.10/dist-packages/nav2_sms_behavior/__init__.py'...
[8.230s] Listing '/home/szymon/Documents/MIAPR/MIAPR_project/install/nav2_sms_behavior/local/lib/python3.10/dist-packages/nav2_sms_behavior/action'...
[8.230s] Compiling '/home/szymon/Documents/MIAPR/MIAPR_project/install/nav2_sms_behavior/local/lib/python3.10/dist-packages/nav2_sms_behavior/action/__init__.py'...
[8.230s] Compiling '/home/szymon/Documents/MIAPR/MIAPR_project/install/nav2_sms_behavior/local/lib/python3.10/dist-packages/nav2_sms_behavior/action/_send_sms.py'...
[8.233s] -- Installing: /home/szymon/Documents/MIAPR/MIAPR_project/install/nav2_sms_behavior/local/lib/python3.10/dist-packages/nav2_sms_behavior/nav2_sms_behavior_s__rosidl_typesupport_fastrtps_c.cpython-310-x86_64-linux-gnu.so
[8.233s] -- Set runtime path of "/home/szymon/Documents/MIAPR/MIAPR_project/install/nav2_sms_behavior/local/lib/python3.10/dist-packages/nav2_sms_behavior/nav2_sms_behavior_s__rosidl_typesupport_fastrtps_c.cpython-310-x86_64-linux-gnu.so" to ""
[8.233s] -- Installing: /home/szymon/Documents/MIAPR/MIAPR_project/install/nav2_sms_behavior/local/lib/python3.10/dist-packages/nav2_sms_behavior/nav2_sms_behavior_s__rosidl_typesupport_introspection_c.cpython-310-x86_64-linux-gnu.so
[8.234s] -- Set runtime path of "/home/szymon/Documents/MIAPR/MIAPR_project/install/nav2_sms_behavior/local/lib/python3.10/dist-packages/nav2_sms_behavior/nav2_sms_behavior_s__rosidl_typesupport_introspection_c.cpython-310-x86_64-linux-gnu.so" to ""
[8.234s] -- Installing: /home/szymon/Documents/MIAPR/MIAPR_project/install/nav2_sms_behavior/local/lib/python3.10/dist-packages/nav2_sms_behavior/nav2_sms_behavior_s__rosidl_typesupport_c.cpython-310-x86_64-linux-gnu.so
[8.234s] -- Set runtime path of "/home/szymon/Documents/MIAPR/MIAPR_project/install/nav2_sms_behavior/local/lib/python3.10/dist-packages/nav2_sms_behavior/nav2_sms_behavior_s__rosidl_typesupport_c.cpython-310-x86_64-linux-gnu.so" to ""
[8.234s] -- Installing: /home/szymon/Documents/MIAPR/MIAPR_project/install/nav2_sms_behavior/lib/libnav2_sms_behavior__rosidl_generator_py.so
[8.234s] -- Set runtime path of "/home/szymon/Documents/MIAPR/MIAPR_project/install/nav2_sms_behavior/lib/libnav2_sms_behavior__rosidl_generator_py.so" to ""
[8.234s] -- Installing: /home/szymon/Documents/MIAPR/MIAPR_project/install/nav2_sms_behavior/share/nav2_sms_behavior/action/SendSms.idl
[8.234s] -- Installing: /home/szymon/Documents/MIAPR/MIAPR_project/install/nav2_sms_behavior/share/nav2_sms_behavior/action/SendSms.action
[8.234s] -- Installing: /home/szymon/Documents/MIAPR/MIAPR_project/install/nav2_sms_behavior/share/nav2_sms_behavior/behavior_plugin.xml
[8.234s] -- Installing: /home/szymon/Documents/MIAPR/MIAPR_project/install/nav2_sms_behavior/lib/libnav2_sms_behavior_plugin.so
[8.236s] -- Set runtime path of "/home/szymon/Documents/MIAPR/MIAPR_project/install/nav2_sms_behavior/lib/libnav2_sms_behavior_plugin.so" to ""
[8.236s] -- Up-to-date: /home/szymon/Documents/MIAPR/MIAPR_project/install/nav2_sms_behavior/include/
[8.236s] -- Up-to-date: /home/szymon/Documents/MIAPR/MIAPR_project/install/nav2_sms_behavior/include//nav2_sms_behavior
[8.236s] -- Installing: /home/szymon/Documents/MIAPR/MIAPR_project/install/nav2_sms_behavior/include//nav2_sms_behavior/send_sms.hpp
[8.236s] -- Installing: /home/szymon/Documents/MIAPR/MIAPR_project/install/nav2_sms_behavior/include//nav2_sms_behavior/twilio.hpp
[8.236s] -- Installing: /home/szymon/Documents/MIAPR/MIAPR_project/install/nav2_sms_behavior/include//nav2_sms_behavior/type_conversion.hpp
[8.236s] -- Up-to-date: /home/szymon/Documents/MIAPR/MIAPR_project/install/nav2_sms_behavior/share/nav2_sms_behavior/behavior_plugin.xml
[8.236s] -- Installing: /home/szymon/Documents/MIAPR/MIAPR_project/install/nav2_sms_behavior/share/ament_index/resource_index/package_run_dependencies/nav2_sms_behavior
[8.236s] -- Installing: /home/szymon/Documents/MIAPR/MIAPR_project/install/nav2_sms_behavior/share/ament_index/resource_index/parent_prefix_path/nav2_sms_behavior
[8.236s] -- Installing: /home/szymon/Documents/MIAPR/MIAPR_project/install/nav2_sms_behavior/share/nav2_sms_behavior/environment/ament_prefix_path.sh
[8.236s] -- Installing: /home/szymon/Documents/MIAPR/MIAPR_project/install/nav2_sms_behavior/share/nav2_sms_behavior/environment/ament_prefix_path.dsv
[8.236s] -- Installing: /home/szymon/Documents/MIAPR/MIAPR_project/install/nav2_sms_behavior/share/nav2_sms_behavior/environment/path.sh
[8.236s] -- Installing: /home/szymon/Documents/MIAPR/MIAPR_project/install/nav2_sms_behavior/share/nav2_sms_behavior/environment/path.dsv
[8.236s] -- Installing: /home/szymon/Documents/MIAPR/MIAPR_project/install/nav2_sms_behavior/share/nav2_sms_behavior/local_setup.bash
[8.236s] -- Installing: /home/szymon/Documents/MIAPR/MIAPR_project/install/nav2_sms_behavior/share/nav2_sms_behavior/local_setup.sh
[8.236s] -- Installing: /home/szymon/Documents/MIAPR/MIAPR_project/install/nav2_sms_behavior/share/nav2_sms_behavior/local_setup.zsh
[8.236s] -- Installing: /home/szymon/Documents/MIAPR/MIAPR_project/install/nav2_sms_behavior/share/nav2_sms_behavior/local_setup.dsv
[8.236s] -- Installing: /home/szymon/Documents/MIAPR/MIAPR_project/install/nav2_sms_behavior/share/nav2_sms_behavior/package.dsv
[8.236s] -- Installing: /home/szymon/Documents/MIAPR/MIAPR_project/install/nav2_sms_behavior/share/ament_index/resource_index/packages/nav2_sms_behavior
[8.236s] -- Installing: /home/szymon/Documents/MIAPR/MIAPR_project/install/nav2_sms_behavior/share/ament_index/resource_index/nav2_core__pluginlib__plugin/nav2_sms_behavior
[8.236s] -- Installing: /home/szymon/Documents/MIAPR/MIAPR_project/install/nav2_sms_behavior/share/nav2_sms_behavior/cmake/export_nav2_sms_behavior__rosidl_generator_cExport.cmake
[8.237s] -- Installing: /home/szymon/Documents/MIAPR/MIAPR_project/install/nav2_sms_behavior/share/nav2_sms_behavior/cmake/export_nav2_sms_behavior__rosidl_generator_cExport-noconfig.cmake
[8.237s] -- Installing: /home/szymon/Documents/MIAPR/MIAPR_project/install/nav2_sms_behavior/share/nav2_sms_behavior/cmake/export_nav2_sms_behavior__rosidl_typesupport_fastrtps_cExport.cmake
[8.237s] -- Installing: /home/szymon/Documents/MIAPR/MIAPR_project/install/nav2_sms_behavior/share/nav2_sms_behavior/cmake/export_nav2_sms_behavior__rosidl_typesupport_fastrtps_cExport-noconfig.cmake
[8.237s] -- Installing: /home/szymon/Documents/MIAPR/MIAPR_project/install/nav2_sms_behavior/share/nav2_sms_behavior/cmake/export_nav2_sms_behavior__rosidl_generator_cppExport.cmake
[8.237s] -- Installing: /home/szymon/Documents/MIAPR/MIAPR_project/install/nav2_sms_behavior/share/nav2_sms_behavior/cmake/export_nav2_sms_behavior__rosidl_typesupport_fastrtps_cppExport.cmake
[8.237s] -- Installing: /home/szymon/Documents/MIAPR/MIAPR_project/install/nav2_sms_behavior/share/nav2_sms_behavior/cmake/export_nav2_sms_behavior__rosidl_typesupport_fastrtps_cppExport-noconfig.cmake
[8.237s] -- Installing: /home/szymon/Documents/MIAPR/MIAPR_project/install/nav2_sms_behavior/share/nav2_sms_behavior/cmake/nav2_sms_behavior__rosidl_typesupport_introspection_cExport.cmake
[8.237s] -- Installing: /home/szymon/Documents/MIAPR/MIAPR_project/install/nav2_sms_behavior/share/nav2_sms_behavior/cmake/nav2_sms_behavior__rosidl_typesupport_introspection_cExport-noconfig.cmake
[8.237s] -- Installing: /home/szymon/Documents/MIAPR/MIAPR_project/install/nav2_sms_behavior/share/nav2_sms_behavior/cmake/nav2_sms_behavior__rosidl_typesupport_cExport.cmake
[8.237s] -- Installing: /home/szymon/Documents/MIAPR/MIAPR_project/install/nav2_sms_behavior/share/nav2_sms_behavior/cmake/nav2_sms_behavior__rosidl_typesupport_cExport-noconfig.cmake
[8.237s] -- Installing: /home/szymon/Documents/MIAPR/MIAPR_project/install/nav2_sms_behavior/share/nav2_sms_behavior/cmake/nav2_sms_behavior__rosidl_typesupport_introspection_cppExport.cmake
[8.237s] -- Installing: /home/szymon/Documents/MIAPR/MIAPR_project/install/nav2_sms_behavior/share/nav2_sms_behavior/cmake/nav2_sms_behavior__rosidl_typesupport_introspection_cppExport-noconfig.cmake
[8.237s] -- Installing: /home/szymon/Documents/MIAPR/MIAPR_project/install/nav2_sms_behavior/share/nav2_sms_behavior/cmake/nav2_sms_behavior__rosidl_typesupport_cppExport.cmake
[8.237s] -- Installing: /home/szymon/Documents/MIAPR/MIAPR_project/install/nav2_sms_behavior/share/nav2_sms_behavior/cmake/nav2_sms_behavior__rosidl_typesupport_cppExport-noconfig.cmake
[8.237s] -- Installing: /home/szymon/Documents/MIAPR/MIAPR_project/install/nav2_sms_behavior/share/nav2_sms_behavior/cmake/export_nav2_sms_behavior__rosidl_generator_pyExport.cmake
[8.237s] -- Installing: /home/szymon/Documents/MIAPR/MIAPR_project/install/nav2_sms_behavior/share/nav2_sms_behavior/cmake/export_nav2_sms_behavior__rosidl_generator_pyExport-noconfig.cmake
[8.237s] -- Installing: /home/szymon/Documents/MIAPR/MIAPR_project/install/nav2_sms_behavior/share/nav2_sms_behavior/cmake/rosidl_cmake-extras.cmake
[8.237s] -- Installing: /home/szymon/Documents/MIAPR/MIAPR_project/install/nav2_sms_behavior/share/nav2_sms_behavior/cmake/ament_cmake_export_dependencies-extras.cmake
[8.237s] -- Installing: /home/szymon/Documents/MIAPR/MIAPR_project/install/nav2_sms_behavior/share/nav2_sms_behavior/cmake/ament_cmake_export_include_directories-extras.cmake
[8.237s] -- Installing: /home/szymon/Documents/MIAPR/MIAPR_project/install/nav2_sms_behavior/share/nav2_sms_behavior/cmake/ament_cmake_export_libraries-extras.cmake
[8.238s] -- Installing: /home/szymon/Documents/MIAPR/MIAPR_project/install/nav2_sms_behavior/share/nav2_sms_behavior/cmake/ament_cmake_export_targets-extras.cmake
[8.238s] -- Installing: /home/szymon/Documents/MIAPR/MIAPR_project/install/nav2_sms_behavior/share/nav2_sms_behavior/cmake/rosidl_cmake_export_typesupport_targets-extras.cmake
[8.238s] -- Installing: /home/szymon/Documents/MIAPR/MIAPR_project/install/nav2_sms_behavior/share/nav2_sms_behavior/cmake/rosidl_cmake_export_typesupport_libraries-extras.cmake
[8.238s] -- Installing: /home/szymon/Documents/MIAPR/MIAPR_project/install/nav2_sms_behavior/share/nav2_sms_behavior/cmake/nav2_sms_behaviorConfig.cmake
[8.238s] -- Installing: /home/szymon/Documents/MIAPR/MIAPR_project/install/nav2_sms_behavior/share/nav2_sms_behavior/cmake/nav2_sms_behaviorConfig-version.cmake
[8.238s] -- Installing: /home/szymon/Documents/MIAPR/MIAPR_project/install/nav2_sms_behavior/share/nav2_sms_behavior/package.xml
[8.239s] Invoked command in '/home/szymon/Documents/MIAPR/MIAPR_project/build/nav2_sms_behavior' returned '0': CMAKE_PREFIX_PATH=/opt/ros/humble /usr/bin/cmake --install /home/szymon/Documents/MIAPR/MIAPR_project/build/nav2_sms_behavior
