[0.011s] Invoking command in '/home/szymon/Documents/MIAPR/Project_NAV2_przyklad/build/nav2_straightline_planner': CMAKE_PREFIX_PATH=/opt/ros/humble /usr/bin/cmake /home/szymon/Documents/MIAPR/Project_NAV2_przyklad/navigation2_tutorials/nav2_straightline_planner -DCMAKE_INSTALL_PREFIX=/home/szymon/Documents/MIAPR/Project_NAV2_przyklad/install/nav2_straightline_planner
[0.082s] -- The C compiler identification is GNU 11.4.0
[0.143s] -- The CXX compiler identification is GNU 11.4.0
[0.147s] -- Detecting C compiler ABI info
[0.189s] -- Detecting C compiler ABI info - done
[0.196s] -- Check for working C compiler: /usr/bin/cc - skipped
[0.196s] -- Detecting C compile features
[0.197s] -- Detecting C compile features - done
[0.199s] -- Detecting CXX compiler ABI info
[0.252s] -- Detecting CXX compiler ABI info - done
[0.257s] -- Check for working CXX compiler: /usr/bin/c++ - skipped
[0.257s] -- Detecting CXX compile features
[0.257s] -- Detecting CXX compile features - done
[0.262s] -- Found ament_cmake: 1.3.11 (/opt/ros/humble/share/ament_cmake/cmake)
[0.750s] -- Found Python3: /usr/bin/python3 (found version "3.10.12") found components: Interpreter 
[0.836s] -- Found rclcpp: 16.0.12 (/opt/ros/humble/share/rclcpp/cmake)
[0.883s] -- Found rosidl_generator_c: 3.1.6 (/opt/ros/humble/share/rosidl_generator_c/cmake)
[0.889s] -- Found rosidl_adapter: 3.1.6 (/opt/ros/humble/share/rosidl_adapter/cmake)
[0.897s] -- Found rosidl_generator_cpp: 3.1.6 (/opt/ros/humble/share/rosidl_generator_cpp/cmake)
[0.909s] -- Using all available rosidl_typesupport_c: rosidl_typesupport_fastrtps_c;rosidl_typesupport_introspection_c
[0.926s] -- Using all available rosidl_typesupport_cpp: rosidl_typesupport_fastrtps_cpp;rosidl_typesupport_introspection_cpp
[0.965s] -- Found rmw_implementation_cmake: 6.1.2 (/opt/ros/humble/share/rmw_implementation_cmake/cmake)
[0.966s] -- Found rmw_fastrtps_cpp: 6.2.7 (/opt/ros/humble/share/rmw_fastrtps_cpp/cmake)
[1.030s] -- Found OpenSSL: /usr/lib/x86_64-linux-gnu/libcrypto.so (found version "3.0.2")  
[1.050s] -- Found FastRTPS: /opt/ros/humble/include  
[1.076s] -- Using RMW implementation 'rmw_fastrtps_cpp' as default
[1.084s] -- Looking for pthread.h
[1.137s] -- Looking for pthread.h - found
[1.137s] -- Performing Test CMAKE_HAVE_LIBC_PTHREAD
[1.183s] -- Performing Test CMAKE_HAVE_LIBC_PTHREAD - Success
[1.184s] -- Found Threads: TRUE  
[1.229s] -- Found rclcpp_action: 16.0.12 (/opt/ros/humble/share/rclcpp_action/cmake)
[1.255s] -- Found rclcpp_lifecycle: 16.0.12 (/opt/ros/humble/share/rclcpp_lifecycle/cmake)
[1.270s] -- Found visualization_msgs: 4.8.0 (/opt/ros/humble/share/visualization_msgs/cmake)
[1.304s] -- Found nav2_util: 1.1.18 (/opt/ros/humble/share/nav2_util/cmake)
[1.391s] -- Found eigen3_cmake_module: 0.1.1 (/opt/ros/humble/share/eigen3_cmake_module/cmake)
[1.392s] -- Found Eigen3: TRUE (found version "3.4.0") 
[1.392s] -- Ensuring Eigen3 include directory is part of orocos-kdl CMake target
[1.418s] -- Found nav2_costmap_2d: 1.1.18 (/opt/ros/humble/share/nav2_costmap_2d/cmake)
[1.469s] -- Found nav2_core: 1.1.18 (/opt/ros/humble/share/nav2_core/cmake)
[1.533s] -- Found ament_lint_auto: 0.12.12 (/opt/ros/humble/share/ament_lint_auto/cmake)
[1.607s] -- Added test 'copyright' to check source files copyright and LICENSE
[1.607s] -- Added test 'cppcheck' to perform static code analysis on C / C++ code
[1.608s] -- Configured cppcheck include dirs: /home/szymon/Documents/MIAPR/Project_NAV2_przyklad/navigation2_tutorials/nav2_straightline_planner/include
[1.608s] -- Configured cppcheck exclude dirs and/or files: 
[1.608s] -- Added test 'cpplint' to check C / C++ code against the Google style
[1.608s] -- Configured cpplint exclude dirs and/or files: 
[1.608s] -- Added test 'lint_cmake' to check CMake code style
[1.609s] -- Added test 'uncrustify' to check C / C++ code style
[1.609s] -- Configured uncrustify additional arguments: 
[1.609s] -- Added test 'xmllint' to check XML markup files
[1.611s] -- Configuring done
[1.646s] -- Generating done
[1.651s] -- Build files have been written to: /home/szymon/Documents/MIAPR/Project_NAV2_przyklad/build/nav2_straightline_planner
[1.659s] Invoked command in '/home/szymon/Documents/MIAPR/Project_NAV2_przyklad/build/nav2_straightline_planner' returned '0': CMAKE_PREFIX_PATH=/opt/ros/humble /usr/bin/cmake /home/szymon/Documents/MIAPR/Project_NAV2_przyklad/navigation2_tutorials/nav2_straightline_planner -DCMAKE_INSTALL_PREFIX=/home/szymon/Documents/MIAPR/Project_NAV2_przyklad/install/nav2_straightline_planner
[1.660s] Invoking command in '/home/szymon/Documents/MIAPR/Project_NAV2_przyklad/build/nav2_straightline_planner': CMAKE_PREFIX_PATH=/opt/ros/humble /usr/bin/cmake --build /home/szymon/Documents/MIAPR/Project_NAV2_przyklad/build/nav2_straightline_planner -- -j12 -l12
[1.697s] [ 50%] [32mBuilding CXX object CMakeFiles/nav2_straightline_planner_plugin.dir/src/straight_line_planner.cpp.o[0m
[4.849s] [01m[K/home/szymon/Documents/MIAPR/Project_NAV2_przyklad/navigation2_tutorials/nav2_straightline_planner/src/straight_line_planner.cpp:[m[K In member function ‘[01m[Kvirtual nav_msgs::msg::Path nav2_straightline_planner::StraightLine::createPlan(const PoseStamped&, const PoseStamped&)[m[K’:
[4.849s] [01m[K/home/szymon/Documents/MIAPR/Project_NAV2_przyklad/navigation2_tutorials/nav2_straightline_planner/src/straight_line_planner.cpp:473:1:[m[K [01;35m[Kwarning: [m[Kcontrol reaches end of non-void function [[01;35m[K]8;;https://gcc.gnu.org/onlinedocs/gcc/Warning-Options.html#index-Wreturn-type-Wreturn-type]8;;[m[K]
[4.849s]   473 | [01;35m[K}[m[K
[4.849s]       | [01;35m[K^[m[K
[5.033s] [100%] [32m[1mLinking CXX shared library libnav2_straightline_planner_plugin.so[0m
[5.214s] [100%] Built target nav2_straightline_planner_plugin
[5.223s] Invoked command in '/home/szymon/Documents/MIAPR/Project_NAV2_przyklad/build/nav2_straightline_planner' returned '0': CMAKE_PREFIX_PATH=/opt/ros/humble /usr/bin/cmake --build /home/szymon/Documents/MIAPR/Project_NAV2_przyklad/build/nav2_straightline_planner -- -j12 -l12
[5.225s] Invoking command in '/home/szymon/Documents/MIAPR/Project_NAV2_przyklad/build/nav2_straightline_planner': CMAKE_PREFIX_PATH=/opt/ros/humble /usr/bin/cmake --install /home/szymon/Documents/MIAPR/Project_NAV2_przyklad/build/nav2_straightline_planner
[5.231s] -- Install configuration: ""
[5.231s] -- Installing: /home/szymon/Documents/MIAPR/Project_NAV2_przyklad/install/nav2_straightline_planner/share/nav2_straightline_planner/global_planner_plugin.xml
[5.231s] -- Installing: /home/szymon/Documents/MIAPR/Project_NAV2_przyklad/install/nav2_straightline_planner/lib/libnav2_straightline_planner_plugin.so
[5.231s] -- Set runtime path of "/home/szymon/Documents/MIAPR/Project_NAV2_przyklad/install/nav2_straightline_planner/lib/libnav2_straightline_planner_plugin.so" to ""
[5.231s] -- Installing: /home/szymon/Documents/MIAPR/Project_NAV2_przyklad/install/nav2_straightline_planner/include/
[5.231s] -- Installing: /home/szymon/Documents/MIAPR/Project_NAV2_przyklad/install/nav2_straightline_planner/include//nav2_straightline_planner
[5.231s] -- Installing: /home/szymon/Documents/MIAPR/Project_NAV2_przyklad/install/nav2_straightline_planner/include//nav2_straightline_planner/straight_line_planner.hpp
[5.231s] -- Up-to-date: /home/szymon/Documents/MIAPR/Project_NAV2_przyklad/install/nav2_straightline_planner/share/nav2_straightline_planner/global_planner_plugin.xml
[5.231s] -- Installing: /home/szymon/Documents/MIAPR/Project_NAV2_przyklad/install/nav2_straightline_planner/share/nav2_straightline_planner/environment/library_path.sh
[5.231s] -- Installing: /home/szymon/Documents/MIAPR/Project_NAV2_przyklad/install/nav2_straightline_planner/share/nav2_straightline_planner/environment/library_path.dsv
[5.232s] -- Installing: /home/szymon/Documents/MIAPR/Project_NAV2_przyklad/install/nav2_straightline_planner/share/ament_index/resource_index/package_run_dependencies/nav2_straightline_planner
[5.232s] -- Installing: /home/szymon/Documents/MIAPR/Project_NAV2_przyklad/install/nav2_straightline_planner/share/ament_index/resource_index/parent_prefix_path/nav2_straightline_planner
[5.232s] -- Installing: /home/szymon/Documents/MIAPR/Project_NAV2_przyklad/install/nav2_straightline_planner/share/nav2_straightline_planner/environment/ament_prefix_path.sh
[5.232s] -- Installing: /home/szymon/Documents/MIAPR/Project_NAV2_przyklad/install/nav2_straightline_planner/share/nav2_straightline_planner/environment/ament_prefix_path.dsv
[5.232s] -- Installing: /home/szymon/Documents/MIAPR/Project_NAV2_przyklad/install/nav2_straightline_planner/share/nav2_straightline_planner/environment/path.sh
[5.232s] -- Installing: /home/szymon/Documents/MIAPR/Project_NAV2_przyklad/install/nav2_straightline_planner/share/nav2_straightline_planner/environment/path.dsv
[5.232s] -- Installing: /home/szymon/Documents/MIAPR/Project_NAV2_przyklad/install/nav2_straightline_planner/share/nav2_straightline_planner/local_setup.bash
[5.232s] -- Installing: /home/szymon/Documents/MIAPR/Project_NAV2_przyklad/install/nav2_straightline_planner/share/nav2_straightline_planner/local_setup.sh
[5.232s] -- Installing: /home/szymon/Documents/MIAPR/Project_NAV2_przyklad/install/nav2_straightline_planner/share/nav2_straightline_planner/local_setup.zsh
[5.232s] -- Installing: /home/szymon/Documents/MIAPR/Project_NAV2_przyklad/install/nav2_straightline_planner/share/nav2_straightline_planner/local_setup.dsv
[5.232s] -- Installing: /home/szymon/Documents/MIAPR/Project_NAV2_przyklad/install/nav2_straightline_planner/share/nav2_straightline_planner/package.dsv
[5.232s] -- Installing: /home/szymon/Documents/MIAPR/Project_NAV2_przyklad/install/nav2_straightline_planner/share/ament_index/resource_index/packages/nav2_straightline_planner
[5.232s] -- Installing: /home/szymon/Documents/MIAPR/Project_NAV2_przyklad/install/nav2_straightline_planner/share/ament_index/resource_index/nav2_core__pluginlib__plugin/nav2_straightline_planner
[5.233s] -- Installing: /home/szymon/Documents/MIAPR/Project_NAV2_przyklad/install/nav2_straightline_planner/share/nav2_straightline_planner/cmake/ament_cmake_export_include_directories-extras.cmake
[5.233s] -- Installing: /home/szymon/Documents/MIAPR/Project_NAV2_przyklad/install/nav2_straightline_planner/share/nav2_straightline_planner/cmake/ament_cmake_export_libraries-extras.cmake
[5.233s] -- Installing: /home/szymon/Documents/MIAPR/Project_NAV2_przyklad/install/nav2_straightline_planner/share/nav2_straightline_planner/cmake/ament_cmake_export_dependencies-extras.cmake
[5.233s] -- Installing: /home/szymon/Documents/MIAPR/Project_NAV2_przyklad/install/nav2_straightline_planner/share/nav2_straightline_planner/cmake/nav2_straightline_plannerConfig.cmake
[5.233s] -- Installing: /home/szymon/Documents/MIAPR/Project_NAV2_przyklad/install/nav2_straightline_planner/share/nav2_straightline_planner/cmake/nav2_straightline_plannerConfig-version.cmake
[5.233s] -- Installing: /home/szymon/Documents/MIAPR/Project_NAV2_przyklad/install/nav2_straightline_planner/share/nav2_straightline_planner/package.xml
[5.234s] Invoked command in '/home/szymon/Documents/MIAPR/Project_NAV2_przyklad/build/nav2_straightline_planner' returned '0': CMAKE_PREFIX_PATH=/opt/ros/humble /usr/bin/cmake --install /home/szymon/Documents/MIAPR/Project_NAV2_przyklad/build/nav2_straightline_planner
