[ 50%] [32mBuilding CXX object CMakeFiles/nav2_gradient_costmap_plugin_core.dir/src/gradient_layer.cpp.o[0m
[100%] [32m[1mLinking CXX shared library libnav2_gradient_costmap_plugin_core.so[0m
[100%] Built target nav2_gradient_costmap_plugin_core
-- Install configuration: ""
-- Installing: /root/Shared/src/TurtleRRT-Connect/MIAPR_project/install/nav2_gradient_costmap_plugin/lib/libnav2_gradient_costmap_plugin_core.so
-- Set runtime path of "/root/Shared/src/TurtleRRT-Connect/MIAPR_project/install/nav2_gradient_costmap_plugin/lib/libnav2_gradient_costmap_plugin_core.so" to ""
-- Installing: /root/Shared/src/TurtleRRT-Connect/MIAPR_project/install/nav2_gradient_costmap_plugin/share/nav2_gradient_costmap_plugin/gradient_layer.xml
-- Installing: /root/Shared/src/TurtleRRT-Connect/MIAPR_project/install/nav2_gradient_costmap_plugin/share/ament_index/resource_index/package_run_dependencies/nav2_gradient_costmap_plugin
-- Installing: /root/Shared/src/TurtleRRT-Connect/MIAPR_project/install/nav2_gradient_costmap_plugin/share/ament_index/resource_index/parent_prefix_path/nav2_gradient_costmap_plugin
-- Installing: /root/Shared/src/TurtleRRT-Connect/MIAPR_project/install/nav2_gradient_costmap_plugin/share/nav2_gradient_costmap_plugin/environment/ament_prefix_path.sh
-- Installing: /root/Shared/src/TurtleRRT-Connect/MIAPR_project/install/nav2_gradient_costmap_plugin/share/nav2_gradient_costmap_plugin/environment/ament_prefix_path.dsv
-- Installing: /root/Shared/src/TurtleRRT-Connect/MIAPR_project/install/nav2_gradient_costmap_plugin/share/nav2_gradient_costmap_plugin/environment/path.sh
-- Installing: /root/Shared/src/TurtleRRT-Connect/MIAPR_project/install/nav2_gradient_costmap_plugin/share/nav2_gradient_costmap_plugin/environment/path.dsv
-- Installing: /root/Shared/src/TurtleRRT-Connect/MIAPR_project/install/nav2_gradient_costmap_plugin/share/nav2_gradient_costmap_plugin/local_setup.bash
-- Installing: /root/Shared/src/TurtleRRT-Connect/MIAPR_project/install/nav2_gradient_costmap_plugin/share/nav2_gradient_costmap_plugin/local_setup.sh
-- Installing: /root/Shared/src/TurtleRRT-Connect/MIAPR_project/install/nav2_gradient_costmap_plugin/share/nav2_gradient_costmap_plugin/local_setup.zsh
-- Installing: /root/Shared/src/TurtleRRT-Connect/MIAPR_project/install/nav2_gradient_costmap_plugin/share/nav2_gradient_costmap_plugin/local_setup.dsv
-- Installing: /root/Shared/src/TurtleRRT-Connect/MIAPR_project/install/nav2_gradient_costmap_plugin/share/nav2_gradient_costmap_plugin/package.dsv
-- Installing: /root/Shared/src/TurtleRRT-Connect/MIAPR_project/install/nav2_gradient_costmap_plugin/share/ament_index/resource_index/packages/nav2_gradient_costmap_plugin
-- Installing: /root/Shared/src/TurtleRRT-Connect/MIAPR_project/install/nav2_gradient_costmap_plugin/share/ament_index/resource_index/nav2_costmap_2d__pluginlib__plugin/nav2_gradient_costmap_plugin
-- Installing: /root/Shared/src/TurtleRRT-Connect/MIAPR_project/install/nav2_gradient_costmap_plugin/share/nav2_gradient_costmap_plugin/cmake/nav2_gradient_costmap_pluginConfig.cmake
-- Installing: /root/Shared/src/TurtleRRT-Connect/MIAPR_project/install/nav2_gradient_costmap_plugin/share/nav2_gradient_costmap_plugin/cmake/nav2_gradient_costmap_pluginConfig-version.cmake
-- Installing: /root/Shared/src/TurtleRRT-Connect/MIAPR_project/install/nav2_gradient_costmap_plugin/share/nav2_gradient_costmap_plugin/package.xml
