[0.143s] Invoking command in '/root/Shared/src/TurtleRRT-Connect/MIAPR_project/build/nav2_gradient_costmap_plugin': CMAKE_PREFIX_PATH=${CMAKE_PREFIX_PATH}:/opt/ros/humble /usr/bin/cmake --build /root/Shared/src/TurtleRRT-Connect/MIAPR_project/build/nav2_gradient_costmap_plugin -- -j12 -l12
[0.184s] [ 50%] [32mBuilding CXX object CMakeFiles/nav2_gradient_costmap_plugin_core.dir/src/gradient_layer.cpp.o[0m
[2.761s] [100%] [32m[1mLinking CXX shared library libnav2_gradient_costmap_plugin_core.so[0m
[2.901s] [100%] Built target nav2_gradient_costmap_plugin_core
[2.910s] Invoked command in '/root/Shared/src/TurtleRRT-Connect/MIAPR_project/build/nav2_gradient_costmap_plugin' returned '0': CMAKE_PREFIX_PATH=${CMAKE_PREFIX_PATH}:/opt/ros/humble /usr/bin/cmake --build /root/Shared/src/TurtleRRT-Connect/MIAPR_project/build/nav2_gradient_costmap_plugin -- -j12 -l12
[2.912s] Invoking command in '/root/Shared/src/TurtleRRT-Connect/MIAPR_project/build/nav2_gradient_costmap_plugin': CMAKE_PREFIX_PATH=${CMAKE_PREFIX_PATH}:/opt/ros/humble /usr/bin/cmake --install /root/Shared/src/TurtleRRT-Connect/MIAPR_project/build/nav2_gradient_costmap_plugin
[2.919s] -- Install configuration: ""
[2.919s] -- Installing: /root/Shared/src/TurtleRRT-Connect/MIAPR_project/install/nav2_gradient_costmap_plugin/lib/libnav2_gradient_costmap_plugin_core.so
[2.919s] -- Set runtime path of "/root/Shared/src/TurtleRRT-Connect/MIAPR_project/install/nav2_gradient_costmap_plugin/lib/libnav2_gradient_costmap_plugin_core.so" to ""
[2.919s] -- Installing: /root/Shared/src/TurtleRRT-Connect/MIAPR_project/install/nav2_gradient_costmap_plugin/share/nav2_gradient_costmap_plugin/gradient_layer.xml
[2.920s] -- Installing: /root/Shared/src/TurtleRRT-Connect/MIAPR_project/install/nav2_gradient_costmap_plugin/share/ament_index/resource_index/package_run_dependencies/nav2_gradient_costmap_plugin
[2.920s] -- Installing: /root/Shared/src/TurtleRRT-Connect/MIAPR_project/install/nav2_gradient_costmap_plugin/share/ament_index/resource_index/parent_prefix_path/nav2_gradient_costmap_plugin
[2.920s] -- Installing: /root/Shared/src/TurtleRRT-Connect/MIAPR_project/install/nav2_gradient_costmap_plugin/share/nav2_gradient_costmap_plugin/environment/ament_prefix_path.sh
[2.920s] -- Installing: /root/Shared/src/TurtleRRT-Connect/MIAPR_project/install/nav2_gradient_costmap_plugin/share/nav2_gradient_costmap_plugin/environment/ament_prefix_path.dsv
[2.920s] -- Installing: /root/Shared/src/TurtleRRT-Connect/MIAPR_project/install/nav2_gradient_costmap_plugin/share/nav2_gradient_costmap_plugin/environment/path.sh
[2.920s] -- Installing: /root/Shared/src/TurtleRRT-Connect/MIAPR_project/install/nav2_gradient_costmap_plugin/share/nav2_gradient_costmap_plugin/environment/path.dsv
[2.920s] -- Installing: /root/Shared/src/TurtleRRT-Connect/MIAPR_project/install/nav2_gradient_costmap_plugin/share/nav2_gradient_costmap_plugin/local_setup.bash
[2.921s] -- Installing: /root/Shared/src/TurtleRRT-Connect/MIAPR_project/install/nav2_gradient_costmap_plugin/share/nav2_gradient_costmap_plugin/local_setup.sh
[2.921s] -- Installing: /root/Shared/src/TurtleRRT-Connect/MIAPR_project/install/nav2_gradient_costmap_plugin/share/nav2_gradient_costmap_plugin/local_setup.zsh
[2.921s] -- Installing: /root/Shared/src/TurtleRRT-Connect/MIAPR_project/install/nav2_gradient_costmap_plugin/share/nav2_gradient_costmap_plugin/local_setup.dsv
[2.921s] -- Installing: /root/Shared/src/TurtleRRT-Connect/MIAPR_project/install/nav2_gradient_costmap_plugin/share/nav2_gradient_costmap_plugin/package.dsv
[2.921s] -- Installing: /root/Shared/src/TurtleRRT-Connect/MIAPR_project/install/nav2_gradient_costmap_plugin/share/ament_index/resource_index/packages/nav2_gradient_costmap_plugin
[2.921s] -- Installing: /root/Shared/src/TurtleRRT-Connect/MIAPR_project/install/nav2_gradient_costmap_plugin/share/ament_index/resource_index/nav2_costmap_2d__pluginlib__plugin/nav2_gradient_costmap_plugin
[2.921s] -- Installing: /root/Shared/src/TurtleRRT-Connect/MIAPR_project/install/nav2_gradient_costmap_plugin/share/nav2_gradient_costmap_plugin/cmake/nav2_gradient_costmap_pluginConfig.cmake
[2.922s] -- Installing: /root/Shared/src/TurtleRRT-Connect/MIAPR_project/install/nav2_gradient_costmap_plugin/share/nav2_gradient_costmap_plugin/cmake/nav2_gradient_costmap_pluginConfig-version.cmake
[2.922s] -- Installing: /root/Shared/src/TurtleRRT-Connect/MIAPR_project/install/nav2_gradient_costmap_plugin/share/nav2_gradient_costmap_plugin/package.xml
[2.923s] Invoked command in '/root/Shared/src/TurtleRRT-Connect/MIAPR_project/build/nav2_gradient_costmap_plugin' returned '0': CMAKE_PREFIX_PATH=${CMAKE_PREFIX_PATH}:/opt/ros/humble /usr/bin/cmake --install /root/Shared/src/TurtleRRT-Connect/MIAPR_project/build/nav2_gradient_costmap_plugin
