[0.011s] Invoking command in '/root/Shared/src/MIAPR_project/build/nav2_RRTstar_planner': CMAKE_PREFIX_PATH=/opt/ros/humble /usr/bin/cmake --build /root/Shared/src/MIAPR_project/build/nav2_RRTstar_planner -- -j8 -l8
[0.052s] [35m[1mConsolidate compiler generated dependencies of target nav2_RRTstar_planner_plugin[0m
[0.069s] [ 50%] [32mBuilding CXX object CMakeFiles/nav2_RRTstar_planner_plugin.dir/src/RRT_star_planner.cpp.o[0m
[4.909s] [100%] [32m[1mLinking CXX shared library libnav2_RRTstar_planner_plugin.so[0m
[5.274s] [100%] Built target nav2_RRTstar_planner_plugin
[5.284s] Invoked command in '/root/Shared/src/MIAPR_project/build/nav2_RRTstar_planner' returned '0': CMAKE_PREFIX_PATH=/opt/ros/humble /usr/bin/cmake --build /root/Shared/src/MIAPR_project/build/nav2_RRTstar_planner -- -j8 -l8
[5.285s] Invoking command in '/root/Shared/src/MIAPR_project/build/nav2_RRTstar_planner': CMAKE_PREFIX_PATH=/opt/ros/humble /usr/bin/cmake --install /root/Shared/src/MIAPR_project/build/nav2_RRTstar_planner
[5.291s] -- Install configuration: ""
[5.292s] -- Up-to-date: /root/Shared/src/MIAPR_project/install/nav2_RRTstar_planner/share/nav2_RRTstar_planner/global_planner_plugin.xml
[5.292s] -- Installing: /root/Shared/src/MIAPR_project/install/nav2_RRTstar_planner/lib/libnav2_RRTstar_planner_plugin.so
[5.293s] -- Set runtime path of "/root/Shared/src/MIAPR_project/install/nav2_RRTstar_planner/lib/libnav2_RRTstar_planner_plugin.so" to ""
[5.293s] -- Up-to-date: /root/Shared/src/MIAPR_project/install/nav2_RRTstar_planner/include/
[5.293s] -- Up-to-date: /root/Shared/src/MIAPR_project/install/nav2_RRTstar_planner/include//nav2_RRTstar_planner
[5.293s] -- Installing: /root/Shared/src/MIAPR_project/install/nav2_RRTstar_planner/include//nav2_RRTstar_planner/RRT_star_planner.hpp
[5.293s] -- Up-to-date: /root/Shared/src/MIAPR_project/install/nav2_RRTstar_planner/share/nav2_RRTstar_planner/global_planner_plugin.xml
[5.294s] -- Up-to-date: /root/Shared/src/MIAPR_project/install/nav2_RRTstar_planner/share/nav2_RRTstar_planner/environment/library_path.sh
[5.294s] -- Up-to-date: /root/Shared/src/MIAPR_project/install/nav2_RRTstar_planner/share/nav2_RRTstar_planner/environment/library_path.dsv
[5.294s] -- Up-to-date: /root/Shared/src/MIAPR_project/install/nav2_RRTstar_planner/share/ament_index/resource_index/package_run_dependencies/nav2_RRTstar_planner
[5.294s] -- Up-to-date: /root/Shared/src/MIAPR_project/install/nav2_RRTstar_planner/share/ament_index/resource_index/parent_prefix_path/nav2_RRTstar_planner
[5.294s] -- Up-to-date: /root/Shared/src/MIAPR_project/install/nav2_RRTstar_planner/share/nav2_RRTstar_planner/environment/ament_prefix_path.sh
[5.294s] -- Up-to-date: /root/Shared/src/MIAPR_project/install/nav2_RRTstar_planner/share/nav2_RRTstar_planner/environment/ament_prefix_path.dsv
[5.294s] -- Up-to-date: /root/Shared/src/MIAPR_project/install/nav2_RRTstar_planner/share/nav2_RRTstar_planner/environment/path.sh
[5.294s] -- Up-to-date: /root/Shared/src/MIAPR_project/install/nav2_RRTstar_planner/share/nav2_RRTstar_planner/environment/path.dsv
[5.294s] -- Up-to-date: /root/Shared/src/MIAPR_project/install/nav2_RRTstar_planner/share/nav2_RRTstar_planner/local_setup.bash
[5.294s] -- Up-to-date: /root/Shared/src/MIAPR_project/install/nav2_RRTstar_planner/share/nav2_RRTstar_planner/local_setup.sh
[5.294s] -- Up-to-date: /root/Shared/src/MIAPR_project/install/nav2_RRTstar_planner/share/nav2_RRTstar_planner/local_setup.zsh
[5.294s] -- Up-to-date: /root/Shared/src/MIAPR_project/install/nav2_RRTstar_planner/share/nav2_RRTstar_planner/local_setup.dsv
[5.294s] -- Installing: /root/Shared/src/MIAPR_project/install/nav2_RRTstar_planner/share/nav2_RRTstar_planner/package.dsv
[5.294s] -- Up-to-date: /root/Shared/src/MIAPR_project/install/nav2_RRTstar_planner/share/ament_index/resource_index/packages/nav2_RRTstar_planner
[5.294s] -- Up-to-date: /root/Shared/src/MIAPR_project/install/nav2_RRTstar_planner/share/ament_index/resource_index/nav2_core__pluginlib__plugin/nav2_RRTstar_planner
[5.294s] -- Up-to-date: /root/Shared/src/MIAPR_project/install/nav2_RRTstar_planner/share/nav2_RRTstar_planner/cmake/ament_cmake_export_include_directories-extras.cmake
[5.295s] -- Up-to-date: /root/Shared/src/MIAPR_project/install/nav2_RRTstar_planner/share/nav2_RRTstar_planner/cmake/ament_cmake_export_libraries-extras.cmake
[5.295s] -- Up-to-date: /root/Shared/src/MIAPR_project/install/nav2_RRTstar_planner/share/nav2_RRTstar_planner/cmake/ament_cmake_export_dependencies-extras.cmake
[5.295s] -- Up-to-date: /root/Shared/src/MIAPR_project/install/nav2_RRTstar_planner/share/nav2_RRTstar_planner/cmake/nav2_RRTstar_plannerConfig.cmake
[5.295s] -- Up-to-date: /root/Shared/src/MIAPR_project/install/nav2_RRTstar_planner/share/nav2_RRTstar_planner/cmake/nav2_RRTstar_plannerConfig-version.cmake
[5.295s] -- Up-to-date: /root/Shared/src/MIAPR_project/install/nav2_RRTstar_planner/share/nav2_RRTstar_planner/package.xml
[5.296s] Invoked command in '/root/Shared/src/MIAPR_project/build/nav2_RRTstar_planner' returned '0': CMAKE_PREFIX_PATH=/opt/ros/humble /usr/bin/cmake --install /root/Shared/src/MIAPR_project/build/nav2_RRTstar_planner
