[0.150s] Invoking command in '/root/Shared/src/TurtleRRT-Connect/MIAPR_project/build/sam_bot_description': CMAKE_PREFIX_PATH=${CMAKE_PREFIX_PATH}:/opt/ros/humble /usr/bin/cmake /root/Shared/src/TurtleRRT-Connect/MIAPR_project/src/sam_bot_description -DCMAKE_INSTALL_PREFIX=/root/Shared/src/TurtleRRT-Connect/MIAPR_project/install/sam_bot_description
[0.192s] -- The C compiler identification is GNU 11.4.0
[0.231s] -- The CXX compiler identification is GNU 11.4.0
[0.236s] -- Detecting C compiler ABI info
[0.281s] -- Detecting C compiler ABI info - done
[0.286s] -- Check for working C compiler: /usr/bin/cc - skipped
[0.286s] -- Detecting C compile features
[0.286s] -- Detecting C compile features - done
[0.288s] -- Detecting CXX compiler ABI info
[0.340s] -- Detecting CXX compiler ABI info - done
[0.349s] -- Check for working CXX compiler: /usr/bin/c++ - skipped
[0.349s] -- Detecting CXX compile features
[0.350s] -- Detecting CXX compile features - done
[0.352s] -- Found ament_cmake: 1.3.11 (/opt/ros/humble/share/ament_cmake/cmake)
[0.454s] -- Found Python3: /usr/bin/python3 (found version "3.10.12") found components: Interpreter 
[0.571s] [31mCMake Error at CMakeLists.txt:20 (find_package):
[0.571s]   By not providing "Findxacro.cmake" in CMAKE_MODULE_PATH this project has
[0.572s]   asked CMake to find a package configuration file provided by "xacro", but
[0.572s]   CMake did not find one.
[0.572s] 
[0.572s]   Could not find a package configuration file provided by "xacro" with any of
[0.572s]   the following names:
[0.572s] 
[0.572s]     xacroConfig.cmake
[0.572s]     xacro-config.cmake
[0.572s] 
[0.572s]   Add the installation prefix of "xacro" to CMAKE_PREFIX_PATH or set
[0.572s]   "xacro_DIR" to a directory containing one of the above files.  If "xacro"
[0.572s]   provides a separate development package or SDK, be sure it has been
[0.572s]   installed.
[0.572s] 
[0.572s] [0m
[0.572s] -- Configuring incomplete, errors occurred!
[0.572s] See also "/root/Shared/src/TurtleRRT-Connect/MIAPR_project/build/sam_bot_description/CMakeFiles/CMakeOutput.log".
[0.574s] Invoked command in '/root/Shared/src/TurtleRRT-Connect/MIAPR_project/build/sam_bot_description' returned '1': CMAKE_PREFIX_PATH=${CMAKE_PREFIX_PATH}:/opt/ros/humble /usr/bin/cmake /root/Shared/src/TurtleRRT-Connect/MIAPR_project/src/sam_bot_description -DCMAKE_INSTALL_PREFIX=/root/Shared/src/TurtleRRT-Connect/MIAPR_project/install/sam_bot_description
