[0.012s] Invoking command in '/home/szymon/Documents/MIAPR/Project_NAV2_przyklad/build/nav2_sms_behavior': CMAKE_PREFIX_PATH=/opt/ros/humble /usr/bin/cmake /home/szymon/Documents/MIAPR/Project_NAV2_przyklad/navigation2_tutorials/nav2_sms_behavior -DCMAKE_INSTALL_PREFIX=/home/szymon/Documents/MIAPR/Project_NAV2_przyklad/install/nav2_sms_behavior
[0.084s] -- The C compiler identification is GNU 11.4.0
[0.141s] -- The CXX compiler identification is GNU 11.4.0
[0.147s] -- Detecting C compiler ABI info
[0.198s] -- Detecting C compiler ABI info - done
[0.205s] -- Check for working C compiler: /usr/bin/cc - skipped
[0.205s] -- Detecting C compile features
[0.206s] -- Detecting C compile features - done
[0.209s] -- Detecting CXX compiler ABI info
[0.270s] -- Detecting CXX compiler ABI info - done
[0.276s] -- Check for working CXX compiler: /usr/bin/c++ - skipped
[0.276s] -- Detecting CXX compile features
[0.276s] -- Detecting CXX compile features - done
[0.277s] -- Found ament_cmake: 1.3.11 (/opt/ros/humble/share/ament_cmake/cmake)
[0.752s] -- Found Python3: /usr/bin/python3 (found version "3.10.12") found components: Interpreter 
[0.845s] -- Found rclcpp: 16.0.12 (/opt/ros/humble/share/rclcpp/cmake)
[0.880s] -- Found rosidl_generator_c: 3.1.6 (/opt/ros/humble/share/rosidl_generator_c/cmake)
[0.884s] -- Found rosidl_adapter: 3.1.6 (/opt/ros/humble/share/rosidl_adapter/cmake)
[0.891s] -- Found rosidl_generator_cpp: 3.1.6 (/opt/ros/humble/share/rosidl_generator_cpp/cmake)
[0.903s] -- Using all available rosidl_typesupport_c: rosidl_typesupport_fastrtps_c;rosidl_typesupport_introspection_c
[0.916s] -- Using all available rosidl_typesupport_cpp: rosidl_typesupport_fastrtps_cpp;rosidl_typesupport_introspection_cpp
[0.962s] -- Found rmw_implementation_cmake: 6.1.2 (/opt/ros/humble/share/rmw_implementation_cmake/cmake)
[0.967s] -- Found rmw_fastrtps_cpp: 6.2.7 (/opt/ros/humble/share/rmw_fastrtps_cpp/cmake)
[1.031s] -- Found OpenSSL: /usr/lib/x86_64-linux-gnu/libcrypto.so (found version "3.0.2")  
[1.055s] -- Found FastRTPS: /opt/ros/humble/include  
[1.085s] -- Using RMW implementation 'rmw_fastrtps_cpp' as default
[1.091s] -- Looking for pthread.h
[1.139s] -- Looking for pthread.h - found
[1.140s] -- Performing Test CMAKE_HAVE_LIBC_PTHREAD
[1.194s] -- Performing Test CMAKE_HAVE_LIBC_PTHREAD - Success
[1.195s] -- Found Threads: TRUE  
[1.230s] -- Found rclcpp_action: 16.0.12 (/opt/ros/humble/share/rclcpp_action/cmake)
[1.259s] -- Found rclcpp_lifecycle: 16.0.12 (/opt/ros/humble/share/rclcpp_lifecycle/cmake)
[1.276s] -- Found visualization_msgs: 4.8.0 (/opt/ros/humble/share/visualization_msgs/cmake)
[1.308s] -- Found nav2_util: 1.1.18 (/opt/ros/humble/share/nav2_util/cmake)
[1.394s] -- Found eigen3_cmake_module: 0.1.1 (/opt/ros/humble/share/eigen3_cmake_module/cmake)
[1.395s] -- Found Eigen3: TRUE (found version "3.4.0") 
[1.396s] -- Ensuring Eigen3 include directory is part of orocos-kdl CMake target
[1.421s] -- Found nav2_costmap_2d: 1.1.18 (/opt/ros/humble/share/nav2_costmap_2d/cmake)
[1.472s] -- Found nav2_core: 1.1.18 (/opt/ros/humble/share/nav2_core/cmake)
[1.482s] -- Found nav2_behaviors: 1.1.18 (/opt/ros/humble/share/nav2_behaviors/cmake)
[1.515s] -- Found rosidl_default_generators: 1.2.0 (/opt/ros/humble/share/rosidl_default_generators/cmake)
[1.572s] -- Found CURL: /usr/lib/x86_64-linux-gnu/libcurl.so (found version "7.81.0")  
[1.791s] -- Found ament_cmake_ros: 0.10.0 (/opt/ros/humble/share/ament_cmake_ros/cmake)
[2.081s] -- Using all available rosidl_typesupport_c: rosidl_typesupport_fastrtps_c;rosidl_typesupport_introspection_c
[2.189s] -- Using all available rosidl_typesupport_cpp: rosidl_typesupport_fastrtps_cpp;rosidl_typesupport_introspection_cpp
[2.205s] -- Found PythonInterp: /usr/bin/python3 (found suitable version "3.10.12", minimum required is "3.6") 
[2.207s] -- Found python_cmake_module: 0.10.0 (/opt/ros/humble/share/python_cmake_module/cmake)
[2.227s] -- Found PythonLibs: /usr/lib/x86_64-linux-gnu/libpython3.10.so (found suitable version "3.10.12", minimum required is "3.5") 
[2.227s] -- Using PYTHON_EXECUTABLE: /usr/bin/python3
[2.227s] -- Using PYTHON_INCLUDE_DIRS: /usr/include/python3.10
[2.227s] -- Using PYTHON_LIBRARIES: /usr/lib/x86_64-linux-gnu/libpython3.10.so
[2.245s] -- Found PythonExtra: .so  
[2.710s] -- Found ament_lint_auto: 0.12.12 (/opt/ros/humble/share/ament_lint_auto/cmake)
[2.724s] -- Added test 'copyright' to check source files copyright and LICENSE
[2.725s] -- Added test 'cppcheck' to perform static code analysis on C / C++ code
[2.726s] -- Configured cppcheck include dirs: /home/szymon/Documents/MIAPR/Project_NAV2_przyklad/navigation2_tutorials/nav2_sms_behavior/include
[2.726s] -- Configured cppcheck exclude dirs and/or files: 
[2.726s] -- Added test 'cpplint' to check C / C++ code against the Google style
[2.726s] -- Configured cpplint exclude dirs and/or files: 
[2.727s] -- Added test 'lint_cmake' to check CMake code style
[2.727s] -- Added test 'uncrustify' to check C / C++ code style
[2.727s] -- Configured uncrustify additional arguments: 
[2.727s] -- Added test 'xmllint' to check XML markup files
[2.729s] -- Configuring done
[2.809s] -- Generating done
[2.821s] -- Build files have been written to: /home/szymon/Documents/MIAPR/Project_NAV2_przyklad/build/nav2_sms_behavior
[2.832s] Invoked command in '/home/szymon/Documents/MIAPR/Project_NAV2_przyklad/build/nav2_sms_behavior' returned '0': CMAKE_PREFIX_PATH=/opt/ros/humble /usr/bin/cmake /home/szymon/Documents/MIAPR/Project_NAV2_przyklad/navigation2_tutorials/nav2_sms_behavior -DCMAKE_INSTALL_PREFIX=/home/szymon/Documents/MIAPR/Project_NAV2_przyklad/install/nav2_sms_behavior
[2.833s] Invoking command in '/home/szymon/Documents/MIAPR/Project_NAV2_przyklad/build/nav2_sms_behavior': CMAKE_PREFIX_PATH=/opt/ros/humble /usr/bin/cmake --build /home/szymon/Documents/MIAPR/Project_NAV2_przyklad/build/nav2_sms_behavior -- -j12 -l12
[2.863s] [  2%] [34m[1mGenerating C code for ROS interfaces[0m
[2.873s] [  2%] Built target ament_cmake_python_copy_nav2_sms_behavior
[2.873s] [  5%] [34m[1mGenerating C++ code for ROS interfaces[0m
[3.161s] [  5%] Built target nav2_sms_behavior__cpp
[3.168s] [  8%] [34m[1mGenerating C++ introspection for ROS interfaces[0m
[3.169s] [ 11%] [34m[1mGenerating C++ type support for eProsima Fast-RTPS[0m
[3.169s] [ 14%] [34m[1mGenerating C++ type support dispatch for ROS interfaces[0m
[3.225s] [ 17%] [32mBuilding C object CMakeFiles/nav2_sms_behavior__rosidl_generator_c.dir/rosidl_generator_c/nav2_sms_behavior/action/detail/send_sms__functions.c.o[0m
[3.288s] running egg_info
[3.288s] creating nav2_sms_behavior.egg-info
[3.314s] writing nav2_sms_behavior.egg-info/PKG-INFO
[3.314s] writing dependency_links to nav2_sms_behavior.egg-info/dependency_links.txt
[3.314s] writing top-level names to nav2_sms_behavior.egg-info/top_level.txt
[3.314s] writing manifest file 'nav2_sms_behavior.egg-info/SOURCES.txt'
[3.359s] [ 20%] [32m[1mLinking C shared library libnav2_sms_behavior__rosidl_generator_c.so[0m
[3.378s] [ 23%] [32mBuilding CXX object CMakeFiles/nav2_sms_behavior__rosidl_typesupport_cpp.dir/rosidl_typesupport_cpp/nav2_sms_behavior/action/send_sms__type_support.cpp.o[0m
[3.391s] [ 23%] Built target nav2_sms_behavior__rosidl_generator_c
[3.391s] reading manifest file 'nav2_sms_behavior.egg-info/SOURCES.txt'
[3.391s] writing manifest file 'nav2_sms_behavior.egg-info/SOURCES.txt'
[3.399s] [ 26%] [34m[1mGenerating C type support dispatch for ROS interfaces[0m
[3.400s] [ 29%] [34m[1mGenerating C introspection for ROS interfaces[0m
[3.401s] [ 32%] [34m[1mGenerating C type support for eProsima Fast-RTPS[0m
[3.454s] [ 32%] Built target ament_cmake_python_build_nav2_sms_behavior_egg
[3.470s] [ 35%] [32mBuilding CXX object CMakeFiles/nav2_sms_behavior__rosidl_typesupport_introspection_cpp.dir/rosidl_typesupport_introspection_cpp/nav2_sms_behavior/action/detail/send_sms__type_support.cpp.o[0m
[3.520s] [ 38%] [32mBuilding CXX object CMakeFiles/nav2_sms_behavior__rosidl_typesupport_fastrtps_cpp.dir/rosidl_typesupport_fastrtps_cpp/nav2_sms_behavior/action/detail/dds_fastrtps/send_sms__type_support.cpp.o[0m
[3.668s] [ 41%] [32mBuilding CXX object CMakeFiles/nav2_sms_behavior__rosidl_typesupport_c.dir/rosidl_typesupport_c/nav2_sms_behavior/action/send_sms__type_support.cpp.o[0m
[3.717s] [ 44%] [32m[1mLinking CXX shared library libnav2_sms_behavior__rosidl_typesupport_c.so[0m
[3.751s] [ 44%] Built target nav2_sms_behavior__rosidl_typesupport_c
[3.761s] [ 47%] [32mBuilding C object CMakeFiles/nav2_sms_behavior__rosidl_typesupport_introspection_c.dir/rosidl_typesupport_introspection_c/nav2_sms_behavior/action/detail/send_sms__type_support.c.o[0m
[3.806s] [ 50%] [32m[1mLinking C shared library libnav2_sms_behavior__rosidl_typesupport_introspection_c.so[0m
[3.822s] [ 52%] [32mBuilding CXX object CMakeFiles/nav2_sms_behavior__rosidl_typesupport_fastrtps_c.dir/rosidl_typesupport_fastrtps_c/nav2_sms_behavior/action/detail/send_sms__type_support_c.cpp.o[0m
[3.837s] [ 52%] Built target nav2_sms_behavior__rosidl_typesupport_introspection_c
[3.845s] [ 55%] [32m[1mLinking CXX shared library libnav2_sms_behavior__rosidl_typesupport_cpp.so[0m
[3.861s] [ 58%] [32m[1mLinking CXX shared library libnav2_sms_behavior__rosidl_typesupport_introspection_cpp.so[0m
[3.870s] [ 58%] Built target nav2_sms_behavior__rosidl_typesupport_cpp
[3.885s] [ 61%] [32mBuilding CXX object CMakeFiles/nav2_sms_behavior_plugin.dir/src/twilio.cpp.o[0m
[3.886s] [ 64%] [32mBuilding CXX object CMakeFiles/nav2_sms_behavior_plugin.dir/src/send_sms.cpp.o[0m
[3.920s] [ 64%] Built target nav2_sms_behavior__rosidl_typesupport_introspection_cpp
[3.948s] [ 67%] [32m[1mLinking CXX shared library libnav2_sms_behavior__rosidl_typesupport_fastrtps_cpp.so[0m
[4.000s] [ 67%] Built target nav2_sms_behavior__rosidl_typesupport_fastrtps_cpp
[4.179s] [ 70%] [32m[1mLinking CXX shared library libnav2_sms_behavior__rosidl_typesupport_fastrtps_c.so[0m
[4.238s] [ 70%] Built target nav2_sms_behavior__rosidl_typesupport_fastrtps_c
[4.253s] [ 70%] Built target nav2_sms_behavior
[4.270s] [ 73%] [34m[1mGenerating Python code for ROS interfaces[0m
[4.717s] [ 73%] Built target nav2_sms_behavior__py
[4.730s] [ 76%] [32mBuilding C object CMakeFiles/nav2_sms_behavior__rosidl_generator_py.dir/rosidl_generator_py/nav2_sms_behavior/action/_send_sms_s.c.o[0m
[4.831s] [ 79%] [32m[1mLinking C shared library rosidl_generator_py/nav2_sms_behavior/libnav2_sms_behavior__rosidl_generator_py.so[0m
[4.862s] [ 79%] Built target nav2_sms_behavior__rosidl_generator_py
[4.875s] [ 82%] [32mBuilding C object CMakeFiles/nav2_sms_behavior__rosidl_typesupport_fastrtps_c__pyext.dir/rosidl_generator_py/nav2_sms_behavior/_nav2_sms_behavior_s.ep.rosidl_typesupport_fastrtps_c.c.o[0m
[4.877s] [ 85%] [32mBuilding C object CMakeFiles/nav2_sms_behavior__rosidl_typesupport_introspection_c__pyext.dir/rosidl_generator_py/nav2_sms_behavior/_nav2_sms_behavior_s.ep.rosidl_typesupport_introspection_c.c.o[0m
[4.878s] [ 88%] [32mBuilding C object CMakeFiles/nav2_sms_behavior__rosidl_typesupport_c__pyext.dir/rosidl_generator_py/nav2_sms_behavior/_nav2_sms_behavior_s.ep.rosidl_typesupport_c.c.o[0m
[4.952s] [ 91%] [32m[1mLinking C shared library rosidl_generator_py/nav2_sms_behavior/nav2_sms_behavior_s__rosidl_typesupport_c.cpython-310-x86_64-linux-gnu.so[0m
[4.955s] [ 94%] [32m[1mLinking C shared library rosidl_generator_py/nav2_sms_behavior/nav2_sms_behavior_s__rosidl_typesupport_fastrtps_c.cpython-310-x86_64-linux-gnu.so[0m
[4.982s] [ 94%] Built target nav2_sms_behavior__rosidl_typesupport_fastrtps_c__pyext
[4.982s] [ 94%] Built target nav2_sms_behavior__rosidl_typesupport_c__pyext
[4.992s] [ 97%] [32m[1mLinking C shared library rosidl_generator_py/nav2_sms_behavior/nav2_sms_behavior_s__rosidl_typesupport_introspection_c.cpython-310-x86_64-linux-gnu.so[0m
[5.020s] [ 97%] Built target nav2_sms_behavior__rosidl_typesupport_introspection_c__pyext
[7.758s] [100%] [32m[1mLinking CXX shared library libnav2_sms_behavior_plugin.so[0m
[8.165s] [100%] Built target nav2_sms_behavior_plugin
[8.174s] Invoked command in '/home/szymon/Documents/MIAPR/Project_NAV2_przyklad/build/nav2_sms_behavior' returned '0': CMAKE_PREFIX_PATH=/opt/ros/humble /usr/bin/cmake --build /home/szymon/Documents/MIAPR/Project_NAV2_przyklad/build/nav2_sms_behavior -- -j12 -l12
[8.175s] Invoking command in '/home/szymon/Documents/MIAPR/Project_NAV2_przyklad/build/nav2_sms_behavior': CMAKE_PREFIX_PATH=/opt/ros/humble /usr/bin/cmake --install /home/szymon/Documents/MIAPR/Project_NAV2_przyklad/build/nav2_sms_behavior
[8.180s] -- Install configuration: ""
[8.180s] -- Installing: /home/szymon/Documents/MIAPR/Project_NAV2_przyklad/install/nav2_sms_behavior/share/ament_index/resource_index/rosidl_interfaces/nav2_sms_behavior
[8.180s] -- Installing: /home/szymon/Documents/MIAPR/Project_NAV2_przyklad/install/nav2_sms_behavior/include/nav2_sms_behavior/nav2_sms_behavior
[8.180s] -- Installing: /home/szymon/Documents/MIAPR/Project_NAV2_przyklad/install/nav2_sms_behavior/include/nav2_sms_behavior/nav2_sms_behavior/action
[8.180s] -- Installing: /home/szymon/Documents/MIAPR/Project_NAV2_przyklad/install/nav2_sms_behavior/include/nav2_sms_behavior/nav2_sms_behavior/action/send_sms.h
[8.180s] -- Installing: /home/szymon/Documents/MIAPR/Project_NAV2_przyklad/install/nav2_sms_behavior/include/nav2_sms_behavior/nav2_sms_behavior/action/detail
[8.180s] -- Installing: /home/szymon/Documents/MIAPR/Project_NAV2_przyklad/install/nav2_sms_behavior/include/nav2_sms_behavior/nav2_sms_behavior/action/detail/send_sms__functions.h
[8.180s] -- Installing: /home/szymon/Documents/MIAPR/Project_NAV2_przyklad/install/nav2_sms_behavior/include/nav2_sms_behavior/nav2_sms_behavior/action/detail/send_sms__functions.c
[8.180s] -- Installing: /home/szymon/Documents/MIAPR/Project_NAV2_przyklad/install/nav2_sms_behavior/include/nav2_sms_behavior/nav2_sms_behavior/action/detail/send_sms__type_support.h
[8.181s] -- Installing: /home/szymon/Documents/MIAPR/Project_NAV2_przyklad/install/nav2_sms_behavior/include/nav2_sms_behavior/nav2_sms_behavior/action/detail/send_sms__struct.h
[8.181s] -- Installing: /home/szymon/Documents/MIAPR/Project_NAV2_przyklad/install/nav2_sms_behavior/include/nav2_sms_behavior/nav2_sms_behavior/msg
[8.181s] -- Installing: /home/szymon/Documents/MIAPR/Project_NAV2_przyklad/install/nav2_sms_behavior/include/nav2_sms_behavior/nav2_sms_behavior/msg/rosidl_generator_c__visibility_control.h
[8.181s] -- Installing: /home/szymon/Documents/MIAPR/Project_NAV2_przyklad/install/nav2_sms_behavior/share/nav2_sms_behavior/environment/library_path.sh
[8.181s] -- Installing: /home/szymon/Documents/MIAPR/Project_NAV2_przyklad/install/nav2_sms_behavior/share/nav2_sms_behavior/environment/library_path.dsv
[8.181s] -- Installing: /home/szymon/Documents/MIAPR/Project_NAV2_przyklad/install/nav2_sms_behavior/lib/libnav2_sms_behavior__rosidl_generator_c.so
[8.181s] -- Set runtime path of "/home/szymon/Documents/MIAPR/Project_NAV2_przyklad/install/nav2_sms_behavior/lib/libnav2_sms_behavior__rosidl_generator_c.so" to ""
[8.181s] -- Up-to-date: /home/szymon/Documents/MIAPR/Project_NAV2_przyklad/install/nav2_sms_behavior/include/nav2_sms_behavior/nav2_sms_behavior
[8.181s] -- Up-to-date: /home/szymon/Documents/MIAPR/Project_NAV2_przyklad/install/nav2_sms_behavior/include/nav2_sms_behavior/nav2_sms_behavior/action
[8.181s] -- Up-to-date: /home/szymon/Documents/MIAPR/Project_NAV2_przyklad/install/nav2_sms_behavior/include/nav2_sms_behavior/nav2_sms_behavior/action/detail
[8.181s] -- Installing: /home/szymon/Documents/MIAPR/Project_NAV2_przyklad/install/nav2_sms_behavior/include/nav2_sms_behavior/nav2_sms_behavior/action/detail/send_sms__rosidl_typesupport_fastrtps_c.h
[8.181s] -- Up-to-date: /home/szymon/Documents/MIAPR/Project_NAV2_przyklad/install/nav2_sms_behavior/include/nav2_sms_behavior/nav2_sms_behavior/msg
[8.181s] -- Installing: /home/szymon/Documents/MIAPR/Project_NAV2_przyklad/install/nav2_sms_behavior/include/nav2_sms_behavior/nav2_sms_behavior/msg/rosidl_typesupport_fastrtps_c__visibility_control.h
[8.181s] -- Installing: /home/szymon/Documents/MIAPR/Project_NAV2_przyklad/install/nav2_sms_behavior/lib/libnav2_sms_behavior__rosidl_typesupport_fastrtps_c.so
[8.181s] -- Set runtime path of "/home/szymon/Documents/MIAPR/Project_NAV2_przyklad/install/nav2_sms_behavior/lib/libnav2_sms_behavior__rosidl_typesupport_fastrtps_c.so" to ""
[8.181s] -- Up-to-date: /home/szymon/Documents/MIAPR/Project_NAV2_przyklad/install/nav2_sms_behavior/include/nav2_sms_behavior/nav2_sms_behavior
[8.181s] -- Up-to-date: /home/szymon/Documents/MIAPR/Project_NAV2_przyklad/install/nav2_sms_behavior/include/nav2_sms_behavior/nav2_sms_behavior/action
[8.181s] -- Installing: /home/szymon/Documents/MIAPR/Project_NAV2_przyklad/install/nav2_sms_behavior/include/nav2_sms_behavior/nav2_sms_behavior/action/send_sms.hpp
[8.181s] -- Up-to-date: /home/szymon/Documents/MIAPR/Project_NAV2_przyklad/install/nav2_sms_behavior/include/nav2_sms_behavior/nav2_sms_behavior/action/detail
[8.181s] -- Installing: /home/szymon/Documents/MIAPR/Project_NAV2_przyklad/install/nav2_sms_behavior/include/nav2_sms_behavior/nav2_sms_behavior/action/detail/send_sms__traits.hpp
[8.181s] -- Installing: /home/szymon/Documents/MIAPR/Project_NAV2_przyklad/install/nav2_sms_behavior/include/nav2_sms_behavior/nav2_sms_behavior/action/detail/send_sms__type_support.hpp
[8.182s] -- Installing: /home/szymon/Documents/MIAPR/Project_NAV2_przyklad/install/nav2_sms_behavior/include/nav2_sms_behavior/nav2_sms_behavior/action/detail/send_sms__struct.hpp
[8.182s] -- Installing: /home/szymon/Documents/MIAPR/Project_NAV2_przyklad/install/nav2_sms_behavior/include/nav2_sms_behavior/nav2_sms_behavior/action/detail/send_sms__builder.hpp
[8.182s] -- Up-to-date: /home/szymon/Documents/MIAPR/Project_NAV2_przyklad/install/nav2_sms_behavior/include/nav2_sms_behavior/nav2_sms_behavior/msg
[8.182s] -- Installing: /home/szymon/Documents/MIAPR/Project_NAV2_przyklad/install/nav2_sms_behavior/include/nav2_sms_behavior/nav2_sms_behavior/msg/rosidl_generator_cpp__visibility_control.hpp
[8.182s] -- Up-to-date: /home/szymon/Documents/MIAPR/Project_NAV2_przyklad/install/nav2_sms_behavior/include/nav2_sms_behavior/nav2_sms_behavior
[8.182s] -- Up-to-date: /home/szymon/Documents/MIAPR/Project_NAV2_przyklad/install/nav2_sms_behavior/include/nav2_sms_behavior/nav2_sms_behavior/action
[8.182s] -- Up-to-date: /home/szymon/Documents/MIAPR/Project_NAV2_przyklad/install/nav2_sms_behavior/include/nav2_sms_behavior/nav2_sms_behavior/action/detail
[8.182s] -- Installing: /home/szymon/Documents/MIAPR/Project_NAV2_przyklad/install/nav2_sms_behavior/include/nav2_sms_behavior/nav2_sms_behavior/action/detail/dds_fastrtps
[8.182s] -- Installing: /home/szymon/Documents/MIAPR/Project_NAV2_przyklad/install/nav2_sms_behavior/include/nav2_sms_behavior/nav2_sms_behavior/action/detail/send_sms__rosidl_typesupport_fastrtps_cpp.hpp
[8.182s] -- Up-to-date: /home/szymon/Documents/MIAPR/Project_NAV2_przyklad/install/nav2_sms_behavior/include/nav2_sms_behavior/nav2_sms_behavior/msg
[8.182s] -- Installing: /home/szymon/Documents/MIAPR/Project_NAV2_przyklad/install/nav2_sms_behavior/include/nav2_sms_behavior/nav2_sms_behavior/msg/rosidl_typesupport_fastrtps_cpp__visibility_control.h
[8.182s] -- Installing: /home/szymon/Documents/MIAPR/Project_NAV2_przyklad/install/nav2_sms_behavior/lib/libnav2_sms_behavior__rosidl_typesupport_fastrtps_cpp.so
[8.182s] -- Set runtime path of "/home/szymon/Documents/MIAPR/Project_NAV2_przyklad/install/nav2_sms_behavior/lib/libnav2_sms_behavior__rosidl_typesupport_fastrtps_cpp.so" to ""
[8.182s] -- Up-to-date: /home/szymon/Documents/MIAPR/Project_NAV2_przyklad/install/nav2_sms_behavior/include/nav2_sms_behavior/nav2_sms_behavior
[8.182s] -- Up-to-date: /home/szymon/Documents/MIAPR/Project_NAV2_przyklad/install/nav2_sms_behavior/include/nav2_sms_behavior/nav2_sms_behavior/action
[8.182s] -- Up-to-date: /home/szymon/Documents/MIAPR/Project_NAV2_przyklad/install/nav2_sms_behavior/include/nav2_sms_behavior/nav2_sms_behavior/action/detail
[8.182s] -- Installing: /home/szymon/Documents/MIAPR/Project_NAV2_przyklad/install/nav2_sms_behavior/include/nav2_sms_behavior/nav2_sms_behavior/action/detail/send_sms__type_support.c
[8.182s] -- Installing: /home/szymon/Documents/MIAPR/Project_NAV2_przyklad/install/nav2_sms_behavior/include/nav2_sms_behavior/nav2_sms_behavior/action/detail/send_sms__rosidl_typesupport_introspection_c.h
[8.182s] -- Up-to-date: /home/szymon/Documents/MIAPR/Project_NAV2_przyklad/install/nav2_sms_behavior/include/nav2_sms_behavior/nav2_sms_behavior/msg
[8.182s] -- Installing: /home/szymon/Documents/MIAPR/Project_NAV2_przyklad/install/nav2_sms_behavior/include/nav2_sms_behavior/nav2_sms_behavior/msg/rosidl_typesupport_introspection_c__visibility_control.h
[8.182s] -- Installing: /home/szymon/Documents/MIAPR/Project_NAV2_przyklad/install/nav2_sms_behavior/lib/libnav2_sms_behavior__rosidl_typesupport_introspection_c.so
[8.182s] -- Set runtime path of "/home/szymon/Documents/MIAPR/Project_NAV2_przyklad/install/nav2_sms_behavior/lib/libnav2_sms_behavior__rosidl_typesupport_introspection_c.so" to ""
[8.182s] -- Installing: /home/szymon/Documents/MIAPR/Project_NAV2_przyklad/install/nav2_sms_behavior/lib/libnav2_sms_behavior__rosidl_typesupport_c.so
[8.182s] -- Set runtime path of "/home/szymon/Documents/MIAPR/Project_NAV2_przyklad/install/nav2_sms_behavior/lib/libnav2_sms_behavior__rosidl_typesupport_c.so" to ""
[8.182s] -- Up-to-date: /home/szymon/Documents/MIAPR/Project_NAV2_przyklad/install/nav2_sms_behavior/include/nav2_sms_behavior/nav2_sms_behavior
[8.183s] -- Up-to-date: /home/szymon/Documents/MIAPR/Project_NAV2_przyklad/install/nav2_sms_behavior/include/nav2_sms_behavior/nav2_sms_behavior/action
[8.183s] -- Up-to-date: /home/szymon/Documents/MIAPR/Project_NAV2_przyklad/install/nav2_sms_behavior/include/nav2_sms_behavior/nav2_sms_behavior/action/detail
[8.183s] -- Installing: /home/szymon/Documents/MIAPR/Project_NAV2_przyklad/install/nav2_sms_behavior/include/nav2_sms_behavior/nav2_sms_behavior/action/detail/send_sms__rosidl_typesupport_introspection_cpp.hpp
[8.183s] -- Installing: /home/szymon/Documents/MIAPR/Project_NAV2_przyklad/install/nav2_sms_behavior/include/nav2_sms_behavior/nav2_sms_behavior/action/detail/send_sms__type_support.cpp
[8.183s] -- Installing: /home/szymon/Documents/MIAPR/Project_NAV2_przyklad/install/nav2_sms_behavior/lib/libnav2_sms_behavior__rosidl_typesupport_introspection_cpp.so
[8.183s] -- Set runtime path of "/home/szymon/Documents/MIAPR/Project_NAV2_przyklad/install/nav2_sms_behavior/lib/libnav2_sms_behavior__rosidl_typesupport_introspection_cpp.so" to ""
[8.183s] -- Installing: /home/szymon/Documents/MIAPR/Project_NAV2_przyklad/install/nav2_sms_behavior/lib/libnav2_sms_behavior__rosidl_typesupport_cpp.so
[8.183s] -- Set runtime path of "/home/szymon/Documents/MIAPR/Project_NAV2_przyklad/install/nav2_sms_behavior/lib/libnav2_sms_behavior__rosidl_typesupport_cpp.so" to ""
[8.183s] -- Installing: /home/szymon/Documents/MIAPR/Project_NAV2_przyklad/install/nav2_sms_behavior/share/nav2_sms_behavior/environment/pythonpath.sh
[8.183s] -- Installing: /home/szymon/Documents/MIAPR/Project_NAV2_przyklad/install/nav2_sms_behavior/share/nav2_sms_behavior/environment/pythonpath.dsv
[8.183s] -- Installing: /home/szymon/Documents/MIAPR/Project_NAV2_przyklad/install/nav2_sms_behavior/local/lib/python3.10/dist-packages/nav2_sms_behavior-1.0.0-py3.10.egg-info
[8.183s] -- Installing: /home/szymon/Documents/MIAPR/Project_NAV2_przyklad/install/nav2_sms_behavior/local/lib/python3.10/dist-packages/nav2_sms_behavior-1.0.0-py3.10.egg-info/dependency_links.txt
[8.183s] -- Installing: /home/szymon/Documents/MIAPR/Project_NAV2_przyklad/install/nav2_sms_behavior/local/lib/python3.10/dist-packages/nav2_sms_behavior-1.0.0-py3.10.egg-info/PKG-INFO
[8.183s] -- Installing: /home/szymon/Documents/MIAPR/Project_NAV2_przyklad/install/nav2_sms_behavior/local/lib/python3.10/dist-packages/nav2_sms_behavior-1.0.0-py3.10.egg-info/top_level.txt
[8.183s] -- Installing: /home/szymon/Documents/MIAPR/Project_NAV2_przyklad/install/nav2_sms_behavior/local/lib/python3.10/dist-packages/nav2_sms_behavior-1.0.0-py3.10.egg-info/SOURCES.txt
[8.183s] -- Installing: /home/szymon/Documents/MIAPR/Project_NAV2_przyklad/install/nav2_sms_behavior/local/lib/python3.10/dist-packages/nav2_sms_behavior
[8.183s] -- Installing: /home/szymon/Documents/MIAPR/Project_NAV2_przyklad/install/nav2_sms_behavior/local/lib/python3.10/dist-packages/nav2_sms_behavior/action
[8.183s] -- Installing: /home/szymon/Documents/MIAPR/Project_NAV2_przyklad/install/nav2_sms_behavior/local/lib/python3.10/dist-packages/nav2_sms_behavior/action/_send_sms_s.c
[8.183s] -- Installing: /home/szymon/Documents/MIAPR/Project_NAV2_przyklad/install/nav2_sms_behavior/local/lib/python3.10/dist-packages/nav2_sms_behavior/action/__init__.py
[8.183s] -- Installing: /home/szymon/Documents/MIAPR/Project_NAV2_przyklad/install/nav2_sms_behavior/local/lib/python3.10/dist-packages/nav2_sms_behavior/action/_send_sms.py
[8.184s] -- Installing: /home/szymon/Documents/MIAPR/Project_NAV2_przyklad/install/nav2_sms_behavior/local/lib/python3.10/dist-packages/nav2_sms_behavior/nav2_sms_behavior_s__rosidl_typesupport_fastrtps_c.cpython-310-x86_64-linux-gnu.so
[8.184s] -- Installing: /home/szymon/Documents/MIAPR/Project_NAV2_przyklad/install/nav2_sms_behavior/local/lib/python3.10/dist-packages/nav2_sms_behavior/libnav2_sms_behavior__rosidl_generator_py.so
[8.184s] -- Installing: /home/szymon/Documents/MIAPR/Project_NAV2_przyklad/install/nav2_sms_behavior/local/lib/python3.10/dist-packages/nav2_sms_behavior/_nav2_sms_behavior_s.ep.rosidl_typesupport_c.c
[8.184s] -- Installing: /home/szymon/Documents/MIAPR/Project_NAV2_przyklad/install/nav2_sms_behavior/local/lib/python3.10/dist-packages/nav2_sms_behavior/_nav2_sms_behavior_s.ep.rosidl_typesupport_introspection_c.c
[8.184s] -- Installing: /home/szymon/Documents/MIAPR/Project_NAV2_przyklad/install/nav2_sms_behavior/local/lib/python3.10/dist-packages/nav2_sms_behavior/__init__.py
[8.184s] -- Installing: /home/szymon/Documents/MIAPR/Project_NAV2_przyklad/install/nav2_sms_behavior/local/lib/python3.10/dist-packages/nav2_sms_behavior/_nav2_sms_behavior_s.ep.rosidl_typesupport_fastrtps_c.c
[8.184s] -- Installing: /home/szymon/Documents/MIAPR/Project_NAV2_przyklad/install/nav2_sms_behavior/local/lib/python3.10/dist-packages/nav2_sms_behavior/nav2_sms_behavior_s__rosidl_typesupport_c.cpython-310-x86_64-linux-gnu.so
[8.184s] -- Installing: /home/szymon/Documents/MIAPR/Project_NAV2_przyklad/install/nav2_sms_behavior/local/lib/python3.10/dist-packages/nav2_sms_behavior/nav2_sms_behavior_s__rosidl_typesupport_introspection_c.cpython-310-x86_64-linux-gnu.so
[8.210s] Listing '/home/szymon/Documents/MIAPR/Project_NAV2_przyklad/install/nav2_sms_behavior/local/lib/python3.10/dist-packages/nav2_sms_behavior'...
[8.210s] Compiling '/home/szymon/Documents/MIAPR/Project_NAV2_przyklad/install/nav2_sms_behavior/local/lib/python3.10/dist-packages/nav2_sms_behavior/__init__.py'...
[8.210s] Listing '/home/szymon/Documents/MIAPR/Project_NAV2_przyklad/install/nav2_sms_behavior/local/lib/python3.10/dist-packages/nav2_sms_behavior/action'...
[8.210s] Compiling '/home/szymon/Documents/MIAPR/Project_NAV2_przyklad/install/nav2_sms_behavior/local/lib/python3.10/dist-packages/nav2_sms_behavior/action/__init__.py'...
[8.210s] Compiling '/home/szymon/Documents/MIAPR/Project_NAV2_przyklad/install/nav2_sms_behavior/local/lib/python3.10/dist-packages/nav2_sms_behavior/action/_send_sms.py'...
[8.213s] -- Installing: /home/szymon/Documents/MIAPR/Project_NAV2_przyklad/install/nav2_sms_behavior/local/lib/python3.10/dist-packages/nav2_sms_behavior/nav2_sms_behavior_s__rosidl_typesupport_fastrtps_c.cpython-310-x86_64-linux-gnu.so
[8.213s] -- Set runtime path of "/home/szymon/Documents/MIAPR/Project_NAV2_przyklad/install/nav2_sms_behavior/local/lib/python3.10/dist-packages/nav2_sms_behavior/nav2_sms_behavior_s__rosidl_typesupport_fastrtps_c.cpython-310-x86_64-linux-gnu.so" to ""
[8.213s] -- Installing: /home/szymon/Documents/MIAPR/Project_NAV2_przyklad/install/nav2_sms_behavior/local/lib/python3.10/dist-packages/nav2_sms_behavior/nav2_sms_behavior_s__rosidl_typesupport_introspection_c.cpython-310-x86_64-linux-gnu.so
[8.213s] -- Set runtime path of "/home/szymon/Documents/MIAPR/Project_NAV2_przyklad/install/nav2_sms_behavior/local/lib/python3.10/dist-packages/nav2_sms_behavior/nav2_sms_behavior_s__rosidl_typesupport_introspection_c.cpython-310-x86_64-linux-gnu.so" to ""
[8.213s] -- Installing: /home/szymon/Documents/MIAPR/Project_NAV2_przyklad/install/nav2_sms_behavior/local/lib/python3.10/dist-packages/nav2_sms_behavior/nav2_sms_behavior_s__rosidl_typesupport_c.cpython-310-x86_64-linux-gnu.so
[8.214s] -- Set runtime path of "/home/szymon/Documents/MIAPR/Project_NAV2_przyklad/install/nav2_sms_behavior/local/lib/python3.10/dist-packages/nav2_sms_behavior/nav2_sms_behavior_s__rosidl_typesupport_c.cpython-310-x86_64-linux-gnu.so" to ""
[8.214s] -- Installing: /home/szymon/Documents/MIAPR/Project_NAV2_przyklad/install/nav2_sms_behavior/lib/libnav2_sms_behavior__rosidl_generator_py.so
[8.214s] -- Set runtime path of "/home/szymon/Documents/MIAPR/Project_NAV2_przyklad/install/nav2_sms_behavior/lib/libnav2_sms_behavior__rosidl_generator_py.so" to ""
[8.214s] -- Installing: /home/szymon/Documents/MIAPR/Project_NAV2_przyklad/install/nav2_sms_behavior/share/nav2_sms_behavior/action/SendSms.idl
[8.214s] -- Installing: /home/szymon/Documents/MIAPR/Project_NAV2_przyklad/install/nav2_sms_behavior/share/nav2_sms_behavior/action/SendSms.action
[8.214s] -- Installing: /home/szymon/Documents/MIAPR/Project_NAV2_przyklad/install/nav2_sms_behavior/share/nav2_sms_behavior/behavior_plugin.xml
[8.214s] -- Installing: /home/szymon/Documents/MIAPR/Project_NAV2_przyklad/install/nav2_sms_behavior/lib/libnav2_sms_behavior_plugin.so
[8.215s] -- Set runtime path of "/home/szymon/Documents/MIAPR/Project_NAV2_przyklad/install/nav2_sms_behavior/lib/libnav2_sms_behavior_plugin.so" to ""
[8.215s] -- Up-to-date: /home/szymon/Documents/MIAPR/Project_NAV2_przyklad/install/nav2_sms_behavior/include/
[8.215s] -- Up-to-date: /home/szymon/Documents/MIAPR/Project_NAV2_przyklad/install/nav2_sms_behavior/include//nav2_sms_behavior
[8.215s] -- Installing: /home/szymon/Documents/MIAPR/Project_NAV2_przyklad/install/nav2_sms_behavior/include//nav2_sms_behavior/send_sms.hpp
[8.215s] -- Installing: /home/szymon/Documents/MIAPR/Project_NAV2_przyklad/install/nav2_sms_behavior/include//nav2_sms_behavior/twilio.hpp
[8.215s] -- Installing: /home/szymon/Documents/MIAPR/Project_NAV2_przyklad/install/nav2_sms_behavior/include//nav2_sms_behavior/type_conversion.hpp
[8.215s] -- Up-to-date: /home/szymon/Documents/MIAPR/Project_NAV2_przyklad/install/nav2_sms_behavior/share/nav2_sms_behavior/behavior_plugin.xml
[8.215s] -- Installing: /home/szymon/Documents/MIAPR/Project_NAV2_przyklad/install/nav2_sms_behavior/share/ament_index/resource_index/package_run_dependencies/nav2_sms_behavior
[8.216s] -- Installing: /home/szymon/Documents/MIAPR/Project_NAV2_przyklad/install/nav2_sms_behavior/share/ament_index/resource_index/parent_prefix_path/nav2_sms_behavior
[8.216s] -- Installing: /home/szymon/Documents/MIAPR/Project_NAV2_przyklad/install/nav2_sms_behavior/share/nav2_sms_behavior/environment/ament_prefix_path.sh
[8.216s] -- Installing: /home/szymon/Documents/MIAPR/Project_NAV2_przyklad/install/nav2_sms_behavior/share/nav2_sms_behavior/environment/ament_prefix_path.dsv
[8.216s] -- Installing: /home/szymon/Documents/MIAPR/Project_NAV2_przyklad/install/nav2_sms_behavior/share/nav2_sms_behavior/environment/path.sh
[8.216s] -- Installing: /home/szymon/Documents/MIAPR/Project_NAV2_przyklad/install/nav2_sms_behavior/share/nav2_sms_behavior/environment/path.dsv
[8.216s] -- Installing: /home/szymon/Documents/MIAPR/Project_NAV2_przyklad/install/nav2_sms_behavior/share/nav2_sms_behavior/local_setup.bash
[8.216s] -- Installing: /home/szymon/Documents/MIAPR/Project_NAV2_przyklad/install/nav2_sms_behavior/share/nav2_sms_behavior/local_setup.sh
[8.216s] -- Installing: /home/szymon/Documents/MIAPR/Project_NAV2_przyklad/install/nav2_sms_behavior/share/nav2_sms_behavior/local_setup.zsh
[8.216s] -- Installing: /home/szymon/Documents/MIAPR/Project_NAV2_przyklad/install/nav2_sms_behavior/share/nav2_sms_behavior/local_setup.dsv
[8.216s] -- Installing: /home/szymon/Documents/MIAPR/Project_NAV2_przyklad/install/nav2_sms_behavior/share/nav2_sms_behavior/package.dsv
[8.216s] -- Installing: /home/szymon/Documents/MIAPR/Project_NAV2_przyklad/install/nav2_sms_behavior/share/ament_index/resource_index/packages/nav2_sms_behavior
[8.216s] -- Installing: /home/szymon/Documents/MIAPR/Project_NAV2_przyklad/install/nav2_sms_behavior/share/ament_index/resource_index/nav2_core__pluginlib__plugin/nav2_sms_behavior
[8.216s] -- Installing: /home/szymon/Documents/MIAPR/Project_NAV2_przyklad/install/nav2_sms_behavior/share/nav2_sms_behavior/cmake/export_nav2_sms_behavior__rosidl_generator_cExport.cmake
[8.216s] -- Installing: /home/szymon/Documents/MIAPR/Project_NAV2_przyklad/install/nav2_sms_behavior/share/nav2_sms_behavior/cmake/export_nav2_sms_behavior__rosidl_generator_cExport-noconfig.cmake
[8.216s] -- Installing: /home/szymon/Documents/MIAPR/Project_NAV2_przyklad/install/nav2_sms_behavior/share/nav2_sms_behavior/cmake/export_nav2_sms_behavior__rosidl_typesupport_fastrtps_cExport.cmake
[8.216s] -- Installing: /home/szymon/Documents/MIAPR/Project_NAV2_przyklad/install/nav2_sms_behavior/share/nav2_sms_behavior/cmake/export_nav2_sms_behavior__rosidl_typesupport_fastrtps_cExport-noconfig.cmake
[8.216s] -- Installing: /home/szymon/Documents/MIAPR/Project_NAV2_przyklad/install/nav2_sms_behavior/share/nav2_sms_behavior/cmake/export_nav2_sms_behavior__rosidl_generator_cppExport.cmake
[8.216s] -- Installing: /home/szymon/Documents/MIAPR/Project_NAV2_przyklad/install/nav2_sms_behavior/share/nav2_sms_behavior/cmake/export_nav2_sms_behavior__rosidl_typesupport_fastrtps_cppExport.cmake
[8.216s] -- Installing: /home/szymon/Documents/MIAPR/Project_NAV2_przyklad/install/nav2_sms_behavior/share/nav2_sms_behavior/cmake/export_nav2_sms_behavior__rosidl_typesupport_fastrtps_cppExport-noconfig.cmake
[8.216s] -- Installing: /home/szymon/Documents/MIAPR/Project_NAV2_przyklad/install/nav2_sms_behavior/share/nav2_sms_behavior/cmake/nav2_sms_behavior__rosidl_typesupport_introspection_cExport.cmake
[8.216s] -- Installing: /home/szymon/Documents/MIAPR/Project_NAV2_przyklad/install/nav2_sms_behavior/share/nav2_sms_behavior/cmake/nav2_sms_behavior__rosidl_typesupport_introspection_cExport-noconfig.cmake
[8.216s] -- Installing: /home/szymon/Documents/MIAPR/Project_NAV2_przyklad/install/nav2_sms_behavior/share/nav2_sms_behavior/cmake/nav2_sms_behavior__rosidl_typesupport_cExport.cmake
[8.216s] -- Installing: /home/szymon/Documents/MIAPR/Project_NAV2_przyklad/install/nav2_sms_behavior/share/nav2_sms_behavior/cmake/nav2_sms_behavior__rosidl_typesupport_cExport-noconfig.cmake
[8.216s] -- Installing: /home/szymon/Documents/MIAPR/Project_NAV2_przyklad/install/nav2_sms_behavior/share/nav2_sms_behavior/cmake/nav2_sms_behavior__rosidl_typesupport_introspection_cppExport.cmake
[8.217s] -- Installing: /home/szymon/Documents/MIAPR/Project_NAV2_przyklad/install/nav2_sms_behavior/share/nav2_sms_behavior/cmake/nav2_sms_behavior__rosidl_typesupport_introspection_cppExport-noconfig.cmake
[8.217s] -- Installing: /home/szymon/Documents/MIAPR/Project_NAV2_przyklad/install/nav2_sms_behavior/share/nav2_sms_behavior/cmake/nav2_sms_behavior__rosidl_typesupport_cppExport.cmake
[8.217s] -- Installing: /home/szymon/Documents/MIAPR/Project_NAV2_przyklad/install/nav2_sms_behavior/share/nav2_sms_behavior/cmake/nav2_sms_behavior__rosidl_typesupport_cppExport-noconfig.cmake
[8.217s] -- Installing: /home/szymon/Documents/MIAPR/Project_NAV2_przyklad/install/nav2_sms_behavior/share/nav2_sms_behavior/cmake/export_nav2_sms_behavior__rosidl_generator_pyExport.cmake
[8.217s] -- Installing: /home/szymon/Documents/MIAPR/Project_NAV2_przyklad/install/nav2_sms_behavior/share/nav2_sms_behavior/cmake/export_nav2_sms_behavior__rosidl_generator_pyExport-noconfig.cmake
[8.217s] -- Installing: /home/szymon/Documents/MIAPR/Project_NAV2_przyklad/install/nav2_sms_behavior/share/nav2_sms_behavior/cmake/rosidl_cmake-extras.cmake
[8.217s] -- Installing: /home/szymon/Documents/MIAPR/Project_NAV2_przyklad/install/nav2_sms_behavior/share/nav2_sms_behavior/cmake/ament_cmake_export_dependencies-extras.cmake
[8.217s] -- Installing: /home/szymon/Documents/MIAPR/Project_NAV2_przyklad/install/nav2_sms_behavior/share/nav2_sms_behavior/cmake/ament_cmake_export_include_directories-extras.cmake
[8.217s] -- Installing: /home/szymon/Documents/MIAPR/Project_NAV2_przyklad/install/nav2_sms_behavior/share/nav2_sms_behavior/cmake/ament_cmake_export_libraries-extras.cmake
[8.217s] -- Installing: /home/szymon/Documents/MIAPR/Project_NAV2_przyklad/install/nav2_sms_behavior/share/nav2_sms_behavior/cmake/ament_cmake_export_targets-extras.cmake
[8.217s] -- Installing: /home/szymon/Documents/MIAPR/Project_NAV2_przyklad/install/nav2_sms_behavior/share/nav2_sms_behavior/cmake/rosidl_cmake_export_typesupport_targets-extras.cmake
[8.217s] -- Installing: /home/szymon/Documents/MIAPR/Project_NAV2_przyklad/install/nav2_sms_behavior/share/nav2_sms_behavior/cmake/rosidl_cmake_export_typesupport_libraries-extras.cmake
[8.217s] -- Installing: /home/szymon/Documents/MIAPR/Project_NAV2_przyklad/install/nav2_sms_behavior/share/nav2_sms_behavior/cmake/nav2_sms_behaviorConfig.cmake
[8.217s] -- Installing: /home/szymon/Documents/MIAPR/Project_NAV2_przyklad/install/nav2_sms_behavior/share/nav2_sms_behavior/cmake/nav2_sms_behaviorConfig-version.cmake
[8.217s] -- Installing: /home/szymon/Documents/MIAPR/Project_NAV2_przyklad/install/nav2_sms_behavior/share/nav2_sms_behavior/package.xml
[8.219s] Invoked command in '/home/szymon/Documents/MIAPR/Project_NAV2_przyklad/build/nav2_sms_behavior' returned '0': CMAKE_PREFIX_PATH=/opt/ros/humble /usr/bin/cmake --install /home/szymon/Documents/MIAPR/Project_NAV2_przyklad/build/nav2_sms_behavior
