[0.012s] Invoking command in '/home/szymon/Documents/MIAPR/MIAPR_project/build/nav2_gradient_costmap_plugin': CMAKE_PREFIX_PATH=/opt/ros/humble /usr/bin/cmake /home/szymon/Documents/MIAPR/MIAPR_project/src/nav2_gradient_costmap_plugin -DCMAKE_INSTALL_PREFIX=/home/szymon/Documents/MIAPR/MIAPR_project/install/nav2_gradient_costmap_plugin
[0.083s] -- The C compiler identification is GNU 11.4.0
[0.140s] -- The CXX compiler identification is GNU 11.4.0
[0.146s] -- Detecting C compiler ABI info
[0.194s] -- Detecting C compiler ABI info - done
[0.201s] -- Check for working C compiler: /usr/bin/cc - skipped
[0.201s] -- Detecting C compile features
[0.202s] -- Detecting C compile features - done
[0.205s] -- Detecting CXX compiler ABI info
[0.267s] -- Detecting CXX compiler ABI info - done
[0.272s] -- Check for working CXX compiler: /usr/bin/c++ - skipped
[0.272s] -- Detecting CXX compile features
[0.273s] -- Detecting CXX compile features - done
[0.274s] -- Found ament_cmake: 1.3.11 (/opt/ros/humble/share/ament_cmake/cmake)
[0.870s] -- Found Python3: /usr/bin/python3 (found version "3.10.12") found components: Interpreter 
[0.933s] -- Found rclcpp: 16.0.12 (/opt/ros/humble/share/rclcpp/cmake)
[0.963s] -- Found rosidl_generator_c: 3.1.6 (/opt/ros/humble/share/rosidl_generator_c/cmake)
[0.966s] -- Found rosidl_adapter: 3.1.6 (/opt/ros/humble/share/rosidl_adapter/cmake)
[0.972s] -- Found rosidl_generator_cpp: 3.1.6 (/opt/ros/humble/share/rosidl_generator_cpp/cmake)
[0.980s] -- Using all available rosidl_typesupport_c: rosidl_typesupport_fastrtps_c;rosidl_typesupport_introspection_c
[0.990s] -- Using all available rosidl_typesupport_cpp: rosidl_typesupport_fastrtps_cpp;rosidl_typesupport_introspection_cpp
[1.019s] -- Found rmw_implementation_cmake: 6.1.2 (/opt/ros/humble/share/rmw_implementation_cmake/cmake)
[1.021s] -- Found rmw_fastrtps_cpp: 6.2.7 (/opt/ros/humble/share/rmw_fastrtps_cpp/cmake)
[1.082s] -- Found OpenSSL: /usr/lib/x86_64-linux-gnu/libcrypto.so (found version "3.0.2")  
[1.101s] -- Found FastRTPS: /opt/ros/humble/include  
[1.129s] -- Using RMW implementation 'rmw_fastrtps_cpp' as default
[1.134s] -- Looking for pthread.h
[1.184s] -- Looking for pthread.h - found
[1.184s] -- Performing Test CMAKE_HAVE_LIBC_PTHREAD
[1.237s] -- Performing Test CMAKE_HAVE_LIBC_PTHREAD - Success
[1.238s] -- Found Threads: TRUE  
[1.271s] -- Found nav2_costmap_2d: 1.1.18 (/opt/ros/humble/share/nav2_costmap_2d/cmake)
[1.422s] -- Found Eigen3: TRUE (found version "3.4.0") 
[1.422s] -- Ensuring Eigen3 include directory is part of orocos-kdl CMake target
[1.559s] -- Configuring done
[1.589s] -- Generating done
[1.594s] -- Build files have been written to: /home/szymon/Documents/MIAPR/MIAPR_project/build/nav2_gradient_costmap_plugin
[1.602s] Invoked command in '/home/szymon/Documents/MIAPR/MIAPR_project/build/nav2_gradient_costmap_plugin' returned '0': CMAKE_PREFIX_PATH=/opt/ros/humble /usr/bin/cmake /home/szymon/Documents/MIAPR/MIAPR_project/src/nav2_gradient_costmap_plugin -DCMAKE_INSTALL_PREFIX=/home/szymon/Documents/MIAPR/MIAPR_project/install/nav2_gradient_costmap_plugin
[1.603s] Invoking command in '/home/szymon/Documents/MIAPR/MIAPR_project/build/nav2_gradient_costmap_plugin': CMAKE_PREFIX_PATH=/opt/ros/humble /usr/bin/cmake --build /home/szymon/Documents/MIAPR/MIAPR_project/build/nav2_gradient_costmap_plugin -- -j12 -l12
[1.644s] [ 50%] [32mBuilding CXX object CMakeFiles/nav2_gradient_costmap_plugin_core.dir/src/gradient_layer.cpp.o[0m
[3.888s] [100%] [32m[1mLinking CXX shared library libnav2_gradient_costmap_plugin_core.so[0m
[4.031s] [100%] Built target nav2_gradient_costmap_plugin_core
[4.041s] Invoked command in '/home/szymon/Documents/MIAPR/MIAPR_project/build/nav2_gradient_costmap_plugin' returned '0': CMAKE_PREFIX_PATH=/opt/ros/humble /usr/bin/cmake --build /home/szymon/Documents/MIAPR/MIAPR_project/build/nav2_gradient_costmap_plugin -- -j12 -l12
[4.042s] Invoking command in '/home/szymon/Documents/MIAPR/MIAPR_project/build/nav2_gradient_costmap_plugin': CMAKE_PREFIX_PATH=/opt/ros/humble /usr/bin/cmake --install /home/szymon/Documents/MIAPR/MIAPR_project/build/nav2_gradient_costmap_plugin
[4.049s] -- Install configuration: ""
[4.050s] -- Installing: /home/szymon/Documents/MIAPR/MIAPR_project/install/nav2_gradient_costmap_plugin/lib/libnav2_gradient_costmap_plugin_core.so
[4.050s] -- Set runtime path of "/home/szymon/Documents/MIAPR/MIAPR_project/install/nav2_gradient_costmap_plugin/lib/libnav2_gradient_costmap_plugin_core.so" to ""
[4.050s] -- Installing: /home/szymon/Documents/MIAPR/MIAPR_project/install/nav2_gradient_costmap_plugin/share/nav2_gradient_costmap_plugin/gradient_layer.xml
[4.050s] -- Installing: /home/szymon/Documents/MIAPR/MIAPR_project/install/nav2_gradient_costmap_plugin/share/ament_index/resource_index/package_run_dependencies/nav2_gradient_costmap_plugin
[4.050s] -- Installing: /home/szymon/Documents/MIAPR/MIAPR_project/install/nav2_gradient_costmap_plugin/share/ament_index/resource_index/parent_prefix_path/nav2_gradient_costmap_plugin
[4.050s] -- Installing: /home/szymon/Documents/MIAPR/MIAPR_project/install/nav2_gradient_costmap_plugin/share/nav2_gradient_costmap_plugin/environment/ament_prefix_path.sh
[4.051s] -- Installing: /home/szymon/Documents/MIAPR/MIAPR_project/install/nav2_gradient_costmap_plugin/share/nav2_gradient_costmap_plugin/environment/ament_prefix_path.dsv
[4.051s] -- Installing: /home/szymon/Documents/MIAPR/MIAPR_project/install/nav2_gradient_costmap_plugin/share/nav2_gradient_costmap_plugin/environment/path.sh
[4.051s] -- Installing: /home/szymon/Documents/MIAPR/MIAPR_project/install/nav2_gradient_costmap_plugin/share/nav2_gradient_costmap_plugin/environment/path.dsv
[4.051s] -- Installing: /home/szymon/Documents/MIAPR/MIAPR_project/install/nav2_gradient_costmap_plugin/share/nav2_gradient_costmap_plugin/local_setup.bash
[4.051s] -- Installing: /home/szymon/Documents/MIAPR/MIAPR_project/install/nav2_gradient_costmap_plugin/share/nav2_gradient_costmap_plugin/local_setup.sh
[4.051s] -- Installing: /home/szymon/Documents/MIAPR/MIAPR_project/install/nav2_gradient_costmap_plugin/share/nav2_gradient_costmap_plugin/local_setup.zsh
[4.051s] -- Installing: /home/szymon/Documents/MIAPR/MIAPR_project/install/nav2_gradient_costmap_plugin/share/nav2_gradient_costmap_plugin/local_setup.dsv
[4.051s] -- Installing: /home/szymon/Documents/MIAPR/MIAPR_project/install/nav2_gradient_costmap_plugin/share/nav2_gradient_costmap_plugin/package.dsv
[4.051s] -- Installing: /home/szymon/Documents/MIAPR/MIAPR_project/install/nav2_gradient_costmap_plugin/share/ament_index/resource_index/packages/nav2_gradient_costmap_plugin
[4.051s] -- Installing: /home/szymon/Documents/MIAPR/MIAPR_project/install/nav2_gradient_costmap_plugin/share/ament_index/resource_index/nav2_costmap_2d__pluginlib__plugin/nav2_gradient_costmap_plugin
[4.051s] -- Installing: /home/szymon/Documents/MIAPR/MIAPR_project/install/nav2_gradient_costmap_plugin/share/nav2_gradient_costmap_plugin/cmake/nav2_gradient_costmap_pluginConfig.cmake
[4.051s] -- Installing: /home/szymon/Documents/MIAPR/MIAPR_project/install/nav2_gradient_costmap_plugin/share/nav2_gradient_costmap_plugin/cmake/nav2_gradient_costmap_pluginConfig-version.cmake
[4.051s] -- Installing: /home/szymon/Documents/MIAPR/MIAPR_project/install/nav2_gradient_costmap_plugin/share/nav2_gradient_costmap_plugin/package.xml
[4.053s] Invoked command in '/home/szymon/Documents/MIAPR/MIAPR_project/build/nav2_gradient_costmap_plugin' returned '0': CMAKE_PREFIX_PATH=/opt/ros/humble /usr/bin/cmake --install /home/szymon/Documents/MIAPR/MIAPR_project/build/nav2_gradient_costmap_plugin
