[0.011s] Invoking command in '/root/Shared/src/MIAPR_project/build/nav2_straightline_planner': CMAKE_PREFIX_PATH=${CMAKE_PREFIX_PATH}:/opt/ros/humble /usr/bin/cmake --build /root/Shared/src/MIAPR_project/build/nav2_straightline_planner -- -j8 -l8
[0.059s] [ 50%] [32mBuilding CXX object CMakeFiles/nav2_straightline_planner_plugin.dir/src/straight_line_planner.cpp.o[0m
[3.835s] [100%] [32m[1mLinking CXX shared library libnav2_straightline_planner_plugin.so[0m
[4.071s] [100%] Built target nav2_straightline_planner_plugin
[4.081s] Invoked command in '/root/Shared/src/MIAPR_project/build/nav2_straightline_planner' returned '0': CMAKE_PREFIX_PATH=${CMAKE_PREFIX_PATH}:/opt/ros/humble /usr/bin/cmake --build /root/Shared/src/MIAPR_project/build/nav2_straightline_planner -- -j8 -l8
[4.083s] Invoking command in '/root/Shared/src/MIAPR_project/build/nav2_straightline_planner': CMAKE_PREFIX_PATH=${CMAKE_PREFIX_PATH}:/opt/ros/humble /usr/bin/cmake --install /root/Shared/src/MIAPR_project/build/nav2_straightline_planner
[4.089s] -- Install configuration: ""
[4.089s] -- Up-to-date: /root/Shared/src/MIAPR_project/install/nav2_straightline_planner/share/nav2_straightline_planner/global_planner_plugin.xml
[4.089s] -- Installing: /root/Shared/src/MIAPR_project/install/nav2_straightline_planner/lib/libnav2_straightline_planner_plugin.so
[4.090s] -- Set runtime path of "/root/Shared/src/MIAPR_project/install/nav2_straightline_planner/lib/libnav2_straightline_planner_plugin.so" to ""
[4.090s] -- Up-to-date: /root/Shared/src/MIAPR_project/install/nav2_straightline_planner/include/
[4.090s] -- Up-to-date: /root/Shared/src/MIAPR_project/install/nav2_straightline_planner/include//nav2_straightline_planner
[4.090s] -- Installing: /root/Shared/src/MIAPR_project/install/nav2_straightline_planner/include//nav2_straightline_planner/straight_line_planner.hpp
[4.091s] -- Up-to-date: /root/Shared/src/MIAPR_project/install/nav2_straightline_planner/share/nav2_straightline_planner/global_planner_plugin.xml
[4.091s] -- Up-to-date: /root/Shared/src/MIAPR_project/install/nav2_straightline_planner/share/nav2_straightline_planner/environment/library_path.sh
[4.091s] -- Up-to-date: /root/Shared/src/MIAPR_project/install/nav2_straightline_planner/share/nav2_straightline_planner/environment/library_path.dsv
[4.091s] -- Up-to-date: /root/Shared/src/MIAPR_project/install/nav2_straightline_planner/share/ament_index/resource_index/package_run_dependencies/nav2_straightline_planner
[4.091s] -- Up-to-date: /root/Shared/src/MIAPR_project/install/nav2_straightline_planner/share/ament_index/resource_index/parent_prefix_path/nav2_straightline_planner
[4.091s] -- Up-to-date: /root/Shared/src/MIAPR_project/install/nav2_straightline_planner/share/nav2_straightline_planner/environment/ament_prefix_path.sh
[4.091s] -- Up-to-date: /root/Shared/src/MIAPR_project/install/nav2_straightline_planner/share/nav2_straightline_planner/environment/ament_prefix_path.dsv
[4.091s] -- Up-to-date: /root/Shared/src/MIAPR_project/install/nav2_straightline_planner/share/nav2_straightline_planner/environment/path.sh
[4.092s] -- Up-to-date: /root/Shared/src/MIAPR_project/install/nav2_straightline_planner/share/nav2_straightline_planner/environment/path.dsv
[4.092s] -- Up-to-date: /root/Shared/src/MIAPR_project/install/nav2_straightline_planner/share/nav2_straightline_planner/local_setup.bash
[4.092s] -- Up-to-date: /root/Shared/src/MIAPR_project/install/nav2_straightline_planner/share/nav2_straightline_planner/local_setup.sh
[4.092s] -- Up-to-date: /root/Shared/src/MIAPR_project/install/nav2_straightline_planner/share/nav2_straightline_planner/local_setup.zsh
[4.092s] -- Up-to-date: /root/Shared/src/MIAPR_project/install/nav2_straightline_planner/share/nav2_straightline_planner/local_setup.dsv
[4.092s] -- Installing: /root/Shared/src/MIAPR_project/install/nav2_straightline_planner/share/nav2_straightline_planner/package.dsv
[4.092s] -- Up-to-date: /root/Shared/src/MIAPR_project/install/nav2_straightline_planner/share/ament_index/resource_index/packages/nav2_straightline_planner
[4.092s] -- Up-to-date: /root/Shared/src/MIAPR_project/install/nav2_straightline_planner/share/ament_index/resource_index/nav2_core__pluginlib__plugin/nav2_straightline_planner
[4.093s] -- Up-to-date: /root/Shared/src/MIAPR_project/install/nav2_straightline_planner/share/nav2_straightline_planner/cmake/ament_cmake_export_include_directories-extras.cmake
[4.093s] -- Up-to-date: /root/Shared/src/MIAPR_project/install/nav2_straightline_planner/share/nav2_straightline_planner/cmake/ament_cmake_export_libraries-extras.cmake
[4.093s] -- Up-to-date: /root/Shared/src/MIAPR_project/install/nav2_straightline_planner/share/nav2_straightline_planner/cmake/ament_cmake_export_dependencies-extras.cmake
[4.093s] -- Up-to-date: /root/Shared/src/MIAPR_project/install/nav2_straightline_planner/share/nav2_straightline_planner/cmake/nav2_straightline_plannerConfig.cmake
[4.093s] -- Up-to-date: /root/Shared/src/MIAPR_project/install/nav2_straightline_planner/share/nav2_straightline_planner/cmake/nav2_straightline_plannerConfig-version.cmake
[4.093s] -- Up-to-date: /root/Shared/src/MIAPR_project/install/nav2_straightline_planner/share/nav2_straightline_planner/package.xml
[4.094s] Invoked command in '/root/Shared/src/MIAPR_project/build/nav2_straightline_planner' returned '0': CMAKE_PREFIX_PATH=${CMAKE_PREFIX_PATH}:/opt/ros/humble /usr/bin/cmake --install /root/Shared/src/MIAPR_project/build/nav2_straightline_planner
