[0.014s] Invoking command in '/home/szymon/Documents/MIAPR/Project_NAV2_przyklad/build/nav2_costmap_filters_demo': CMAKE_PREFIX_PATH=/opt/ros/humble /usr/bin/cmake /home/szymon/Documents/MIAPR/Project_NAV2_przyklad/navigation2_tutorials/nav2_costmap_filters_demo -DCMAKE_INSTALL_PREFIX=/home/szymon/Documents/MIAPR/Project_NAV2_przyklad/install/nav2_costmap_filters_demo
[0.093s] -- The C compiler identification is GNU 11.4.0
[0.146s] -- The CXX compiler identification is GNU 11.4.0
[0.153s] -- Detecting C compiler ABI info
[0.198s] -- Detecting C compiler ABI info - done
[0.205s] -- Check for working C compiler: /usr/bin/cc - skipped
[0.206s] -- Detecting C compile features
[0.206s] -- Detecting C compile features - done
[0.208s] -- Detecting CXX compiler ABI info
[0.261s] -- Detecting CXX compiler ABI info - done
[0.266s] -- Check for working CXX compiler: /usr/bin/c++ - skipped
[0.266s] -- Detecting CXX compile features
[0.267s] -- Detecting CXX compile features - done
[0.271s] -- Found ament_cmake: 1.3.11 (/opt/ros/humble/share/ament_cmake/cmake)
[0.767s] -- Found Python3: /usr/bin/python3 (found version "3.10.12") found components: Interpreter 
[0.901s] -- Configuring done
[0.903s] -- Generating done
[0.904s] -- Build files have been written to: /home/szymon/Documents/MIAPR/Project_NAV2_przyklad/build/nav2_costmap_filters_demo
[0.906s] Invoked command in '/home/szymon/Documents/MIAPR/Project_NAV2_przyklad/build/nav2_costmap_filters_demo' returned '0': CMAKE_PREFIX_PATH=/opt/ros/humble /usr/bin/cmake /home/szymon/Documents/MIAPR/Project_NAV2_przyklad/navigation2_tutorials/nav2_costmap_filters_demo -DCMAKE_INSTALL_PREFIX=/home/szymon/Documents/MIAPR/Project_NAV2_przyklad/install/nav2_costmap_filters_demo
[0.908s] Invoking command in '/home/szymon/Documents/MIAPR/Project_NAV2_przyklad/build/nav2_costmap_filters_demo': CMAKE_PREFIX_PATH=/opt/ros/humble /usr/bin/cmake --build /home/szymon/Documents/MIAPR/Project_NAV2_przyklad/build/nav2_costmap_filters_demo -- -j12 -l12
[0.930s] Invoked command in '/home/szymon/Documents/MIAPR/Project_NAV2_przyklad/build/nav2_costmap_filters_demo' returned '0': CMAKE_PREFIX_PATH=/opt/ros/humble /usr/bin/cmake --build /home/szymon/Documents/MIAPR/Project_NAV2_przyklad/build/nav2_costmap_filters_demo -- -j12 -l12
[0.938s] Invoking command in '/home/szymon/Documents/MIAPR/Project_NAV2_przyklad/build/nav2_costmap_filters_demo': CMAKE_PREFIX_PATH=/opt/ros/humble /usr/bin/cmake --install /home/szymon/Documents/MIAPR/Project_NAV2_przyklad/build/nav2_costmap_filters_demo
[0.944s] -- Install configuration: ""
[0.944s] -- Installing: /home/szymon/Documents/MIAPR/Project_NAV2_przyklad/install/nav2_costmap_filters_demo/share/nav2_costmap_filters_demo/launch
[0.945s] -- Installing: /home/szymon/Documents/MIAPR/Project_NAV2_przyklad/install/nav2_costmap_filters_demo/share/nav2_costmap_filters_demo/launch/costmap_filter_info.launch.py
[0.945s] -- Installing: /home/szymon/Documents/MIAPR/Project_NAV2_przyklad/install/nav2_costmap_filters_demo/share/nav2_costmap_filters_demo/maps
[0.945s] -- Installing: /home/szymon/Documents/MIAPR/Project_NAV2_przyklad/install/nav2_costmap_filters_demo/share/nav2_costmap_filters_demo/maps/speed_mask.pgm
[0.946s] -- Installing: /home/szymon/Documents/MIAPR/Project_NAV2_przyklad/install/nav2_costmap_filters_demo/share/nav2_costmap_filters_demo/maps/speed_mask.yaml
[0.946s] -- Installing: /home/szymon/Documents/MIAPR/Project_NAV2_przyklad/install/nav2_costmap_filters_demo/share/nav2_costmap_filters_demo/maps/keepout_mask.yaml
[0.946s] -- Installing: /home/szymon/Documents/MIAPR/Project_NAV2_przyklad/install/nav2_costmap_filters_demo/share/nav2_costmap_filters_demo/maps/keepout_mask.pgm
[0.946s] -- Installing: /home/szymon/Documents/MIAPR/Project_NAV2_przyklad/install/nav2_costmap_filters_demo/share/nav2_costmap_filters_demo/params
[0.946s] -- Installing: /home/szymon/Documents/MIAPR/Project_NAV2_przyklad/install/nav2_costmap_filters_demo/share/nav2_costmap_filters_demo/params/keepout_params.yaml
[0.946s] -- Installing: /home/szymon/Documents/MIAPR/Project_NAV2_przyklad/install/nav2_costmap_filters_demo/share/nav2_costmap_filters_demo/params/speed_params.yaml
[0.946s] -- Installing: /home/szymon/Documents/MIAPR/Project_NAV2_przyklad/install/nav2_costmap_filters_demo/share/ament_index/resource_index/package_run_dependencies/nav2_costmap_filters_demo
[0.946s] -- Installing: /home/szymon/Documents/MIAPR/Project_NAV2_przyklad/install/nav2_costmap_filters_demo/share/ament_index/resource_index/parent_prefix_path/nav2_costmap_filters_demo
[0.946s] -- Installing: /home/szymon/Documents/MIAPR/Project_NAV2_przyklad/install/nav2_costmap_filters_demo/share/nav2_costmap_filters_demo/environment/ament_prefix_path.sh
[0.946s] -- Installing: /home/szymon/Documents/MIAPR/Project_NAV2_przyklad/install/nav2_costmap_filters_demo/share/nav2_costmap_filters_demo/environment/ament_prefix_path.dsv
[0.946s] -- Installing: /home/szymon/Documents/MIAPR/Project_NAV2_przyklad/install/nav2_costmap_filters_demo/share/nav2_costmap_filters_demo/environment/path.sh
[0.946s] -- Installing: /home/szymon/Documents/MIAPR/Project_NAV2_przyklad/install/nav2_costmap_filters_demo/share/nav2_costmap_filters_demo/environment/path.dsv
[0.946s] -- Installing: /home/szymon/Documents/MIAPR/Project_NAV2_przyklad/install/nav2_costmap_filters_demo/share/nav2_costmap_filters_demo/local_setup.bash
[0.946s] -- Installing: /home/szymon/Documents/MIAPR/Project_NAV2_przyklad/install/nav2_costmap_filters_demo/share/nav2_costmap_filters_demo/local_setup.sh
[0.947s] -- Installing: /home/szymon/Documents/MIAPR/Project_NAV2_przyklad/install/nav2_costmap_filters_demo/share/nav2_costmap_filters_demo/local_setup.zsh
[0.947s] -- Installing: /home/szymon/Documents/MIAPR/Project_NAV2_przyklad/install/nav2_costmap_filters_demo/share/nav2_costmap_filters_demo/local_setup.dsv
[0.947s] -- Installing: /home/szymon/Documents/MIAPR/Project_NAV2_przyklad/install/nav2_costmap_filters_demo/share/nav2_costmap_filters_demo/package.dsv
[0.947s] -- Installing: /home/szymon/Documents/MIAPR/Project_NAV2_przyklad/install/nav2_costmap_filters_demo/share/ament_index/resource_index/packages/nav2_costmap_filters_demo
[0.947s] -- Installing: /home/szymon/Documents/MIAPR/Project_NAV2_przyklad/install/nav2_costmap_filters_demo/share/nav2_costmap_filters_demo/cmake/nav2_costmap_filters_demoConfig.cmake
[0.947s] -- Installing: /home/szymon/Documents/MIAPR/Project_NAV2_przyklad/install/nav2_costmap_filters_demo/share/nav2_costmap_filters_demo/cmake/nav2_costmap_filters_demoConfig-version.cmake
[0.947s] -- Installing: /home/szymon/Documents/MIAPR/Project_NAV2_przyklad/install/nav2_costmap_filters_demo/share/nav2_costmap_filters_demo/package.xml
[0.948s] Invoked command in '/home/szymon/Documents/MIAPR/Project_NAV2_przyklad/build/nav2_costmap_filters_demo' returned '0': CMAKE_PREFIX_PATH=/opt/ros/humble /usr/bin/cmake --install /home/szymon/Documents/MIAPR/Project_NAV2_przyklad/build/nav2_costmap_filters_demo
