[0.063s] DEBUG:colcon:Command line arguments: ['/usr/bin/colcon', 'build']
[0.063s] DEBUG:colcon:Parsed command line arguments: Namespace(log_base=None, log_level=None, verb_name='build', build_base='build', install_base='install', merge_install=False, symlink_install=False, test_result_base=None, continue_on_error=False, executor='parallel', parallel_workers=12, event_handlers=None, ignore_user_meta=False, metas=['./colcon.meta'], base_paths=['.'], packages_ignore=None, packages_ignore_regex=None, paths=None, packages_up_to=None, packages_up_to_regex=None, packages_above=None, packages_above_and_dependencies=None, packages_above_depth=None, packages_select_by_dep=None, packages_skip_by_dep=None, packages_skip_up_to=None, packages_select_build_failed=False, packages_skip_build_finished=False, packages_select_test_failures=False, packages_skip_test_passed=False, packages_select=None, packages_skip=None, packages_select_regex=None, packages_skip_regex=None, packages_start=None, packages_end=None, allow_overriding=[], cmake_args=None, cmake_target=None, cmake_target_skip_unavailable=False, cmake_clean_cache=False, cmake_clean_first=False, cmake_force_configure=False, ament_cmake_args=None, catkin_cmake_args=None, catkin_skip_building_tests=False, verb_parser=<colcon_defaults.argument_parser.defaults.DefaultArgumentsDecorator object at 0x785f3b451090>, verb_extension=<colcon_core.verb.build.BuildVerb object at 0x785f3b59ec20>, main=<bound method BuildVerb.main of <colcon_core.verb.build.BuildVerb object at 0x785f3b59ec20>>)
[0.222s] Level 1:colcon.colcon_core.package_discovery:discover_packages(colcon_meta) check parameters
[0.222s] Level 1:colcon.colcon_core.package_discovery:discover_packages(recursive) check parameters
[0.222s] Level 1:colcon.colcon_core.package_discovery:discover_packages(ignore) check parameters
[0.222s] Level 1:colcon.colcon_core.package_discovery:discover_packages(path) check parameters
[0.222s] Level 1:colcon.colcon_core.package_discovery:discover_packages(colcon_meta) discover
[0.222s] Level 1:colcon.colcon_core.package_discovery:discover_packages(recursive) discover
[0.222s] INFO:colcon.colcon_core.package_discovery:Crawling recursively for packages in '/home/szymon/Documents/MIAPR/MIAPR_project'
[0.222s] Level 1:colcon.colcon_core.package_identification:_identify(.) by extensions ['ignore', 'ignore_ament_install']
[0.222s] Level 1:colcon.colcon_core.package_identification:_identify(.) by extension 'ignore'
[0.222s] Level 1:colcon.colcon_core.package_identification:_identify(.) by extension 'ignore_ament_install'
[0.222s] Level 1:colcon.colcon_core.package_identification:_identify(.) by extensions ['colcon_pkg']
[0.222s] Level 1:colcon.colcon_core.package_identification:_identify(.) by extension 'colcon_pkg'
[0.222s] Level 1:colcon.colcon_core.package_identification:_identify(.) by extensions ['colcon_meta']
[0.222s] Level 1:colcon.colcon_core.package_identification:_identify(.) by extension 'colcon_meta'
[0.222s] Level 1:colcon.colcon_core.package_identification:_identify(.) by extensions ['ros']
[0.222s] Level 1:colcon.colcon_core.package_identification:_identify(.) by extension 'ros'
[0.236s] Level 1:colcon.colcon_core.package_identification:_identify(.) by extensions ['cmake', 'python']
[0.236s] Level 1:colcon.colcon_core.package_identification:_identify(.) by extension 'cmake'
[0.236s] Level 1:colcon.colcon_core.package_identification:_identify(.) by extension 'python'
[0.236s] Level 1:colcon.colcon_core.package_identification:_identify(.) by extensions ['python_setup_py']
[0.236s] Level 1:colcon.colcon_core.package_identification:_identify(.) by extension 'python_setup_py'
[0.236s] Level 1:colcon.colcon_core.package_identification:_identify(build) by extensions ['ignore', 'ignore_ament_install']
[0.236s] Level 1:colcon.colcon_core.package_identification:_identify(build) by extension 'ignore'
[0.236s] Level 1:colcon.colcon_core.package_identification:_identify(build) ignored
[0.236s] Level 1:colcon.colcon_core.package_identification:_identify(install) by extensions ['ignore', 'ignore_ament_install']
[0.236s] Level 1:colcon.colcon_core.package_identification:_identify(install) by extension 'ignore'
[0.236s] Level 1:colcon.colcon_core.package_identification:_identify(install) ignored
[0.237s] Level 1:colcon.colcon_core.package_identification:_identify(log) by extensions ['ignore', 'ignore_ament_install']
[0.237s] Level 1:colcon.colcon_core.package_identification:_identify(log) by extension 'ignore'
[0.237s] Level 1:colcon.colcon_core.package_identification:_identify(log) ignored
[0.237s] Level 1:colcon.colcon_core.package_identification:_identify(src) by extensions ['ignore', 'ignore_ament_install']
[0.237s] Level 1:colcon.colcon_core.package_identification:_identify(src) by extension 'ignore'
[0.237s] Level 1:colcon.colcon_core.package_identification:_identify(src) by extension 'ignore_ament_install'
[0.237s] Level 1:colcon.colcon_core.package_identification:_identify(src) by extensions ['colcon_pkg']
[0.237s] Level 1:colcon.colcon_core.package_identification:_identify(src) by extension 'colcon_pkg'
[0.237s] Level 1:colcon.colcon_core.package_identification:_identify(src) by extensions ['colcon_meta']
[0.237s] Level 1:colcon.colcon_core.package_identification:_identify(src) by extension 'colcon_meta'
[0.237s] Level 1:colcon.colcon_core.package_identification:_identify(src) by extensions ['ros']
[0.237s] Level 1:colcon.colcon_core.package_identification:_identify(src) by extension 'ros'
[0.237s] Level 1:colcon.colcon_core.package_identification:_identify(src) by extensions ['cmake', 'python']
[0.237s] Level 1:colcon.colcon_core.package_identification:_identify(src) by extension 'cmake'
[0.237s] Level 1:colcon.colcon_core.package_identification:_identify(src) by extension 'python'
[0.237s] Level 1:colcon.colcon_core.package_identification:_identify(src) by extensions ['python_setup_py']
[0.237s] Level 1:colcon.colcon_core.package_identification:_identify(src) by extension 'python_setup_py'
[0.237s] Level 1:colcon.colcon_core.package_identification:_identify(src/nav2_costmap_filters_demo) by extensions ['ignore', 'ignore_ament_install']
[0.237s] Level 1:colcon.colcon_core.package_identification:_identify(src/nav2_costmap_filters_demo) by extension 'ignore'
[0.237s] Level 1:colcon.colcon_core.package_identification:_identify(src/nav2_costmap_filters_demo) by extension 'ignore_ament_install'
[0.237s] Level 1:colcon.colcon_core.package_identification:_identify(src/nav2_costmap_filters_demo) by extensions ['colcon_pkg']
[0.237s] Level 1:colcon.colcon_core.package_identification:_identify(src/nav2_costmap_filters_demo) by extension 'colcon_pkg'
[0.237s] Level 1:colcon.colcon_core.package_identification:_identify(src/nav2_costmap_filters_demo) by extensions ['colcon_meta']
[0.237s] Level 1:colcon.colcon_core.package_identification:_identify(src/nav2_costmap_filters_demo) by extension 'colcon_meta'
[0.237s] Level 1:colcon.colcon_core.package_identification:_identify(src/nav2_costmap_filters_demo) by extensions ['ros']
[0.237s] Level 1:colcon.colcon_core.package_identification:_identify(src/nav2_costmap_filters_demo) by extension 'ros'
[0.239s] DEBUG:colcon.colcon_core.package_identification:Package 'src/nav2_costmap_filters_demo' with type 'ros.ament_cmake' and name 'nav2_costmap_filters_demo'
[0.239s] Level 1:colcon.colcon_core.package_identification:_identify(src/nav2_gradient_costmap_plugin) by extensions ['ignore', 'ignore_ament_install']
[0.239s] Level 1:colcon.colcon_core.package_identification:_identify(src/nav2_gradient_costmap_plugin) by extension 'ignore'
[0.239s] Level 1:colcon.colcon_core.package_identification:_identify(src/nav2_gradient_costmap_plugin) by extension 'ignore_ament_install'
[0.239s] Level 1:colcon.colcon_core.package_identification:_identify(src/nav2_gradient_costmap_plugin) by extensions ['colcon_pkg']
[0.239s] Level 1:colcon.colcon_core.package_identification:_identify(src/nav2_gradient_costmap_plugin) by extension 'colcon_pkg'
[0.239s] Level 1:colcon.colcon_core.package_identification:_identify(src/nav2_gradient_costmap_plugin) by extensions ['colcon_meta']
[0.239s] Level 1:colcon.colcon_core.package_identification:_identify(src/nav2_gradient_costmap_plugin) by extension 'colcon_meta'
[0.239s] Level 1:colcon.colcon_core.package_identification:_identify(src/nav2_gradient_costmap_plugin) by extensions ['ros']
[0.239s] Level 1:colcon.colcon_core.package_identification:_identify(src/nav2_gradient_costmap_plugin) by extension 'ros'
[0.239s] DEBUG:colcon.colcon_core.package_identification:Package 'src/nav2_gradient_costmap_plugin' with type 'ros.ament_cmake' and name 'nav2_gradient_costmap_plugin'
[0.239s] Level 1:colcon.colcon_core.package_identification:_identify(src/nav2_sms_behavior) by extensions ['ignore', 'ignore_ament_install']
[0.239s] Level 1:colcon.colcon_core.package_identification:_identify(src/nav2_sms_behavior) by extension 'ignore'
[0.239s] Level 1:colcon.colcon_core.package_identification:_identify(src/nav2_sms_behavior) by extension 'ignore_ament_install'
[0.240s] Level 1:colcon.colcon_core.package_identification:_identify(src/nav2_sms_behavior) by extensions ['colcon_pkg']
[0.240s] Level 1:colcon.colcon_core.package_identification:_identify(src/nav2_sms_behavior) by extension 'colcon_pkg'
[0.240s] Level 1:colcon.colcon_core.package_identification:_identify(src/nav2_sms_behavior) by extensions ['colcon_meta']
[0.240s] Level 1:colcon.colcon_core.package_identification:_identify(src/nav2_sms_behavior) by extension 'colcon_meta'
[0.240s] Level 1:colcon.colcon_core.package_identification:_identify(src/nav2_sms_behavior) by extensions ['ros']
[0.240s] Level 1:colcon.colcon_core.package_identification:_identify(src/nav2_sms_behavior) by extension 'ros'
[0.241s] DEBUG:colcon.colcon_core.package_identification:Package 'src/nav2_sms_behavior' with type 'ros.ament_cmake' and name 'nav2_sms_behavior'
[0.241s] Level 1:colcon.colcon_core.package_identification:_identify(src/nav2_straightline_planner) by extensions ['ignore', 'ignore_ament_install']
[0.241s] Level 1:colcon.colcon_core.package_identification:_identify(src/nav2_straightline_planner) by extension 'ignore'
[0.241s] Level 1:colcon.colcon_core.package_identification:_identify(src/nav2_straightline_planner) by extension 'ignore_ament_install'
[0.241s] Level 1:colcon.colcon_core.package_identification:_identify(src/nav2_straightline_planner) by extensions ['colcon_pkg']
[0.241s] Level 1:colcon.colcon_core.package_identification:_identify(src/nav2_straightline_planner) by extension 'colcon_pkg'
[0.241s] Level 1:colcon.colcon_core.package_identification:_identify(src/nav2_straightline_planner) by extensions ['colcon_meta']
[0.241s] Level 1:colcon.colcon_core.package_identification:_identify(src/nav2_straightline_planner) by extension 'colcon_meta'
[0.241s] Level 1:colcon.colcon_core.package_identification:_identify(src/nav2_straightline_planner) by extensions ['ros']
[0.241s] Level 1:colcon.colcon_core.package_identification:_identify(src/nav2_straightline_planner) by extension 'ros'
[0.242s] DEBUG:colcon.colcon_core.package_identification:Package 'src/nav2_straightline_planner' with type 'ros.ament_cmake' and name 'nav2_straightline_planner'
[0.242s] Level 1:colcon.colcon_core.package_identification:_identify(src/sam_bot_description) by extensions ['ignore', 'ignore_ament_install']
[0.242s] Level 1:colcon.colcon_core.package_identification:_identify(src/sam_bot_description) by extension 'ignore'
[0.242s] Level 1:colcon.colcon_core.package_identification:_identify(src/sam_bot_description) by extension 'ignore_ament_install'
[0.242s] Level 1:colcon.colcon_core.package_identification:_identify(src/sam_bot_description) by extensions ['colcon_pkg']
[0.242s] Level 1:colcon.colcon_core.package_identification:_identify(src/sam_bot_description) by extension 'colcon_pkg'
[0.242s] Level 1:colcon.colcon_core.package_identification:_identify(src/sam_bot_description) by extensions ['colcon_meta']
[0.242s] Level 1:colcon.colcon_core.package_identification:_identify(src/sam_bot_description) by extension 'colcon_meta'
[0.242s] Level 1:colcon.colcon_core.package_identification:_identify(src/sam_bot_description) by extensions ['ros']
[0.242s] Level 1:colcon.colcon_core.package_identification:_identify(src/sam_bot_description) by extension 'ros'
[0.242s] DEBUG:colcon.colcon_core.package_identification:Package 'src/sam_bot_description' with type 'ros.ament_cmake' and name 'sam_bot_description'
[0.242s] Level 1:colcon.colcon_core.package_discovery:discover_packages(recursive) using defaults
[0.242s] Level 1:colcon.colcon_core.package_discovery:discover_packages(ignore) discover
[0.242s] Level 1:colcon.colcon_core.package_discovery:discover_packages(ignore) using defaults
[0.242s] Level 1:colcon.colcon_core.package_discovery:discover_packages(path) discover
[0.242s] Level 1:colcon.colcon_core.package_discovery:discover_packages(path) using defaults
[0.254s] Level 1:colcon.colcon_core.package_discovery:discover_packages(prefix_path) check parameters
[0.254s] Level 1:colcon.colcon_core.package_discovery:discover_packages(prefix_path) discover
[0.256s] DEBUG:colcon.colcon_installed_package_information.package_discovery:Found 455 installed packages in /opt/ros/humble
[0.257s] Level 1:colcon.colcon_core.package_discovery:discover_packages(prefix_path) using defaults
[0.284s] Level 5:colcon.colcon_core.verb:set package 'nav2_costmap_filters_demo' build argument 'cmake_args' from command line to 'None'
[0.284s] Level 5:colcon.colcon_core.verb:set package 'nav2_costmap_filters_demo' build argument 'cmake_target' from command line to 'None'
[0.284s] Level 5:colcon.colcon_core.verb:set package 'nav2_costmap_filters_demo' build argument 'cmake_target_skip_unavailable' from command line to 'False'
[0.285s] Level 5:colcon.colcon_core.verb:set package 'nav2_costmap_filters_demo' build argument 'cmake_clean_cache' from command line to 'False'
[0.285s] Level 5:colcon.colcon_core.verb:set package 'nav2_costmap_filters_demo' build argument 'cmake_clean_first' from command line to 'False'
[0.285s] Level 5:colcon.colcon_core.verb:set package 'nav2_costmap_filters_demo' build argument 'cmake_force_configure' from command line to 'False'
[0.285s] Level 5:colcon.colcon_core.verb:set package 'nav2_costmap_filters_demo' build argument 'ament_cmake_args' from command line to 'None'
[0.285s] Level 5:colcon.colcon_core.verb:set package 'nav2_costmap_filters_demo' build argument 'catkin_cmake_args' from command line to 'None'
[0.285s] Level 5:colcon.colcon_core.verb:set package 'nav2_costmap_filters_demo' build argument 'catkin_skip_building_tests' from command line to 'False'
[0.285s] DEBUG:colcon.colcon_core.verb:Building package 'nav2_costmap_filters_demo' with the following arguments: {'ament_cmake_args': None, 'build_base': '/home/szymon/Documents/MIAPR/MIAPR_project/build/nav2_costmap_filters_demo', 'catkin_cmake_args': None, 'catkin_skip_building_tests': False, 'cmake_args': None, 'cmake_clean_cache': False, 'cmake_clean_first': False, 'cmake_force_configure': False, 'cmake_target': None, 'cmake_target_skip_unavailable': False, 'install_base': '/home/szymon/Documents/MIAPR/MIAPR_project/install/nav2_costmap_filters_demo', 'merge_install': False, 'path': '/home/szymon/Documents/MIAPR/MIAPR_project/src/nav2_costmap_filters_demo', 'symlink_install': False, 'test_result_base': None}
[0.285s] Level 5:colcon.colcon_core.verb:set package 'nav2_gradient_costmap_plugin' build argument 'cmake_args' from command line to 'None'
[0.285s] Level 5:colcon.colcon_core.verb:set package 'nav2_gradient_costmap_plugin' build argument 'cmake_target' from command line to 'None'
[0.285s] Level 5:colcon.colcon_core.verb:set package 'nav2_gradient_costmap_plugin' build argument 'cmake_target_skip_unavailable' from command line to 'False'
[0.285s] Level 5:colcon.colcon_core.verb:set package 'nav2_gradient_costmap_plugin' build argument 'cmake_clean_cache' from command line to 'False'
[0.285s] Level 5:colcon.colcon_core.verb:set package 'nav2_gradient_costmap_plugin' build argument 'cmake_clean_first' from command line to 'False'
[0.285s] Level 5:colcon.colcon_core.verb:set package 'nav2_gradient_costmap_plugin' build argument 'cmake_force_configure' from command line to 'False'
[0.285s] Level 5:colcon.colcon_core.verb:set package 'nav2_gradient_costmap_plugin' build argument 'ament_cmake_args' from command line to 'None'
[0.285s] Level 5:colcon.colcon_core.verb:set package 'nav2_gradient_costmap_plugin' build argument 'catkin_cmake_args' from command line to 'None'
[0.285s] Level 5:colcon.colcon_core.verb:set package 'nav2_gradient_costmap_plugin' build argument 'catkin_skip_building_tests' from command line to 'False'
[0.285s] DEBUG:colcon.colcon_core.verb:Building package 'nav2_gradient_costmap_plugin' with the following arguments: {'ament_cmake_args': None, 'build_base': '/home/szymon/Documents/MIAPR/MIAPR_project/build/nav2_gradient_costmap_plugin', 'catkin_cmake_args': None, 'catkin_skip_building_tests': False, 'cmake_args': None, 'cmake_clean_cache': False, 'cmake_clean_first': False, 'cmake_force_configure': False, 'cmake_target': None, 'cmake_target_skip_unavailable': False, 'install_base': '/home/szymon/Documents/MIAPR/MIAPR_project/install/nav2_gradient_costmap_plugin', 'merge_install': False, 'path': '/home/szymon/Documents/MIAPR/MIAPR_project/src/nav2_gradient_costmap_plugin', 'symlink_install': False, 'test_result_base': None}
[0.285s] Level 5:colcon.colcon_core.verb:set package 'nav2_sms_behavior' build argument 'cmake_args' from command line to 'None'
[0.285s] Level 5:colcon.colcon_core.verb:set package 'nav2_sms_behavior' build argument 'cmake_target' from command line to 'None'
[0.285s] Level 5:colcon.colcon_core.verb:set package 'nav2_sms_behavior' build argument 'cmake_target_skip_unavailable' from command line to 'False'
[0.285s] Level 5:colcon.colcon_core.verb:set package 'nav2_sms_behavior' build argument 'cmake_clean_cache' from command line to 'False'
[0.285s] Level 5:colcon.colcon_core.verb:set package 'nav2_sms_behavior' build argument 'cmake_clean_first' from command line to 'False'
[0.285s] Level 5:colcon.colcon_core.verb:set package 'nav2_sms_behavior' build argument 'cmake_force_configure' from command line to 'False'
[0.285s] Level 5:colcon.colcon_core.verb:set package 'nav2_sms_behavior' build argument 'ament_cmake_args' from command line to 'None'
[0.285s] Level 5:colcon.colcon_core.verb:set package 'nav2_sms_behavior' build argument 'catkin_cmake_args' from command line to 'None'
[0.285s] Level 5:colcon.colcon_core.verb:set package 'nav2_sms_behavior' build argument 'catkin_skip_building_tests' from command line to 'False'
[0.285s] DEBUG:colcon.colcon_core.verb:Building package 'nav2_sms_behavior' with the following arguments: {'ament_cmake_args': None, 'build_base': '/home/szymon/Documents/MIAPR/MIAPR_project/build/nav2_sms_behavior', 'catkin_cmake_args': None, 'catkin_skip_building_tests': False, 'cmake_args': None, 'cmake_clean_cache': False, 'cmake_clean_first': False, 'cmake_force_configure': False, 'cmake_target': None, 'cmake_target_skip_unavailable': False, 'install_base': '/home/szymon/Documents/MIAPR/MIAPR_project/install/nav2_sms_behavior', 'merge_install': False, 'path': '/home/szymon/Documents/MIAPR/MIAPR_project/src/nav2_sms_behavior', 'symlink_install': False, 'test_result_base': None}
[0.285s] Level 5:colcon.colcon_core.verb:set package 'nav2_straightline_planner' build argument 'cmake_args' from command line to 'None'
[0.285s] Level 5:colcon.colcon_core.verb:set package 'nav2_straightline_planner' build argument 'cmake_target' from command line to 'None'
[0.285s] Level 5:colcon.colcon_core.verb:set package 'nav2_straightline_planner' build argument 'cmake_target_skip_unavailable' from command line to 'False'
[0.285s] Level 5:colcon.colcon_core.verb:set package 'nav2_straightline_planner' build argument 'cmake_clean_cache' from command line to 'False'
[0.285s] Level 5:colcon.colcon_core.verb:set package 'nav2_straightline_planner' build argument 'cmake_clean_first' from command line to 'False'
[0.285s] Level 5:colcon.colcon_core.verb:set package 'nav2_straightline_planner' build argument 'cmake_force_configure' from command line to 'False'
[0.286s] Level 5:colcon.colcon_core.verb:set package 'nav2_straightline_planner' build argument 'ament_cmake_args' from command line to 'None'
[0.286s] Level 5:colcon.colcon_core.verb:set package 'nav2_straightline_planner' build argument 'catkin_cmake_args' from command line to 'None'
[0.286s] Level 5:colcon.colcon_core.verb:set package 'nav2_straightline_planner' build argument 'catkin_skip_building_tests' from command line to 'False'
[0.286s] DEBUG:colcon.colcon_core.verb:Building package 'nav2_straightline_planner' with the following arguments: {'ament_cmake_args': None, 'build_base': '/home/szymon/Documents/MIAPR/MIAPR_project/build/nav2_straightline_planner', 'catkin_cmake_args': None, 'catkin_skip_building_tests': False, 'cmake_args': None, 'cmake_clean_cache': False, 'cmake_clean_first': False, 'cmake_force_configure': False, 'cmake_target': None, 'cmake_target_skip_unavailable': False, 'install_base': '/home/szymon/Documents/MIAPR/MIAPR_project/install/nav2_straightline_planner', 'merge_install': False, 'path': '/home/szymon/Documents/MIAPR/MIAPR_project/src/nav2_straightline_planner', 'symlink_install': False, 'test_result_base': None}
[0.286s] Level 5:colcon.colcon_core.verb:set package 'sam_bot_description' build argument 'cmake_args' from command line to 'None'
[0.286s] Level 5:colcon.colcon_core.verb:set package 'sam_bot_description' build argument 'cmake_target' from command line to 'None'
[0.286s] Level 5:colcon.colcon_core.verb:set package 'sam_bot_description' build argument 'cmake_target_skip_unavailable' from command line to 'False'
[0.286s] Level 5:colcon.colcon_core.verb:set package 'sam_bot_description' build argument 'cmake_clean_cache' from command line to 'False'
[0.286s] Level 5:colcon.colcon_core.verb:set package 'sam_bot_description' build argument 'cmake_clean_first' from command line to 'False'
[0.286s] Level 5:colcon.colcon_core.verb:set package 'sam_bot_description' build argument 'cmake_force_configure' from command line to 'False'
[0.286s] Level 5:colcon.colcon_core.verb:set package 'sam_bot_description' build argument 'ament_cmake_args' from command line to 'None'
[0.286s] Level 5:colcon.colcon_core.verb:set package 'sam_bot_description' build argument 'catkin_cmake_args' from command line to 'None'
[0.286s] Level 5:colcon.colcon_core.verb:set package 'sam_bot_description' build argument 'catkin_skip_building_tests' from command line to 'False'
[0.286s] DEBUG:colcon.colcon_core.verb:Building package 'sam_bot_description' with the following arguments: {'ament_cmake_args': None, 'build_base': '/home/szymon/Documents/MIAPR/MIAPR_project/build/sam_bot_description', 'catkin_cmake_args': None, 'catkin_skip_building_tests': False, 'cmake_args': None, 'cmake_clean_cache': False, 'cmake_clean_first': False, 'cmake_force_configure': False, 'cmake_target': None, 'cmake_target_skip_unavailable': False, 'install_base': '/home/szymon/Documents/MIAPR/MIAPR_project/install/sam_bot_description', 'merge_install': False, 'path': '/home/szymon/Documents/MIAPR/MIAPR_project/src/sam_bot_description', 'symlink_install': False, 'test_result_base': None}
[0.286s] INFO:colcon.colcon_core.executor:Executing jobs using 'parallel' executor
[0.287s] DEBUG:colcon.colcon_parallel_executor.executor.parallel:run_until_complete
[0.287s] INFO:colcon.colcon_ros.task.ament_cmake.build:Building ROS package in '/home/szymon/Documents/MIAPR/MIAPR_project/src/nav2_costmap_filters_demo' with build type 'ament_cmake'
[0.287s] INFO:colcon.colcon_cmake.task.cmake.build:Building CMake package in '/home/szymon/Documents/MIAPR/MIAPR_project/src/nav2_costmap_filters_demo'
[0.288s] INFO:colcon.colcon_core.plugin_system:Skipping extension 'colcon_core.shell.bat': Not used on non-Windows systems
[0.288s] INFO:colcon.colcon_core.shell:Skip shell extension 'powershell' for command environment: Not usable outside of PowerShell
[0.288s] DEBUG:colcon.colcon_core.shell:Skip shell extension 'dsv' for command environment
[0.290s] INFO:colcon.colcon_ros.task.ament_cmake.build:Building ROS package in '/home/szymon/Documents/MIAPR/MIAPR_project/src/nav2_gradient_costmap_plugin' with build type 'ament_cmake'
[0.290s] INFO:colcon.colcon_cmake.task.cmake.build:Building CMake package in '/home/szymon/Documents/MIAPR/MIAPR_project/src/nav2_gradient_costmap_plugin'
[0.290s] INFO:colcon.colcon_core.shell:Skip shell extension 'powershell' for command environment: Not usable outside of PowerShell
[0.290s] DEBUG:colcon.colcon_core.shell:Skip shell extension 'dsv' for command environment
[0.292s] INFO:colcon.colcon_ros.task.ament_cmake.build:Building ROS package in '/home/szymon/Documents/MIAPR/MIAPR_project/src/nav2_sms_behavior' with build type 'ament_cmake'
[0.292s] INFO:colcon.colcon_cmake.task.cmake.build:Building CMake package in '/home/szymon/Documents/MIAPR/MIAPR_project/src/nav2_sms_behavior'
[0.292s] INFO:colcon.colcon_core.shell:Skip shell extension 'powershell' for command environment: Not usable outside of PowerShell
[0.292s] DEBUG:colcon.colcon_core.shell:Skip shell extension 'dsv' for command environment
[0.294s] INFO:colcon.colcon_ros.task.ament_cmake.build:Building ROS package in '/home/szymon/Documents/MIAPR/MIAPR_project/src/nav2_straightline_planner' with build type 'ament_cmake'
[0.294s] INFO:colcon.colcon_cmake.task.cmake.build:Building CMake package in '/home/szymon/Documents/MIAPR/MIAPR_project/src/nav2_straightline_planner'
[0.294s] INFO:colcon.colcon_core.shell:Skip shell extension 'powershell' for command environment: Not usable outside of PowerShell
[0.294s] DEBUG:colcon.colcon_core.shell:Skip shell extension 'dsv' for command environment
[0.296s] INFO:colcon.colcon_ros.task.ament_cmake.build:Building ROS package in '/home/szymon/Documents/MIAPR/MIAPR_project/src/sam_bot_description' with build type 'ament_cmake'
[0.296s] INFO:colcon.colcon_cmake.task.cmake.build:Building CMake package in '/home/szymon/Documents/MIAPR/MIAPR_project/src/sam_bot_description'
[0.296s] INFO:colcon.colcon_core.shell:Skip shell extension 'powershell' for command environment: Not usable outside of PowerShell
[0.296s] DEBUG:colcon.colcon_core.shell:Skip shell extension 'dsv' for command environment
[0.302s] DEBUG:colcon.colcon_core.event_handler.log_command:Invoking command in '/home/szymon/Documents/MIAPR/MIAPR_project/build/nav2_costmap_filters_demo': CMAKE_PREFIX_PATH=/opt/ros/humble /usr/bin/cmake /home/szymon/Documents/MIAPR/MIAPR_project/src/nav2_costmap_filters_demo -DCMAKE_INSTALL_PREFIX=/home/szymon/Documents/MIAPR/MIAPR_project/install/nav2_costmap_filters_demo
[0.303s] DEBUG:colcon.colcon_core.event_handler.log_command:Invoking command in '/home/szymon/Documents/MIAPR/MIAPR_project/build/nav2_gradient_costmap_plugin': CMAKE_PREFIX_PATH=/opt/ros/humble /usr/bin/cmake /home/szymon/Documents/MIAPR/MIAPR_project/src/nav2_gradient_costmap_plugin -DCMAKE_INSTALL_PREFIX=/home/szymon/Documents/MIAPR/MIAPR_project/install/nav2_gradient_costmap_plugin
[0.304s] DEBUG:colcon.colcon_core.event_handler.log_command:Invoking command in '/home/szymon/Documents/MIAPR/MIAPR_project/build/nav2_sms_behavior': CMAKE_PREFIX_PATH=/opt/ros/humble /usr/bin/cmake /home/szymon/Documents/MIAPR/MIAPR_project/src/nav2_sms_behavior -DCMAKE_INSTALL_PREFIX=/home/szymon/Documents/MIAPR/MIAPR_project/install/nav2_sms_behavior
[0.306s] DEBUG:colcon.colcon_core.event_handler.log_command:Invoking command in '/home/szymon/Documents/MIAPR/MIAPR_project/build/nav2_straightline_planner': CMAKE_PREFIX_PATH=/opt/ros/humble /usr/bin/cmake /home/szymon/Documents/MIAPR/MIAPR_project/src/nav2_straightline_planner -DCMAKE_INSTALL_PREFIX=/home/szymon/Documents/MIAPR/MIAPR_project/install/nav2_straightline_planner
[0.310s] DEBUG:colcon.colcon_core.event_handler.log_command:Invoking command in '/home/szymon/Documents/MIAPR/MIAPR_project/build/sam_bot_description': CMAKE_PREFIX_PATH=/opt/ros/humble /usr/bin/cmake /home/szymon/Documents/MIAPR/MIAPR_project/src/sam_bot_description -DCMAKE_INSTALL_PREFIX=/home/szymon/Documents/MIAPR/MIAPR_project/install/sam_bot_description
[1.183s] DEBUG:colcon.colcon_core.event_handler.log_command:Invoked command in '/home/szymon/Documents/MIAPR/MIAPR_project/build/nav2_costmap_filters_demo' returned '0': CMAKE_PREFIX_PATH=/opt/ros/humble /usr/bin/cmake /home/szymon/Documents/MIAPR/MIAPR_project/src/nav2_costmap_filters_demo -DCMAKE_INSTALL_PREFIX=/home/szymon/Documents/MIAPR/MIAPR_project/install/nav2_costmap_filters_demo
[1.185s] DEBUG:colcon.colcon_core.event_handler.log_command:Invoking command in '/home/szymon/Documents/MIAPR/MIAPR_project/build/nav2_costmap_filters_demo': CMAKE_PREFIX_PATH=/opt/ros/humble /usr/bin/cmake --build /home/szymon/Documents/MIAPR/MIAPR_project/build/nav2_costmap_filters_demo -- -j12 -l12
[1.214s] DEBUG:colcon.colcon_core.event_handler.log_command:Invoked command in '/home/szymon/Documents/MIAPR/MIAPR_project/build/nav2_costmap_filters_demo' returned '0': CMAKE_PREFIX_PATH=/opt/ros/humble /usr/bin/cmake --build /home/szymon/Documents/MIAPR/MIAPR_project/build/nav2_costmap_filters_demo -- -j12 -l12
[1.221s] DEBUG:colcon.colcon_core.event_handler.log_command:Invoking command in '/home/szymon/Documents/MIAPR/MIAPR_project/build/nav2_costmap_filters_demo': CMAKE_PREFIX_PATH=/opt/ros/humble /usr/bin/cmake --install /home/szymon/Documents/MIAPR/MIAPR_project/build/nav2_costmap_filters_demo
[1.230s] Level 1:colcon.colcon_core.environment:create_environment_scripts_only(nav2_costmap_filters_demo)
[1.231s] DEBUG:colcon.colcon_core.event_handler.log_command:Invoked command in '/home/szymon/Documents/MIAPR/MIAPR_project/build/nav2_costmap_filters_demo' returned '0': CMAKE_PREFIX_PATH=/opt/ros/humble /usr/bin/cmake --install /home/szymon/Documents/MIAPR/MIAPR_project/build/nav2_costmap_filters_demo
[1.233s] Level 1:colcon.colcon_core.environment:checking '/home/szymon/Documents/MIAPR/MIAPR_project/install/nav2_costmap_filters_demo' for CMake module files
[1.233s] Level 1:colcon.colcon_core.environment:checking '/home/szymon/Documents/MIAPR/MIAPR_project/install/nav2_costmap_filters_demo' for CMake config files
[1.234s] Level 1:colcon.colcon_core.shell:create_environment_hook('nav2_costmap_filters_demo', 'cmake_prefix_path')
[1.234s] INFO:colcon.colcon_core.shell:Creating environment hook '/home/szymon/Documents/MIAPR/MIAPR_project/install/nav2_costmap_filters_demo/share/nav2_costmap_filters_demo/hook/cmake_prefix_path.ps1'
[1.234s] INFO:colcon.colcon_core.shell:Creating environment descriptor '/home/szymon/Documents/MIAPR/MIAPR_project/install/nav2_costmap_filters_demo/share/nav2_costmap_filters_demo/hook/cmake_prefix_path.dsv'
[1.235s] INFO:colcon.colcon_core.shell:Creating environment hook '/home/szymon/Documents/MIAPR/MIAPR_project/install/nav2_costmap_filters_demo/share/nav2_costmap_filters_demo/hook/cmake_prefix_path.sh'
[1.236s] Level 1:colcon.colcon_core.environment:checking '/home/szymon/Documents/MIAPR/MIAPR_project/install/nav2_costmap_filters_demo/bin'
[1.236s] Level 1:colcon.colcon_core.environment:checking '/home/szymon/Documents/MIAPR/MIAPR_project/install/nav2_costmap_filters_demo/lib/pkgconfig/nav2_costmap_filters_demo.pc'
[1.236s] Level 1:colcon.colcon_core.environment:checking '/home/szymon/Documents/MIAPR/MIAPR_project/install/nav2_costmap_filters_demo/lib/python3.10/site-packages'
[1.236s] Level 1:colcon.colcon_core.environment:checking '/home/szymon/Documents/MIAPR/MIAPR_project/install/nav2_costmap_filters_demo/bin'
[1.236s] INFO:colcon.colcon_core.shell:Creating package script '/home/szymon/Documents/MIAPR/MIAPR_project/install/nav2_costmap_filters_demo/share/nav2_costmap_filters_demo/package.ps1'
[1.237s] INFO:colcon.colcon_core.shell:Creating package descriptor '/home/szymon/Documents/MIAPR/MIAPR_project/install/nav2_costmap_filters_demo/share/nav2_costmap_filters_demo/package.dsv'
[1.237s] INFO:colcon.colcon_core.shell:Creating package script '/home/szymon/Documents/MIAPR/MIAPR_project/install/nav2_costmap_filters_demo/share/nav2_costmap_filters_demo/package.sh'
[1.237s] INFO:colcon.colcon_core.shell:Creating package script '/home/szymon/Documents/MIAPR/MIAPR_project/install/nav2_costmap_filters_demo/share/nav2_costmap_filters_demo/package.bash'
[1.238s] INFO:colcon.colcon_core.shell:Creating package script '/home/szymon/Documents/MIAPR/MIAPR_project/install/nav2_costmap_filters_demo/share/nav2_costmap_filters_demo/package.zsh'
[1.238s] Level 1:colcon.colcon_core.environment:create_file_with_runtime_dependencies(/home/szymon/Documents/MIAPR/MIAPR_project/install/nav2_costmap_filters_demo/share/colcon-core/packages/nav2_costmap_filters_demo)
[1.238s] Level 1:colcon.colcon_core.environment:create_environment_scripts_only(nav2_costmap_filters_demo)
[1.238s] Level 1:colcon.colcon_core.environment:checking '/home/szymon/Documents/MIAPR/MIAPR_project/install/nav2_costmap_filters_demo' for CMake module files
[1.239s] Level 1:colcon.colcon_core.environment:checking '/home/szymon/Documents/MIAPR/MIAPR_project/install/nav2_costmap_filters_demo' for CMake config files
[1.239s] Level 1:colcon.colcon_core.shell:create_environment_hook('nav2_costmap_filters_demo', 'cmake_prefix_path')
[1.239s] INFO:colcon.colcon_core.shell:Creating environment hook '/home/szymon/Documents/MIAPR/MIAPR_project/install/nav2_costmap_filters_demo/share/nav2_costmap_filters_demo/hook/cmake_prefix_path.ps1'
[1.239s] INFO:colcon.colcon_core.shell:Creating environment descriptor '/home/szymon/Documents/MIAPR/MIAPR_project/install/nav2_costmap_filters_demo/share/nav2_costmap_filters_demo/hook/cmake_prefix_path.dsv'
[1.239s] INFO:colcon.colcon_core.shell:Creating environment hook '/home/szymon/Documents/MIAPR/MIAPR_project/install/nav2_costmap_filters_demo/share/nav2_costmap_filters_demo/hook/cmake_prefix_path.sh'
[1.240s] Level 1:colcon.colcon_core.environment:checking '/home/szymon/Documents/MIAPR/MIAPR_project/install/nav2_costmap_filters_demo/bin'
[1.240s] Level 1:colcon.colcon_core.environment:checking '/home/szymon/Documents/MIAPR/MIAPR_project/install/nav2_costmap_filters_demo/lib/pkgconfig/nav2_costmap_filters_demo.pc'
[1.240s] Level 1:colcon.colcon_core.environment:checking '/home/szymon/Documents/MIAPR/MIAPR_project/install/nav2_costmap_filters_demo/lib/python3.10/site-packages'
[1.240s] Level 1:colcon.colcon_core.environment:checking '/home/szymon/Documents/MIAPR/MIAPR_project/install/nav2_costmap_filters_demo/bin'
[1.240s] INFO:colcon.colcon_core.shell:Creating package script '/home/szymon/Documents/MIAPR/MIAPR_project/install/nav2_costmap_filters_demo/share/nav2_costmap_filters_demo/package.ps1'
[1.240s] INFO:colcon.colcon_core.shell:Creating package descriptor '/home/szymon/Documents/MIAPR/MIAPR_project/install/nav2_costmap_filters_demo/share/nav2_costmap_filters_demo/package.dsv'
[1.241s] INFO:colcon.colcon_core.shell:Creating package script '/home/szymon/Documents/MIAPR/MIAPR_project/install/nav2_costmap_filters_demo/share/nav2_costmap_filters_demo/package.sh'
[1.241s] INFO:colcon.colcon_core.shell:Creating package script '/home/szymon/Documents/MIAPR/MIAPR_project/install/nav2_costmap_filters_demo/share/nav2_costmap_filters_demo/package.bash'
[1.241s] INFO:colcon.colcon_core.shell:Creating package script '/home/szymon/Documents/MIAPR/MIAPR_project/install/nav2_costmap_filters_demo/share/nav2_costmap_filters_demo/package.zsh'
[1.241s] Level 1:colcon.colcon_core.environment:create_file_with_runtime_dependencies(/home/szymon/Documents/MIAPR/MIAPR_project/install/nav2_costmap_filters_demo/share/colcon-core/packages/nav2_costmap_filters_demo)
[1.289s] DEBUG:colcon.colcon_core.event_handler.log_command:Invoked command in '/home/szymon/Documents/MIAPR/MIAPR_project/build/sam_bot_description' returned '0': CMAKE_PREFIX_PATH=/opt/ros/humble /usr/bin/cmake /home/szymon/Documents/MIAPR/MIAPR_project/src/sam_bot_description -DCMAKE_INSTALL_PREFIX=/home/szymon/Documents/MIAPR/MIAPR_project/install/sam_bot_description
[1.289s] DEBUG:colcon.colcon_core.event_handler.log_command:Invoking command in '/home/szymon/Documents/MIAPR/MIAPR_project/build/sam_bot_description': CMAKE_PREFIX_PATH=/opt/ros/humble /usr/bin/cmake --build /home/szymon/Documents/MIAPR/MIAPR_project/build/sam_bot_description -- -j12 -l12
[1.318s] DEBUG:colcon.colcon_core.event_handler.log_command:Invoked command in '/home/szymon/Documents/MIAPR/MIAPR_project/build/sam_bot_description' returned '0': CMAKE_PREFIX_PATH=/opt/ros/humble /usr/bin/cmake --build /home/szymon/Documents/MIAPR/MIAPR_project/build/sam_bot_description -- -j12 -l12
[1.319s] DEBUG:colcon.colcon_core.event_handler.log_command:Invoking command in '/home/szymon/Documents/MIAPR/MIAPR_project/build/sam_bot_description': CMAKE_PREFIX_PATH=/opt/ros/humble /usr/bin/cmake --install /home/szymon/Documents/MIAPR/MIAPR_project/build/sam_bot_description
[1.329s] Level 1:colcon.colcon_core.environment:create_environment_scripts_only(sam_bot_description)
[1.330s] Level 1:colcon.colcon_core.environment:checking '/home/szymon/Documents/MIAPR/MIAPR_project/install/sam_bot_description' for CMake module files
[1.330s] DEBUG:colcon.colcon_core.event_handler.log_command:Invoked command in '/home/szymon/Documents/MIAPR/MIAPR_project/build/sam_bot_description' returned '0': CMAKE_PREFIX_PATH=/opt/ros/humble /usr/bin/cmake --install /home/szymon/Documents/MIAPR/MIAPR_project/build/sam_bot_description
[1.330s] Level 1:colcon.colcon_core.environment:checking '/home/szymon/Documents/MIAPR/MIAPR_project/install/sam_bot_description' for CMake config files
[1.330s] Level 1:colcon.colcon_core.shell:create_environment_hook('sam_bot_description', 'cmake_prefix_path')
[1.330s] INFO:colcon.colcon_core.shell:Creating environment hook '/home/szymon/Documents/MIAPR/MIAPR_project/install/sam_bot_description/share/sam_bot_description/hook/cmake_prefix_path.ps1'
[1.331s] INFO:colcon.colcon_core.shell:Creating environment descriptor '/home/szymon/Documents/MIAPR/MIAPR_project/install/sam_bot_description/share/sam_bot_description/hook/cmake_prefix_path.dsv'
[1.331s] INFO:colcon.colcon_core.shell:Creating environment hook '/home/szymon/Documents/MIAPR/MIAPR_project/install/sam_bot_description/share/sam_bot_description/hook/cmake_prefix_path.sh'
[1.331s] Level 1:colcon.colcon_core.environment:checking '/home/szymon/Documents/MIAPR/MIAPR_project/install/sam_bot_description/bin'
[1.331s] Level 1:colcon.colcon_core.environment:checking '/home/szymon/Documents/MIAPR/MIAPR_project/install/sam_bot_description/lib/pkgconfig/sam_bot_description.pc'
[1.331s] Level 1:colcon.colcon_core.environment:checking '/home/szymon/Documents/MIAPR/MIAPR_project/install/sam_bot_description/lib/python3.10/site-packages'
[1.331s] Level 1:colcon.colcon_core.environment:checking '/home/szymon/Documents/MIAPR/MIAPR_project/install/sam_bot_description/bin'
[1.332s] INFO:colcon.colcon_core.shell:Creating package script '/home/szymon/Documents/MIAPR/MIAPR_project/install/sam_bot_description/share/sam_bot_description/package.ps1'
[1.332s] INFO:colcon.colcon_core.shell:Creating package descriptor '/home/szymon/Documents/MIAPR/MIAPR_project/install/sam_bot_description/share/sam_bot_description/package.dsv'
[1.332s] INFO:colcon.colcon_core.shell:Creating package script '/home/szymon/Documents/MIAPR/MIAPR_project/install/sam_bot_description/share/sam_bot_description/package.sh'
[1.332s] INFO:colcon.colcon_core.shell:Creating package script '/home/szymon/Documents/MIAPR/MIAPR_project/install/sam_bot_description/share/sam_bot_description/package.bash'
[1.332s] INFO:colcon.colcon_core.shell:Creating package script '/home/szymon/Documents/MIAPR/MIAPR_project/install/sam_bot_description/share/sam_bot_description/package.zsh'
[1.333s] Level 1:colcon.colcon_core.environment:create_file_with_runtime_dependencies(/home/szymon/Documents/MIAPR/MIAPR_project/install/sam_bot_description/share/colcon-core/packages/sam_bot_description)
[1.333s] Level 1:colcon.colcon_core.environment:create_environment_scripts_only(sam_bot_description)
[1.333s] Level 1:colcon.colcon_core.environment:checking '/home/szymon/Documents/MIAPR/MIAPR_project/install/sam_bot_description' for CMake module files
[1.333s] Level 1:colcon.colcon_core.environment:checking '/home/szymon/Documents/MIAPR/MIAPR_project/install/sam_bot_description' for CMake config files
[1.333s] Level 1:colcon.colcon_core.shell:create_environment_hook('sam_bot_description', 'cmake_prefix_path')
[1.333s] INFO:colcon.colcon_core.shell:Creating environment hook '/home/szymon/Documents/MIAPR/MIAPR_project/install/sam_bot_description/share/sam_bot_description/hook/cmake_prefix_path.ps1'
[1.334s] INFO:colcon.colcon_core.shell:Creating environment descriptor '/home/szymon/Documents/MIAPR/MIAPR_project/install/sam_bot_description/share/sam_bot_description/hook/cmake_prefix_path.dsv'
[1.334s] INFO:colcon.colcon_core.shell:Creating environment hook '/home/szymon/Documents/MIAPR/MIAPR_project/install/sam_bot_description/share/sam_bot_description/hook/cmake_prefix_path.sh'
[1.334s] Level 1:colcon.colcon_core.environment:checking '/home/szymon/Documents/MIAPR/MIAPR_project/install/sam_bot_description/bin'
[1.334s] Level 1:colcon.colcon_core.environment:checking '/home/szymon/Documents/MIAPR/MIAPR_project/install/sam_bot_description/lib/pkgconfig/sam_bot_description.pc'
[1.334s] Level 1:colcon.colcon_core.environment:checking '/home/szymon/Documents/MIAPR/MIAPR_project/install/sam_bot_description/lib/python3.10/site-packages'
[1.334s] Level 1:colcon.colcon_core.environment:checking '/home/szymon/Documents/MIAPR/MIAPR_project/install/sam_bot_description/bin'
[1.335s] INFO:colcon.colcon_core.shell:Creating package script '/home/szymon/Documents/MIAPR/MIAPR_project/install/sam_bot_description/share/sam_bot_description/package.ps1'
[1.335s] INFO:colcon.colcon_core.shell:Creating package descriptor '/home/szymon/Documents/MIAPR/MIAPR_project/install/sam_bot_description/share/sam_bot_description/package.dsv'
[1.335s] INFO:colcon.colcon_core.shell:Creating package script '/home/szymon/Documents/MIAPR/MIAPR_project/install/sam_bot_description/share/sam_bot_description/package.sh'
[1.335s] INFO:colcon.colcon_core.shell:Creating package script '/home/szymon/Documents/MIAPR/MIAPR_project/install/sam_bot_description/share/sam_bot_description/package.bash'
[1.336s] INFO:colcon.colcon_core.shell:Creating package script '/home/szymon/Documents/MIAPR/MIAPR_project/install/sam_bot_description/share/sam_bot_description/package.zsh'
[1.336s] Level 1:colcon.colcon_core.environment:create_file_with_runtime_dependencies(/home/szymon/Documents/MIAPR/MIAPR_project/install/sam_bot_description/share/colcon-core/packages/sam_bot_description)
[1.893s] DEBUG:colcon.colcon_core.event_handler.log_command:Invoked command in '/home/szymon/Documents/MIAPR/MIAPR_project/build/nav2_gradient_costmap_plugin' returned '0': CMAKE_PREFIX_PATH=/opt/ros/humble /usr/bin/cmake /home/szymon/Documents/MIAPR/MIAPR_project/src/nav2_gradient_costmap_plugin -DCMAKE_INSTALL_PREFIX=/home/szymon/Documents/MIAPR/MIAPR_project/install/nav2_gradient_costmap_plugin
[1.894s] DEBUG:colcon.colcon_core.event_handler.log_command:Invoking command in '/home/szymon/Documents/MIAPR/MIAPR_project/build/nav2_gradient_costmap_plugin': CMAKE_PREFIX_PATH=/opt/ros/humble /usr/bin/cmake --build /home/szymon/Documents/MIAPR/MIAPR_project/build/nav2_gradient_costmap_plugin -- -j12 -l12
[1.924s] DEBUG:colcon.colcon_core.event_handler.log_command:Invoked command in '/home/szymon/Documents/MIAPR/MIAPR_project/build/nav2_straightline_planner' returned '0': CMAKE_PREFIX_PATH=/opt/ros/humble /usr/bin/cmake /home/szymon/Documents/MIAPR/MIAPR_project/src/nav2_straightline_planner -DCMAKE_INSTALL_PREFIX=/home/szymon/Documents/MIAPR/MIAPR_project/install/nav2_straightline_planner
[1.926s] DEBUG:colcon.colcon_core.event_handler.log_command:Invoking command in '/home/szymon/Documents/MIAPR/MIAPR_project/build/nav2_straightline_planner': CMAKE_PREFIX_PATH=/opt/ros/humble /usr/bin/cmake --build /home/szymon/Documents/MIAPR/MIAPR_project/build/nav2_straightline_planner -- -j12 -l12
[3.056s] DEBUG:colcon.colcon_core.event_handler.log_command:Invoked command in '/home/szymon/Documents/MIAPR/MIAPR_project/build/nav2_sms_behavior' returned '0': CMAKE_PREFIX_PATH=/opt/ros/humble /usr/bin/cmake /home/szymon/Documents/MIAPR/MIAPR_project/src/nav2_sms_behavior -DCMAKE_INSTALL_PREFIX=/home/szymon/Documents/MIAPR/MIAPR_project/install/nav2_sms_behavior
[3.057s] DEBUG:colcon.colcon_core.event_handler.log_command:Invoking command in '/home/szymon/Documents/MIAPR/MIAPR_project/build/nav2_sms_behavior': CMAKE_PREFIX_PATH=/opt/ros/humble /usr/bin/cmake --build /home/szymon/Documents/MIAPR/MIAPR_project/build/nav2_sms_behavior -- -j12 -l12
[4.331s] DEBUG:colcon.colcon_core.event_handler.log_command:Invoked command in '/home/szymon/Documents/MIAPR/MIAPR_project/build/nav2_gradient_costmap_plugin' returned '0': CMAKE_PREFIX_PATH=/opt/ros/humble /usr/bin/cmake --build /home/szymon/Documents/MIAPR/MIAPR_project/build/nav2_gradient_costmap_plugin -- -j12 -l12
[4.333s] DEBUG:colcon.colcon_core.event_handler.log_command:Invoking command in '/home/szymon/Documents/MIAPR/MIAPR_project/build/nav2_gradient_costmap_plugin': CMAKE_PREFIX_PATH=/opt/ros/humble /usr/bin/cmake --install /home/szymon/Documents/MIAPR/MIAPR_project/build/nav2_gradient_costmap_plugin
[4.343s] Level 1:colcon.colcon_core.environment:create_environment_scripts_only(nav2_gradient_costmap_plugin)
[4.343s] Level 1:colcon.colcon_core.environment:checking '/home/szymon/Documents/MIAPR/MIAPR_project/install/nav2_gradient_costmap_plugin' for CMake module files
[4.344s] DEBUG:colcon.colcon_core.event_handler.log_command:Invoked command in '/home/szymon/Documents/MIAPR/MIAPR_project/build/nav2_gradient_costmap_plugin' returned '0': CMAKE_PREFIX_PATH=/opt/ros/humble /usr/bin/cmake --install /home/szymon/Documents/MIAPR/MIAPR_project/build/nav2_gradient_costmap_plugin
[4.344s] Level 1:colcon.colcon_core.environment:checking '/home/szymon/Documents/MIAPR/MIAPR_project/install/nav2_gradient_costmap_plugin' for CMake config files
[4.344s] Level 1:colcon.colcon_core.shell:create_environment_hook('nav2_gradient_costmap_plugin', 'cmake_prefix_path')
[4.344s] INFO:colcon.colcon_core.shell:Creating environment hook '/home/szymon/Documents/MIAPR/MIAPR_project/install/nav2_gradient_costmap_plugin/share/nav2_gradient_costmap_plugin/hook/cmake_prefix_path.ps1'
[4.344s] INFO:colcon.colcon_core.shell:Creating environment descriptor '/home/szymon/Documents/MIAPR/MIAPR_project/install/nav2_gradient_costmap_plugin/share/nav2_gradient_costmap_plugin/hook/cmake_prefix_path.dsv'
[4.345s] INFO:colcon.colcon_core.shell:Creating environment hook '/home/szymon/Documents/MIAPR/MIAPR_project/install/nav2_gradient_costmap_plugin/share/nav2_gradient_costmap_plugin/hook/cmake_prefix_path.sh'
[4.345s] Level 1:colcon.colcon_core.environment:checking '/home/szymon/Documents/MIAPR/MIAPR_project/install/nav2_gradient_costmap_plugin/lib'
[4.345s] Level 1:colcon.colcon_core.shell:create_environment_hook('nav2_gradient_costmap_plugin', 'ld_library_path_lib')
[4.345s] INFO:colcon.colcon_core.shell:Creating environment hook '/home/szymon/Documents/MIAPR/MIAPR_project/install/nav2_gradient_costmap_plugin/share/nav2_gradient_costmap_plugin/hook/ld_library_path_lib.ps1'
[4.346s] INFO:colcon.colcon_core.shell:Creating environment descriptor '/home/szymon/Documents/MIAPR/MIAPR_project/install/nav2_gradient_costmap_plugin/share/nav2_gradient_costmap_plugin/hook/ld_library_path_lib.dsv'
[4.346s] INFO:colcon.colcon_core.shell:Creating environment hook '/home/szymon/Documents/MIAPR/MIAPR_project/install/nav2_gradient_costmap_plugin/share/nav2_gradient_costmap_plugin/hook/ld_library_path_lib.sh'
[4.346s] Level 1:colcon.colcon_core.environment:checking '/home/szymon/Documents/MIAPR/MIAPR_project/install/nav2_gradient_costmap_plugin/bin'
[4.346s] Level 1:colcon.colcon_core.environment:checking '/home/szymon/Documents/MIAPR/MIAPR_project/install/nav2_gradient_costmap_plugin/lib/pkgconfig/nav2_gradient_costmap_plugin.pc'
[4.346s] Level 1:colcon.colcon_core.environment:checking '/home/szymon/Documents/MIAPR/MIAPR_project/install/nav2_gradient_costmap_plugin/lib/python3.10/site-packages'
[4.346s] Level 1:colcon.colcon_core.environment:checking '/home/szymon/Documents/MIAPR/MIAPR_project/install/nav2_gradient_costmap_plugin/bin'
[4.346s] INFO:colcon.colcon_core.shell:Creating package script '/home/szymon/Documents/MIAPR/MIAPR_project/install/nav2_gradient_costmap_plugin/share/nav2_gradient_costmap_plugin/package.ps1'
[4.347s] INFO:colcon.colcon_core.shell:Creating package descriptor '/home/szymon/Documents/MIAPR/MIAPR_project/install/nav2_gradient_costmap_plugin/share/nav2_gradient_costmap_plugin/package.dsv'
[4.347s] INFO:colcon.colcon_core.shell:Creating package script '/home/szymon/Documents/MIAPR/MIAPR_project/install/nav2_gradient_costmap_plugin/share/nav2_gradient_costmap_plugin/package.sh'
[4.347s] INFO:colcon.colcon_core.shell:Creating package script '/home/szymon/Documents/MIAPR/MIAPR_project/install/nav2_gradient_costmap_plugin/share/nav2_gradient_costmap_plugin/package.bash'
[4.348s] INFO:colcon.colcon_core.shell:Creating package script '/home/szymon/Documents/MIAPR/MIAPR_project/install/nav2_gradient_costmap_plugin/share/nav2_gradient_costmap_plugin/package.zsh'
[4.348s] Level 1:colcon.colcon_core.environment:create_file_with_runtime_dependencies(/home/szymon/Documents/MIAPR/MIAPR_project/install/nav2_gradient_costmap_plugin/share/colcon-core/packages/nav2_gradient_costmap_plugin)
[4.348s] Level 1:colcon.colcon_core.environment:create_environment_scripts_only(nav2_gradient_costmap_plugin)
[4.348s] Level 1:colcon.colcon_core.environment:checking '/home/szymon/Documents/MIAPR/MIAPR_project/install/nav2_gradient_costmap_plugin' for CMake module files
[4.348s] Level 1:colcon.colcon_core.environment:checking '/home/szymon/Documents/MIAPR/MIAPR_project/install/nav2_gradient_costmap_plugin' for CMake config files
[4.349s] Level 1:colcon.colcon_core.shell:create_environment_hook('nav2_gradient_costmap_plugin', 'cmake_prefix_path')
[4.349s] INFO:colcon.colcon_core.shell:Creating environment hook '/home/szymon/Documents/MIAPR/MIAPR_project/install/nav2_gradient_costmap_plugin/share/nav2_gradient_costmap_plugin/hook/cmake_prefix_path.ps1'
[4.349s] INFO:colcon.colcon_core.shell:Creating environment descriptor '/home/szymon/Documents/MIAPR/MIAPR_project/install/nav2_gradient_costmap_plugin/share/nav2_gradient_costmap_plugin/hook/cmake_prefix_path.dsv'
[4.349s] INFO:colcon.colcon_core.shell:Creating environment hook '/home/szymon/Documents/MIAPR/MIAPR_project/install/nav2_gradient_costmap_plugin/share/nav2_gradient_costmap_plugin/hook/cmake_prefix_path.sh'
[4.349s] Level 1:colcon.colcon_core.environment:checking '/home/szymon/Documents/MIAPR/MIAPR_project/install/nav2_gradient_costmap_plugin/lib'
[4.350s] Level 1:colcon.colcon_core.shell:create_environment_hook('nav2_gradient_costmap_plugin', 'ld_library_path_lib')
[4.350s] INFO:colcon.colcon_core.shell:Creating environment hook '/home/szymon/Documents/MIAPR/MIAPR_project/install/nav2_gradient_costmap_plugin/share/nav2_gradient_costmap_plugin/hook/ld_library_path_lib.ps1'
[4.350s] INFO:colcon.colcon_core.shell:Creating environment descriptor '/home/szymon/Documents/MIAPR/MIAPR_project/install/nav2_gradient_costmap_plugin/share/nav2_gradient_costmap_plugin/hook/ld_library_path_lib.dsv'
[4.350s] INFO:colcon.colcon_core.shell:Creating environment hook '/home/szymon/Documents/MIAPR/MIAPR_project/install/nav2_gradient_costmap_plugin/share/nav2_gradient_costmap_plugin/hook/ld_library_path_lib.sh'
[4.350s] Level 1:colcon.colcon_core.environment:checking '/home/szymon/Documents/MIAPR/MIAPR_project/install/nav2_gradient_costmap_plugin/bin'
[4.350s] Level 1:colcon.colcon_core.environment:checking '/home/szymon/Documents/MIAPR/MIAPR_project/install/nav2_gradient_costmap_plugin/lib/pkgconfig/nav2_gradient_costmap_plugin.pc'
[4.350s] Level 1:colcon.colcon_core.environment:checking '/home/szymon/Documents/MIAPR/MIAPR_project/install/nav2_gradient_costmap_plugin/lib/python3.10/site-packages'
[4.351s] Level 1:colcon.colcon_core.environment:checking '/home/szymon/Documents/MIAPR/MIAPR_project/install/nav2_gradient_costmap_plugin/bin'
[4.351s] INFO:colcon.colcon_core.shell:Creating package script '/home/szymon/Documents/MIAPR/MIAPR_project/install/nav2_gradient_costmap_plugin/share/nav2_gradient_costmap_plugin/package.ps1'
[4.351s] INFO:colcon.colcon_core.shell:Creating package descriptor '/home/szymon/Documents/MIAPR/MIAPR_project/install/nav2_gradient_costmap_plugin/share/nav2_gradient_costmap_plugin/package.dsv'
[4.351s] INFO:colcon.colcon_core.shell:Creating package script '/home/szymon/Documents/MIAPR/MIAPR_project/install/nav2_gradient_costmap_plugin/share/nav2_gradient_costmap_plugin/package.sh'
[4.352s] INFO:colcon.colcon_core.shell:Creating package script '/home/szymon/Documents/MIAPR/MIAPR_project/install/nav2_gradient_costmap_plugin/share/nav2_gradient_costmap_plugin/package.bash'
[4.352s] INFO:colcon.colcon_core.shell:Creating package script '/home/szymon/Documents/MIAPR/MIAPR_project/install/nav2_gradient_costmap_plugin/share/nav2_gradient_costmap_plugin/package.zsh'
[4.352s] Level 1:colcon.colcon_core.environment:create_file_with_runtime_dependencies(/home/szymon/Documents/MIAPR/MIAPR_project/install/nav2_gradient_costmap_plugin/share/colcon-core/packages/nav2_gradient_costmap_plugin)
[5.651s] DEBUG:colcon.colcon_core.event_handler.log_command:Invoked command in '/home/szymon/Documents/MIAPR/MIAPR_project/build/nav2_straightline_planner' returned '0': CMAKE_PREFIX_PATH=/opt/ros/humble /usr/bin/cmake --build /home/szymon/Documents/MIAPR/MIAPR_project/build/nav2_straightline_planner -- -j12 -l12
[5.652s] DEBUG:colcon.colcon_core.event_handler.log_command:Invoking command in '/home/szymon/Documents/MIAPR/MIAPR_project/build/nav2_straightline_planner': CMAKE_PREFIX_PATH=/opt/ros/humble /usr/bin/cmake --install /home/szymon/Documents/MIAPR/MIAPR_project/build/nav2_straightline_planner
[5.660s] Level 1:colcon.colcon_core.environment:create_environment_scripts_only(nav2_straightline_planner)
[5.660s] Level 1:colcon.colcon_core.environment:checking '/home/szymon/Documents/MIAPR/MIAPR_project/install/nav2_straightline_planner' for CMake module files
[5.660s] DEBUG:colcon.colcon_core.event_handler.log_command:Invoked command in '/home/szymon/Documents/MIAPR/MIAPR_project/build/nav2_straightline_planner' returned '0': CMAKE_PREFIX_PATH=/opt/ros/humble /usr/bin/cmake --install /home/szymon/Documents/MIAPR/MIAPR_project/build/nav2_straightline_planner
[5.661s] Level 1:colcon.colcon_core.environment:checking '/home/szymon/Documents/MIAPR/MIAPR_project/install/nav2_straightline_planner' for CMake config files
[5.661s] Level 1:colcon.colcon_core.shell:create_environment_hook('nav2_straightline_planner', 'cmake_prefix_path')
[5.661s] INFO:colcon.colcon_core.shell:Creating environment hook '/home/szymon/Documents/MIAPR/MIAPR_project/install/nav2_straightline_planner/share/nav2_straightline_planner/hook/cmake_prefix_path.ps1'
[5.661s] INFO:colcon.colcon_core.shell:Creating environment descriptor '/home/szymon/Documents/MIAPR/MIAPR_project/install/nav2_straightline_planner/share/nav2_straightline_planner/hook/cmake_prefix_path.dsv'
[5.662s] INFO:colcon.colcon_core.shell:Creating environment hook '/home/szymon/Documents/MIAPR/MIAPR_project/install/nav2_straightline_planner/share/nav2_straightline_planner/hook/cmake_prefix_path.sh'
[5.662s] Level 1:colcon.colcon_core.environment:checking '/home/szymon/Documents/MIAPR/MIAPR_project/install/nav2_straightline_planner/lib'
[5.662s] Level 1:colcon.colcon_core.shell:create_environment_hook('nav2_straightline_planner', 'ld_library_path_lib')
[5.663s] INFO:colcon.colcon_core.shell:Creating environment hook '/home/szymon/Documents/MIAPR/MIAPR_project/install/nav2_straightline_planner/share/nav2_straightline_planner/hook/ld_library_path_lib.ps1'
[5.663s] INFO:colcon.colcon_core.shell:Creating environment descriptor '/home/szymon/Documents/MIAPR/MIAPR_project/install/nav2_straightline_planner/share/nav2_straightline_planner/hook/ld_library_path_lib.dsv'
[5.663s] INFO:colcon.colcon_core.shell:Creating environment hook '/home/szymon/Documents/MIAPR/MIAPR_project/install/nav2_straightline_planner/share/nav2_straightline_planner/hook/ld_library_path_lib.sh'
[5.664s] Level 1:colcon.colcon_core.environment:checking '/home/szymon/Documents/MIAPR/MIAPR_project/install/nav2_straightline_planner/bin'
[5.664s] Level 1:colcon.colcon_core.environment:checking '/home/szymon/Documents/MIAPR/MIAPR_project/install/nav2_straightline_planner/lib/pkgconfig/nav2_straightline_planner.pc'
[5.664s] Level 1:colcon.colcon_core.environment:checking '/home/szymon/Documents/MIAPR/MIAPR_project/install/nav2_straightline_planner/lib/python3.10/site-packages'
[5.664s] Level 1:colcon.colcon_core.environment:checking '/home/szymon/Documents/MIAPR/MIAPR_project/install/nav2_straightline_planner/bin'
[5.664s] INFO:colcon.colcon_core.shell:Creating package script '/home/szymon/Documents/MIAPR/MIAPR_project/install/nav2_straightline_planner/share/nav2_straightline_planner/package.ps1'
[5.665s] INFO:colcon.colcon_core.shell:Creating package descriptor '/home/szymon/Documents/MIAPR/MIAPR_project/install/nav2_straightline_planner/share/nav2_straightline_planner/package.dsv'
[5.665s] INFO:colcon.colcon_core.shell:Creating package script '/home/szymon/Documents/MIAPR/MIAPR_project/install/nav2_straightline_planner/share/nav2_straightline_planner/package.sh'
[5.665s] INFO:colcon.colcon_core.shell:Creating package script '/home/szymon/Documents/MIAPR/MIAPR_project/install/nav2_straightline_planner/share/nav2_straightline_planner/package.bash'
[5.665s] INFO:colcon.colcon_core.shell:Creating package script '/home/szymon/Documents/MIAPR/MIAPR_project/install/nav2_straightline_planner/share/nav2_straightline_planner/package.zsh'
[5.666s] Level 1:colcon.colcon_core.environment:create_file_with_runtime_dependencies(/home/szymon/Documents/MIAPR/MIAPR_project/install/nav2_straightline_planner/share/colcon-core/packages/nav2_straightline_planner)
[5.666s] Level 1:colcon.colcon_core.environment:create_environment_scripts_only(nav2_straightline_planner)
[5.666s] Level 1:colcon.colcon_core.environment:checking '/home/szymon/Documents/MIAPR/MIAPR_project/install/nav2_straightline_planner' for CMake module files
[5.666s] Level 1:colcon.colcon_core.environment:checking '/home/szymon/Documents/MIAPR/MIAPR_project/install/nav2_straightline_planner' for CMake config files
[5.666s] Level 1:colcon.colcon_core.shell:create_environment_hook('nav2_straightline_planner', 'cmake_prefix_path')
[5.667s] INFO:colcon.colcon_core.shell:Creating environment hook '/home/szymon/Documents/MIAPR/MIAPR_project/install/nav2_straightline_planner/share/nav2_straightline_planner/hook/cmake_prefix_path.ps1'
[5.667s] INFO:colcon.colcon_core.shell:Creating environment descriptor '/home/szymon/Documents/MIAPR/MIAPR_project/install/nav2_straightline_planner/share/nav2_straightline_planner/hook/cmake_prefix_path.dsv'
[5.667s] INFO:colcon.colcon_core.shell:Creating environment hook '/home/szymon/Documents/MIAPR/MIAPR_project/install/nav2_straightline_planner/share/nav2_straightline_planner/hook/cmake_prefix_path.sh'
[5.667s] Level 1:colcon.colcon_core.environment:checking '/home/szymon/Documents/MIAPR/MIAPR_project/install/nav2_straightline_planner/lib'
[5.667s] Level 1:colcon.colcon_core.shell:create_environment_hook('nav2_straightline_planner', 'ld_library_path_lib')
[5.667s] INFO:colcon.colcon_core.shell:Creating environment hook '/home/szymon/Documents/MIAPR/MIAPR_project/install/nav2_straightline_planner/share/nav2_straightline_planner/hook/ld_library_path_lib.ps1'
[5.668s] INFO:colcon.colcon_core.shell:Creating environment descriptor '/home/szymon/Documents/MIAPR/MIAPR_project/install/nav2_straightline_planner/share/nav2_straightline_planner/hook/ld_library_path_lib.dsv'
[5.668s] INFO:colcon.colcon_core.shell:Creating environment hook '/home/szymon/Documents/MIAPR/MIAPR_project/install/nav2_straightline_planner/share/nav2_straightline_planner/hook/ld_library_path_lib.sh'
[5.668s] Level 1:colcon.colcon_core.environment:checking '/home/szymon/Documents/MIAPR/MIAPR_project/install/nav2_straightline_planner/bin'
[5.668s] Level 1:colcon.colcon_core.environment:checking '/home/szymon/Documents/MIAPR/MIAPR_project/install/nav2_straightline_planner/lib/pkgconfig/nav2_straightline_planner.pc'
[5.668s] Level 1:colcon.colcon_core.environment:checking '/home/szymon/Documents/MIAPR/MIAPR_project/install/nav2_straightline_planner/lib/python3.10/site-packages'
[5.668s] Level 1:colcon.colcon_core.environment:checking '/home/szymon/Documents/MIAPR/MIAPR_project/install/nav2_straightline_planner/bin'
[5.668s] INFO:colcon.colcon_core.shell:Creating package script '/home/szymon/Documents/MIAPR/MIAPR_project/install/nav2_straightline_planner/share/nav2_straightline_planner/package.ps1'
[5.669s] INFO:colcon.colcon_core.shell:Creating package descriptor '/home/szymon/Documents/MIAPR/MIAPR_project/install/nav2_straightline_planner/share/nav2_straightline_planner/package.dsv'
[5.669s] INFO:colcon.colcon_core.shell:Creating package script '/home/szymon/Documents/MIAPR/MIAPR_project/install/nav2_straightline_planner/share/nav2_straightline_planner/package.sh'
[5.669s] INFO:colcon.colcon_core.shell:Creating package script '/home/szymon/Documents/MIAPR/MIAPR_project/install/nav2_straightline_planner/share/nav2_straightline_planner/package.bash'
[5.669s] INFO:colcon.colcon_core.shell:Creating package script '/home/szymon/Documents/MIAPR/MIAPR_project/install/nav2_straightline_planner/share/nav2_straightline_planner/package.zsh'
[5.670s] Level 1:colcon.colcon_core.environment:create_file_with_runtime_dependencies(/home/szymon/Documents/MIAPR/MIAPR_project/install/nav2_straightline_planner/share/colcon-core/packages/nav2_straightline_planner)
[8.487s] DEBUG:colcon.colcon_core.event_handler.log_command:Invoked command in '/home/szymon/Documents/MIAPR/MIAPR_project/build/nav2_sms_behavior' returned '0': CMAKE_PREFIX_PATH=/opt/ros/humble /usr/bin/cmake --build /home/szymon/Documents/MIAPR/MIAPR_project/build/nav2_sms_behavior -- -j12 -l12
[8.488s] DEBUG:colcon.colcon_core.event_handler.log_command:Invoking command in '/home/szymon/Documents/MIAPR/MIAPR_project/build/nav2_sms_behavior': CMAKE_PREFIX_PATH=/opt/ros/humble /usr/bin/cmake --install /home/szymon/Documents/MIAPR/MIAPR_project/build/nav2_sms_behavior
[8.532s] Level 1:colcon.colcon_core.environment:create_environment_scripts_only(nav2_sms_behavior)
[8.532s] Level 1:colcon.colcon_core.environment:checking '/home/szymon/Documents/MIAPR/MIAPR_project/install/nav2_sms_behavior' for CMake module files
[8.532s] DEBUG:colcon.colcon_core.event_handler.log_command:Invoked command in '/home/szymon/Documents/MIAPR/MIAPR_project/build/nav2_sms_behavior' returned '0': CMAKE_PREFIX_PATH=/opt/ros/humble /usr/bin/cmake --install /home/szymon/Documents/MIAPR/MIAPR_project/build/nav2_sms_behavior
[8.533s] Level 1:colcon.colcon_core.environment:checking '/home/szymon/Documents/MIAPR/MIAPR_project/install/nav2_sms_behavior' for CMake config files
[8.533s] Level 1:colcon.colcon_core.shell:create_environment_hook('nav2_sms_behavior', 'cmake_prefix_path')
[8.534s] INFO:colcon.colcon_core.shell:Creating environment hook '/home/szymon/Documents/MIAPR/MIAPR_project/install/nav2_sms_behavior/share/nav2_sms_behavior/hook/cmake_prefix_path.ps1'
[8.534s] INFO:colcon.colcon_core.shell:Creating environment descriptor '/home/szymon/Documents/MIAPR/MIAPR_project/install/nav2_sms_behavior/share/nav2_sms_behavior/hook/cmake_prefix_path.dsv'
[8.534s] INFO:colcon.colcon_core.shell:Creating environment hook '/home/szymon/Documents/MIAPR/MIAPR_project/install/nav2_sms_behavior/share/nav2_sms_behavior/hook/cmake_prefix_path.sh'
[8.534s] Level 1:colcon.colcon_core.environment:checking '/home/szymon/Documents/MIAPR/MIAPR_project/install/nav2_sms_behavior/lib'
[8.534s] Level 1:colcon.colcon_core.shell:create_environment_hook('nav2_sms_behavior', 'ld_library_path_lib')
[8.534s] INFO:colcon.colcon_core.shell:Creating environment hook '/home/szymon/Documents/MIAPR/MIAPR_project/install/nav2_sms_behavior/share/nav2_sms_behavior/hook/ld_library_path_lib.ps1'
[8.535s] INFO:colcon.colcon_core.shell:Creating environment descriptor '/home/szymon/Documents/MIAPR/MIAPR_project/install/nav2_sms_behavior/share/nav2_sms_behavior/hook/ld_library_path_lib.dsv'
[8.535s] INFO:colcon.colcon_core.shell:Creating environment hook '/home/szymon/Documents/MIAPR/MIAPR_project/install/nav2_sms_behavior/share/nav2_sms_behavior/hook/ld_library_path_lib.sh'
[8.535s] Level 1:colcon.colcon_core.environment:checking '/home/szymon/Documents/MIAPR/MIAPR_project/install/nav2_sms_behavior/bin'
[8.535s] Level 1:colcon.colcon_core.environment:checking '/home/szymon/Documents/MIAPR/MIAPR_project/install/nav2_sms_behavior/lib/pkgconfig/nav2_sms_behavior.pc'
[8.535s] Level 1:colcon.colcon_core.environment:checking '/home/szymon/Documents/MIAPR/MIAPR_project/install/nav2_sms_behavior/lib/python3.10/site-packages'
[8.535s] Level 1:colcon.colcon_core.environment:checking '/home/szymon/Documents/MIAPR/MIAPR_project/install/nav2_sms_behavior/bin'
[8.535s] INFO:colcon.colcon_core.shell:Creating package script '/home/szymon/Documents/MIAPR/MIAPR_project/install/nav2_sms_behavior/share/nav2_sms_behavior/package.ps1'
[8.536s] INFO:colcon.colcon_core.shell:Creating package descriptor '/home/szymon/Documents/MIAPR/MIAPR_project/install/nav2_sms_behavior/share/nav2_sms_behavior/package.dsv'
[8.536s] INFO:colcon.colcon_core.shell:Creating package script '/home/szymon/Documents/MIAPR/MIAPR_project/install/nav2_sms_behavior/share/nav2_sms_behavior/package.sh'
[8.536s] INFO:colcon.colcon_core.shell:Creating package script '/home/szymon/Documents/MIAPR/MIAPR_project/install/nav2_sms_behavior/share/nav2_sms_behavior/package.bash'
[8.536s] INFO:colcon.colcon_core.shell:Creating package script '/home/szymon/Documents/MIAPR/MIAPR_project/install/nav2_sms_behavior/share/nav2_sms_behavior/package.zsh'
[8.536s] Level 1:colcon.colcon_core.environment:create_file_with_runtime_dependencies(/home/szymon/Documents/MIAPR/MIAPR_project/install/nav2_sms_behavior/share/colcon-core/packages/nav2_sms_behavior)
[8.537s] Level 1:colcon.colcon_core.environment:create_environment_scripts_only(nav2_sms_behavior)
[8.537s] Level 1:colcon.colcon_core.environment:checking '/home/szymon/Documents/MIAPR/MIAPR_project/install/nav2_sms_behavior' for CMake module files
[8.537s] Level 1:colcon.colcon_core.environment:checking '/home/szymon/Documents/MIAPR/MIAPR_project/install/nav2_sms_behavior' for CMake config files
[8.537s] Level 1:colcon.colcon_core.shell:create_environment_hook('nav2_sms_behavior', 'cmake_prefix_path')
[8.538s] INFO:colcon.colcon_core.shell:Creating environment hook '/home/szymon/Documents/MIAPR/MIAPR_project/install/nav2_sms_behavior/share/nav2_sms_behavior/hook/cmake_prefix_path.ps1'
[8.538s] INFO:colcon.colcon_core.shell:Creating environment descriptor '/home/szymon/Documents/MIAPR/MIAPR_project/install/nav2_sms_behavior/share/nav2_sms_behavior/hook/cmake_prefix_path.dsv'
[8.538s] INFO:colcon.colcon_core.shell:Creating environment hook '/home/szymon/Documents/MIAPR/MIAPR_project/install/nav2_sms_behavior/share/nav2_sms_behavior/hook/cmake_prefix_path.sh'
[8.538s] Level 1:colcon.colcon_core.environment:checking '/home/szymon/Documents/MIAPR/MIAPR_project/install/nav2_sms_behavior/lib'
[8.539s] Level 1:colcon.colcon_core.shell:create_environment_hook('nav2_sms_behavior', 'ld_library_path_lib')
[8.539s] INFO:colcon.colcon_core.shell:Creating environment hook '/home/szymon/Documents/MIAPR/MIAPR_project/install/nav2_sms_behavior/share/nav2_sms_behavior/hook/ld_library_path_lib.ps1'
[8.539s] INFO:colcon.colcon_core.shell:Creating environment descriptor '/home/szymon/Documents/MIAPR/MIAPR_project/install/nav2_sms_behavior/share/nav2_sms_behavior/hook/ld_library_path_lib.dsv'
[8.539s] INFO:colcon.colcon_core.shell:Creating environment hook '/home/szymon/Documents/MIAPR/MIAPR_project/install/nav2_sms_behavior/share/nav2_sms_behavior/hook/ld_library_path_lib.sh'
[8.539s] Level 1:colcon.colcon_core.environment:checking '/home/szymon/Documents/MIAPR/MIAPR_project/install/nav2_sms_behavior/bin'
[8.539s] Level 1:colcon.colcon_core.environment:checking '/home/szymon/Documents/MIAPR/MIAPR_project/install/nav2_sms_behavior/lib/pkgconfig/nav2_sms_behavior.pc'
[8.539s] Level 1:colcon.colcon_core.environment:checking '/home/szymon/Documents/MIAPR/MIAPR_project/install/nav2_sms_behavior/lib/python3.10/site-packages'
[8.539s] Level 1:colcon.colcon_core.environment:checking '/home/szymon/Documents/MIAPR/MIAPR_project/install/nav2_sms_behavior/bin'
[8.540s] INFO:colcon.colcon_core.shell:Creating package script '/home/szymon/Documents/MIAPR/MIAPR_project/install/nav2_sms_behavior/share/nav2_sms_behavior/package.ps1'
[8.540s] INFO:colcon.colcon_core.shell:Creating package descriptor '/home/szymon/Documents/MIAPR/MIAPR_project/install/nav2_sms_behavior/share/nav2_sms_behavior/package.dsv'
[8.540s] INFO:colcon.colcon_core.shell:Creating package script '/home/szymon/Documents/MIAPR/MIAPR_project/install/nav2_sms_behavior/share/nav2_sms_behavior/package.sh'
[8.540s] INFO:colcon.colcon_core.shell:Creating package script '/home/szymon/Documents/MIAPR/MIAPR_project/install/nav2_sms_behavior/share/nav2_sms_behavior/package.bash'
[8.541s] INFO:colcon.colcon_core.shell:Creating package script '/home/szymon/Documents/MIAPR/MIAPR_project/install/nav2_sms_behavior/share/nav2_sms_behavior/package.zsh'
[8.541s] Level 1:colcon.colcon_core.environment:create_file_with_runtime_dependencies(/home/szymon/Documents/MIAPR/MIAPR_project/install/nav2_sms_behavior/share/colcon-core/packages/nav2_sms_behavior)
[8.541s] DEBUG:colcon.colcon_parallel_executor.executor.parallel:closing loop
[8.541s] DEBUG:colcon.colcon_parallel_executor.executor.parallel:loop closed
[8.541s] DEBUG:colcon.colcon_parallel_executor.executor.parallel:run_until_complete finished with '0'
[8.541s] DEBUG:colcon.colcon_core.event_reactor:joining thread
[8.544s] INFO:colcon.colcon_core.plugin_system:Skipping extension 'colcon_notification.desktop_notification.terminal_notifier': Not used on non-Darwin systems
[8.544s] INFO:colcon.colcon_core.plugin_system:Skipping extension 'colcon_notification.desktop_notification.win32': Not used on non-Windows systems
[8.544s] INFO:colcon.colcon_notification.desktop_notification:Sending desktop notification using 'notify2'
[8.552s] DEBUG:colcon.colcon_core.event_reactor:joined thread
[8.553s] INFO:colcon.colcon_core.shell:Creating prefix script '/home/szymon/Documents/MIAPR/MIAPR_project/install/local_setup.ps1'
[8.553s] INFO:colcon.colcon_core.shell:Creating prefix util module '/home/szymon/Documents/MIAPR/MIAPR_project/install/_local_setup_util_ps1.py'
[8.554s] INFO:colcon.colcon_core.shell:Creating prefix chain script '/home/szymon/Documents/MIAPR/MIAPR_project/install/setup.ps1'
[8.554s] INFO:colcon.colcon_core.shell:Creating prefix script '/home/szymon/Documents/MIAPR/MIAPR_project/install/local_setup.sh'
[8.555s] INFO:colcon.colcon_core.shell:Creating prefix util module '/home/szymon/Documents/MIAPR/MIAPR_project/install/_local_setup_util_sh.py'
[8.555s] INFO:colcon.colcon_core.shell:Creating prefix chain script '/home/szymon/Documents/MIAPR/MIAPR_project/install/setup.sh'
[8.556s] INFO:colcon.colcon_core.shell:Creating prefix script '/home/szymon/Documents/MIAPR/MIAPR_project/install/local_setup.bash'
[8.556s] INFO:colcon.colcon_core.shell:Creating prefix chain script '/home/szymon/Documents/MIAPR/MIAPR_project/install/setup.bash'
[8.556s] INFO:colcon.colcon_core.shell:Creating prefix script '/home/szymon/Documents/MIAPR/MIAPR_project/install/local_setup.zsh'
[8.556s] INFO:colcon.colcon_core.shell:Creating prefix chain script '/home/szymon/Documents/MIAPR/MIAPR_project/install/setup.zsh'
