[0.066s] DEBUG:colcon:Command line arguments: ['/usr/bin/colcon', 'build']
[0.066s] DEBUG:colcon:Parsed command line arguments: Namespace(log_base=None, log_level=None, verb_name='build', build_base='build', install_base='install', merge_install=False, symlink_install=False, test_result_base=None, continue_on_error=False, executor='parallel', parallel_workers=12, event_handlers=None, ignore_user_meta=False, metas=['./colcon.meta'], base_paths=['.'], packages_ignore=None, packages_ignore_regex=None, paths=None, packages_up_to=None, packages_up_to_regex=None, packages_above=None, packages_above_and_dependencies=None, packages_above_depth=None, packages_select_by_dep=None, packages_skip_by_dep=None, packages_skip_up_to=None, packages_select_build_failed=False, packages_skip_build_finished=False, packages_select_test_failures=False, packages_skip_test_passed=False, packages_select=None, packages_skip=None, packages_select_regex=None, packages_skip_regex=None, packages_start=None, packages_end=None, cmake_args=None, cmake_target=None, cmake_target_skip_unavailable=False, cmake_clean_cache=False, cmake_clean_first=False, cmake_force_configure=False, ament_cmake_args=None, catkin_cmake_args=None, catkin_skip_building_tests=False, mixin_files=None, mixin=None, verb_parser=<colcon_mixin.mixin.mixin_argument.MixinArgumentDecorator object at 0x7a555f6fbeb0>, verb_extension=<colcon_core.verb.build.BuildVerb object at 0x7a555f840eb0>, main=<bound method BuildVerb.main of <colcon_core.verb.build.BuildVerb object at 0x7a555f840eb0>>, mixin_verb=('build',))
[0.142s] Level 1:colcon.colcon_core.package_discovery:discover_packages(colcon_meta) check parameters
[0.143s] INFO:colcon.colcon_metadata.package_discovery.colcon_meta:Using configuration from '/root/.colcon/metadata/default/Gazebo.meta'
[0.143s] INFO:colcon.colcon_metadata.package_discovery.colcon_meta:Using configuration from '/root/.colcon/metadata/default/fastdds.meta'
[0.144s] INFO:colcon.colcon_metadata.package_discovery.colcon_meta:Using configuration from '/root/.colcon/metadata/default/fastrtps.meta'
[0.144s] Level 1:colcon.colcon_core.package_discovery:discover_packages(recursive) check parameters
[0.144s] Level 1:colcon.colcon_core.package_discovery:discover_packages(ignore) check parameters
[0.144s] Level 1:colcon.colcon_core.package_discovery:discover_packages(path) check parameters
[0.144s] Level 1:colcon.colcon_core.package_discovery:discover_packages(colcon_meta) discover
[0.144s] Level 1:colcon.colcon_core.package_discovery:discover_packages(recursive) discover
[0.144s] INFO:colcon.colcon_core.package_discovery:Crawling recursively for packages in '/root/Shared/src/MIAPR_project'
[0.144s] Level 1:colcon.colcon_core.package_identification:_identify(.) by extensions ['ignore', 'ignore_ament_install']
[0.144s] Level 1:colcon.colcon_core.package_identification:_identify(.) by extension 'ignore'
[0.144s] Level 1:colcon.colcon_core.package_identification:_identify(.) by extension 'ignore_ament_install'
[0.144s] Level 1:colcon.colcon_core.package_identification:_identify(.) by extensions ['colcon_pkg']
[0.144s] Level 1:colcon.colcon_core.package_identification:_identify(.) by extension 'colcon_pkg'
[0.144s] Level 1:colcon.colcon_core.package_identification:_identify(.) by extensions ['colcon_meta']
[0.144s] Level 1:colcon.colcon_core.package_identification:_identify(.) by extension 'colcon_meta'
[0.144s] Level 1:colcon.colcon_core.package_identification:_identify(.) by extensions ['ros']
[0.144s] Level 1:colcon.colcon_core.package_identification:_identify(.) by extension 'ros'
[0.151s] Level 1:colcon.colcon_core.package_identification:_identify(.) by extensions ['cmake', 'python']
[0.151s] Level 1:colcon.colcon_core.package_identification:_identify(.) by extension 'cmake'
[0.151s] Level 1:colcon.colcon_core.package_identification:_identify(.) by extension 'python'
[0.151s] Level 1:colcon.colcon_core.package_identification:_identify(.) by extensions ['python_setup_py']
[0.151s] Level 1:colcon.colcon_core.package_identification:_identify(.) by extension 'python_setup_py'
[0.151s] Level 1:colcon.colcon_core.package_identification:_identify(build) by extensions ['ignore', 'ignore_ament_install']
[0.151s] Level 1:colcon.colcon_core.package_identification:_identify(build) by extension 'ignore'
[0.151s] Level 1:colcon.colcon_core.package_identification:_identify(build) ignored
[0.151s] Level 1:colcon.colcon_core.package_identification:_identify(install) by extensions ['ignore', 'ignore_ament_install']
[0.151s] Level 1:colcon.colcon_core.package_identification:_identify(install) by extension 'ignore'
[0.151s] Level 1:colcon.colcon_core.package_identification:_identify(install) ignored
[0.152s] Level 1:colcon.colcon_core.package_identification:_identify(log) by extensions ['ignore', 'ignore_ament_install']
[0.152s] Level 1:colcon.colcon_core.package_identification:_identify(log) by extension 'ignore'
[0.152s] Level 1:colcon.colcon_core.package_identification:_identify(log) ignored
[0.152s] Level 1:colcon.colcon_core.package_identification:_identify(src) by extensions ['ignore', 'ignore_ament_install']
[0.152s] Level 1:colcon.colcon_core.package_identification:_identify(src) by extension 'ignore'
[0.152s] Level 1:colcon.colcon_core.package_identification:_identify(src) by extension 'ignore_ament_install'
[0.152s] Level 1:colcon.colcon_core.package_identification:_identify(src) by extensions ['colcon_pkg']
[0.152s] Level 1:colcon.colcon_core.package_identification:_identify(src) by extension 'colcon_pkg'
[0.152s] Level 1:colcon.colcon_core.package_identification:_identify(src) by extensions ['colcon_meta']
[0.152s] Level 1:colcon.colcon_core.package_identification:_identify(src) by extension 'colcon_meta'
[0.152s] Level 1:colcon.colcon_core.package_identification:_identify(src) by extensions ['ros']
[0.152s] Level 1:colcon.colcon_core.package_identification:_identify(src) by extension 'ros'
[0.152s] Level 1:colcon.colcon_core.package_identification:_identify(src) by extensions ['cmake', 'python']
[0.152s] Level 1:colcon.colcon_core.package_identification:_identify(src) by extension 'cmake'
[0.152s] Level 1:colcon.colcon_core.package_identification:_identify(src) by extension 'python'
[0.152s] Level 1:colcon.colcon_core.package_identification:_identify(src) by extensions ['python_setup_py']
[0.152s] Level 1:colcon.colcon_core.package_identification:_identify(src) by extension 'python_setup_py'
[0.152s] Level 1:colcon.colcon_core.package_identification:_identify(src/nav2-rrt-star) by extensions ['ignore', 'ignore_ament_install']
[0.152s] Level 1:colcon.colcon_core.package_identification:_identify(src/nav2-rrt-star) by extension 'ignore'
[0.152s] Level 1:colcon.colcon_core.package_identification:_identify(src/nav2-rrt-star) by extension 'ignore_ament_install'
[0.152s] Level 1:colcon.colcon_core.package_identification:_identify(src/nav2-rrt-star) by extensions ['colcon_pkg']
[0.152s] Level 1:colcon.colcon_core.package_identification:_identify(src/nav2-rrt-star) by extension 'colcon_pkg'
[0.152s] Level 1:colcon.colcon_core.package_identification:_identify(src/nav2-rrt-star) by extensions ['colcon_meta']
[0.152s] Level 1:colcon.colcon_core.package_identification:_identify(src/nav2-rrt-star) by extension 'colcon_meta'
[0.152s] Level 1:colcon.colcon_core.package_identification:_identify(src/nav2-rrt-star) by extensions ['ros']
[0.152s] Level 1:colcon.colcon_core.package_identification:_identify(src/nav2-rrt-star) by extension 'ros'
[0.154s] DEBUG:colcon.colcon_core.package_identification:Package 'src/nav2-rrt-star' with type 'ros.ament_cmake' and name 'nav2_RRTstar_planner'
[0.154s] Level 1:colcon.colcon_core.package_identification:_identify(src/nav2_straightline_planner) by extensions ['ignore', 'ignore_ament_install']
[0.154s] Level 1:colcon.colcon_core.package_identification:_identify(src/nav2_straightline_planner) by extension 'ignore'
[0.154s] Level 1:colcon.colcon_core.package_identification:_identify(src/nav2_straightline_planner) by extension 'ignore_ament_install'
[0.154s] Level 1:colcon.colcon_core.package_identification:_identify(src/nav2_straightline_planner) by extensions ['colcon_pkg']
[0.154s] Level 1:colcon.colcon_core.package_identification:_identify(src/nav2_straightline_planner) by extension 'colcon_pkg'
[0.154s] Level 1:colcon.colcon_core.package_identification:_identify(src/nav2_straightline_planner) by extensions ['colcon_meta']
[0.154s] Level 1:colcon.colcon_core.package_identification:_identify(src/nav2_straightline_planner) by extension 'colcon_meta'
[0.154s] Level 1:colcon.colcon_core.package_identification:_identify(src/nav2_straightline_planner) by extensions ['ros']
[0.154s] Level 1:colcon.colcon_core.package_identification:_identify(src/nav2_straightline_planner) by extension 'ros'
[0.155s] DEBUG:colcon.colcon_core.package_identification:Package 'src/nav2_straightline_planner' with type 'ros.ament_cmake' and name 'nav2_straightline_planner'
[0.155s] Level 1:colcon.colcon_core.package_discovery:discover_packages(recursive) using defaults
[0.155s] Level 1:colcon.colcon_core.package_discovery:discover_packages(ignore) discover
[0.155s] Level 1:colcon.colcon_core.package_discovery:discover_packages(ignore) using defaults
[0.155s] Level 1:colcon.colcon_core.package_discovery:discover_packages(path) discover
[0.155s] Level 1:colcon.colcon_core.package_discovery:discover_packages(path) using defaults
[0.167s] Level 5:colcon.colcon_core.verb:set package 'nav2_RRTstar_planner' build argument 'cmake_args' from command line to 'None'
[0.167s] Level 5:colcon.colcon_core.verb:set package 'nav2_RRTstar_planner' build argument 'cmake_target' from command line to 'None'
[0.167s] Level 5:colcon.colcon_core.verb:set package 'nav2_RRTstar_planner' build argument 'cmake_target_skip_unavailable' from command line to 'False'
[0.167s] Level 5:colcon.colcon_core.verb:set package 'nav2_RRTstar_planner' build argument 'cmake_clean_cache' from command line to 'False'
[0.167s] Level 5:colcon.colcon_core.verb:set package 'nav2_RRTstar_planner' build argument 'cmake_clean_first' from command line to 'False'
[0.167s] Level 5:colcon.colcon_core.verb:set package 'nav2_RRTstar_planner' build argument 'cmake_force_configure' from command line to 'False'
[0.167s] Level 5:colcon.colcon_core.verb:set package 'nav2_RRTstar_planner' build argument 'ament_cmake_args' from command line to 'None'
[0.167s] Level 5:colcon.colcon_core.verb:set package 'nav2_RRTstar_planner' build argument 'catkin_cmake_args' from command line to 'None'
[0.167s] Level 5:colcon.colcon_core.verb:set package 'nav2_RRTstar_planner' build argument 'catkin_skip_building_tests' from command line to 'False'
[0.168s] DEBUG:colcon.colcon_core.verb:Building package 'nav2_RRTstar_planner' with the following arguments: {'ament_cmake_args': None, 'build_base': '/root/Shared/src/MIAPR_project/build/nav2_RRTstar_planner', 'catkin_cmake_args': None, 'catkin_skip_building_tests': False, 'cmake_args': None, 'cmake_clean_cache': False, 'cmake_clean_first': False, 'cmake_force_configure': False, 'cmake_target': None, 'cmake_target_skip_unavailable': False, 'install_base': '/root/Shared/src/MIAPR_project/install/nav2_RRTstar_planner', 'merge_install': False, 'path': '/root/Shared/src/MIAPR_project/src/nav2-rrt-star', 'symlink_install': False, 'test_result_base': None}
[0.168s] Level 5:colcon.colcon_core.verb:set package 'nav2_straightline_planner' build argument 'cmake_args' from command line to 'None'
[0.168s] Level 5:colcon.colcon_core.verb:set package 'nav2_straightline_planner' build argument 'cmake_target' from command line to 'None'
[0.168s] Level 5:colcon.colcon_core.verb:set package 'nav2_straightline_planner' build argument 'cmake_target_skip_unavailable' from command line to 'False'
[0.168s] Level 5:colcon.colcon_core.verb:set package 'nav2_straightline_planner' build argument 'cmake_clean_cache' from command line to 'False'
[0.168s] Level 5:colcon.colcon_core.verb:set package 'nav2_straightline_planner' build argument 'cmake_clean_first' from command line to 'False'
[0.168s] Level 5:colcon.colcon_core.verb:set package 'nav2_straightline_planner' build argument 'cmake_force_configure' from command line to 'False'
[0.168s] Level 5:colcon.colcon_core.verb:set package 'nav2_straightline_planner' build argument 'ament_cmake_args' from command line to 'None'
[0.168s] Level 5:colcon.colcon_core.verb:set package 'nav2_straightline_planner' build argument 'catkin_cmake_args' from command line to 'None'
[0.168s] Level 5:colcon.colcon_core.verb:set package 'nav2_straightline_planner' build argument 'catkin_skip_building_tests' from command line to 'False'
[0.168s] DEBUG:colcon.colcon_core.verb:Building package 'nav2_straightline_planner' with the following arguments: {'ament_cmake_args': None, 'build_base': '/root/Shared/src/MIAPR_project/build/nav2_straightline_planner', 'catkin_cmake_args': None, 'catkin_skip_building_tests': False, 'cmake_args': None, 'cmake_clean_cache': False, 'cmake_clean_first': False, 'cmake_force_configure': False, 'cmake_target': None, 'cmake_target_skip_unavailable': False, 'install_base': '/root/Shared/src/MIAPR_project/install/nav2_straightline_planner', 'merge_install': False, 'path': '/root/Shared/src/MIAPR_project/src/nav2_straightline_planner', 'symlink_install': False, 'test_result_base': None}
[0.168s] INFO:colcon.colcon_core.executor:Executing jobs using 'parallel' executor
[0.169s] DEBUG:colcon.colcon_parallel_executor.executor.parallel:run_until_complete
[0.169s] INFO:colcon.colcon_ros.task.ament_cmake.build:Building ROS package in '/root/Shared/src/MIAPR_project/src/nav2-rrt-star' with build type 'ament_cmake'
[0.169s] INFO:colcon.colcon_cmake.task.cmake.build:Building CMake package in '/root/Shared/src/MIAPR_project/src/nav2-rrt-star'
[0.170s] INFO:colcon.colcon_core.plugin_system:Skipping extension 'colcon_core.shell.bat': Not used on non-Windows systems
[0.171s] INFO:colcon.colcon_core.shell:Skip shell extension 'powershell' for command environment: Not usable outside of PowerShell
[0.171s] DEBUG:colcon.colcon_core.shell:Skip shell extension 'dsv' for command environment
[0.173s] INFO:colcon.colcon_ros.task.ament_cmake.build:Building ROS package in '/root/Shared/src/MIAPR_project/src/nav2_straightline_planner' with build type 'ament_cmake'
[0.174s] INFO:colcon.colcon_cmake.task.cmake.build:Building CMake package in '/root/Shared/src/MIAPR_project/src/nav2_straightline_planner'
[0.174s] INFO:colcon.colcon_core.shell:Skip shell extension 'powershell' for command environment: Not usable outside of PowerShell
[0.174s] DEBUG:colcon.colcon_core.shell:Skip shell extension 'dsv' for command environment
[0.181s] DEBUG:colcon.colcon_core.event_handler.log_command:Invoking command in '/root/Shared/src/MIAPR_project/build/nav2_RRTstar_planner': CMAKE_PREFIX_PATH=/opt/ros/humble /usr/bin/cmake --build /root/Shared/src/MIAPR_project/build/nav2_RRTstar_planner -- -j12 -l12
[0.184s] DEBUG:colcon.colcon_core.event_handler.log_command:Invoking command in '/root/Shared/src/MIAPR_project/build/nav2_straightline_planner': CMAKE_PREFIX_PATH=/opt/ros/humble /usr/bin/cmake --build /root/Shared/src/MIAPR_project/build/nav2_straightline_planner -- -j12 -l12
[0.240s] DEBUG:colcon.colcon_core.event_handler.log_command:Invoked command in '/root/Shared/src/MIAPR_project/build/nav2_RRTstar_planner' returned '0': CMAKE_PREFIX_PATH=/opt/ros/humble /usr/bin/cmake --build /root/Shared/src/MIAPR_project/build/nav2_RRTstar_planner -- -j12 -l12
[0.250s] DEBUG:colcon.colcon_core.event_handler.log_command:Invoking command in '/root/Shared/src/MIAPR_project/build/nav2_RRTstar_planner': CMAKE_PREFIX_PATH=/opt/ros/humble /usr/bin/cmake --install /root/Shared/src/MIAPR_project/build/nav2_RRTstar_planner
[0.251s] DEBUG:colcon.colcon_core.event_handler.log_command:Invoked command in '/root/Shared/src/MIAPR_project/build/nav2_straightline_planner' returned '0': CMAKE_PREFIX_PATH=/opt/ros/humble /usr/bin/cmake --build /root/Shared/src/MIAPR_project/build/nav2_straightline_planner -- -j12 -l12
[0.252s] DEBUG:colcon.colcon_core.event_handler.log_command:Invoking command in '/root/Shared/src/MIAPR_project/build/nav2_straightline_planner': CMAKE_PREFIX_PATH=/opt/ros/humble /usr/bin/cmake --install /root/Shared/src/MIAPR_project/build/nav2_straightline_planner
[0.262s] Level 1:colcon.colcon_core.environment:create_environment_scripts_only(nav2_RRTstar_planner)
[0.265s] DEBUG:colcon.colcon_core.event_handler.log_command:Invoked command in '/root/Shared/src/MIAPR_project/build/nav2_RRTstar_planner' returned '0': CMAKE_PREFIX_PATH=/opt/ros/humble /usr/bin/cmake --install /root/Shared/src/MIAPR_project/build/nav2_RRTstar_planner
[0.266s] Level 1:colcon.colcon_core.environment:checking '/root/Shared/src/MIAPR_project/install/nav2_RRTstar_planner' for CMake module files
[0.267s] Level 1:colcon.colcon_core.environment:checking '/root/Shared/src/MIAPR_project/install/nav2_RRTstar_planner' for CMake config files
[0.267s] Level 1:colcon.colcon_core.shell:create_environment_hook('nav2_RRTstar_planner', 'cmake_prefix_path')
[0.267s] INFO:colcon.colcon_core.shell:Creating environment hook '/root/Shared/src/MIAPR_project/install/nav2_RRTstar_planner/share/nav2_RRTstar_planner/hook/cmake_prefix_path.ps1'
[0.267s] INFO:colcon.colcon_core.shell:Creating environment descriptor '/root/Shared/src/MIAPR_project/install/nav2_RRTstar_planner/share/nav2_RRTstar_planner/hook/cmake_prefix_path.dsv'
[0.268s] INFO:colcon.colcon_core.shell:Creating environment hook '/root/Shared/src/MIAPR_project/install/nav2_RRTstar_planner/share/nav2_RRTstar_planner/hook/cmake_prefix_path.sh'
[0.268s] Level 1:colcon.colcon_core.environment:checking '/root/Shared/src/MIAPR_project/install/nav2_RRTstar_planner/lib'
[0.268s] Level 1:colcon.colcon_core.shell:create_environment_hook('nav2_RRTstar_planner', 'ld_library_path_lib')
[0.269s] INFO:colcon.colcon_core.shell:Creating environment hook '/root/Shared/src/MIAPR_project/install/nav2_RRTstar_planner/share/nav2_RRTstar_planner/hook/ld_library_path_lib.ps1'
[0.269s] INFO:colcon.colcon_core.shell:Creating environment descriptor '/root/Shared/src/MIAPR_project/install/nav2_RRTstar_planner/share/nav2_RRTstar_planner/hook/ld_library_path_lib.dsv'
[0.269s] INFO:colcon.colcon_core.shell:Creating environment hook '/root/Shared/src/MIAPR_project/install/nav2_RRTstar_planner/share/nav2_RRTstar_planner/hook/ld_library_path_lib.sh'
[0.269s] Level 1:colcon.colcon_core.environment:checking '/root/Shared/src/MIAPR_project/install/nav2_RRTstar_planner/bin'
[0.269s] Level 1:colcon.colcon_core.environment:checking '/root/Shared/src/MIAPR_project/install/nav2_RRTstar_planner/lib/pkgconfig/nav2_RRTstar_planner.pc'
[0.271s] Level 1:colcon.colcon_core.environment:checking '/root/Shared/src/MIAPR_project/install/nav2_RRTstar_planner/lib/python3.10/site-packages'
[0.271s] Level 1:colcon.colcon_core.environment:checking '/root/Shared/src/MIAPR_project/install/nav2_RRTstar_planner/bin'
[0.271s] INFO:colcon.colcon_core.shell:Creating package script '/root/Shared/src/MIAPR_project/install/nav2_RRTstar_planner/share/nav2_RRTstar_planner/package.ps1'
[0.272s] INFO:colcon.colcon_core.shell:Creating package descriptor '/root/Shared/src/MIAPR_project/install/nav2_RRTstar_planner/share/nav2_RRTstar_planner/package.dsv'
[0.272s] INFO:colcon.colcon_core.shell:Creating package script '/root/Shared/src/MIAPR_project/install/nav2_RRTstar_planner/share/nav2_RRTstar_planner/package.sh'
[0.272s] INFO:colcon.colcon_core.shell:Creating package script '/root/Shared/src/MIAPR_project/install/nav2_RRTstar_planner/share/nav2_RRTstar_planner/package.bash'
[0.273s] INFO:colcon.colcon_core.shell:Creating package script '/root/Shared/src/MIAPR_project/install/nav2_RRTstar_planner/share/nav2_RRTstar_planner/package.zsh'
[0.273s] Level 1:colcon.colcon_core.environment:create_file_with_runtime_dependencies(/root/Shared/src/MIAPR_project/install/nav2_RRTstar_planner/share/colcon-core/packages/nav2_RRTstar_planner)
[0.274s] Level 1:colcon.colcon_core.environment:create_environment_scripts_only(nav2_RRTstar_planner)
[0.274s] Level 1:colcon.colcon_core.environment:checking '/root/Shared/src/MIAPR_project/install/nav2_RRTstar_planner' for CMake module files
[0.274s] Level 1:colcon.colcon_core.environment:checking '/root/Shared/src/MIAPR_project/install/nav2_RRTstar_planner' for CMake config files
[0.274s] Level 1:colcon.colcon_core.shell:create_environment_hook('nav2_RRTstar_planner', 'cmake_prefix_path')
[0.274s] INFO:colcon.colcon_core.shell:Creating environment hook '/root/Shared/src/MIAPR_project/install/nav2_RRTstar_planner/share/nav2_RRTstar_planner/hook/cmake_prefix_path.ps1'
[0.275s] INFO:colcon.colcon_core.shell:Creating environment descriptor '/root/Shared/src/MIAPR_project/install/nav2_RRTstar_planner/share/nav2_RRTstar_planner/hook/cmake_prefix_path.dsv'
[0.275s] INFO:colcon.colcon_core.shell:Creating environment hook '/root/Shared/src/MIAPR_project/install/nav2_RRTstar_planner/share/nav2_RRTstar_planner/hook/cmake_prefix_path.sh'
[0.275s] Level 1:colcon.colcon_core.environment:checking '/root/Shared/src/MIAPR_project/install/nav2_RRTstar_planner/lib'
[0.275s] Level 1:colcon.colcon_core.shell:create_environment_hook('nav2_RRTstar_planner', 'ld_library_path_lib')
[0.275s] INFO:colcon.colcon_core.shell:Creating environment hook '/root/Shared/src/MIAPR_project/install/nav2_RRTstar_planner/share/nav2_RRTstar_planner/hook/ld_library_path_lib.ps1'
[0.276s] INFO:colcon.colcon_core.shell:Creating environment descriptor '/root/Shared/src/MIAPR_project/install/nav2_RRTstar_planner/share/nav2_RRTstar_planner/hook/ld_library_path_lib.dsv'
[0.276s] INFO:colcon.colcon_core.shell:Creating environment hook '/root/Shared/src/MIAPR_project/install/nav2_RRTstar_planner/share/nav2_RRTstar_planner/hook/ld_library_path_lib.sh'
[0.276s] Level 1:colcon.colcon_core.environment:checking '/root/Shared/src/MIAPR_project/install/nav2_RRTstar_planner/bin'
[0.276s] Level 1:colcon.colcon_core.environment:checking '/root/Shared/src/MIAPR_project/install/nav2_RRTstar_planner/lib/pkgconfig/nav2_RRTstar_planner.pc'
[0.276s] Level 1:colcon.colcon_core.environment:checking '/root/Shared/src/MIAPR_project/install/nav2_RRTstar_planner/lib/python3.10/site-packages'
[0.276s] Level 1:colcon.colcon_core.environment:checking '/root/Shared/src/MIAPR_project/install/nav2_RRTstar_planner/bin'
[0.277s] INFO:colcon.colcon_core.shell:Creating package script '/root/Shared/src/MIAPR_project/install/nav2_RRTstar_planner/share/nav2_RRTstar_planner/package.ps1'
[0.277s] INFO:colcon.colcon_core.shell:Creating package descriptor '/root/Shared/src/MIAPR_project/install/nav2_RRTstar_planner/share/nav2_RRTstar_planner/package.dsv'
[0.277s] INFO:colcon.colcon_core.shell:Creating package script '/root/Shared/src/MIAPR_project/install/nav2_RRTstar_planner/share/nav2_RRTstar_planner/package.sh'
[0.278s] INFO:colcon.colcon_core.shell:Creating package script '/root/Shared/src/MIAPR_project/install/nav2_RRTstar_planner/share/nav2_RRTstar_planner/package.bash'
[0.278s] INFO:colcon.colcon_core.shell:Creating package script '/root/Shared/src/MIAPR_project/install/nav2_RRTstar_planner/share/nav2_RRTstar_planner/package.zsh'
[0.278s] Level 1:colcon.colcon_core.environment:create_file_with_runtime_dependencies(/root/Shared/src/MIAPR_project/install/nav2_RRTstar_planner/share/colcon-core/packages/nav2_RRTstar_planner)
[0.278s] Level 1:colcon.colcon_core.environment:create_environment_scripts_only(nav2_straightline_planner)
[0.279s] Level 1:colcon.colcon_core.environment:checking '/root/Shared/src/MIAPR_project/install/nav2_straightline_planner' for CMake module files
[0.279s] DEBUG:colcon.colcon_core.event_handler.log_command:Invoked command in '/root/Shared/src/MIAPR_project/build/nav2_straightline_planner' returned '0': CMAKE_PREFIX_PATH=/opt/ros/humble /usr/bin/cmake --install /root/Shared/src/MIAPR_project/build/nav2_straightline_planner
[0.279s] Level 1:colcon.colcon_core.environment:checking '/root/Shared/src/MIAPR_project/install/nav2_straightline_planner' for CMake config files
[0.279s] Level 1:colcon.colcon_core.shell:create_environment_hook('nav2_straightline_planner', 'cmake_prefix_path')
[0.280s] INFO:colcon.colcon_core.shell:Creating environment hook '/root/Shared/src/MIAPR_project/install/nav2_straightline_planner/share/nav2_straightline_planner/hook/cmake_prefix_path.ps1'
[0.280s] INFO:colcon.colcon_core.shell:Creating environment descriptor '/root/Shared/src/MIAPR_project/install/nav2_straightline_planner/share/nav2_straightline_planner/hook/cmake_prefix_path.dsv'
[0.280s] INFO:colcon.colcon_core.shell:Creating environment hook '/root/Shared/src/MIAPR_project/install/nav2_straightline_planner/share/nav2_straightline_planner/hook/cmake_prefix_path.sh'
[0.280s] Level 1:colcon.colcon_core.environment:checking '/root/Shared/src/MIAPR_project/install/nav2_straightline_planner/lib'
[0.280s] Level 1:colcon.colcon_core.shell:create_environment_hook('nav2_straightline_planner', 'ld_library_path_lib')
[0.281s] INFO:colcon.colcon_core.shell:Creating environment hook '/root/Shared/src/MIAPR_project/install/nav2_straightline_planner/share/nav2_straightline_planner/hook/ld_library_path_lib.ps1'
[0.281s] INFO:colcon.colcon_core.shell:Creating environment descriptor '/root/Shared/src/MIAPR_project/install/nav2_straightline_planner/share/nav2_straightline_planner/hook/ld_library_path_lib.dsv'
[0.281s] INFO:colcon.colcon_core.shell:Creating environment hook '/root/Shared/src/MIAPR_project/install/nav2_straightline_planner/share/nav2_straightline_planner/hook/ld_library_path_lib.sh'
[0.281s] Level 1:colcon.colcon_core.environment:checking '/root/Shared/src/MIAPR_project/install/nav2_straightline_planner/bin'
[0.281s] Level 1:colcon.colcon_core.environment:checking '/root/Shared/src/MIAPR_project/install/nav2_straightline_planner/lib/pkgconfig/nav2_straightline_planner.pc'
[0.282s] Level 1:colcon.colcon_core.environment:checking '/root/Shared/src/MIAPR_project/install/nav2_straightline_planner/lib/python3.10/site-packages'
[0.282s] Level 1:colcon.colcon_core.environment:checking '/root/Shared/src/MIAPR_project/install/nav2_straightline_planner/bin'
[0.282s] INFO:colcon.colcon_core.shell:Creating package script '/root/Shared/src/MIAPR_project/install/nav2_straightline_planner/share/nav2_straightline_planner/package.ps1'
[0.282s] INFO:colcon.colcon_core.shell:Creating package descriptor '/root/Shared/src/MIAPR_project/install/nav2_straightline_planner/share/nav2_straightline_planner/package.dsv'
[0.282s] INFO:colcon.colcon_core.shell:Creating package script '/root/Shared/src/MIAPR_project/install/nav2_straightline_planner/share/nav2_straightline_planner/package.sh'
[0.283s] INFO:colcon.colcon_core.shell:Creating package script '/root/Shared/src/MIAPR_project/install/nav2_straightline_planner/share/nav2_straightline_planner/package.bash'
[0.283s] INFO:colcon.colcon_core.shell:Creating package script '/root/Shared/src/MIAPR_project/install/nav2_straightline_planner/share/nav2_straightline_planner/package.zsh'
[0.283s] Level 1:colcon.colcon_core.environment:create_file_with_runtime_dependencies(/root/Shared/src/MIAPR_project/install/nav2_straightline_planner/share/colcon-core/packages/nav2_straightline_planner)
[0.283s] Level 1:colcon.colcon_core.environment:create_environment_scripts_only(nav2_straightline_planner)
[0.284s] Level 1:colcon.colcon_core.environment:checking '/root/Shared/src/MIAPR_project/install/nav2_straightline_planner' for CMake module files
[0.284s] Level 1:colcon.colcon_core.environment:checking '/root/Shared/src/MIAPR_project/install/nav2_straightline_planner' for CMake config files
[0.284s] Level 1:colcon.colcon_core.shell:create_environment_hook('nav2_straightline_planner', 'cmake_prefix_path')
[0.284s] INFO:colcon.colcon_core.shell:Creating environment hook '/root/Shared/src/MIAPR_project/install/nav2_straightline_planner/share/nav2_straightline_planner/hook/cmake_prefix_path.ps1'
[0.284s] INFO:colcon.colcon_core.shell:Creating environment descriptor '/root/Shared/src/MIAPR_project/install/nav2_straightline_planner/share/nav2_straightline_planner/hook/cmake_prefix_path.dsv'
[0.285s] INFO:colcon.colcon_core.shell:Creating environment hook '/root/Shared/src/MIAPR_project/install/nav2_straightline_planner/share/nav2_straightline_planner/hook/cmake_prefix_path.sh'
[0.285s] Level 1:colcon.colcon_core.environment:checking '/root/Shared/src/MIAPR_project/install/nav2_straightline_planner/lib'
[0.285s] Level 1:colcon.colcon_core.shell:create_environment_hook('nav2_straightline_planner', 'ld_library_path_lib')
[0.285s] INFO:colcon.colcon_core.shell:Creating environment hook '/root/Shared/src/MIAPR_project/install/nav2_straightline_planner/share/nav2_straightline_planner/hook/ld_library_path_lib.ps1'
[0.285s] INFO:colcon.colcon_core.shell:Creating environment descriptor '/root/Shared/src/MIAPR_project/install/nav2_straightline_planner/share/nav2_straightline_planner/hook/ld_library_path_lib.dsv'
[0.286s] INFO:colcon.colcon_core.shell:Creating environment hook '/root/Shared/src/MIAPR_project/install/nav2_straightline_planner/share/nav2_straightline_planner/hook/ld_library_path_lib.sh'
[0.286s] Level 1:colcon.colcon_core.environment:checking '/root/Shared/src/MIAPR_project/install/nav2_straightline_planner/bin'
[0.286s] Level 1:colcon.colcon_core.environment:checking '/root/Shared/src/MIAPR_project/install/nav2_straightline_planner/lib/pkgconfig/nav2_straightline_planner.pc'
[0.286s] Level 1:colcon.colcon_core.environment:checking '/root/Shared/src/MIAPR_project/install/nav2_straightline_planner/lib/python3.10/site-packages'
[0.286s] Level 1:colcon.colcon_core.environment:checking '/root/Shared/src/MIAPR_project/install/nav2_straightline_planner/bin'
[0.286s] INFO:colcon.colcon_core.shell:Creating package script '/root/Shared/src/MIAPR_project/install/nav2_straightline_planner/share/nav2_straightline_planner/package.ps1'
[0.287s] INFO:colcon.colcon_core.shell:Creating package descriptor '/root/Shared/src/MIAPR_project/install/nav2_straightline_planner/share/nav2_straightline_planner/package.dsv'
[0.287s] INFO:colcon.colcon_core.shell:Creating package script '/root/Shared/src/MIAPR_project/install/nav2_straightline_planner/share/nav2_straightline_planner/package.sh'
[0.287s] INFO:colcon.colcon_core.shell:Creating package script '/root/Shared/src/MIAPR_project/install/nav2_straightline_planner/share/nav2_straightline_planner/package.bash'
[0.287s] INFO:colcon.colcon_core.shell:Creating package script '/root/Shared/src/MIAPR_project/install/nav2_straightline_planner/share/nav2_straightline_planner/package.zsh'
[0.288s] Level 1:colcon.colcon_core.environment:create_file_with_runtime_dependencies(/root/Shared/src/MIAPR_project/install/nav2_straightline_planner/share/colcon-core/packages/nav2_straightline_planner)
[0.288s] DEBUG:colcon.colcon_parallel_executor.executor.parallel:closing loop
[0.288s] DEBUG:colcon.colcon_parallel_executor.executor.parallel:loop closed
[0.288s] DEBUG:colcon.colcon_parallel_executor.executor.parallel:run_until_complete finished with '0'
[0.288s] DEBUG:colcon.colcon_core.event_reactor:joining thread
[0.292s] INFO:colcon.colcon_core.plugin_system:Skipping extension 'colcon_notification.desktop_notification.notify_send': Could not find 'notify-send'
[0.292s] INFO:colcon.colcon_core.plugin_system:Skipping extension 'colcon_notification.desktop_notification.terminal_notifier': Not used on non-Darwin systems
[0.292s] INFO:colcon.colcon_core.plugin_system:Skipping extension 'colcon_notification.desktop_notification.win32': Not used on non-Windows systems
[0.292s] INFO:colcon.colcon_notification.desktop_notification:Sending desktop notification using 'notify2'
[0.293s] DEBUG:colcon.colcon_notification.desktop_notification.notify2:Failed to initialize notify2: org.freedesktop.DBus.Error.Spawn.ExecFailed: /usr/bin/dbus-launch terminated abnormally without any error message
[0.294s] DEBUG:colcon.colcon_core.event_reactor:joined thread
[0.294s] INFO:colcon.colcon_core.shell:Creating prefix script '/root/Shared/src/MIAPR_project/install/local_setup.ps1'
[0.295s] INFO:colcon.colcon_core.shell:Creating prefix util module '/root/Shared/src/MIAPR_project/install/_local_setup_util_ps1.py'
[0.296s] INFO:colcon.colcon_core.shell:Creating prefix chain script '/root/Shared/src/MIAPR_project/install/setup.ps1'
[0.296s] INFO:colcon.colcon_core.shell:Creating prefix script '/root/Shared/src/MIAPR_project/install/local_setup.sh'
[0.297s] INFO:colcon.colcon_core.shell:Creating prefix util module '/root/Shared/src/MIAPR_project/install/_local_setup_util_sh.py'
[0.297s] INFO:colcon.colcon_core.shell:Creating prefix chain script '/root/Shared/src/MIAPR_project/install/setup.sh'
[0.298s] INFO:colcon.colcon_core.shell:Creating prefix script '/root/Shared/src/MIAPR_project/install/local_setup.bash'
[0.298s] INFO:colcon.colcon_core.shell:Creating prefix chain script '/root/Shared/src/MIAPR_project/install/setup.bash'
[0.299s] INFO:colcon.colcon_core.shell:Creating prefix script '/root/Shared/src/MIAPR_project/install/local_setup.zsh'
[0.299s] INFO:colcon.colcon_core.shell:Creating prefix chain script '/root/Shared/src/MIAPR_project/install/setup.zsh'
