[0.064s] DEBUG:colcon:Command line arguments: ['/usr/bin/colcon', 'build']
[0.064s] DEBUG:colcon:Parsed command line arguments: Namespace(log_base=None, log_level=None, verb_name='build', build_base='build', install_base='install', merge_install=False, symlink_install=False, test_result_base=None, continue_on_error=False, executor='parallel', parallel_workers=12, event_handlers=None, ignore_user_meta=False, metas=['./colcon.meta'], base_paths=['.'], packages_ignore=None, packages_ignore_regex=None, paths=None, packages_up_to=None, packages_up_to_regex=None, packages_above=None, packages_above_and_dependencies=None, packages_above_depth=None, packages_select_by_dep=None, packages_skip_by_dep=None, packages_skip_up_to=None, packages_select_build_failed=False, packages_skip_build_finished=False, packages_select_test_failures=False, packages_skip_test_passed=False, packages_select=None, packages_skip=None, packages_select_regex=None, packages_skip_regex=None, packages_start=None, packages_end=None, cmake_args=None, cmake_target=None, cmake_target_skip_unavailable=False, cmake_clean_cache=False, cmake_clean_first=False, cmake_force_configure=False, ament_cmake_args=None, catkin_cmake_args=None, catkin_skip_building_tests=False, mixin_files=None, mixin=None, verb_parser=<colcon_mixin.mixin.mixin_argument.MixinArgumentDecorator object at 0x7ce9f54fbca0>, verb_extension=<colcon_core.verb.build.BuildVerb object at 0x7ce9f5644ca0>, main=<bound method BuildVerb.main of <colcon_core.verb.build.BuildVerb object at 0x7ce9f5644ca0>>, mixin_verb=('build',))
[0.139s] Level 1:colcon.colcon_core.package_discovery:discover_packages(colcon_meta) check parameters
[0.139s] INFO:colcon.colcon_metadata.package_discovery.colcon_meta:Using configuration from '/root/.colcon/metadata/default/Gazebo.meta'
[0.140s] INFO:colcon.colcon_metadata.package_discovery.colcon_meta:Using configuration from '/root/.colcon/metadata/default/fastdds.meta'
[0.140s] INFO:colcon.colcon_metadata.package_discovery.colcon_meta:Using configuration from '/root/.colcon/metadata/default/fastrtps.meta'
[0.140s] Level 1:colcon.colcon_core.package_discovery:discover_packages(recursive) check parameters
[0.140s] Level 1:colcon.colcon_core.package_discovery:discover_packages(ignore) check parameters
[0.140s] Level 1:colcon.colcon_core.package_discovery:discover_packages(path) check parameters
[0.140s] Level 1:colcon.colcon_core.package_discovery:discover_packages(colcon_meta) discover
[0.140s] Level 1:colcon.colcon_core.package_discovery:discover_packages(recursive) discover
[0.140s] INFO:colcon.colcon_core.package_discovery:Crawling recursively for packages in '/root/Shared/src/TurtleRRT-Connect/MIAPR_project'
[0.140s] Level 1:colcon.colcon_core.package_identification:_identify(.) by extensions ['ignore', 'ignore_ament_install']
[0.140s] Level 1:colcon.colcon_core.package_identification:_identify(.) by extension 'ignore'
[0.140s] Level 1:colcon.colcon_core.package_identification:_identify(.) by extension 'ignore_ament_install'
[0.140s] Level 1:colcon.colcon_core.package_identification:_identify(.) by extensions ['colcon_pkg']
[0.140s] Level 1:colcon.colcon_core.package_identification:_identify(.) by extension 'colcon_pkg'
[0.140s] Level 1:colcon.colcon_core.package_identification:_identify(.) by extensions ['colcon_meta']
[0.140s] Level 1:colcon.colcon_core.package_identification:_identify(.) by extension 'colcon_meta'
[0.140s] Level 1:colcon.colcon_core.package_identification:_identify(.) by extensions ['ros']
[0.140s] Level 1:colcon.colcon_core.package_identification:_identify(.) by extension 'ros'
[0.148s] Level 1:colcon.colcon_core.package_identification:_identify(.) by extensions ['cmake', 'python']
[0.148s] Level 1:colcon.colcon_core.package_identification:_identify(.) by extension 'cmake'
[0.148s] Level 1:colcon.colcon_core.package_identification:_identify(.) by extension 'python'
[0.148s] Level 1:colcon.colcon_core.package_identification:_identify(.) by extensions ['python_setup_py']
[0.148s] Level 1:colcon.colcon_core.package_identification:_identify(.) by extension 'python_setup_py'
[0.148s] Level 1:colcon.colcon_core.package_identification:_identify(build) by extensions ['ignore', 'ignore_ament_install']
[0.148s] Level 1:colcon.colcon_core.package_identification:_identify(build) by extension 'ignore'
[0.148s] Level 1:colcon.colcon_core.package_identification:_identify(build) ignored
[0.148s] Level 1:colcon.colcon_core.package_identification:_identify(install) by extensions ['ignore', 'ignore_ament_install']
[0.148s] Level 1:colcon.colcon_core.package_identification:_identify(install) by extension 'ignore'
[0.148s] Level 1:colcon.colcon_core.package_identification:_identify(install) ignored
[0.148s] Level 1:colcon.colcon_core.package_identification:_identify(log) by extensions ['ignore', 'ignore_ament_install']
[0.148s] Level 1:colcon.colcon_core.package_identification:_identify(log) by extension 'ignore'
[0.148s] Level 1:colcon.colcon_core.package_identification:_identify(log) ignored
[0.148s] Level 1:colcon.colcon_core.package_identification:_identify(src) by extensions ['ignore', 'ignore_ament_install']
[0.148s] Level 1:colcon.colcon_core.package_identification:_identify(src) by extension 'ignore'
[0.148s] Level 1:colcon.colcon_core.package_identification:_identify(src) by extension 'ignore_ament_install'
[0.148s] Level 1:colcon.colcon_core.package_identification:_identify(src) by extensions ['colcon_pkg']
[0.148s] Level 1:colcon.colcon_core.package_identification:_identify(src) by extension 'colcon_pkg'
[0.148s] Level 1:colcon.colcon_core.package_identification:_identify(src) by extensions ['colcon_meta']
[0.148s] Level 1:colcon.colcon_core.package_identification:_identify(src) by extension 'colcon_meta'
[0.148s] Level 1:colcon.colcon_core.package_identification:_identify(src) by extensions ['ros']
[0.148s] Level 1:colcon.colcon_core.package_identification:_identify(src) by extension 'ros'
[0.149s] Level 1:colcon.colcon_core.package_identification:_identify(src) by extensions ['cmake', 'python']
[0.149s] Level 1:colcon.colcon_core.package_identification:_identify(src) by extension 'cmake'
[0.149s] Level 1:colcon.colcon_core.package_identification:_identify(src) by extension 'python'
[0.149s] Level 1:colcon.colcon_core.package_identification:_identify(src) by extensions ['python_setup_py']
[0.149s] Level 1:colcon.colcon_core.package_identification:_identify(src) by extension 'python_setup_py'
[0.149s] Level 1:colcon.colcon_core.package_identification:_identify(src/nav2-rrt-connect) by extensions ['ignore', 'ignore_ament_install']
[0.149s] Level 1:colcon.colcon_core.package_identification:_identify(src/nav2-rrt-connect) by extension 'ignore'
[0.149s] Level 1:colcon.colcon_core.package_identification:_identify(src/nav2-rrt-connect) by extension 'ignore_ament_install'
[0.149s] Level 1:colcon.colcon_core.package_identification:_identify(src/nav2-rrt-connect) by extensions ['colcon_pkg']
[0.149s] Level 1:colcon.colcon_core.package_identification:_identify(src/nav2-rrt-connect) by extension 'colcon_pkg'
[0.149s] Level 1:colcon.colcon_core.package_identification:_identify(src/nav2-rrt-connect) by extensions ['colcon_meta']
[0.149s] Level 1:colcon.colcon_core.package_identification:_identify(src/nav2-rrt-connect) by extension 'colcon_meta'
[0.149s] Level 1:colcon.colcon_core.package_identification:_identify(src/nav2-rrt-connect) by extensions ['ros']
[0.149s] Level 1:colcon.colcon_core.package_identification:_identify(src/nav2-rrt-connect) by extension 'ros'
[0.151s] DEBUG:colcon.colcon_core.package_identification:Package 'src/nav2-rrt-connect' with type 'ros.ament_cmake' and name 'nav2_RRTstar_planner'
[0.151s] Level 1:colcon.colcon_core.package_identification:_identify(src/nav2_costmap_filters_demo) by extensions ['ignore', 'ignore_ament_install']
[0.151s] Level 1:colcon.colcon_core.package_identification:_identify(src/nav2_costmap_filters_demo) by extension 'ignore'
[0.151s] Level 1:colcon.colcon_core.package_identification:_identify(src/nav2_costmap_filters_demo) by extension 'ignore_ament_install'
[0.151s] Level 1:colcon.colcon_core.package_identification:_identify(src/nav2_costmap_filters_demo) by extensions ['colcon_pkg']
[0.151s] Level 1:colcon.colcon_core.package_identification:_identify(src/nav2_costmap_filters_demo) by extension 'colcon_pkg'
[0.151s] Level 1:colcon.colcon_core.package_identification:_identify(src/nav2_costmap_filters_demo) by extensions ['colcon_meta']
[0.151s] Level 1:colcon.colcon_core.package_identification:_identify(src/nav2_costmap_filters_demo) by extension 'colcon_meta'
[0.151s] Level 1:colcon.colcon_core.package_identification:_identify(src/nav2_costmap_filters_demo) by extensions ['ros']
[0.151s] Level 1:colcon.colcon_core.package_identification:_identify(src/nav2_costmap_filters_demo) by extension 'ros'
[0.152s] DEBUG:colcon.colcon_core.package_identification:Package 'src/nav2_costmap_filters_demo' with type 'ros.ament_cmake' and name 'nav2_costmap_filters_demo'
[0.152s] Level 1:colcon.colcon_core.package_identification:_identify(src/nav2_gps_waypoint_follower_demo) by extensions ['ignore', 'ignore_ament_install']
[0.152s] Level 1:colcon.colcon_core.package_identification:_identify(src/nav2_gps_waypoint_follower_demo) by extension 'ignore'
[0.152s] Level 1:colcon.colcon_core.package_identification:_identify(src/nav2_gps_waypoint_follower_demo) by extension 'ignore_ament_install'
[0.152s] Level 1:colcon.colcon_core.package_identification:_identify(src/nav2_gps_waypoint_follower_demo) by extensions ['colcon_pkg']
[0.152s] Level 1:colcon.colcon_core.package_identification:_identify(src/nav2_gps_waypoint_follower_demo) by extension 'colcon_pkg'
[0.152s] Level 1:colcon.colcon_core.package_identification:_identify(src/nav2_gps_waypoint_follower_demo) by extensions ['colcon_meta']
[0.152s] Level 1:colcon.colcon_core.package_identification:_identify(src/nav2_gps_waypoint_follower_demo) by extension 'colcon_meta'
[0.152s] Level 1:colcon.colcon_core.package_identification:_identify(src/nav2_gps_waypoint_follower_demo) by extensions ['ros']
[0.152s] Level 1:colcon.colcon_core.package_identification:_identify(src/nav2_gps_waypoint_follower_demo) by extension 'ros'
[0.152s] DEBUG:colcon.colcon_core.package_identification:Package 'src/nav2_gps_waypoint_follower_demo' with type 'ros.ament_python' and name 'nav2_gps_waypoint_follower_demo'
[0.152s] Level 1:colcon.colcon_core.package_identification:_identify(src/nav2_gradient_costmap_plugin) by extensions ['ignore', 'ignore_ament_install']
[0.152s] Level 1:colcon.colcon_core.package_identification:_identify(src/nav2_gradient_costmap_plugin) by extension 'ignore'
[0.152s] Level 1:colcon.colcon_core.package_identification:_identify(src/nav2_gradient_costmap_plugin) by extension 'ignore_ament_install'
[0.152s] Level 1:colcon.colcon_core.package_identification:_identify(src/nav2_gradient_costmap_plugin) by extensions ['colcon_pkg']
[0.152s] Level 1:colcon.colcon_core.package_identification:_identify(src/nav2_gradient_costmap_plugin) by extension 'colcon_pkg'
[0.152s] Level 1:colcon.colcon_core.package_identification:_identify(src/nav2_gradient_costmap_plugin) by extensions ['colcon_meta']
[0.153s] Level 1:colcon.colcon_core.package_identification:_identify(src/nav2_gradient_costmap_plugin) by extension 'colcon_meta'
[0.153s] Level 1:colcon.colcon_core.package_identification:_identify(src/nav2_gradient_costmap_plugin) by extensions ['ros']
[0.153s] Level 1:colcon.colcon_core.package_identification:_identify(src/nav2_gradient_costmap_plugin) by extension 'ros'
[0.153s] DEBUG:colcon.colcon_core.package_identification:Package 'src/nav2_gradient_costmap_plugin' with type 'ros.ament_cmake' and name 'nav2_gradient_costmap_plugin'
[0.153s] Level 1:colcon.colcon_core.package_identification:_identify(src/nav2_sms_behavior) by extensions ['ignore', 'ignore_ament_install']
[0.153s] Level 1:colcon.colcon_core.package_identification:_identify(src/nav2_sms_behavior) by extension 'ignore'
[0.153s] Level 1:colcon.colcon_core.package_identification:_identify(src/nav2_sms_behavior) by extension 'ignore_ament_install'
[0.153s] Level 1:colcon.colcon_core.package_identification:_identify(src/nav2_sms_behavior) by extensions ['colcon_pkg']
[0.153s] Level 1:colcon.colcon_core.package_identification:_identify(src/nav2_sms_behavior) by extension 'colcon_pkg'
[0.153s] Level 1:colcon.colcon_core.package_identification:_identify(src/nav2_sms_behavior) by extensions ['colcon_meta']
[0.153s] Level 1:colcon.colcon_core.package_identification:_identify(src/nav2_sms_behavior) by extension 'colcon_meta'
[0.153s] Level 1:colcon.colcon_core.package_identification:_identify(src/nav2_sms_behavior) by extensions ['ros']
[0.153s] Level 1:colcon.colcon_core.package_identification:_identify(src/nav2_sms_behavior) by extension 'ros'
[0.154s] DEBUG:colcon.colcon_core.package_identification:Package 'src/nav2_sms_behavior' with type 'ros.ament_cmake' and name 'nav2_sms_behavior'
[0.154s] Level 1:colcon.colcon_core.package_identification:_identify(src/nav2_straightline_planner) by extensions ['ignore', 'ignore_ament_install']
[0.154s] Level 1:colcon.colcon_core.package_identification:_identify(src/nav2_straightline_planner) by extension 'ignore'
[0.154s] Level 1:colcon.colcon_core.package_identification:_identify(src/nav2_straightline_planner) by extension 'ignore_ament_install'
[0.154s] Level 1:colcon.colcon_core.package_identification:_identify(src/nav2_straightline_planner) by extensions ['colcon_pkg']
[0.154s] Level 1:colcon.colcon_core.package_identification:_identify(src/nav2_straightline_planner) by extension 'colcon_pkg'
[0.154s] Level 1:colcon.colcon_core.package_identification:_identify(src/nav2_straightline_planner) by extensions ['colcon_meta']
[0.154s] Level 1:colcon.colcon_core.package_identification:_identify(src/nav2_straightline_planner) by extension 'colcon_meta'
[0.154s] Level 1:colcon.colcon_core.package_identification:_identify(src/nav2_straightline_planner) by extensions ['ros']
[0.154s] Level 1:colcon.colcon_core.package_identification:_identify(src/nav2_straightline_planner) by extension 'ros'
[0.155s] DEBUG:colcon.colcon_core.package_identification:Package 'src/nav2_straightline_planner' with type 'ros.ament_cmake' and name 'nav2_straightline_planner'
[0.155s] Level 1:colcon.colcon_core.package_identification:_identify(src/sam_bot_description) by extensions ['ignore', 'ignore_ament_install']
[0.155s] Level 1:colcon.colcon_core.package_identification:_identify(src/sam_bot_description) by extension 'ignore'
[0.155s] Level 1:colcon.colcon_core.package_identification:_identify(src/sam_bot_description) by extension 'ignore_ament_install'
[0.155s] Level 1:colcon.colcon_core.package_identification:_identify(src/sam_bot_description) by extensions ['colcon_pkg']
[0.155s] Level 1:colcon.colcon_core.package_identification:_identify(src/sam_bot_description) by extension 'colcon_pkg'
[0.155s] Level 1:colcon.colcon_core.package_identification:_identify(src/sam_bot_description) by extensions ['colcon_meta']
[0.155s] Level 1:colcon.colcon_core.package_identification:_identify(src/sam_bot_description) by extension 'colcon_meta'
[0.155s] Level 1:colcon.colcon_core.package_identification:_identify(src/sam_bot_description) by extensions ['ros']
[0.155s] Level 1:colcon.colcon_core.package_identification:_identify(src/sam_bot_description) by extension 'ros'
[0.156s] DEBUG:colcon.colcon_core.package_identification:Package 'src/sam_bot_description' with type 'ros.ament_cmake' and name 'sam_bot_description'
[0.156s] Level 1:colcon.colcon_core.package_discovery:discover_packages(recursive) using defaults
[0.156s] Level 1:colcon.colcon_core.package_discovery:discover_packages(ignore) discover
[0.156s] Level 1:colcon.colcon_core.package_discovery:discover_packages(ignore) using defaults
[0.156s] Level 1:colcon.colcon_core.package_discovery:discover_packages(path) discover
[0.156s] Level 1:colcon.colcon_core.package_discovery:discover_packages(path) using defaults
[0.169s] Level 5:colcon.colcon_core.verb:set package 'nav2_RRTstar_planner' build argument 'cmake_args' from command line to 'None'
[0.169s] Level 5:colcon.colcon_core.verb:set package 'nav2_RRTstar_planner' build argument 'cmake_target' from command line to 'None'
[0.169s] Level 5:colcon.colcon_core.verb:set package 'nav2_RRTstar_planner' build argument 'cmake_target_skip_unavailable' from command line to 'False'
[0.169s] Level 5:colcon.colcon_core.verb:set package 'nav2_RRTstar_planner' build argument 'cmake_clean_cache' from command line to 'False'
[0.169s] Level 5:colcon.colcon_core.verb:set package 'nav2_RRTstar_planner' build argument 'cmake_clean_first' from command line to 'False'
[0.169s] Level 5:colcon.colcon_core.verb:set package 'nav2_RRTstar_planner' build argument 'cmake_force_configure' from command line to 'False'
[0.169s] Level 5:colcon.colcon_core.verb:set package 'nav2_RRTstar_planner' build argument 'ament_cmake_args' from command line to 'None'
[0.169s] Level 5:colcon.colcon_core.verb:set package 'nav2_RRTstar_planner' build argument 'catkin_cmake_args' from command line to 'None'
[0.169s] Level 5:colcon.colcon_core.verb:set package 'nav2_RRTstar_planner' build argument 'catkin_skip_building_tests' from command line to 'False'
[0.169s] DEBUG:colcon.colcon_core.verb:Building package 'nav2_RRTstar_planner' with the following arguments: {'ament_cmake_args': None, 'build_base': '/root/Shared/src/TurtleRRT-Connect/MIAPR_project/build/nav2_RRTstar_planner', 'catkin_cmake_args': None, 'catkin_skip_building_tests': False, 'cmake_args': None, 'cmake_clean_cache': False, 'cmake_clean_first': False, 'cmake_force_configure': False, 'cmake_target': None, 'cmake_target_skip_unavailable': False, 'install_base': '/root/Shared/src/TurtleRRT-Connect/MIAPR_project/install/nav2_RRTstar_planner', 'merge_install': False, 'path': '/root/Shared/src/TurtleRRT-Connect/MIAPR_project/src/nav2-rrt-connect', 'symlink_install': False, 'test_result_base': None}
[0.169s] Level 5:colcon.colcon_core.verb:set package 'nav2_costmap_filters_demo' build argument 'cmake_args' from command line to 'None'
[0.169s] Level 5:colcon.colcon_core.verb:set package 'nav2_costmap_filters_demo' build argument 'cmake_target' from command line to 'None'
[0.169s] Level 5:colcon.colcon_core.verb:set package 'nav2_costmap_filters_demo' build argument 'cmake_target_skip_unavailable' from command line to 'False'
[0.169s] Level 5:colcon.colcon_core.verb:set package 'nav2_costmap_filters_demo' build argument 'cmake_clean_cache' from command line to 'False'
[0.169s] Level 5:colcon.colcon_core.verb:set package 'nav2_costmap_filters_demo' build argument 'cmake_clean_first' from command line to 'False'
[0.170s] Level 5:colcon.colcon_core.verb:set package 'nav2_costmap_filters_demo' build argument 'cmake_force_configure' from command line to 'False'
[0.170s] Level 5:colcon.colcon_core.verb:set package 'nav2_costmap_filters_demo' build argument 'ament_cmake_args' from command line to 'None'
[0.170s] Level 5:colcon.colcon_core.verb:set package 'nav2_costmap_filters_demo' build argument 'catkin_cmake_args' from command line to 'None'
[0.170s] Level 5:colcon.colcon_core.verb:set package 'nav2_costmap_filters_demo' build argument 'catkin_skip_building_tests' from command line to 'False'
[0.170s] DEBUG:colcon.colcon_core.verb:Building package 'nav2_costmap_filters_demo' with the following arguments: {'ament_cmake_args': None, 'build_base': '/root/Shared/src/TurtleRRT-Connect/MIAPR_project/build/nav2_costmap_filters_demo', 'catkin_cmake_args': None, 'catkin_skip_building_tests': False, 'cmake_args': None, 'cmake_clean_cache': False, 'cmake_clean_first': False, 'cmake_force_configure': False, 'cmake_target': None, 'cmake_target_skip_unavailable': False, 'install_base': '/root/Shared/src/TurtleRRT-Connect/MIAPR_project/install/nav2_costmap_filters_demo', 'merge_install': False, 'path': '/root/Shared/src/TurtleRRT-Connect/MIAPR_project/src/nav2_costmap_filters_demo', 'symlink_install': False, 'test_result_base': None}
[0.170s] Level 5:colcon.colcon_core.verb:set package 'nav2_gps_waypoint_follower_demo' build argument 'cmake_args' from command line to 'None'
[0.170s] Level 5:colcon.colcon_core.verb:set package 'nav2_gps_waypoint_follower_demo' build argument 'cmake_target' from command line to 'None'
[0.170s] Level 5:colcon.colcon_core.verb:set package 'nav2_gps_waypoint_follower_demo' build argument 'cmake_target_skip_unavailable' from command line to 'False'
[0.170s] Level 5:colcon.colcon_core.verb:set package 'nav2_gps_waypoint_follower_demo' build argument 'cmake_clean_cache' from command line to 'False'
[0.170s] Level 5:colcon.colcon_core.verb:set package 'nav2_gps_waypoint_follower_demo' build argument 'cmake_clean_first' from command line to 'False'
[0.170s] Level 5:colcon.colcon_core.verb:set package 'nav2_gps_waypoint_follower_demo' build argument 'cmake_force_configure' from command line to 'False'
[0.170s] Level 5:colcon.colcon_core.verb:set package 'nav2_gps_waypoint_follower_demo' build argument 'ament_cmake_args' from command line to 'None'
[0.170s] Level 5:colcon.colcon_core.verb:set package 'nav2_gps_waypoint_follower_demo' build argument 'catkin_cmake_args' from command line to 'None'
[0.170s] Level 5:colcon.colcon_core.verb:set package 'nav2_gps_waypoint_follower_demo' build argument 'catkin_skip_building_tests' from command line to 'False'
[0.170s] DEBUG:colcon.colcon_core.verb:Building package 'nav2_gps_waypoint_follower_demo' with the following arguments: {'ament_cmake_args': None, 'build_base': '/root/Shared/src/TurtleRRT-Connect/MIAPR_project/build/nav2_gps_waypoint_follower_demo', 'catkin_cmake_args': None, 'catkin_skip_building_tests': False, 'cmake_args': None, 'cmake_clean_cache': False, 'cmake_clean_first': False, 'cmake_force_configure': False, 'cmake_target': None, 'cmake_target_skip_unavailable': False, 'install_base': '/root/Shared/src/TurtleRRT-Connect/MIAPR_project/install/nav2_gps_waypoint_follower_demo', 'merge_install': False, 'path': '/root/Shared/src/TurtleRRT-Connect/MIAPR_project/src/nav2_gps_waypoint_follower_demo', 'symlink_install': False, 'test_result_base': None}
[0.170s] Level 5:colcon.colcon_core.verb:set package 'nav2_gradient_costmap_plugin' build argument 'cmake_args' from command line to 'None'
[0.170s] Level 5:colcon.colcon_core.verb:set package 'nav2_gradient_costmap_plugin' build argument 'cmake_target' from command line to 'None'
[0.170s] Level 5:colcon.colcon_core.verb:set package 'nav2_gradient_costmap_plugin' build argument 'cmake_target_skip_unavailable' from command line to 'False'
[0.170s] Level 5:colcon.colcon_core.verb:set package 'nav2_gradient_costmap_plugin' build argument 'cmake_clean_cache' from command line to 'False'
[0.170s] Level 5:colcon.colcon_core.verb:set package 'nav2_gradient_costmap_plugin' build argument 'cmake_clean_first' from command line to 'False'
[0.170s] Level 5:colcon.colcon_core.verb:set package 'nav2_gradient_costmap_plugin' build argument 'cmake_force_configure' from command line to 'False'
[0.170s] Level 5:colcon.colcon_core.verb:set package 'nav2_gradient_costmap_plugin' build argument 'ament_cmake_args' from command line to 'None'
[0.170s] Level 5:colcon.colcon_core.verb:set package 'nav2_gradient_costmap_plugin' build argument 'catkin_cmake_args' from command line to 'None'
[0.170s] Level 5:colcon.colcon_core.verb:set package 'nav2_gradient_costmap_plugin' build argument 'catkin_skip_building_tests' from command line to 'False'
[0.170s] DEBUG:colcon.colcon_core.verb:Building package 'nav2_gradient_costmap_plugin' with the following arguments: {'ament_cmake_args': None, 'build_base': '/root/Shared/src/TurtleRRT-Connect/MIAPR_project/build/nav2_gradient_costmap_plugin', 'catkin_cmake_args': None, 'catkin_skip_building_tests': False, 'cmake_args': None, 'cmake_clean_cache': False, 'cmake_clean_first': False, 'cmake_force_configure': False, 'cmake_target': None, 'cmake_target_skip_unavailable': False, 'install_base': '/root/Shared/src/TurtleRRT-Connect/MIAPR_project/install/nav2_gradient_costmap_plugin', 'merge_install': False, 'path': '/root/Shared/src/TurtleRRT-Connect/MIAPR_project/src/nav2_gradient_costmap_plugin', 'symlink_install': False, 'test_result_base': None}
[0.170s] Level 5:colcon.colcon_core.verb:set package 'nav2_sms_behavior' build argument 'cmake_args' from command line to 'None'
[0.170s] Level 5:colcon.colcon_core.verb:set package 'nav2_sms_behavior' build argument 'cmake_target' from command line to 'None'
[0.170s] Level 5:colcon.colcon_core.verb:set package 'nav2_sms_behavior' build argument 'cmake_target_skip_unavailable' from command line to 'False'
[0.170s] Level 5:colcon.colcon_core.verb:set package 'nav2_sms_behavior' build argument 'cmake_clean_cache' from command line to 'False'
[0.170s] Level 5:colcon.colcon_core.verb:set package 'nav2_sms_behavior' build argument 'cmake_clean_first' from command line to 'False'
[0.170s] Level 5:colcon.colcon_core.verb:set package 'nav2_sms_behavior' build argument 'cmake_force_configure' from command line to 'False'
[0.170s] Level 5:colcon.colcon_core.verb:set package 'nav2_sms_behavior' build argument 'ament_cmake_args' from command line to 'None'
[0.170s] Level 5:colcon.colcon_core.verb:set package 'nav2_sms_behavior' build argument 'catkin_cmake_args' from command line to 'None'
[0.170s] Level 5:colcon.colcon_core.verb:set package 'nav2_sms_behavior' build argument 'catkin_skip_building_tests' from command line to 'False'
[0.170s] DEBUG:colcon.colcon_core.verb:Building package 'nav2_sms_behavior' with the following arguments: {'ament_cmake_args': None, 'build_base': '/root/Shared/src/TurtleRRT-Connect/MIAPR_project/build/nav2_sms_behavior', 'catkin_cmake_args': None, 'catkin_skip_building_tests': False, 'cmake_args': None, 'cmake_clean_cache': False, 'cmake_clean_first': False, 'cmake_force_configure': False, 'cmake_target': None, 'cmake_target_skip_unavailable': False, 'install_base': '/root/Shared/src/TurtleRRT-Connect/MIAPR_project/install/nav2_sms_behavior', 'merge_install': False, 'path': '/root/Shared/src/TurtleRRT-Connect/MIAPR_project/src/nav2_sms_behavior', 'symlink_install': False, 'test_result_base': None}
[0.171s] Level 5:colcon.colcon_core.verb:set package 'nav2_straightline_planner' build argument 'cmake_args' from command line to 'None'
[0.171s] Level 5:colcon.colcon_core.verb:set package 'nav2_straightline_planner' build argument 'cmake_target' from command line to 'None'
[0.171s] Level 5:colcon.colcon_core.verb:set package 'nav2_straightline_planner' build argument 'cmake_target_skip_unavailable' from command line to 'False'
[0.171s] Level 5:colcon.colcon_core.verb:set package 'nav2_straightline_planner' build argument 'cmake_clean_cache' from command line to 'False'
[0.171s] Level 5:colcon.colcon_core.verb:set package 'nav2_straightline_planner' build argument 'cmake_clean_first' from command line to 'False'
[0.171s] Level 5:colcon.colcon_core.verb:set package 'nav2_straightline_planner' build argument 'cmake_force_configure' from command line to 'False'
[0.171s] Level 5:colcon.colcon_core.verb:set package 'nav2_straightline_planner' build argument 'ament_cmake_args' from command line to 'None'
[0.171s] Level 5:colcon.colcon_core.verb:set package 'nav2_straightline_planner' build argument 'catkin_cmake_args' from command line to 'None'
[0.171s] Level 5:colcon.colcon_core.verb:set package 'nav2_straightline_planner' build argument 'catkin_skip_building_tests' from command line to 'False'
[0.171s] DEBUG:colcon.colcon_core.verb:Building package 'nav2_straightline_planner' with the following arguments: {'ament_cmake_args': None, 'build_base': '/root/Shared/src/TurtleRRT-Connect/MIAPR_project/build/nav2_straightline_planner', 'catkin_cmake_args': None, 'catkin_skip_building_tests': False, 'cmake_args': None, 'cmake_clean_cache': False, 'cmake_clean_first': False, 'cmake_force_configure': False, 'cmake_target': None, 'cmake_target_skip_unavailable': False, 'install_base': '/root/Shared/src/TurtleRRT-Connect/MIAPR_project/install/nav2_straightline_planner', 'merge_install': False, 'path': '/root/Shared/src/TurtleRRT-Connect/MIAPR_project/src/nav2_straightline_planner', 'symlink_install': False, 'test_result_base': None}
[0.171s] Level 5:colcon.colcon_core.verb:set package 'sam_bot_description' build argument 'cmake_args' from command line to 'None'
[0.171s] Level 5:colcon.colcon_core.verb:set package 'sam_bot_description' build argument 'cmake_target' from command line to 'None'
[0.171s] Level 5:colcon.colcon_core.verb:set package 'sam_bot_description' build argument 'cmake_target_skip_unavailable' from command line to 'False'
[0.171s] Level 5:colcon.colcon_core.verb:set package 'sam_bot_description' build argument 'cmake_clean_cache' from command line to 'False'
[0.171s] Level 5:colcon.colcon_core.verb:set package 'sam_bot_description' build argument 'cmake_clean_first' from command line to 'False'
[0.171s] Level 5:colcon.colcon_core.verb:set package 'sam_bot_description' build argument 'cmake_force_configure' from command line to 'False'
[0.171s] Level 5:colcon.colcon_core.verb:set package 'sam_bot_description' build argument 'ament_cmake_args' from command line to 'None'
[0.171s] Level 5:colcon.colcon_core.verb:set package 'sam_bot_description' build argument 'catkin_cmake_args' from command line to 'None'
[0.171s] Level 5:colcon.colcon_core.verb:set package 'sam_bot_description' build argument 'catkin_skip_building_tests' from command line to 'False'
[0.171s] DEBUG:colcon.colcon_core.verb:Building package 'sam_bot_description' with the following arguments: {'ament_cmake_args': None, 'build_base': '/root/Shared/src/TurtleRRT-Connect/MIAPR_project/build/sam_bot_description', 'catkin_cmake_args': None, 'catkin_skip_building_tests': False, 'cmake_args': None, 'cmake_clean_cache': False, 'cmake_clean_first': False, 'cmake_force_configure': False, 'cmake_target': None, 'cmake_target_skip_unavailable': False, 'install_base': '/root/Shared/src/TurtleRRT-Connect/MIAPR_project/install/sam_bot_description', 'merge_install': False, 'path': '/root/Shared/src/TurtleRRT-Connect/MIAPR_project/src/sam_bot_description', 'symlink_install': False, 'test_result_base': None}
[0.171s] INFO:colcon.colcon_core.executor:Executing jobs using 'parallel' executor
[0.172s] DEBUG:colcon.colcon_parallel_executor.executor.parallel:run_until_complete
[0.172s] INFO:colcon.colcon_ros.task.ament_cmake.build:Building ROS package in '/root/Shared/src/TurtleRRT-Connect/MIAPR_project/src/nav2-rrt-connect' with build type 'ament_cmake'
[0.172s] INFO:colcon.colcon_cmake.task.cmake.build:Building CMake package in '/root/Shared/src/TurtleRRT-Connect/MIAPR_project/src/nav2-rrt-connect'
[0.180s] INFO:colcon.colcon_core.plugin_system:Skipping extension 'colcon_core.shell.bat': Not used on non-Windows systems
[0.180s] INFO:colcon.colcon_core.shell:Skip shell extension 'powershell' for command environment: Not usable outside of PowerShell
[0.180s] DEBUG:colcon.colcon_core.shell:Skip shell extension 'dsv' for command environment
[0.180s] WARNING:colcon.colcon_core.prefix_path.colcon:The path '/root/Shared/src/TurtleRRT-Connect/install' in the environment variable COLCON_PREFIX_PATH doesn't exist
[0.180s] WARNING:colcon.colcon_ros.prefix_path.ament:The path '/root/Shared/src/TurtleRRT-Connect/install/nav2_RRTstar_planner' in the environment variable AMENT_PREFIX_PATH doesn't exist
[0.181s] WARNING:colcon.colcon_ros.prefix_path.catkin:The path '/root/Shared/src/TurtleRRT-Connect/install/nav2_RRTstar_planner' in the environment variable CMAKE_PREFIX_PATH doesn't exist
[0.183s] INFO:colcon.colcon_ros.task.ament_cmake.build:Building ROS package in '/root/Shared/src/TurtleRRT-Connect/MIAPR_project/src/nav2_costmap_filters_demo' with build type 'ament_cmake'
[0.183s] INFO:colcon.colcon_cmake.task.cmake.build:Building CMake package in '/root/Shared/src/TurtleRRT-Connect/MIAPR_project/src/nav2_costmap_filters_demo'
[0.183s] INFO:colcon.colcon_core.shell:Skip shell extension 'powershell' for command environment: Not usable outside of PowerShell
[0.183s] DEBUG:colcon.colcon_core.shell:Skip shell extension 'dsv' for command environment
[0.184s] INFO:colcon.colcon_ros.task.ament_python.build:Building ROS package in '/root/Shared/src/TurtleRRT-Connect/MIAPR_project/src/nav2_gps_waypoint_follower_demo' with build type 'ament_python'
[0.185s] Level 1:colcon.colcon_core.shell:create_environment_hook('nav2_gps_waypoint_follower_demo', 'ament_prefix_path')
[0.185s] INFO:colcon.colcon_core.shell:Creating environment hook '/root/Shared/src/TurtleRRT-Connect/MIAPR_project/install/nav2_gps_waypoint_follower_demo/share/nav2_gps_waypoint_follower_demo/hook/ament_prefix_path.ps1'
[0.185s] INFO:colcon.colcon_core.shell:Creating environment descriptor '/root/Shared/src/TurtleRRT-Connect/MIAPR_project/install/nav2_gps_waypoint_follower_demo/share/nav2_gps_waypoint_follower_demo/hook/ament_prefix_path.dsv'
[0.185s] INFO:colcon.colcon_core.shell:Creating environment hook '/root/Shared/src/TurtleRRT-Connect/MIAPR_project/install/nav2_gps_waypoint_follower_demo/share/nav2_gps_waypoint_follower_demo/hook/ament_prefix_path.sh'
[0.186s] INFO:colcon.colcon_core.shell:Skip shell extension 'powershell' for command environment: Not usable outside of PowerShell
[0.186s] DEBUG:colcon.colcon_core.shell:Skip shell extension 'dsv' for command environment
[0.187s] INFO:colcon.colcon_ros.task.ament_cmake.build:Building ROS package in '/root/Shared/src/TurtleRRT-Connect/MIAPR_project/src/nav2_gradient_costmap_plugin' with build type 'ament_cmake'
[0.188s] INFO:colcon.colcon_cmake.task.cmake.build:Building CMake package in '/root/Shared/src/TurtleRRT-Connect/MIAPR_project/src/nav2_gradient_costmap_plugin'
[0.188s] INFO:colcon.colcon_core.shell:Skip shell extension 'powershell' for command environment: Not usable outside of PowerShell
[0.188s] DEBUG:colcon.colcon_core.shell:Skip shell extension 'dsv' for command environment
[0.189s] INFO:colcon.colcon_ros.task.ament_cmake.build:Building ROS package in '/root/Shared/src/TurtleRRT-Connect/MIAPR_project/src/nav2_sms_behavior' with build type 'ament_cmake'
[0.189s] INFO:colcon.colcon_cmake.task.cmake.build:Building CMake package in '/root/Shared/src/TurtleRRT-Connect/MIAPR_project/src/nav2_sms_behavior'
[0.190s] INFO:colcon.colcon_core.shell:Skip shell extension 'powershell' for command environment: Not usable outside of PowerShell
[0.190s] DEBUG:colcon.colcon_core.shell:Skip shell extension 'dsv' for command environment
[0.191s] INFO:colcon.colcon_ros.task.ament_cmake.build:Building ROS package in '/root/Shared/src/TurtleRRT-Connect/MIAPR_project/src/nav2_straightline_planner' with build type 'ament_cmake'
[0.191s] INFO:colcon.colcon_cmake.task.cmake.build:Building CMake package in '/root/Shared/src/TurtleRRT-Connect/MIAPR_project/src/nav2_straightline_planner'
[0.191s] INFO:colcon.colcon_core.shell:Skip shell extension 'powershell' for command environment: Not usable outside of PowerShell
[0.191s] DEBUG:colcon.colcon_core.shell:Skip shell extension 'dsv' for command environment
[0.193s] INFO:colcon.colcon_ros.task.ament_cmake.build:Building ROS package in '/root/Shared/src/TurtleRRT-Connect/MIAPR_project/src/sam_bot_description' with build type 'ament_cmake'
[0.193s] INFO:colcon.colcon_cmake.task.cmake.build:Building CMake package in '/root/Shared/src/TurtleRRT-Connect/MIAPR_project/src/sam_bot_description'
[0.193s] INFO:colcon.colcon_core.shell:Skip shell extension 'powershell' for command environment: Not usable outside of PowerShell
[0.193s] DEBUG:colcon.colcon_core.shell:Skip shell extension 'dsv' for command environment
[0.198s] DEBUG:colcon.colcon_core.event_handler.log_command:Invoking command in '/root/Shared/src/TurtleRRT-Connect/MIAPR_project/build/nav2_RRTstar_planner': CMAKE_PREFIX_PATH=${CMAKE_PREFIX_PATH}:/opt/ros/humble /usr/bin/cmake /root/Shared/src/TurtleRRT-Connect/MIAPR_project/src/nav2-rrt-connect -DCMAKE_INSTALL_PREFIX=/root/Shared/src/TurtleRRT-Connect/MIAPR_project/install/nav2_RRTstar_planner
[0.199s] DEBUG:colcon.colcon_core.event_handler.log_command:Invoking command in '/root/Shared/src/TurtleRRT-Connect/MIAPR_project/build/nav2_costmap_filters_demo': CMAKE_PREFIX_PATH=${CMAKE_PREFIX_PATH}:/opt/ros/humble /usr/bin/cmake /root/Shared/src/TurtleRRT-Connect/MIAPR_project/src/nav2_costmap_filters_demo -DCMAKE_INSTALL_PREFIX=/root/Shared/src/TurtleRRT-Connect/MIAPR_project/install/nav2_costmap_filters_demo
[0.331s] INFO:colcon.colcon_core.task.python.build:Building Python package in '/root/Shared/src/TurtleRRT-Connect/MIAPR_project/src/nav2_gps_waypoint_follower_demo'
[0.332s] INFO:colcon.colcon_core.shell:Skip shell extension 'powershell' for command environment: Not usable outside of PowerShell
[0.332s] DEBUG:colcon.colcon_core.shell:Skip shell extension 'dsv' for command environment
[0.335s] DEBUG:colcon.colcon_core.event_handler.log_command:Invoking command in '/root/Shared/src/TurtleRRT-Connect/MIAPR_project/build/nav2_gradient_costmap_plugin': CMAKE_PREFIX_PATH=${CMAKE_PREFIX_PATH}:/opt/ros/humble /usr/bin/cmake /root/Shared/src/TurtleRRT-Connect/MIAPR_project/src/nav2_gradient_costmap_plugin -DCMAKE_INSTALL_PREFIX=/root/Shared/src/TurtleRRT-Connect/MIAPR_project/install/nav2_gradient_costmap_plugin
[0.337s] DEBUG:colcon.colcon_core.event_handler.log_command:Invoking command in '/root/Shared/src/TurtleRRT-Connect/MIAPR_project/build/nav2_sms_behavior': CMAKE_PREFIX_PATH=${CMAKE_PREFIX_PATH}:/opt/ros/humble /usr/bin/cmake /root/Shared/src/TurtleRRT-Connect/MIAPR_project/src/nav2_sms_behavior -DCMAKE_INSTALL_PREFIX=/root/Shared/src/TurtleRRT-Connect/MIAPR_project/install/nav2_sms_behavior
[0.339s] DEBUG:colcon.colcon_core.event_handler.log_command:Invoking command in '/root/Shared/src/TurtleRRT-Connect/MIAPR_project/build/nav2_straightline_planner': CMAKE_PREFIX_PATH=${CMAKE_PREFIX_PATH}:/opt/ros/humble /usr/bin/cmake /root/Shared/src/TurtleRRT-Connect/MIAPR_project/src/nav2_straightline_planner -DCMAKE_INSTALL_PREFIX=/root/Shared/src/TurtleRRT-Connect/MIAPR_project/install/nav2_straightline_planner
[0.344s] DEBUG:colcon.colcon_core.event_handler.log_command:Invoking command in '/root/Shared/src/TurtleRRT-Connect/MIAPR_project/build/sam_bot_description': CMAKE_PREFIX_PATH=${CMAKE_PREFIX_PATH}:/opt/ros/humble /usr/bin/cmake /root/Shared/src/TurtleRRT-Connect/MIAPR_project/src/sam_bot_description -DCMAKE_INSTALL_PREFIX=/root/Shared/src/TurtleRRT-Connect/MIAPR_project/install/sam_bot_description
[0.675s] DEBUG:colcon.colcon_core.event_handler.log_command:Invoking command in '/root/Shared/src/TurtleRRT-Connect/MIAPR_project/src/nav2_gps_waypoint_follower_demo': PYTHONPATH=/root/Shared/src/TurtleRRT-Connect/MIAPR_project/build/nav2_gps_waypoint_follower_demo/prefix_override:/usr/lib/python3/dist-packages/colcon_core/task/python/colcon_distutils_commands:/root/Shared/src/TurtleRRT-Connect/MIAPR_project/install/nav2_gps_waypoint_follower_demo/lib/python3.10/site-packages:${PYTHONPATH} /usr/bin/python3 -W ignore:setup.py install is deprecated -W ignore:easy_install command is deprecated setup.py egg_info --egg-base ../../build/nav2_gps_waypoint_follower_demo build --build-base /root/Shared/src/TurtleRRT-Connect/MIAPR_project/build/nav2_gps_waypoint_follower_demo/build install --record /root/Shared/src/TurtleRRT-Connect/MIAPR_project/build/nav2_gps_waypoint_follower_demo/install.log --single-version-externally-managed install_data
[0.741s] DEBUG:colcon.colcon_core.event_handler.log_command:Invoked command in '/root/Shared/src/TurtleRRT-Connect/MIAPR_project/build/nav2_costmap_filters_demo' returned '0': CMAKE_PREFIX_PATH=${CMAKE_PREFIX_PATH}:/opt/ros/humble /usr/bin/cmake /root/Shared/src/TurtleRRT-Connect/MIAPR_project/src/nav2_costmap_filters_demo -DCMAKE_INSTALL_PREFIX=/root/Shared/src/TurtleRRT-Connect/MIAPR_project/install/nav2_costmap_filters_demo
[0.743s] DEBUG:colcon.colcon_core.event_handler.log_command:Invoking command in '/root/Shared/src/TurtleRRT-Connect/MIAPR_project/build/nav2_costmap_filters_demo': CMAKE_PREFIX_PATH=${CMAKE_PREFIX_PATH}:/opt/ros/humble /usr/bin/cmake --build /root/Shared/src/TurtleRRT-Connect/MIAPR_project/build/nav2_costmap_filters_demo -- -j12 -l12
[0.768s] DEBUG:colcon.colcon_core.event_handler.log_command:Invoked command in '/root/Shared/src/TurtleRRT-Connect/MIAPR_project/build/sam_bot_description' returned '1': CMAKE_PREFIX_PATH=${CMAKE_PREFIX_PATH}:/opt/ros/humble /usr/bin/cmake /root/Shared/src/TurtleRRT-Connect/MIAPR_project/src/sam_bot_description -DCMAKE_INSTALL_PREFIX=/root/Shared/src/TurtleRRT-Connect/MIAPR_project/install/sam_bot_description
[0.774s] DEBUG:colcon.colcon_core.event_handler.log_command:Invoked command in '/root/Shared/src/TurtleRRT-Connect/MIAPR_project/build/nav2_costmap_filters_demo' returned '0': CMAKE_PREFIX_PATH=${CMAKE_PREFIX_PATH}:/opt/ros/humble /usr/bin/cmake --build /root/Shared/src/TurtleRRT-Connect/MIAPR_project/build/nav2_costmap_filters_demo -- -j12 -l12
[0.781s] DEBUG:colcon.colcon_core.event_handler.log_command:Invoking command in '/root/Shared/src/TurtleRRT-Connect/MIAPR_project/build/nav2_costmap_filters_demo': CMAKE_PREFIX_PATH=${CMAKE_PREFIX_PATH}:/opt/ros/humble /usr/bin/cmake --install /root/Shared/src/TurtleRRT-Connect/MIAPR_project/build/nav2_costmap_filters_demo
[0.781s] Level 1:colcon.colcon_core.environment:create_environment_scripts_only(sam_bot_description)
[0.783s] Level 1:colcon.colcon_core.environment:checking '/root/Shared/src/TurtleRRT-Connect/MIAPR_project/install/sam_bot_description' for CMake module files
[0.783s] Level 1:colcon.colcon_core.environment:checking '/root/Shared/src/TurtleRRT-Connect/MIAPR_project/install/sam_bot_description' for CMake config files
[0.784s] Level 1:colcon.colcon_core.environment:checking '/root/Shared/src/TurtleRRT-Connect/MIAPR_project/install/sam_bot_description/bin'
[0.784s] Level 1:colcon.colcon_core.environment:checking '/root/Shared/src/TurtleRRT-Connect/MIAPR_project/install/sam_bot_description/lib/pkgconfig/sam_bot_description.pc'
[0.784s] Level 1:colcon.colcon_core.environment:checking '/root/Shared/src/TurtleRRT-Connect/MIAPR_project/install/sam_bot_description/lib/python3.10/site-packages'
[0.784s] Level 1:colcon.colcon_core.environment:checking '/root/Shared/src/TurtleRRT-Connect/MIAPR_project/install/sam_bot_description/bin'
[0.784s] INFO:colcon.colcon_core.shell:Creating package script '/root/Shared/src/TurtleRRT-Connect/MIAPR_project/install/sam_bot_description/share/sam_bot_description/package.ps1'
[0.785s] INFO:colcon.colcon_core.shell:Creating package descriptor '/root/Shared/src/TurtleRRT-Connect/MIAPR_project/install/sam_bot_description/share/sam_bot_description/package.dsv'
[0.785s] INFO:colcon.colcon_core.shell:Creating package script '/root/Shared/src/TurtleRRT-Connect/MIAPR_project/install/sam_bot_description/share/sam_bot_description/package.sh'
[0.786s] INFO:colcon.colcon_core.shell:Creating package script '/root/Shared/src/TurtleRRT-Connect/MIAPR_project/install/sam_bot_description/share/sam_bot_description/package.bash'
[0.786s] INFO:colcon.colcon_core.shell:Creating package script '/root/Shared/src/TurtleRRT-Connect/MIAPR_project/install/sam_bot_description/share/sam_bot_description/package.zsh'
[0.787s] Level 1:colcon.colcon_core.environment:create_file_with_runtime_dependencies(/root/Shared/src/TurtleRRT-Connect/MIAPR_project/install/sam_bot_description/share/colcon-core/packages/sam_bot_description)
[2.670s] DEBUG:colcon.colcon_parallel_executor.executor.parallel:closing loop
[2.671s] DEBUG:colcon.colcon_parallel_executor.executor.parallel:loop closed
[2.671s] DEBUG:colcon.colcon_parallel_executor.executor.parallel:run_until_complete finished with '1'
[2.671s] DEBUG:colcon.colcon_core.event_reactor:joining thread
[2.674s] INFO:colcon.colcon_core.plugin_system:Skipping extension 'colcon_notification.desktop_notification.notify_send': Could not find 'notify-send'
[2.674s] INFO:colcon.colcon_core.plugin_system:Skipping extension 'colcon_notification.desktop_notification.terminal_notifier': Not used on non-Darwin systems
[2.674s] INFO:colcon.colcon_core.plugin_system:Skipping extension 'colcon_notification.desktop_notification.win32': Not used on non-Windows systems
[2.674s] INFO:colcon.colcon_notification.desktop_notification:Sending desktop notification using 'notify2'
[2.676s] DEBUG:colcon.colcon_notification.desktop_notification.notify2:Failed to initialize notify2: org.freedesktop.DBus.Error.Spawn.ExecFailed: /usr/bin/dbus-launch terminated abnormally without any error message
[2.676s] DEBUG:colcon.colcon_core.event_reactor:joined thread
[2.677s] INFO:colcon.colcon_core.shell:Creating prefix script '/root/Shared/src/TurtleRRT-Connect/MIAPR_project/install/local_setup.ps1'
[2.678s] INFO:colcon.colcon_core.shell:Creating prefix util module '/root/Shared/src/TurtleRRT-Connect/MIAPR_project/install/_local_setup_util_ps1.py'
[2.679s] INFO:colcon.colcon_core.shell:Creating prefix chain script '/root/Shared/src/TurtleRRT-Connect/MIAPR_project/install/setup.ps1'
[2.680s] INFO:colcon.colcon_core.shell:Creating prefix script '/root/Shared/src/TurtleRRT-Connect/MIAPR_project/install/local_setup.sh'
[2.681s] INFO:colcon.colcon_core.shell:Creating prefix util module '/root/Shared/src/TurtleRRT-Connect/MIAPR_project/install/_local_setup_util_sh.py'
[2.681s] INFO:colcon.colcon_core.shell:Creating prefix chain script '/root/Shared/src/TurtleRRT-Connect/MIAPR_project/install/setup.sh'
[2.682s] INFO:colcon.colcon_core.shell:Creating prefix script '/root/Shared/src/TurtleRRT-Connect/MIAPR_project/install/local_setup.bash'
[2.683s] INFO:colcon.colcon_core.shell:Creating prefix chain script '/root/Shared/src/TurtleRRT-Connect/MIAPR_project/install/setup.bash'
[2.683s] INFO:colcon.colcon_core.shell:Creating prefix script '/root/Shared/src/TurtleRRT-Connect/MIAPR_project/install/local_setup.zsh'
[2.684s] INFO:colcon.colcon_core.shell:Creating prefix chain script '/root/Shared/src/TurtleRRT-Connect/MIAPR_project/install/setup.zsh'
