[35m[1mConsolidate compiler generated dependencies of target nav2_sms_behavior__rosidl_generator_c[0m
[  2%] Built target nav2_sms_behavior__cpp
[ 11%] Built target nav2_sms_behavior__rosidl_generator_c
[ 11%] Built target ament_cmake_python_copy_nav2_sms_behavior
[35m[1mConsolidate compiler generated dependencies of target nav2_sms_behavior__rosidl_typesupport_cpp[0m
[35m[1mConsolidate compiler generated dependencies of target nav2_sms_behavior__rosidl_typesupport_fastrtps_cpp[0m
[35m[1mConsolidate compiler generated dependencies of target nav2_sms_behavior__rosidl_typesupport_introspection_cpp[0m
[35m[1mConsolidate compiler generated dependencies of target nav2_sms_behavior__rosidl_typesupport_fastrtps_c[0m
[35m[1mConsolidate compiler generated dependencies of target nav2_sms_behavior__rosidl_typesupport_c[0m
[35m[1mConsolidate compiler generated dependencies of target nav2_sms_behavior__rosidl_typesupport_introspection_c[0m
[ 20%] Built target nav2_sms_behavior__rosidl_typesupport_cpp
[ 29%] Built target nav2_sms_behavior__rosidl_typesupport_fastrtps_cpp
[ 38%] Built target nav2_sms_behavior__rosidl_typesupport_introspection_cpp
[ 47%] Built target nav2_sms_behavior__rosidl_typesupport_c
[ 55%] Built target nav2_sms_behavior__rosidl_typesupport_fastrtps_c
[ 64%] Built target nav2_sms_behavior__rosidl_typesupport_introspection_c
[35m[1mConsolidate compiler generated dependencies of target nav2_sms_behavior_plugin[0m
[ 64%] Built target nav2_sms_behavior
[ 73%] Built target nav2_sms_behavior_plugin
[ 76%] Built target nav2_sms_behavior__py
[35m[1mConsolidate compiler generated dependencies of target nav2_sms_behavior__rosidl_generator_py[0m
[ 82%] Built target nav2_sms_behavior__rosidl_generator_py
[35m[1mConsolidate compiler generated dependencies of target nav2_sms_behavior__rosidl_typesupport_fastrtps_c__pyext[0m
[35m[1mConsolidate compiler generated dependencies of target nav2_sms_behavior__rosidl_typesupport_introspection_c__pyext[0m
[35m[1mConsolidate compiler generated dependencies of target nav2_sms_behavior__rosidl_typesupport_c__pyext[0m
[ 88%] Built target nav2_sms_behavior__rosidl_typesupport_c__pyext
[ 94%] Built target nav2_sms_behavior__rosidl_typesupport_introspection_c__pyext
[100%] Built target nav2_sms_behavior__rosidl_typesupport_fastrtps_c__pyext
running egg_info
writing nav2_sms_behavior.egg-info/PKG-INFO
writing dependency_links to nav2_sms_behavior.egg-info/dependency_links.txt
writing top-level names to nav2_sms_behavior.egg-info/top_level.txt
reading manifest file 'nav2_sms_behavior.egg-info/SOURCES.txt'
writing manifest file 'nav2_sms_behavior.egg-info/SOURCES.txt'
[100%] Built target ament_cmake_python_build_nav2_sms_behavior_egg
-- Install configuration: ""
-- Up-to-date: /root/Shared/src/TurtleRRT-Connect/MIAPR_project/install/nav2_sms_behavior/share/ament_index/resource_index/rosidl_interfaces/nav2_sms_behavior
-- Up-to-date: /root/Shared/src/TurtleRRT-Connect/MIAPR_project/install/nav2_sms_behavior/include/nav2_sms_behavior/nav2_sms_behavior
-- Up-to-date: /root/Shared/src/TurtleRRT-Connect/MIAPR_project/install/nav2_sms_behavior/include/nav2_sms_behavior/nav2_sms_behavior/action
-- Up-to-date: /root/Shared/src/TurtleRRT-Connect/MIAPR_project/install/nav2_sms_behavior/include/nav2_sms_behavior/nav2_sms_behavior/action/send_sms.h
-- Up-to-date: /root/Shared/src/TurtleRRT-Connect/MIAPR_project/install/nav2_sms_behavior/include/nav2_sms_behavior/nav2_sms_behavior/action/detail
-- Up-to-date: /root/Shared/src/TurtleRRT-Connect/MIAPR_project/install/nav2_sms_behavior/include/nav2_sms_behavior/nav2_sms_behavior/action/detail/send_sms__functions.h
-- Up-to-date: /root/Shared/src/TurtleRRT-Connect/MIAPR_project/install/nav2_sms_behavior/include/nav2_sms_behavior/nav2_sms_behavior/action/detail/send_sms__functions.c
-- Up-to-date: /root/Shared/src/TurtleRRT-Connect/MIAPR_project/install/nav2_sms_behavior/include/nav2_sms_behavior/nav2_sms_behavior/action/detail/send_sms__type_support.h
-- Up-to-date: /root/Shared/src/TurtleRRT-Connect/MIAPR_project/install/nav2_sms_behavior/include/nav2_sms_behavior/nav2_sms_behavior/action/detail/send_sms__struct.h
-- Up-to-date: /root/Shared/src/TurtleRRT-Connect/MIAPR_project/install/nav2_sms_behavior/include/nav2_sms_behavior/nav2_sms_behavior/msg
-- Up-to-date: /root/Shared/src/TurtleRRT-Connect/MIAPR_project/install/nav2_sms_behavior/include/nav2_sms_behavior/nav2_sms_behavior/msg/rosidl_generator_c__visibility_control.h
-- Up-to-date: /root/Shared/src/TurtleRRT-Connect/MIAPR_project/install/nav2_sms_behavior/share/nav2_sms_behavior/environment/library_path.sh
-- Up-to-date: /root/Shared/src/TurtleRRT-Connect/MIAPR_project/install/nav2_sms_behavior/share/nav2_sms_behavior/environment/library_path.dsv
-- Up-to-date: /root/Shared/src/TurtleRRT-Connect/MIAPR_project/install/nav2_sms_behavior/lib/libnav2_sms_behavior__rosidl_generator_c.so
-- Up-to-date: /root/Shared/src/TurtleRRT-Connect/MIAPR_project/install/nav2_sms_behavior/include/nav2_sms_behavior/nav2_sms_behavior
-- Up-to-date: /root/Shared/src/TurtleRRT-Connect/MIAPR_project/install/nav2_sms_behavior/include/nav2_sms_behavior/nav2_sms_behavior/action
-- Up-to-date: /root/Shared/src/TurtleRRT-Connect/MIAPR_project/install/nav2_sms_behavior/include/nav2_sms_behavior/nav2_sms_behavior/action/detail
-- Up-to-date: /root/Shared/src/TurtleRRT-Connect/MIAPR_project/install/nav2_sms_behavior/include/nav2_sms_behavior/nav2_sms_behavior/action/detail/send_sms__rosidl_typesupport_fastrtps_c.h
-- Up-to-date: /root/Shared/src/TurtleRRT-Connect/MIAPR_project/install/nav2_sms_behavior/include/nav2_sms_behavior/nav2_sms_behavior/msg
-- Up-to-date: /root/Shared/src/TurtleRRT-Connect/MIAPR_project/install/nav2_sms_behavior/include/nav2_sms_behavior/nav2_sms_behavior/msg/rosidl_typesupport_fastrtps_c__visibility_control.h
-- Up-to-date: /root/Shared/src/TurtleRRT-Connect/MIAPR_project/install/nav2_sms_behavior/lib/libnav2_sms_behavior__rosidl_typesupport_fastrtps_c.so
-- Up-to-date: /root/Shared/src/TurtleRRT-Connect/MIAPR_project/install/nav2_sms_behavior/include/nav2_sms_behavior/nav2_sms_behavior
-- Up-to-date: /root/Shared/src/TurtleRRT-Connect/MIAPR_project/install/nav2_sms_behavior/include/nav2_sms_behavior/nav2_sms_behavior/action
-- Up-to-date: /root/Shared/src/TurtleRRT-Connect/MIAPR_project/install/nav2_sms_behavior/include/nav2_sms_behavior/nav2_sms_behavior/action/send_sms.hpp
-- Up-to-date: /root/Shared/src/TurtleRRT-Connect/MIAPR_project/install/nav2_sms_behavior/include/nav2_sms_behavior/nav2_sms_behavior/action/detail
-- Up-to-date: /root/Shared/src/TurtleRRT-Connect/MIAPR_project/install/nav2_sms_behavior/include/nav2_sms_behavior/nav2_sms_behavior/action/detail/send_sms__traits.hpp
-- Up-to-date: /root/Shared/src/TurtleRRT-Connect/MIAPR_project/install/nav2_sms_behavior/include/nav2_sms_behavior/nav2_sms_behavior/action/detail/send_sms__type_support.hpp
-- Up-to-date: /root/Shared/src/TurtleRRT-Connect/MIAPR_project/install/nav2_sms_behavior/include/nav2_sms_behavior/nav2_sms_behavior/action/detail/send_sms__struct.hpp
-- Up-to-date: /root/Shared/src/TurtleRRT-Connect/MIAPR_project/install/nav2_sms_behavior/include/nav2_sms_behavior/nav2_sms_behavior/action/detail/send_sms__builder.hpp
-- Up-to-date: /root/Shared/src/TurtleRRT-Connect/MIAPR_project/install/nav2_sms_behavior/include/nav2_sms_behavior/nav2_sms_behavior/msg
-- Up-to-date: /root/Shared/src/TurtleRRT-Connect/MIAPR_project/install/nav2_sms_behavior/include/nav2_sms_behavior/nav2_sms_behavior/msg/rosidl_generator_cpp__visibility_control.hpp
-- Up-to-date: /root/Shared/src/TurtleRRT-Connect/MIAPR_project/install/nav2_sms_behavior/include/nav2_sms_behavior/nav2_sms_behavior
-- Up-to-date: /root/Shared/src/TurtleRRT-Connect/MIAPR_project/install/nav2_sms_behavior/include/nav2_sms_behavior/nav2_sms_behavior/action
-- Up-to-date: /root/Shared/src/TurtleRRT-Connect/MIAPR_project/install/nav2_sms_behavior/include/nav2_sms_behavior/nav2_sms_behavior/action/detail
-- Up-to-date: /root/Shared/src/TurtleRRT-Connect/MIAPR_project/install/nav2_sms_behavior/include/nav2_sms_behavior/nav2_sms_behavior/action/detail/dds_fastrtps
-- Up-to-date: /root/Shared/src/TurtleRRT-Connect/MIAPR_project/install/nav2_sms_behavior/include/nav2_sms_behavior/nav2_sms_behavior/action/detail/send_sms__rosidl_typesupport_fastrtps_cpp.hpp
-- Up-to-date: /root/Shared/src/TurtleRRT-Connect/MIAPR_project/install/nav2_sms_behavior/include/nav2_sms_behavior/nav2_sms_behavior/msg
-- Up-to-date: /root/Shared/src/TurtleRRT-Connect/MIAPR_project/install/nav2_sms_behavior/include/nav2_sms_behavior/nav2_sms_behavior/msg/rosidl_typesupport_fastrtps_cpp__visibility_control.h
-- Up-to-date: /root/Shared/src/TurtleRRT-Connect/MIAPR_project/install/nav2_sms_behavior/lib/libnav2_sms_behavior__rosidl_typesupport_fastrtps_cpp.so
-- Up-to-date: /root/Shared/src/TurtleRRT-Connect/MIAPR_project/install/nav2_sms_behavior/include/nav2_sms_behavior/nav2_sms_behavior
-- Up-to-date: /root/Shared/src/TurtleRRT-Connect/MIAPR_project/install/nav2_sms_behavior/include/nav2_sms_behavior/nav2_sms_behavior/action
-- Up-to-date: /root/Shared/src/TurtleRRT-Connect/MIAPR_project/install/nav2_sms_behavior/include/nav2_sms_behavior/nav2_sms_behavior/action/detail
-- Up-to-date: /root/Shared/src/TurtleRRT-Connect/MIAPR_project/install/nav2_sms_behavior/include/nav2_sms_behavior/nav2_sms_behavior/action/detail/send_sms__type_support.c
-- Up-to-date: /root/Shared/src/TurtleRRT-Connect/MIAPR_project/install/nav2_sms_behavior/include/nav2_sms_behavior/nav2_sms_behavior/action/detail/send_sms__rosidl_typesupport_introspection_c.h
-- Up-to-date: /root/Shared/src/TurtleRRT-Connect/MIAPR_project/install/nav2_sms_behavior/include/nav2_sms_behavior/nav2_sms_behavior/msg
-- Up-to-date: /root/Shared/src/TurtleRRT-Connect/MIAPR_project/install/nav2_sms_behavior/include/nav2_sms_behavior/nav2_sms_behavior/msg/rosidl_typesupport_introspection_c__visibility_control.h
-- Up-to-date: /root/Shared/src/TurtleRRT-Connect/MIAPR_project/install/nav2_sms_behavior/lib/libnav2_sms_behavior__rosidl_typesupport_introspection_c.so
-- Up-to-date: /root/Shared/src/TurtleRRT-Connect/MIAPR_project/install/nav2_sms_behavior/lib/libnav2_sms_behavior__rosidl_typesupport_c.so
-- Up-to-date: /root/Shared/src/TurtleRRT-Connect/MIAPR_project/install/nav2_sms_behavior/include/nav2_sms_behavior/nav2_sms_behavior
-- Up-to-date: /root/Shared/src/TurtleRRT-Connect/MIAPR_project/install/nav2_sms_behavior/include/nav2_sms_behavior/nav2_sms_behavior/action
-- Up-to-date: /root/Shared/src/TurtleRRT-Connect/MIAPR_project/install/nav2_sms_behavior/include/nav2_sms_behavior/nav2_sms_behavior/action/detail
-- Up-to-date: /root/Shared/src/TurtleRRT-Connect/MIAPR_project/install/nav2_sms_behavior/include/nav2_sms_behavior/nav2_sms_behavior/action/detail/send_sms__rosidl_typesupport_introspection_cpp.hpp
-- Up-to-date: /root/Shared/src/TurtleRRT-Connect/MIAPR_project/install/nav2_sms_behavior/include/nav2_sms_behavior/nav2_sms_behavior/action/detail/send_sms__type_support.cpp
-- Up-to-date: /root/Shared/src/TurtleRRT-Connect/MIAPR_project/install/nav2_sms_behavior/lib/libnav2_sms_behavior__rosidl_typesupport_introspection_cpp.so
-- Up-to-date: /root/Shared/src/TurtleRRT-Connect/MIAPR_project/install/nav2_sms_behavior/lib/libnav2_sms_behavior__rosidl_typesupport_cpp.so
-- Up-to-date: /root/Shared/src/TurtleRRT-Connect/MIAPR_project/install/nav2_sms_behavior/share/nav2_sms_behavior/environment/pythonpath.sh
-- Up-to-date: /root/Shared/src/TurtleRRT-Connect/MIAPR_project/install/nav2_sms_behavior/share/nav2_sms_behavior/environment/pythonpath.dsv
-- Up-to-date: /root/Shared/src/TurtleRRT-Connect/MIAPR_project/install/nav2_sms_behavior/local/lib/python3.10/dist-packages/nav2_sms_behavior-1.0.0-py3.10.egg-info
-- Installing: /root/Shared/src/TurtleRRT-Connect/MIAPR_project/install/nav2_sms_behavior/local/lib/python3.10/dist-packages/nav2_sms_behavior-1.0.0-py3.10.egg-info/dependency_links.txt
-- Installing: /root/Shared/src/TurtleRRT-Connect/MIAPR_project/install/nav2_sms_behavior/local/lib/python3.10/dist-packages/nav2_sms_behavior-1.0.0-py3.10.egg-info/PKG-INFO
-- Installing: /root/Shared/src/TurtleRRT-Connect/MIAPR_project/install/nav2_sms_behavior/local/lib/python3.10/dist-packages/nav2_sms_behavior-1.0.0-py3.10.egg-info/top_level.txt
-- Installing: /root/Shared/src/TurtleRRT-Connect/MIAPR_project/install/nav2_sms_behavior/local/lib/python3.10/dist-packages/nav2_sms_behavior-1.0.0-py3.10.egg-info/SOURCES.txt
-- Up-to-date: /root/Shared/src/TurtleRRT-Connect/MIAPR_project/install/nav2_sms_behavior/local/lib/python3.10/dist-packages/nav2_sms_behavior
-- Up-to-date: /root/Shared/src/TurtleRRT-Connect/MIAPR_project/install/nav2_sms_behavior/local/lib/python3.10/dist-packages/nav2_sms_behavior/action
-- Up-to-date: /root/Shared/src/TurtleRRT-Connect/MIAPR_project/install/nav2_sms_behavior/local/lib/python3.10/dist-packages/nav2_sms_behavior/action/_send_sms_s.c
-- Up-to-date: /root/Shared/src/TurtleRRT-Connect/MIAPR_project/install/nav2_sms_behavior/local/lib/python3.10/dist-packages/nav2_sms_behavior/action/__init__.py
-- Up-to-date: /root/Shared/src/TurtleRRT-Connect/MIAPR_project/install/nav2_sms_behavior/local/lib/python3.10/dist-packages/nav2_sms_behavior/action/_send_sms.py
-- Up-to-date: /root/Shared/src/TurtleRRT-Connect/MIAPR_project/install/nav2_sms_behavior/local/lib/python3.10/dist-packages/nav2_sms_behavior/nav2_sms_behavior_s__rosidl_typesupport_fastrtps_c.cpython-310-x86_64-linux-gnu.so
-- Up-to-date: /root/Shared/src/TurtleRRT-Connect/MIAPR_project/install/nav2_sms_behavior/local/lib/python3.10/dist-packages/nav2_sms_behavior/libnav2_sms_behavior__rosidl_generator_py.so
-- Up-to-date: /root/Shared/src/TurtleRRT-Connect/MIAPR_project/install/nav2_sms_behavior/local/lib/python3.10/dist-packages/nav2_sms_behavior/_nav2_sms_behavior_s.ep.rosidl_typesupport_c.c
-- Up-to-date: /root/Shared/src/TurtleRRT-Connect/MIAPR_project/install/nav2_sms_behavior/local/lib/python3.10/dist-packages/nav2_sms_behavior/_nav2_sms_behavior_s.ep.rosidl_typesupport_introspection_c.c
-- Up-to-date: /root/Shared/src/TurtleRRT-Connect/MIAPR_project/install/nav2_sms_behavior/local/lib/python3.10/dist-packages/nav2_sms_behavior/__init__.py
-- Up-to-date: /root/Shared/src/TurtleRRT-Connect/MIAPR_project/install/nav2_sms_behavior/local/lib/python3.10/dist-packages/nav2_sms_behavior/_nav2_sms_behavior_s.ep.rosidl_typesupport_fastrtps_c.c
-- Up-to-date: /root/Shared/src/TurtleRRT-Connect/MIAPR_project/install/nav2_sms_behavior/local/lib/python3.10/dist-packages/nav2_sms_behavior/nav2_sms_behavior_s__rosidl_typesupport_c.cpython-310-x86_64-linux-gnu.so
-- Up-to-date: /root/Shared/src/TurtleRRT-Connect/MIAPR_project/install/nav2_sms_behavior/local/lib/python3.10/dist-packages/nav2_sms_behavior/nav2_sms_behavior_s__rosidl_typesupport_introspection_c.cpython-310-x86_64-linux-gnu.so
Listing '/root/Shared/src/TurtleRRT-Connect/MIAPR_project/install/nav2_sms_behavior/local/lib/python3.10/dist-packages/nav2_sms_behavior'...
Listing '/root/Shared/src/TurtleRRT-Connect/MIAPR_project/install/nav2_sms_behavior/local/lib/python3.10/dist-packages/nav2_sms_behavior/action'...
-- Up-to-date: /root/Shared/src/TurtleRRT-Connect/MIAPR_project/install/nav2_sms_behavior/local/lib/python3.10/dist-packages/nav2_sms_behavior/nav2_sms_behavior_s__rosidl_typesupport_fastrtps_c.cpython-310-x86_64-linux-gnu.so
-- Up-to-date: /root/Shared/src/TurtleRRT-Connect/MIAPR_project/install/nav2_sms_behavior/local/lib/python3.10/dist-packages/nav2_sms_behavior/nav2_sms_behavior_s__rosidl_typesupport_introspection_c.cpython-310-x86_64-linux-gnu.so
-- Up-to-date: /root/Shared/src/TurtleRRT-Connect/MIAPR_project/install/nav2_sms_behavior/local/lib/python3.10/dist-packages/nav2_sms_behavior/nav2_sms_behavior_s__rosidl_typesupport_c.cpython-310-x86_64-linux-gnu.so
-- Up-to-date: /root/Shared/src/TurtleRRT-Connect/MIAPR_project/install/nav2_sms_behavior/lib/libnav2_sms_behavior__rosidl_generator_py.so
-- Up-to-date: /root/Shared/src/TurtleRRT-Connect/MIAPR_project/install/nav2_sms_behavior/share/nav2_sms_behavior/action/SendSms.idl
-- Up-to-date: /root/Shared/src/TurtleRRT-Connect/MIAPR_project/install/nav2_sms_behavior/share/nav2_sms_behavior/action/SendSms.action
-- Up-to-date: /root/Shared/src/TurtleRRT-Connect/MIAPR_project/install/nav2_sms_behavior/share/nav2_sms_behavior/behavior_plugin.xml
-- Up-to-date: /root/Shared/src/TurtleRRT-Connect/MIAPR_project/install/nav2_sms_behavior/lib/libnav2_sms_behavior_plugin.so
-- Up-to-date: /root/Shared/src/TurtleRRT-Connect/MIAPR_project/install/nav2_sms_behavior/include/
-- Up-to-date: /root/Shared/src/TurtleRRT-Connect/MIAPR_project/install/nav2_sms_behavior/include//nav2_sms_behavior
-- Up-to-date: /root/Shared/src/TurtleRRT-Connect/MIAPR_project/install/nav2_sms_behavior/include//nav2_sms_behavior/send_sms.hpp
-- Up-to-date: /root/Shared/src/TurtleRRT-Connect/MIAPR_project/install/nav2_sms_behavior/include//nav2_sms_behavior/twilio.hpp
-- Up-to-date: /root/Shared/src/TurtleRRT-Connect/MIAPR_project/install/nav2_sms_behavior/include//nav2_sms_behavior/type_conversion.hpp
-- Up-to-date: /root/Shared/src/TurtleRRT-Connect/MIAPR_project/install/nav2_sms_behavior/share/nav2_sms_behavior/behavior_plugin.xml
-- Up-to-date: /root/Shared/src/TurtleRRT-Connect/MIAPR_project/install/nav2_sms_behavior/share/ament_index/resource_index/package_run_dependencies/nav2_sms_behavior
-- Up-to-date: /root/Shared/src/TurtleRRT-Connect/MIAPR_project/install/nav2_sms_behavior/share/ament_index/resource_index/parent_prefix_path/nav2_sms_behavior
-- Up-to-date: /root/Shared/src/TurtleRRT-Connect/MIAPR_project/install/nav2_sms_behavior/share/nav2_sms_behavior/environment/ament_prefix_path.sh
-- Up-to-date: /root/Shared/src/TurtleRRT-Connect/MIAPR_project/install/nav2_sms_behavior/share/nav2_sms_behavior/environment/ament_prefix_path.dsv
-- Up-to-date: /root/Shared/src/TurtleRRT-Connect/MIAPR_project/install/nav2_sms_behavior/share/nav2_sms_behavior/environment/path.sh
-- Up-to-date: /root/Shared/src/TurtleRRT-Connect/MIAPR_project/install/nav2_sms_behavior/share/nav2_sms_behavior/environment/path.dsv
-- Up-to-date: /root/Shared/src/TurtleRRT-Connect/MIAPR_project/install/nav2_sms_behavior/share/nav2_sms_behavior/local_setup.bash
-- Up-to-date: /root/Shared/src/TurtleRRT-Connect/MIAPR_project/install/nav2_sms_behavior/share/nav2_sms_behavior/local_setup.sh
-- Up-to-date: /root/Shared/src/TurtleRRT-Connect/MIAPR_project/install/nav2_sms_behavior/share/nav2_sms_behavior/local_setup.zsh
-- Up-to-date: /root/Shared/src/TurtleRRT-Connect/MIAPR_project/install/nav2_sms_behavior/share/nav2_sms_behavior/local_setup.dsv
-- Installing: /root/Shared/src/TurtleRRT-Connect/MIAPR_project/install/nav2_sms_behavior/share/nav2_sms_behavior/package.dsv
-- Up-to-date: /root/Shared/src/TurtleRRT-Connect/MIAPR_project/install/nav2_sms_behavior/share/ament_index/resource_index/packages/nav2_sms_behavior
-- Up-to-date: /root/Shared/src/TurtleRRT-Connect/MIAPR_project/install/nav2_sms_behavior/share/ament_index/resource_index/nav2_core__pluginlib__plugin/nav2_sms_behavior
-- Up-to-date: /root/Shared/src/TurtleRRT-Connect/MIAPR_project/install/nav2_sms_behavior/share/nav2_sms_behavior/cmake/export_nav2_sms_behavior__rosidl_generator_cExport.cmake
-- Up-to-date: /root/Shared/src/TurtleRRT-Connect/MIAPR_project/install/nav2_sms_behavior/share/nav2_sms_behavior/cmake/export_nav2_sms_behavior__rosidl_generator_cExport-noconfig.cmake
-- Up-to-date: /root/Shared/src/TurtleRRT-Connect/MIAPR_project/install/nav2_sms_behavior/share/nav2_sms_behavior/cmake/export_nav2_sms_behavior__rosidl_typesupport_fastrtps_cExport.cmake
-- Up-to-date: /root/Shared/src/TurtleRRT-Connect/MIAPR_project/install/nav2_sms_behavior/share/nav2_sms_behavior/cmake/export_nav2_sms_behavior__rosidl_typesupport_fastrtps_cExport-noconfig.cmake
-- Up-to-date: /root/Shared/src/TurtleRRT-Connect/MIAPR_project/install/nav2_sms_behavior/share/nav2_sms_behavior/cmake/export_nav2_sms_behavior__rosidl_generator_cppExport.cmake
-- Up-to-date: /root/Shared/src/TurtleRRT-Connect/MIAPR_project/install/nav2_sms_behavior/share/nav2_sms_behavior/cmake/export_nav2_sms_behavior__rosidl_typesupport_fastrtps_cppExport.cmake
-- Up-to-date: /root/Shared/src/TurtleRRT-Connect/MIAPR_project/install/nav2_sms_behavior/share/nav2_sms_behavior/cmake/export_nav2_sms_behavior__rosidl_typesupport_fastrtps_cppExport-noconfig.cmake
-- Up-to-date: /root/Shared/src/TurtleRRT-Connect/MIAPR_project/install/nav2_sms_behavior/share/nav2_sms_behavior/cmake/nav2_sms_behavior__rosidl_typesupport_introspection_cExport.cmake
-- Up-to-date: /root/Shared/src/TurtleRRT-Connect/MIAPR_project/install/nav2_sms_behavior/share/nav2_sms_behavior/cmake/nav2_sms_behavior__rosidl_typesupport_introspection_cExport-noconfig.cmake
-- Up-to-date: /root/Shared/src/TurtleRRT-Connect/MIAPR_project/install/nav2_sms_behavior/share/nav2_sms_behavior/cmake/nav2_sms_behavior__rosidl_typesupport_cExport.cmake
-- Up-to-date: /root/Shared/src/TurtleRRT-Connect/MIAPR_project/install/nav2_sms_behavior/share/nav2_sms_behavior/cmake/nav2_sms_behavior__rosidl_typesupport_cExport-noconfig.cmake
-- Up-to-date: /root/Shared/src/TurtleRRT-Connect/MIAPR_project/install/nav2_sms_behavior/share/nav2_sms_behavior/cmake/nav2_sms_behavior__rosidl_typesupport_introspection_cppExport.cmake
-- Up-to-date: /root/Shared/src/TurtleRRT-Connect/MIAPR_project/install/nav2_sms_behavior/share/nav2_sms_behavior/cmake/nav2_sms_behavior__rosidl_typesupport_introspection_cppExport-noconfig.cmake
-- Up-to-date: /root/Shared/src/TurtleRRT-Connect/MIAPR_project/install/nav2_sms_behavior/share/nav2_sms_behavior/cmake/nav2_sms_behavior__rosidl_typesupport_cppExport.cmake
-- Up-to-date: /root/Shared/src/TurtleRRT-Connect/MIAPR_project/install/nav2_sms_behavior/share/nav2_sms_behavior/cmake/nav2_sms_behavior__rosidl_typesupport_cppExport-noconfig.cmake
-- Up-to-date: /root/Shared/src/TurtleRRT-Connect/MIAPR_project/install/nav2_sms_behavior/share/nav2_sms_behavior/cmake/export_nav2_sms_behavior__rosidl_generator_pyExport.cmake
-- Up-to-date: /root/Shared/src/TurtleRRT-Connect/MIAPR_project/install/nav2_sms_behavior/share/nav2_sms_behavior/cmake/export_nav2_sms_behavior__rosidl_generator_pyExport-noconfig.cmake
-- Up-to-date: /root/Shared/src/TurtleRRT-Connect/MIAPR_project/install/nav2_sms_behavior/share/nav2_sms_behavior/cmake/rosidl_cmake-extras.cmake
-- Up-to-date: /root/Shared/src/TurtleRRT-Connect/MIAPR_project/install/nav2_sms_behavior/share/nav2_sms_behavior/cmake/ament_cmake_export_dependencies-extras.cmake
-- Up-to-date: /root/Shared/src/TurtleRRT-Connect/MIAPR_project/install/nav2_sms_behavior/share/nav2_sms_behavior/cmake/ament_cmake_export_include_directories-extras.cmake
-- Up-to-date: /root/Shared/src/TurtleRRT-Connect/MIAPR_project/install/nav2_sms_behavior/share/nav2_sms_behavior/cmake/ament_cmake_export_libraries-extras.cmake
-- Up-to-date: /root/Shared/src/TurtleRRT-Connect/MIAPR_project/install/nav2_sms_behavior/share/nav2_sms_behavior/cmake/ament_cmake_export_targets-extras.cmake
-- Up-to-date: /root/Shared/src/TurtleRRT-Connect/MIAPR_project/install/nav2_sms_behavior/share/nav2_sms_behavior/cmake/rosidl_cmake_export_typesupport_targets-extras.cmake
-- Up-to-date: /root/Shared/src/TurtleRRT-Connect/MIAPR_project/install/nav2_sms_behavior/share/nav2_sms_behavior/cmake/rosidl_cmake_export_typesupport_libraries-extras.cmake
-- Up-to-date: /root/Shared/src/TurtleRRT-Connect/MIAPR_project/install/nav2_sms_behavior/share/nav2_sms_behavior/cmake/nav2_sms_behaviorConfig.cmake
-- Up-to-date: /root/Shared/src/TurtleRRT-Connect/MIAPR_project/install/nav2_sms_behavior/share/nav2_sms_behavior/cmake/nav2_sms_behaviorConfig-version.cmake
-- Up-to-date: /root/Shared/src/TurtleRRT-Connect/MIAPR_project/install/nav2_sms_behavior/share/nav2_sms_behavior/package.xml
