[0.157s] Invoking command in '/root/Shared/src/TurtleRRT-Connect/MIAPR_project/build/nav2_sms_behavior': CMAKE_PREFIX_PATH=${CMAKE_PREFIX_PATH}:/opt/ros/humble /usr/bin/cmake --build /root/Shared/src/TurtleRRT-Connect/MIAPR_project/build/nav2_sms_behavior -- -j12 -l12
[0.190s] [35m[1mConsolidate compiler generated dependencies of target nav2_sms_behavior__rosidl_generator_c[0m
[0.196s] [  2%] Built target nav2_sms_behavior__cpp
[0.202s] [ 11%] Built target nav2_sms_behavior__rosidl_generator_c
[0.202s] [ 11%] Built target ament_cmake_python_copy_nav2_sms_behavior
[0.206s] [35m[1mConsolidate compiler generated dependencies of target nav2_sms_behavior__rosidl_typesupport_cpp[0m
[0.206s] [35m[1mConsolidate compiler generated dependencies of target nav2_sms_behavior__rosidl_typesupport_fastrtps_cpp[0m
[0.210s] [35m[1mConsolidate compiler generated dependencies of target nav2_sms_behavior__rosidl_typesupport_introspection_cpp[0m
[0.211s] [35m[1mConsolidate compiler generated dependencies of target nav2_sms_behavior__rosidl_typesupport_fastrtps_c[0m
[0.212s] [35m[1mConsolidate compiler generated dependencies of target nav2_sms_behavior__rosidl_typesupport_c[0m
[0.213s] [35m[1mConsolidate compiler generated dependencies of target nav2_sms_behavior__rosidl_typesupport_introspection_c[0m
[0.219s] [ 20%] Built target nav2_sms_behavior__rosidl_typesupport_cpp
[0.220s] [ 29%] Built target nav2_sms_behavior__rosidl_typesupport_fastrtps_cpp
[0.223s] [ 38%] Built target nav2_sms_behavior__rosidl_typesupport_introspection_cpp
[0.223s] [ 47%] Built target nav2_sms_behavior__rosidl_typesupport_c
[0.224s] [ 55%] Built target nav2_sms_behavior__rosidl_typesupport_fastrtps_c
[0.225s] [ 64%] Built target nav2_sms_behavior__rosidl_typesupport_introspection_c
[0.232s] [35m[1mConsolidate compiler generated dependencies of target nav2_sms_behavior_plugin[0m
[0.241s] [ 64%] Built target nav2_sms_behavior
[0.247s] [ 73%] Built target nav2_sms_behavior_plugin
[0.257s] [ 76%] Built target nav2_sms_behavior__py
[0.266s] [35m[1mConsolidate compiler generated dependencies of target nav2_sms_behavior__rosidl_generator_py[0m
[0.277s] [ 82%] Built target nav2_sms_behavior__rosidl_generator_py
[0.285s] [35m[1mConsolidate compiler generated dependencies of target nav2_sms_behavior__rosidl_typesupport_fastrtps_c__pyext[0m
[0.287s] [35m[1mConsolidate compiler generated dependencies of target nav2_sms_behavior__rosidl_typesupport_introspection_c__pyext[0m
[0.287s] [35m[1mConsolidate compiler generated dependencies of target nav2_sms_behavior__rosidl_typesupport_c__pyext[0m
[0.295s] [ 88%] Built target nav2_sms_behavior__rosidl_typesupport_c__pyext
[0.295s] [ 94%] Built target nav2_sms_behavior__rosidl_typesupport_introspection_c__pyext
[0.296s] [100%] Built target nav2_sms_behavior__rosidl_typesupport_fastrtps_c__pyext
[0.362s] running egg_info
[0.362s] writing nav2_sms_behavior.egg-info/PKG-INFO
[0.362s] writing dependency_links to nav2_sms_behavior.egg-info/dependency_links.txt
[0.362s] writing top-level names to nav2_sms_behavior.egg-info/top_level.txt
[0.364s] reading manifest file 'nav2_sms_behavior.egg-info/SOURCES.txt'
[0.364s] writing manifest file 'nav2_sms_behavior.egg-info/SOURCES.txt'
[0.383s] [100%] Built target ament_cmake_python_build_nav2_sms_behavior_egg
[0.393s] Invoked command in '/root/Shared/src/TurtleRRT-Connect/MIAPR_project/build/nav2_sms_behavior' returned '0': CMAKE_PREFIX_PATH=${CMAKE_PREFIX_PATH}:/opt/ros/humble /usr/bin/cmake --build /root/Shared/src/TurtleRRT-Connect/MIAPR_project/build/nav2_sms_behavior -- -j12 -l12
[0.394s] Invoking command in '/root/Shared/src/TurtleRRT-Connect/MIAPR_project/build/nav2_sms_behavior': CMAKE_PREFIX_PATH=${CMAKE_PREFIX_PATH}:/opt/ros/humble /usr/bin/cmake --install /root/Shared/src/TurtleRRT-Connect/MIAPR_project/build/nav2_sms_behavior
[0.400s] -- Install configuration: ""
[0.400s] -- Up-to-date: /root/Shared/src/TurtleRRT-Connect/MIAPR_project/install/nav2_sms_behavior/share/ament_index/resource_index/rosidl_interfaces/nav2_sms_behavior
[0.400s] -- Up-to-date: /root/Shared/src/TurtleRRT-Connect/MIAPR_project/install/nav2_sms_behavior/include/nav2_sms_behavior/nav2_sms_behavior
[0.400s] -- Up-to-date: /root/Shared/src/TurtleRRT-Connect/MIAPR_project/install/nav2_sms_behavior/include/nav2_sms_behavior/nav2_sms_behavior/action
[0.400s] -- Up-to-date: /root/Shared/src/TurtleRRT-Connect/MIAPR_project/install/nav2_sms_behavior/include/nav2_sms_behavior/nav2_sms_behavior/action/send_sms.h
[0.400s] -- Up-to-date: /root/Shared/src/TurtleRRT-Connect/MIAPR_project/install/nav2_sms_behavior/include/nav2_sms_behavior/nav2_sms_behavior/action/detail
[0.401s] -- Up-to-date: /root/Shared/src/TurtleRRT-Connect/MIAPR_project/install/nav2_sms_behavior/include/nav2_sms_behavior/nav2_sms_behavior/action/detail/send_sms__functions.h
[0.401s] -- Up-to-date: /root/Shared/src/TurtleRRT-Connect/MIAPR_project/install/nav2_sms_behavior/include/nav2_sms_behavior/nav2_sms_behavior/action/detail/send_sms__functions.c
[0.401s] -- Up-to-date: /root/Shared/src/TurtleRRT-Connect/MIAPR_project/install/nav2_sms_behavior/include/nav2_sms_behavior/nav2_sms_behavior/action/detail/send_sms__type_support.h
[0.401s] -- Up-to-date: /root/Shared/src/TurtleRRT-Connect/MIAPR_project/install/nav2_sms_behavior/include/nav2_sms_behavior/nav2_sms_behavior/action/detail/send_sms__struct.h
[0.401s] -- Up-to-date: /root/Shared/src/TurtleRRT-Connect/MIAPR_project/install/nav2_sms_behavior/include/nav2_sms_behavior/nav2_sms_behavior/msg
[0.401s] -- Up-to-date: /root/Shared/src/TurtleRRT-Connect/MIAPR_project/install/nav2_sms_behavior/include/nav2_sms_behavior/nav2_sms_behavior/msg/rosidl_generator_c__visibility_control.h
[0.401s] -- Up-to-date: /root/Shared/src/TurtleRRT-Connect/MIAPR_project/install/nav2_sms_behavior/share/nav2_sms_behavior/environment/library_path.sh
[0.401s] -- Up-to-date: /root/Shared/src/TurtleRRT-Connect/MIAPR_project/install/nav2_sms_behavior/share/nav2_sms_behavior/environment/library_path.dsv
[0.401s] -- Up-to-date: /root/Shared/src/TurtleRRT-Connect/MIAPR_project/install/nav2_sms_behavior/lib/libnav2_sms_behavior__rosidl_generator_c.so
[0.401s] -- Up-to-date: /root/Shared/src/TurtleRRT-Connect/MIAPR_project/install/nav2_sms_behavior/include/nav2_sms_behavior/nav2_sms_behavior
[0.401s] -- Up-to-date: /root/Shared/src/TurtleRRT-Connect/MIAPR_project/install/nav2_sms_behavior/include/nav2_sms_behavior/nav2_sms_behavior/action
[0.401s] -- Up-to-date: /root/Shared/src/TurtleRRT-Connect/MIAPR_project/install/nav2_sms_behavior/include/nav2_sms_behavior/nav2_sms_behavior/action/detail
[0.401s] -- Up-to-date: /root/Shared/src/TurtleRRT-Connect/MIAPR_project/install/nav2_sms_behavior/include/nav2_sms_behavior/nav2_sms_behavior/action/detail/send_sms__rosidl_typesupport_fastrtps_c.h
[0.402s] -- Up-to-date: /root/Shared/src/TurtleRRT-Connect/MIAPR_project/install/nav2_sms_behavior/include/nav2_sms_behavior/nav2_sms_behavior/msg
[0.402s] -- Up-to-date: /root/Shared/src/TurtleRRT-Connect/MIAPR_project/install/nav2_sms_behavior/include/nav2_sms_behavior/nav2_sms_behavior/msg/rosidl_typesupport_fastrtps_c__visibility_control.h
[0.402s] -- Up-to-date: /root/Shared/src/TurtleRRT-Connect/MIAPR_project/install/nav2_sms_behavior/lib/libnav2_sms_behavior__rosidl_typesupport_fastrtps_c.so
[0.402s] -- Up-to-date: /root/Shared/src/TurtleRRT-Connect/MIAPR_project/install/nav2_sms_behavior/include/nav2_sms_behavior/nav2_sms_behavior
[0.402s] -- Up-to-date: /root/Shared/src/TurtleRRT-Connect/MIAPR_project/install/nav2_sms_behavior/include/nav2_sms_behavior/nav2_sms_behavior/action
[0.402s] -- Up-to-date: /root/Shared/src/TurtleRRT-Connect/MIAPR_project/install/nav2_sms_behavior/include/nav2_sms_behavior/nav2_sms_behavior/action/send_sms.hpp
[0.402s] -- Up-to-date: /root/Shared/src/TurtleRRT-Connect/MIAPR_project/install/nav2_sms_behavior/include/nav2_sms_behavior/nav2_sms_behavior/action/detail
[0.402s] -- Up-to-date: /root/Shared/src/TurtleRRT-Connect/MIAPR_project/install/nav2_sms_behavior/include/nav2_sms_behavior/nav2_sms_behavior/action/detail/send_sms__traits.hpp
[0.402s] -- Up-to-date: /root/Shared/src/TurtleRRT-Connect/MIAPR_project/install/nav2_sms_behavior/include/nav2_sms_behavior/nav2_sms_behavior/action/detail/send_sms__type_support.hpp
[0.402s] -- Up-to-date: /root/Shared/src/TurtleRRT-Connect/MIAPR_project/install/nav2_sms_behavior/include/nav2_sms_behavior/nav2_sms_behavior/action/detail/send_sms__struct.hpp
[0.402s] -- Up-to-date: /root/Shared/src/TurtleRRT-Connect/MIAPR_project/install/nav2_sms_behavior/include/nav2_sms_behavior/nav2_sms_behavior/action/detail/send_sms__builder.hpp
[0.402s] -- Up-to-date: /root/Shared/src/TurtleRRT-Connect/MIAPR_project/install/nav2_sms_behavior/include/nav2_sms_behavior/nav2_sms_behavior/msg
[0.402s] -- Up-to-date: /root/Shared/src/TurtleRRT-Connect/MIAPR_project/install/nav2_sms_behavior/include/nav2_sms_behavior/nav2_sms_behavior/msg/rosidl_generator_cpp__visibility_control.hpp
[0.402s] -- Up-to-date: /root/Shared/src/TurtleRRT-Connect/MIAPR_project/install/nav2_sms_behavior/include/nav2_sms_behavior/nav2_sms_behavior
[0.403s] -- Up-to-date: /root/Shared/src/TurtleRRT-Connect/MIAPR_project/install/nav2_sms_behavior/include/nav2_sms_behavior/nav2_sms_behavior/action
[0.403s] -- Up-to-date: /root/Shared/src/TurtleRRT-Connect/MIAPR_project/install/nav2_sms_behavior/include/nav2_sms_behavior/nav2_sms_behavior/action/detail
[0.403s] -- Up-to-date: /root/Shared/src/TurtleRRT-Connect/MIAPR_project/install/nav2_sms_behavior/include/nav2_sms_behavior/nav2_sms_behavior/action/detail/dds_fastrtps
[0.403s] -- Up-to-date: /root/Shared/src/TurtleRRT-Connect/MIAPR_project/install/nav2_sms_behavior/include/nav2_sms_behavior/nav2_sms_behavior/action/detail/send_sms__rosidl_typesupport_fastrtps_cpp.hpp
[0.403s] -- Up-to-date: /root/Shared/src/TurtleRRT-Connect/MIAPR_project/install/nav2_sms_behavior/include/nav2_sms_behavior/nav2_sms_behavior/msg
[0.403s] -- Up-to-date: /root/Shared/src/TurtleRRT-Connect/MIAPR_project/install/nav2_sms_behavior/include/nav2_sms_behavior/nav2_sms_behavior/msg/rosidl_typesupport_fastrtps_cpp__visibility_control.h
[0.403s] -- Up-to-date: /root/Shared/src/TurtleRRT-Connect/MIAPR_project/install/nav2_sms_behavior/lib/libnav2_sms_behavior__rosidl_typesupport_fastrtps_cpp.so
[0.403s] -- Up-to-date: /root/Shared/src/TurtleRRT-Connect/MIAPR_project/install/nav2_sms_behavior/include/nav2_sms_behavior/nav2_sms_behavior
[0.403s] -- Up-to-date: /root/Shared/src/TurtleRRT-Connect/MIAPR_project/install/nav2_sms_behavior/include/nav2_sms_behavior/nav2_sms_behavior/action
[0.403s] -- Up-to-date: /root/Shared/src/TurtleRRT-Connect/MIAPR_project/install/nav2_sms_behavior/include/nav2_sms_behavior/nav2_sms_behavior/action/detail
[0.403s] -- Up-to-date: /root/Shared/src/TurtleRRT-Connect/MIAPR_project/install/nav2_sms_behavior/include/nav2_sms_behavior/nav2_sms_behavior/action/detail/send_sms__type_support.c
[0.403s] -- Up-to-date: /root/Shared/src/TurtleRRT-Connect/MIAPR_project/install/nav2_sms_behavior/include/nav2_sms_behavior/nav2_sms_behavior/action/detail/send_sms__rosidl_typesupport_introspection_c.h
[0.403s] -- Up-to-date: /root/Shared/src/TurtleRRT-Connect/MIAPR_project/install/nav2_sms_behavior/include/nav2_sms_behavior/nav2_sms_behavior/msg
[0.403s] -- Up-to-date: /root/Shared/src/TurtleRRT-Connect/MIAPR_project/install/nav2_sms_behavior/include/nav2_sms_behavior/nav2_sms_behavior/msg/rosidl_typesupport_introspection_c__visibility_control.h
[0.403s] -- Up-to-date: /root/Shared/src/TurtleRRT-Connect/MIAPR_project/install/nav2_sms_behavior/lib/libnav2_sms_behavior__rosidl_typesupport_introspection_c.so
[0.403s] -- Up-to-date: /root/Shared/src/TurtleRRT-Connect/MIAPR_project/install/nav2_sms_behavior/lib/libnav2_sms_behavior__rosidl_typesupport_c.so
[0.403s] -- Up-to-date: /root/Shared/src/TurtleRRT-Connect/MIAPR_project/install/nav2_sms_behavior/include/nav2_sms_behavior/nav2_sms_behavior
[0.404s] -- Up-to-date: /root/Shared/src/TurtleRRT-Connect/MIAPR_project/install/nav2_sms_behavior/include/nav2_sms_behavior/nav2_sms_behavior/action
[0.404s] -- Up-to-date: /root/Shared/src/TurtleRRT-Connect/MIAPR_project/install/nav2_sms_behavior/include/nav2_sms_behavior/nav2_sms_behavior/action/detail
[0.404s] -- Up-to-date: /root/Shared/src/TurtleRRT-Connect/MIAPR_project/install/nav2_sms_behavior/include/nav2_sms_behavior/nav2_sms_behavior/action/detail/send_sms__rosidl_typesupport_introspection_cpp.hpp
[0.404s] -- Up-to-date: /root/Shared/src/TurtleRRT-Connect/MIAPR_project/install/nav2_sms_behavior/include/nav2_sms_behavior/nav2_sms_behavior/action/detail/send_sms__type_support.cpp
[0.404s] -- Up-to-date: /root/Shared/src/TurtleRRT-Connect/MIAPR_project/install/nav2_sms_behavior/lib/libnav2_sms_behavior__rosidl_typesupport_introspection_cpp.so
[0.404s] -- Up-to-date: /root/Shared/src/TurtleRRT-Connect/MIAPR_project/install/nav2_sms_behavior/lib/libnav2_sms_behavior__rosidl_typesupport_cpp.so
[0.404s] -- Up-to-date: /root/Shared/src/TurtleRRT-Connect/MIAPR_project/install/nav2_sms_behavior/share/nav2_sms_behavior/environment/pythonpath.sh
[0.404s] -- Up-to-date: /root/Shared/src/TurtleRRT-Connect/MIAPR_project/install/nav2_sms_behavior/share/nav2_sms_behavior/environment/pythonpath.dsv
[0.404s] -- Up-to-date: /root/Shared/src/TurtleRRT-Connect/MIAPR_project/install/nav2_sms_behavior/local/lib/python3.10/dist-packages/nav2_sms_behavior-1.0.0-py3.10.egg-info
[0.404s] -- Installing: /root/Shared/src/TurtleRRT-Connect/MIAPR_project/install/nav2_sms_behavior/local/lib/python3.10/dist-packages/nav2_sms_behavior-1.0.0-py3.10.egg-info/dependency_links.txt
[0.404s] -- Installing: /root/Shared/src/TurtleRRT-Connect/MIAPR_project/install/nav2_sms_behavior/local/lib/python3.10/dist-packages/nav2_sms_behavior-1.0.0-py3.10.egg-info/PKG-INFO
[0.404s] -- Installing: /root/Shared/src/TurtleRRT-Connect/MIAPR_project/install/nav2_sms_behavior/local/lib/python3.10/dist-packages/nav2_sms_behavior-1.0.0-py3.10.egg-info/top_level.txt
[0.404s] -- Installing: /root/Shared/src/TurtleRRT-Connect/MIAPR_project/install/nav2_sms_behavior/local/lib/python3.10/dist-packages/nav2_sms_behavior-1.0.0-py3.10.egg-info/SOURCES.txt
[0.404s] -- Up-to-date: /root/Shared/src/TurtleRRT-Connect/MIAPR_project/install/nav2_sms_behavior/local/lib/python3.10/dist-packages/nav2_sms_behavior
[0.404s] -- Up-to-date: /root/Shared/src/TurtleRRT-Connect/MIAPR_project/install/nav2_sms_behavior/local/lib/python3.10/dist-packages/nav2_sms_behavior/action
[0.404s] -- Up-to-date: /root/Shared/src/TurtleRRT-Connect/MIAPR_project/install/nav2_sms_behavior/local/lib/python3.10/dist-packages/nav2_sms_behavior/action/_send_sms_s.c
[0.405s] -- Up-to-date: /root/Shared/src/TurtleRRT-Connect/MIAPR_project/install/nav2_sms_behavior/local/lib/python3.10/dist-packages/nav2_sms_behavior/action/__init__.py
[0.405s] -- Up-to-date: /root/Shared/src/TurtleRRT-Connect/MIAPR_project/install/nav2_sms_behavior/local/lib/python3.10/dist-packages/nav2_sms_behavior/action/_send_sms.py
[0.405s] -- Up-to-date: /root/Shared/src/TurtleRRT-Connect/MIAPR_project/install/nav2_sms_behavior/local/lib/python3.10/dist-packages/nav2_sms_behavior/nav2_sms_behavior_s__rosidl_typesupport_fastrtps_c.cpython-310-x86_64-linux-gnu.so
[0.405s] -- Up-to-date: /root/Shared/src/TurtleRRT-Connect/MIAPR_project/install/nav2_sms_behavior/local/lib/python3.10/dist-packages/nav2_sms_behavior/libnav2_sms_behavior__rosidl_generator_py.so
[0.405s] -- Up-to-date: /root/Shared/src/TurtleRRT-Connect/MIAPR_project/install/nav2_sms_behavior/local/lib/python3.10/dist-packages/nav2_sms_behavior/_nav2_sms_behavior_s.ep.rosidl_typesupport_c.c
[0.405s] -- Up-to-date: /root/Shared/src/TurtleRRT-Connect/MIAPR_project/install/nav2_sms_behavior/local/lib/python3.10/dist-packages/nav2_sms_behavior/_nav2_sms_behavior_s.ep.rosidl_typesupport_introspection_c.c
[0.405s] -- Up-to-date: /root/Shared/src/TurtleRRT-Connect/MIAPR_project/install/nav2_sms_behavior/local/lib/python3.10/dist-packages/nav2_sms_behavior/__init__.py
[0.405s] -- Up-to-date: /root/Shared/src/TurtleRRT-Connect/MIAPR_project/install/nav2_sms_behavior/local/lib/python3.10/dist-packages/nav2_sms_behavior/_nav2_sms_behavior_s.ep.rosidl_typesupport_fastrtps_c.c
[0.405s] -- Up-to-date: /root/Shared/src/TurtleRRT-Connect/MIAPR_project/install/nav2_sms_behavior/local/lib/python3.10/dist-packages/nav2_sms_behavior/nav2_sms_behavior_s__rosidl_typesupport_c.cpython-310-x86_64-linux-gnu.so
[0.405s] -- Up-to-date: /root/Shared/src/TurtleRRT-Connect/MIAPR_project/install/nav2_sms_behavior/local/lib/python3.10/dist-packages/nav2_sms_behavior/nav2_sms_behavior_s__rosidl_typesupport_introspection_c.cpython-310-x86_64-linux-gnu.so
[0.421s] Listing '/root/Shared/src/TurtleRRT-Connect/MIAPR_project/install/nav2_sms_behavior/local/lib/python3.10/dist-packages/nav2_sms_behavior'...
[0.421s] Listing '/root/Shared/src/TurtleRRT-Connect/MIAPR_project/install/nav2_sms_behavior/local/lib/python3.10/dist-packages/nav2_sms_behavior/action'...
[0.424s] -- Up-to-date: /root/Shared/src/TurtleRRT-Connect/MIAPR_project/install/nav2_sms_behavior/local/lib/python3.10/dist-packages/nav2_sms_behavior/nav2_sms_behavior_s__rosidl_typesupport_fastrtps_c.cpython-310-x86_64-linux-gnu.so
[0.424s] -- Up-to-date: /root/Shared/src/TurtleRRT-Connect/MIAPR_project/install/nav2_sms_behavior/local/lib/python3.10/dist-packages/nav2_sms_behavior/nav2_sms_behavior_s__rosidl_typesupport_introspection_c.cpython-310-x86_64-linux-gnu.so
[0.424s] -- Up-to-date: /root/Shared/src/TurtleRRT-Connect/MIAPR_project/install/nav2_sms_behavior/local/lib/python3.10/dist-packages/nav2_sms_behavior/nav2_sms_behavior_s__rosidl_typesupport_c.cpython-310-x86_64-linux-gnu.so
[0.424s] -- Up-to-date: /root/Shared/src/TurtleRRT-Connect/MIAPR_project/install/nav2_sms_behavior/lib/libnav2_sms_behavior__rosidl_generator_py.so
[0.424s] -- Up-to-date: /root/Shared/src/TurtleRRT-Connect/MIAPR_project/install/nav2_sms_behavior/share/nav2_sms_behavior/action/SendSms.idl
[0.424s] -- Up-to-date: /root/Shared/src/TurtleRRT-Connect/MIAPR_project/install/nav2_sms_behavior/share/nav2_sms_behavior/action/SendSms.action
[0.424s] -- Up-to-date: /root/Shared/src/TurtleRRT-Connect/MIAPR_project/install/nav2_sms_behavior/share/nav2_sms_behavior/behavior_plugin.xml
[0.424s] -- Up-to-date: /root/Shared/src/TurtleRRT-Connect/MIAPR_project/install/nav2_sms_behavior/lib/libnav2_sms_behavior_plugin.so
[0.425s] -- Up-to-date: /root/Shared/src/TurtleRRT-Connect/MIAPR_project/install/nav2_sms_behavior/include/
[0.425s] -- Up-to-date: /root/Shared/src/TurtleRRT-Connect/MIAPR_project/install/nav2_sms_behavior/include//nav2_sms_behavior
[0.425s] -- Up-to-date: /root/Shared/src/TurtleRRT-Connect/MIAPR_project/install/nav2_sms_behavior/include//nav2_sms_behavior/send_sms.hpp
[0.425s] -- Up-to-date: /root/Shared/src/TurtleRRT-Connect/MIAPR_project/install/nav2_sms_behavior/include//nav2_sms_behavior/twilio.hpp
[0.425s] -- Up-to-date: /root/Shared/src/TurtleRRT-Connect/MIAPR_project/install/nav2_sms_behavior/include//nav2_sms_behavior/type_conversion.hpp
[0.425s] -- Up-to-date: /root/Shared/src/TurtleRRT-Connect/MIAPR_project/install/nav2_sms_behavior/share/nav2_sms_behavior/behavior_plugin.xml
[0.425s] -- Up-to-date: /root/Shared/src/TurtleRRT-Connect/MIAPR_project/install/nav2_sms_behavior/share/ament_index/resource_index/package_run_dependencies/nav2_sms_behavior
[0.425s] -- Up-to-date: /root/Shared/src/TurtleRRT-Connect/MIAPR_project/install/nav2_sms_behavior/share/ament_index/resource_index/parent_prefix_path/nav2_sms_behavior
[0.425s] -- Up-to-date: /root/Shared/src/TurtleRRT-Connect/MIAPR_project/install/nav2_sms_behavior/share/nav2_sms_behavior/environment/ament_prefix_path.sh
[0.425s] -- Up-to-date: /root/Shared/src/TurtleRRT-Connect/MIAPR_project/install/nav2_sms_behavior/share/nav2_sms_behavior/environment/ament_prefix_path.dsv
[0.425s] -- Up-to-date: /root/Shared/src/TurtleRRT-Connect/MIAPR_project/install/nav2_sms_behavior/share/nav2_sms_behavior/environment/path.sh
[0.425s] -- Up-to-date: /root/Shared/src/TurtleRRT-Connect/MIAPR_project/install/nav2_sms_behavior/share/nav2_sms_behavior/environment/path.dsv
[0.425s] -- Up-to-date: /root/Shared/src/TurtleRRT-Connect/MIAPR_project/install/nav2_sms_behavior/share/nav2_sms_behavior/local_setup.bash
[0.425s] -- Up-to-date: /root/Shared/src/TurtleRRT-Connect/MIAPR_project/install/nav2_sms_behavior/share/nav2_sms_behavior/local_setup.sh
[0.425s] -- Up-to-date: /root/Shared/src/TurtleRRT-Connect/MIAPR_project/install/nav2_sms_behavior/share/nav2_sms_behavior/local_setup.zsh
[0.425s] -- Up-to-date: /root/Shared/src/TurtleRRT-Connect/MIAPR_project/install/nav2_sms_behavior/share/nav2_sms_behavior/local_setup.dsv
[0.425s] -- Installing: /root/Shared/src/TurtleRRT-Connect/MIAPR_project/install/nav2_sms_behavior/share/nav2_sms_behavior/package.dsv
[0.425s] -- Up-to-date: /root/Shared/src/TurtleRRT-Connect/MIAPR_project/install/nav2_sms_behavior/share/ament_index/resource_index/packages/nav2_sms_behavior
[0.425s] -- Up-to-date: /root/Shared/src/TurtleRRT-Connect/MIAPR_project/install/nav2_sms_behavior/share/ament_index/resource_index/nav2_core__pluginlib__plugin/nav2_sms_behavior
[0.425s] -- Up-to-date: /root/Shared/src/TurtleRRT-Connect/MIAPR_project/install/nav2_sms_behavior/share/nav2_sms_behavior/cmake/export_nav2_sms_behavior__rosidl_generator_cExport.cmake
[0.425s] -- Up-to-date: /root/Shared/src/TurtleRRT-Connect/MIAPR_project/install/nav2_sms_behavior/share/nav2_sms_behavior/cmake/export_nav2_sms_behavior__rosidl_generator_cExport-noconfig.cmake
[0.425s] -- Up-to-date: /root/Shared/src/TurtleRRT-Connect/MIAPR_project/install/nav2_sms_behavior/share/nav2_sms_behavior/cmake/export_nav2_sms_behavior__rosidl_typesupport_fastrtps_cExport.cmake
[0.425s] -- Up-to-date: /root/Shared/src/TurtleRRT-Connect/MIAPR_project/install/nav2_sms_behavior/share/nav2_sms_behavior/cmake/export_nav2_sms_behavior__rosidl_typesupport_fastrtps_cExport-noconfig.cmake
[0.425s] -- Up-to-date: /root/Shared/src/TurtleRRT-Connect/MIAPR_project/install/nav2_sms_behavior/share/nav2_sms_behavior/cmake/export_nav2_sms_behavior__rosidl_generator_cppExport.cmake
[0.425s] -- Up-to-date: /root/Shared/src/TurtleRRT-Connect/MIAPR_project/install/nav2_sms_behavior/share/nav2_sms_behavior/cmake/export_nav2_sms_behavior__rosidl_typesupport_fastrtps_cppExport.cmake
[0.425s] -- Up-to-date: /root/Shared/src/TurtleRRT-Connect/MIAPR_project/install/nav2_sms_behavior/share/nav2_sms_behavior/cmake/export_nav2_sms_behavior__rosidl_typesupport_fastrtps_cppExport-noconfig.cmake
[0.425s] -- Up-to-date: /root/Shared/src/TurtleRRT-Connect/MIAPR_project/install/nav2_sms_behavior/share/nav2_sms_behavior/cmake/nav2_sms_behavior__rosidl_typesupport_introspection_cExport.cmake
[0.426s] -- Up-to-date: /root/Shared/src/TurtleRRT-Connect/MIAPR_project/install/nav2_sms_behavior/share/nav2_sms_behavior/cmake/nav2_sms_behavior__rosidl_typesupport_introspection_cExport-noconfig.cmake
[0.426s] -- Up-to-date: /root/Shared/src/TurtleRRT-Connect/MIAPR_project/install/nav2_sms_behavior/share/nav2_sms_behavior/cmake/nav2_sms_behavior__rosidl_typesupport_cExport.cmake
[0.426s] -- Up-to-date: /root/Shared/src/TurtleRRT-Connect/MIAPR_project/install/nav2_sms_behavior/share/nav2_sms_behavior/cmake/nav2_sms_behavior__rosidl_typesupport_cExport-noconfig.cmake
[0.426s] -- Up-to-date: /root/Shared/src/TurtleRRT-Connect/MIAPR_project/install/nav2_sms_behavior/share/nav2_sms_behavior/cmake/nav2_sms_behavior__rosidl_typesupport_introspection_cppExport.cmake
[0.426s] -- Up-to-date: /root/Shared/src/TurtleRRT-Connect/MIAPR_project/install/nav2_sms_behavior/share/nav2_sms_behavior/cmake/nav2_sms_behavior__rosidl_typesupport_introspection_cppExport-noconfig.cmake
[0.426s] -- Up-to-date: /root/Shared/src/TurtleRRT-Connect/MIAPR_project/install/nav2_sms_behavior/share/nav2_sms_behavior/cmake/nav2_sms_behavior__rosidl_typesupport_cppExport.cmake
[0.426s] -- Up-to-date: /root/Shared/src/TurtleRRT-Connect/MIAPR_project/install/nav2_sms_behavior/share/nav2_sms_behavior/cmake/nav2_sms_behavior__rosidl_typesupport_cppExport-noconfig.cmake
[0.426s] -- Up-to-date: /root/Shared/src/TurtleRRT-Connect/MIAPR_project/install/nav2_sms_behavior/share/nav2_sms_behavior/cmake/export_nav2_sms_behavior__rosidl_generator_pyExport.cmake
[0.426s] -- Up-to-date: /root/Shared/src/TurtleRRT-Connect/MIAPR_project/install/nav2_sms_behavior/share/nav2_sms_behavior/cmake/export_nav2_sms_behavior__rosidl_generator_pyExport-noconfig.cmake
[0.426s] -- Up-to-date: /root/Shared/src/TurtleRRT-Connect/MIAPR_project/install/nav2_sms_behavior/share/nav2_sms_behavior/cmake/rosidl_cmake-extras.cmake
[0.426s] -- Up-to-date: /root/Shared/src/TurtleRRT-Connect/MIAPR_project/install/nav2_sms_behavior/share/nav2_sms_behavior/cmake/ament_cmake_export_dependencies-extras.cmake
[0.426s] -- Up-to-date: /root/Shared/src/TurtleRRT-Connect/MIAPR_project/install/nav2_sms_behavior/share/nav2_sms_behavior/cmake/ament_cmake_export_include_directories-extras.cmake
[0.426s] -- Up-to-date: /root/Shared/src/TurtleRRT-Connect/MIAPR_project/install/nav2_sms_behavior/share/nav2_sms_behavior/cmake/ament_cmake_export_libraries-extras.cmake
[0.426s] -- Up-to-date: /root/Shared/src/TurtleRRT-Connect/MIAPR_project/install/nav2_sms_behavior/share/nav2_sms_behavior/cmake/ament_cmake_export_targets-extras.cmake
[0.426s] -- Up-to-date: /root/Shared/src/TurtleRRT-Connect/MIAPR_project/install/nav2_sms_behavior/share/nav2_sms_behavior/cmake/rosidl_cmake_export_typesupport_targets-extras.cmake
[0.426s] -- Up-to-date: /root/Shared/src/TurtleRRT-Connect/MIAPR_project/install/nav2_sms_behavior/share/nav2_sms_behavior/cmake/rosidl_cmake_export_typesupport_libraries-extras.cmake
[0.426s] -- Up-to-date: /root/Shared/src/TurtleRRT-Connect/MIAPR_project/install/nav2_sms_behavior/share/nav2_sms_behavior/cmake/nav2_sms_behaviorConfig.cmake
[0.426s] -- Up-to-date: /root/Shared/src/TurtleRRT-Connect/MIAPR_project/install/nav2_sms_behavior/share/nav2_sms_behavior/cmake/nav2_sms_behaviorConfig-version.cmake
[0.426s] -- Up-to-date: /root/Shared/src/TurtleRRT-Connect/MIAPR_project/install/nav2_sms_behavior/share/nav2_sms_behavior/package.xml
[0.428s] Invoked command in '/root/Shared/src/TurtleRRT-Connect/MIAPR_project/build/nav2_sms_behavior' returned '0': CMAKE_PREFIX_PATH=${CMAKE_PREFIX_PATH}:/opt/ros/humble /usr/bin/cmake --install /root/Shared/src/TurtleRRT-Connect/MIAPR_project/build/nav2_sms_behavior
