[ 50%] [32mBuilding CXX object CMakeFiles/nav2_straightline_planner_plugin.dir/src/straight_line_planner.cpp.o[0m
[100%] [32m[1mLinking CXX shared library libnav2_straightline_planner_plugin.so[0m
[100%] Built target nav2_straightline_planner_plugin
-- Install configuration: ""
-- Installing: /root/Shared/src/TurtleRRT-Connect/MIAPR_project/install/nav2_straightline_planner/share/nav2_straightline_planner/global_planner_plugin.xml
-- Installing: /root/Shared/src/TurtleRRT-Connect/MIAPR_project/install/nav2_straightline_planner/lib/libnav2_straightline_planner_plugin.so
-- Set runtime path of "/root/Shared/src/TurtleRRT-Connect/MIAPR_project/install/nav2_straightline_planner/lib/libnav2_straightline_planner_plugin.so" to ""
-- Installing: /root/Shared/src/TurtleRRT-Connect/MIAPR_project/install/nav2_straightline_planner/include/
-- Installing: /root/Shared/src/TurtleRRT-Connect/MIAPR_project/install/nav2_straightline_planner/include//nav2_straightline_planner
-- Installing: /root/Shared/src/TurtleRRT-Connect/MIAPR_project/install/nav2_straightline_planner/include//nav2_straightline_planner/straight_line_planner.hpp
-- Up-to-date: /root/Shared/src/TurtleRRT-Connect/MIAPR_project/install/nav2_straightline_planner/share/nav2_straightline_planner/global_planner_plugin.xml
-- Installing: /root/Shared/src/TurtleRRT-Connect/MIAPR_project/install/nav2_straightline_planner/share/nav2_straightline_planner/environment/library_path.sh
-- Installing: /root/Shared/src/TurtleRRT-Connect/MIAPR_project/install/nav2_straightline_planner/share/nav2_straightline_planner/environment/library_path.dsv
-- Installing: /root/Shared/src/TurtleRRT-Connect/MIAPR_project/install/nav2_straightline_planner/share/ament_index/resource_index/package_run_dependencies/nav2_straightline_planner
-- Installing: /root/Shared/src/TurtleRRT-Connect/MIAPR_project/install/nav2_straightline_planner/share/ament_index/resource_index/parent_prefix_path/nav2_straightline_planner
-- Installing: /root/Shared/src/TurtleRRT-Connect/MIAPR_project/install/nav2_straightline_planner/share/nav2_straightline_planner/environment/ament_prefix_path.sh
-- Installing: /root/Shared/src/TurtleRRT-Connect/MIAPR_project/install/nav2_straightline_planner/share/nav2_straightline_planner/environment/ament_prefix_path.dsv
-- Installing: /root/Shared/src/TurtleRRT-Connect/MIAPR_project/install/nav2_straightline_planner/share/nav2_straightline_planner/environment/path.sh
-- Installing: /root/Shared/src/TurtleRRT-Connect/MIAPR_project/install/nav2_straightline_planner/share/nav2_straightline_planner/environment/path.dsv
-- Installing: /root/Shared/src/TurtleRRT-Connect/MIAPR_project/install/nav2_straightline_planner/share/nav2_straightline_planner/local_setup.bash
-- Installing: /root/Shared/src/TurtleRRT-Connect/MIAPR_project/install/nav2_straightline_planner/share/nav2_straightline_planner/local_setup.sh
-- Installing: /root/Shared/src/TurtleRRT-Connect/MIAPR_project/install/nav2_straightline_planner/share/nav2_straightline_planner/local_setup.zsh
-- Installing: /root/Shared/src/TurtleRRT-Connect/MIAPR_project/install/nav2_straightline_planner/share/nav2_straightline_planner/local_setup.dsv
-- Installing: /root/Shared/src/TurtleRRT-Connect/MIAPR_project/install/nav2_straightline_planner/share/nav2_straightline_planner/package.dsv
-- Installing: /root/Shared/src/TurtleRRT-Connect/MIAPR_project/install/nav2_straightline_planner/share/ament_index/resource_index/packages/nav2_straightline_planner
-- Installing: /root/Shared/src/TurtleRRT-Connect/MIAPR_project/install/nav2_straightline_planner/share/ament_index/resource_index/nav2_core__pluginlib__plugin/nav2_straightline_planner
-- Installing: /root/Shared/src/TurtleRRT-Connect/MIAPR_project/install/nav2_straightline_planner/share/nav2_straightline_planner/cmake/ament_cmake_export_include_directories-extras.cmake
-- Installing: /root/Shared/src/TurtleRRT-Connect/MIAPR_project/install/nav2_straightline_planner/share/nav2_straightline_planner/cmake/ament_cmake_export_libraries-extras.cmake
-- Installing: /root/Shared/src/TurtleRRT-Connect/MIAPR_project/install/nav2_straightline_planner/share/nav2_straightline_planner/cmake/ament_cmake_export_dependencies-extras.cmake
-- Installing: /root/Shared/src/TurtleRRT-Connect/MIAPR_project/install/nav2_straightline_planner/share/nav2_straightline_planner/cmake/nav2_straightline_plannerConfig.cmake
-- Installing: /root/Shared/src/TurtleRRT-Connect/MIAPR_project/install/nav2_straightline_planner/share/nav2_straightline_planner/cmake/nav2_straightline_plannerConfig-version.cmake
-- Installing: /root/Shared/src/TurtleRRT-Connect/MIAPR_project/install/nav2_straightline_planner/share/nav2_straightline_planner/package.xml
