[0.144s] Invoking command in '/root/Shared/src/TurtleRRT-Connect/MIAPR_project/build/nav2_straightline_planner': CMAKE_PREFIX_PATH=${CMAKE_PREFIX_PATH}:/opt/ros/humble /usr/bin/cmake --build /root/Shared/src/TurtleRRT-Connect/MIAPR_project/build/nav2_straightline_planner -- -j12 -l12
[0.188s] [ 50%] [32mBuilding CXX object CMakeFiles/nav2_straightline_planner_plugin.dir/src/straight_line_planner.cpp.o[0m
[3.727s] [100%] [32m[1mLinking CXX shared library libnav2_straightline_planner_plugin.so[0m
[3.917s] [100%] Built target nav2_straightline_planner_plugin
[3.926s] Invoked command in '/root/Shared/src/TurtleRRT-Connect/MIAPR_project/build/nav2_straightline_planner' returned '0': CMAKE_PREFIX_PATH=${CMAKE_PREFIX_PATH}:/opt/ros/humble /usr/bin/cmake --build /root/Shared/src/TurtleRRT-Connect/MIAPR_project/build/nav2_straightline_planner -- -j12 -l12
[3.927s] Invoking command in '/root/Shared/src/TurtleRRT-Connect/MIAPR_project/build/nav2_straightline_planner': CMAKE_PREFIX_PATH=${CMAKE_PREFIX_PATH}:/opt/ros/humble /usr/bin/cmake --install /root/Shared/src/TurtleRRT-Connect/MIAPR_project/build/nav2_straightline_planner
[3.932s] -- Install configuration: ""
[3.933s] -- Installing: /root/Shared/src/TurtleRRT-Connect/MIAPR_project/install/nav2_straightline_planner/share/nav2_straightline_planner/global_planner_plugin.xml
[3.933s] -- Installing: /root/Shared/src/TurtleRRT-Connect/MIAPR_project/install/nav2_straightline_planner/lib/libnav2_straightline_planner_plugin.so
[3.933s] -- Set runtime path of "/root/Shared/src/TurtleRRT-Connect/MIAPR_project/install/nav2_straightline_planner/lib/libnav2_straightline_planner_plugin.so" to ""
[3.933s] -- Installing: /root/Shared/src/TurtleRRT-Connect/MIAPR_project/install/nav2_straightline_planner/include/
[3.933s] -- Installing: /root/Shared/src/TurtleRRT-Connect/MIAPR_project/install/nav2_straightline_planner/include//nav2_straightline_planner
[3.933s] -- Installing: /root/Shared/src/TurtleRRT-Connect/MIAPR_project/install/nav2_straightline_planner/include//nav2_straightline_planner/straight_line_planner.hpp
[3.933s] -- Up-to-date: /root/Shared/src/TurtleRRT-Connect/MIAPR_project/install/nav2_straightline_planner/share/nav2_straightline_planner/global_planner_plugin.xml
[3.933s] -- Installing: /root/Shared/src/TurtleRRT-Connect/MIAPR_project/install/nav2_straightline_planner/share/nav2_straightline_planner/environment/library_path.sh
[3.933s] -- Installing: /root/Shared/src/TurtleRRT-Connect/MIAPR_project/install/nav2_straightline_planner/share/nav2_straightline_planner/environment/library_path.dsv
[3.933s] -- Installing: /root/Shared/src/TurtleRRT-Connect/MIAPR_project/install/nav2_straightline_planner/share/ament_index/resource_index/package_run_dependencies/nav2_straightline_planner
[3.934s] -- Installing: /root/Shared/src/TurtleRRT-Connect/MIAPR_project/install/nav2_straightline_planner/share/ament_index/resource_index/parent_prefix_path/nav2_straightline_planner
[3.934s] -- Installing: /root/Shared/src/TurtleRRT-Connect/MIAPR_project/install/nav2_straightline_planner/share/nav2_straightline_planner/environment/ament_prefix_path.sh
[3.934s] -- Installing: /root/Shared/src/TurtleRRT-Connect/MIAPR_project/install/nav2_straightline_planner/share/nav2_straightline_planner/environment/ament_prefix_path.dsv
[3.934s] -- Installing: /root/Shared/src/TurtleRRT-Connect/MIAPR_project/install/nav2_straightline_planner/share/nav2_straightline_planner/environment/path.sh
[3.934s] -- Installing: /root/Shared/src/TurtleRRT-Connect/MIAPR_project/install/nav2_straightline_planner/share/nav2_straightline_planner/environment/path.dsv
[3.934s] -- Installing: /root/Shared/src/TurtleRRT-Connect/MIAPR_project/install/nav2_straightline_planner/share/nav2_straightline_planner/local_setup.bash
[3.934s] -- Installing: /root/Shared/src/TurtleRRT-Connect/MIAPR_project/install/nav2_straightline_planner/share/nav2_straightline_planner/local_setup.sh
[3.934s] -- Installing: /root/Shared/src/TurtleRRT-Connect/MIAPR_project/install/nav2_straightline_planner/share/nav2_straightline_planner/local_setup.zsh
[3.934s] -- Installing: /root/Shared/src/TurtleRRT-Connect/MIAPR_project/install/nav2_straightline_planner/share/nav2_straightline_planner/local_setup.dsv
[3.934s] -- Installing: /root/Shared/src/TurtleRRT-Connect/MIAPR_project/install/nav2_straightline_planner/share/nav2_straightline_planner/package.dsv
[3.934s] -- Installing: /root/Shared/src/TurtleRRT-Connect/MIAPR_project/install/nav2_straightline_planner/share/ament_index/resource_index/packages/nav2_straightline_planner
[3.934s] -- Installing: /root/Shared/src/TurtleRRT-Connect/MIAPR_project/install/nav2_straightline_planner/share/ament_index/resource_index/nav2_core__pluginlib__plugin/nav2_straightline_planner
[3.934s] -- Installing: /root/Shared/src/TurtleRRT-Connect/MIAPR_project/install/nav2_straightline_planner/share/nav2_straightline_planner/cmake/ament_cmake_export_include_directories-extras.cmake
[3.935s] -- Installing: /root/Shared/src/TurtleRRT-Connect/MIAPR_project/install/nav2_straightline_planner/share/nav2_straightline_planner/cmake/ament_cmake_export_libraries-extras.cmake
[3.935s] -- Installing: /root/Shared/src/TurtleRRT-Connect/MIAPR_project/install/nav2_straightline_planner/share/nav2_straightline_planner/cmake/ament_cmake_export_dependencies-extras.cmake
[3.935s] -- Installing: /root/Shared/src/TurtleRRT-Connect/MIAPR_project/install/nav2_straightline_planner/share/nav2_straightline_planner/cmake/nav2_straightline_plannerConfig.cmake
[3.935s] -- Installing: /root/Shared/src/TurtleRRT-Connect/MIAPR_project/install/nav2_straightline_planner/share/nav2_straightline_planner/cmake/nav2_straightline_plannerConfig-version.cmake
[3.935s] -- Installing: /root/Shared/src/TurtleRRT-Connect/MIAPR_project/install/nav2_straightline_planner/share/nav2_straightline_planner/package.xml
[3.936s] Invoked command in '/root/Shared/src/TurtleRRT-Connect/MIAPR_project/build/nav2_straightline_planner' returned '0': CMAKE_PREFIX_PATH=${CMAKE_PREFIX_PATH}:/opt/ros/humble /usr/bin/cmake --install /root/Shared/src/TurtleRRT-Connect/MIAPR_project/build/nav2_straightline_planner
