[0.012s] Invoking command in '/home/szymon/Documents/MIAPR/Project_NAV2_przyklad/build/sam_bot_description': CMAKE_PREFIX_PATH=/opt/ros/humble /usr/bin/cmake /home/szymon/Documents/MIAPR/Project_NAV2_przyklad/navigation2_tutorials/sam_bot_description -DCMAKE_INSTALL_PREFIX=/home/szymon/Documents/MIAPR/Project_NAV2_przyklad/install/sam_bot_description
[0.080s] -- The C compiler identification is GNU 11.4.0
[0.138s] -- The CXX compiler identification is GNU 11.4.0
[0.143s] -- Detecting C compiler ABI info
[0.194s] -- Detecting C compiler ABI info - done
[0.202s] -- Check for working C compiler: /usr/bin/cc - skipped
[0.202s] -- Detecting C compile features
[0.202s] -- Detecting C compile features - done
[0.205s] -- Detecting CXX compiler ABI info
[0.262s] -- Detecting CXX compiler ABI info - done
[0.266s] -- Check for working CXX compiler: /usr/bin/c++ - skipped
[0.267s] -- Detecting CXX compile features
[0.268s] -- Detecting CXX compile features - done
[0.268s] -- Found ament_cmake: 1.3.11 (/opt/ros/humble/share/ament_cmake/cmake)
[0.841s] -- Found Python3: /usr/bin/python3 (found version "3.10.12") found components: Interpreter 
[0.908s] -- Found xacro: 2.0.13 (/opt/ros/humble/share/xacro/cmake)
[0.910s] -- Found ament_lint_auto: 0.12.12 (/opt/ros/humble/share/ament_lint_auto/cmake)
[0.992s] -- Added test 'copyright' to check source files copyright and LICENSE
[0.994s] -- Added test 'flake8' to check Python code syntax and style conventions
[0.994s] -- Added test 'lint_cmake' to check CMake code style
[0.995s] -- Added test 'pep257' to check Python code against some of the docstring style conventions in PEP 257
[0.995s] -- Added test 'xmllint' to check XML markup files
[0.996s] -- Configuring done
[0.997s] -- Generating done
[0.998s] -- Build files have been written to: /home/szymon/Documents/MIAPR/Project_NAV2_przyklad/build/sam_bot_description
[1.001s] Invoked command in '/home/szymon/Documents/MIAPR/Project_NAV2_przyklad/build/sam_bot_description' returned '0': CMAKE_PREFIX_PATH=/opt/ros/humble /usr/bin/cmake /home/szymon/Documents/MIAPR/Project_NAV2_przyklad/navigation2_tutorials/sam_bot_description -DCMAKE_INSTALL_PREFIX=/home/szymon/Documents/MIAPR/Project_NAV2_przyklad/install/sam_bot_description
[1.002s] Invoking command in '/home/szymon/Documents/MIAPR/Project_NAV2_przyklad/build/sam_bot_description': CMAKE_PREFIX_PATH=/opt/ros/humble /usr/bin/cmake --build /home/szymon/Documents/MIAPR/Project_NAV2_przyklad/build/sam_bot_description -- -j12 -l12
[1.024s] Invoked command in '/home/szymon/Documents/MIAPR/Project_NAV2_przyklad/build/sam_bot_description' returned '0': CMAKE_PREFIX_PATH=/opt/ros/humble /usr/bin/cmake --build /home/szymon/Documents/MIAPR/Project_NAV2_przyklad/build/sam_bot_description -- -j12 -l12
[1.025s] Invoking command in '/home/szymon/Documents/MIAPR/Project_NAV2_przyklad/build/sam_bot_description': CMAKE_PREFIX_PATH=/opt/ros/humble /usr/bin/cmake --install /home/szymon/Documents/MIAPR/Project_NAV2_przyklad/build/sam_bot_description
[1.030s] -- Install configuration: ""
[1.030s] -- Installing: /home/szymon/Documents/MIAPR/Project_NAV2_przyklad/install/sam_bot_description/share/sam_bot_description/src
[1.030s] -- Installing: /home/szymon/Documents/MIAPR/Project_NAV2_przyklad/install/sam_bot_description/share/sam_bot_description/src/description
[1.030s] -- Installing: /home/szymon/Documents/MIAPR/Project_NAV2_przyklad/install/sam_bot_description/share/sam_bot_description/src/description/sam_bot_description.urdf
[1.030s] -- Installing: /home/szymon/Documents/MIAPR/Project_NAV2_przyklad/install/sam_bot_description/share/sam_bot_description/launch
[1.030s] -- Installing: /home/szymon/Documents/MIAPR/Project_NAV2_przyklad/install/sam_bot_description/share/sam_bot_description/launch/display.launch.py
[1.030s] -- Installing: /home/szymon/Documents/MIAPR/Project_NAV2_przyklad/install/sam_bot_description/share/sam_bot_description/rviz
[1.030s] -- Installing: /home/szymon/Documents/MIAPR/Project_NAV2_przyklad/install/sam_bot_description/share/sam_bot_description/rviz/urdf_config.rviz
[1.030s] -- Installing: /home/szymon/Documents/MIAPR/Project_NAV2_przyklad/install/sam_bot_description/share/sam_bot_description/config
[1.030s] -- Installing: /home/szymon/Documents/MIAPR/Project_NAV2_przyklad/install/sam_bot_description/share/sam_bot_description/config/ekf.yaml
[1.030s] -- Installing: /home/szymon/Documents/MIAPR/Project_NAV2_przyklad/install/sam_bot_description/share/sam_bot_description/config/nav2_params.yaml
[1.031s] -- Installing: /home/szymon/Documents/MIAPR/Project_NAV2_przyklad/install/sam_bot_description/share/sam_bot_description/world
[1.031s] -- Installing: /home/szymon/Documents/MIAPR/Project_NAV2_przyklad/install/sam_bot_description/share/sam_bot_description/world/my_world.sdf
[1.031s] -- Installing: /home/szymon/Documents/MIAPR/Project_NAV2_przyklad/install/sam_bot_description/share/ament_index/resource_index/package_run_dependencies/sam_bot_description
[1.031s] -- Installing: /home/szymon/Documents/MIAPR/Project_NAV2_przyklad/install/sam_bot_description/share/ament_index/resource_index/parent_prefix_path/sam_bot_description
[1.031s] -- Installing: /home/szymon/Documents/MIAPR/Project_NAV2_przyklad/install/sam_bot_description/share/sam_bot_description/environment/ament_prefix_path.sh
[1.031s] -- Installing: /home/szymon/Documents/MIAPR/Project_NAV2_przyklad/install/sam_bot_description/share/sam_bot_description/environment/ament_prefix_path.dsv
[1.031s] -- Installing: /home/szymon/Documents/MIAPR/Project_NAV2_przyklad/install/sam_bot_description/share/sam_bot_description/environment/path.sh
[1.031s] -- Installing: /home/szymon/Documents/MIAPR/Project_NAV2_przyklad/install/sam_bot_description/share/sam_bot_description/environment/path.dsv
[1.031s] -- Installing: /home/szymon/Documents/MIAPR/Project_NAV2_przyklad/install/sam_bot_description/share/sam_bot_description/local_setup.bash
[1.031s] -- Installing: /home/szymon/Documents/MIAPR/Project_NAV2_przyklad/install/sam_bot_description/share/sam_bot_description/local_setup.sh
[1.031s] -- Installing: /home/szymon/Documents/MIAPR/Project_NAV2_przyklad/install/sam_bot_description/share/sam_bot_description/local_setup.zsh
[1.031s] -- Installing: /home/szymon/Documents/MIAPR/Project_NAV2_przyklad/install/sam_bot_description/share/sam_bot_description/local_setup.dsv
[1.032s] -- Installing: /home/szymon/Documents/MIAPR/Project_NAV2_przyklad/install/sam_bot_description/share/sam_bot_description/package.dsv
[1.032s] -- Installing: /home/szymon/Documents/MIAPR/Project_NAV2_przyklad/install/sam_bot_description/share/ament_index/resource_index/packages/sam_bot_description
[1.032s] -- Installing: /home/szymon/Documents/MIAPR/Project_NAV2_przyklad/install/sam_bot_description/share/sam_bot_description/cmake/sam_bot_descriptionConfig.cmake
[1.032s] -- Installing: /home/szymon/Documents/MIAPR/Project_NAV2_przyklad/install/sam_bot_description/share/sam_bot_description/cmake/sam_bot_descriptionConfig-version.cmake
[1.033s] -- Installing: /home/szymon/Documents/MIAPR/Project_NAV2_przyklad/install/sam_bot_description/share/sam_bot_description/package.xml
[1.033s] Invoked command in '/home/szymon/Documents/MIAPR/Project_NAV2_przyklad/build/sam_bot_description' returned '0': CMAKE_PREFIX_PATH=/opt/ros/humble /usr/bin/cmake --install /home/szymon/Documents/MIAPR/Project_NAV2_przyklad/build/sam_bot_description
