[0.151s] DEBUG:colcon:Command line arguments: ['/usr/bin/colcon', 'build']
[0.151s] DEBUG:colcon:Parsed command line arguments: Namespace(log_base=None, log_level=None, verb_name='build', build_base='build', install_base='install', merge_install=False, symlink_install=False, test_result_base=None, continue_on_error=False, executor='parallel', parallel_workers=12, event_handlers=None, ignore_user_meta=False, metas=['./colcon.meta'], base_paths=['.'], packages_ignore=None, packages_ignore_regex=None, paths=None, packages_up_to=None, packages_up_to_regex=None, packages_above=None, packages_above_and_dependencies=None, packages_above_depth=None, packages_select_by_dep=None, packages_skip_by_dep=None, packages_skip_up_to=None, packages_select_build_failed=False, packages_skip_build_finished=False, packages_select_test_failures=False, packages_skip_test_passed=False, packages_select=None, packages_skip=None, packages_select_regex=None, packages_skip_regex=None, packages_start=None, packages_end=None, allow_overriding=[], cmake_args=None, cmake_target=None, cmake_target_skip_unavailable=False, cmake_clean_cache=False, cmake_clean_first=False, cmake_force_configure=False, ament_cmake_args=None, catkin_cmake_args=None, catkin_skip_building_tests=False, verb_parser=<colcon_defaults.argument_parser.defaults.DefaultArgumentsDecorator object at 0x788e652550c0>, verb_extension=<colcon_core.verb.build.BuildVerb object at 0x788e6539ec50>, main=<bound method BuildVerb.main of <colcon_core.verb.build.BuildVerb object at 0x788e6539ec50>>)
[0.360s] Level 1:colcon.colcon_core.package_discovery:discover_packages(colcon_meta) check parameters
[0.360s] Level 1:colcon.colcon_core.package_discovery:discover_packages(recursive) check parameters
[0.360s] Level 1:colcon.colcon_core.package_discovery:discover_packages(ignore) check parameters
[0.360s] Level 1:colcon.colcon_core.package_discovery:discover_packages(path) check parameters
[0.360s] Level 1:colcon.colcon_core.package_discovery:discover_packages(colcon_meta) discover
[0.360s] Level 1:colcon.colcon_core.package_discovery:discover_packages(recursive) discover
[0.360s] INFO:colcon.colcon_core.package_discovery:Crawling recursively for packages in '/home/szymon/Documents/MIAPR/Project_NAV2_przyklad'
[0.360s] Level 1:colcon.colcon_core.package_identification:_identify(.) by extensions ['ignore', 'ignore_ament_install']
[0.360s] Level 1:colcon.colcon_core.package_identification:_identify(.) by extension 'ignore'
[0.360s] Level 1:colcon.colcon_core.package_identification:_identify(.) by extension 'ignore_ament_install'
[0.360s] Level 1:colcon.colcon_core.package_identification:_identify(.) by extensions ['colcon_pkg']
[0.360s] Level 1:colcon.colcon_core.package_identification:_identify(.) by extension 'colcon_pkg'
[0.360s] Level 1:colcon.colcon_core.package_identification:_identify(.) by extensions ['colcon_meta']
[0.360s] Level 1:colcon.colcon_core.package_identification:_identify(.) by extension 'colcon_meta'
[0.360s] Level 1:colcon.colcon_core.package_identification:_identify(.) by extensions ['ros']
[0.360s] Level 1:colcon.colcon_core.package_identification:_identify(.) by extension 'ros'
[0.375s] Level 1:colcon.colcon_core.package_identification:_identify(.) by extensions ['cmake', 'python']
[0.375s] Level 1:colcon.colcon_core.package_identification:_identify(.) by extension 'cmake'
[0.375s] Level 1:colcon.colcon_core.package_identification:_identify(.) by extension 'python'
[0.375s] Level 1:colcon.colcon_core.package_identification:_identify(.) by extensions ['python_setup_py']
[0.375s] Level 1:colcon.colcon_core.package_identification:_identify(.) by extension 'python_setup_py'
[0.375s] Level 1:colcon.colcon_core.package_identification:_identify(build) by extensions ['ignore', 'ignore_ament_install']
[0.375s] Level 1:colcon.colcon_core.package_identification:_identify(build) by extension 'ignore'
[0.375s] Level 1:colcon.colcon_core.package_identification:_identify(build) ignored
[0.375s] Level 1:colcon.colcon_core.package_identification:_identify(install) by extensions ['ignore', 'ignore_ament_install']
[0.376s] Level 1:colcon.colcon_core.package_identification:_identify(install) by extension 'ignore'
[0.376s] Level 1:colcon.colcon_core.package_identification:_identify(install) ignored
[0.376s] Level 1:colcon.colcon_core.package_identification:_identify(log) by extensions ['ignore', 'ignore_ament_install']
[0.376s] Level 1:colcon.colcon_core.package_identification:_identify(log) by extension 'ignore'
[0.376s] Level 1:colcon.colcon_core.package_identification:_identify(log) ignored
[0.376s] Level 1:colcon.colcon_core.package_identification:_identify(navigation2_tutorials) by extensions ['ignore', 'ignore_ament_install']
[0.376s] Level 1:colcon.colcon_core.package_identification:_identify(navigation2_tutorials) by extension 'ignore'
[0.376s] Level 1:colcon.colcon_core.package_identification:_identify(navigation2_tutorials) by extension 'ignore_ament_install'
[0.376s] Level 1:colcon.colcon_core.package_identification:_identify(navigation2_tutorials) by extensions ['colcon_pkg']
[0.376s] Level 1:colcon.colcon_core.package_identification:_identify(navigation2_tutorials) by extension 'colcon_pkg'
[0.376s] Level 1:colcon.colcon_core.package_identification:_identify(navigation2_tutorials) by extensions ['colcon_meta']
[0.376s] Level 1:colcon.colcon_core.package_identification:_identify(navigation2_tutorials) by extension 'colcon_meta'
[0.376s] Level 1:colcon.colcon_core.package_identification:_identify(navigation2_tutorials) by extensions ['ros']
[0.376s] Level 1:colcon.colcon_core.package_identification:_identify(navigation2_tutorials) by extension 'ros'
[0.376s] Level 1:colcon.colcon_core.package_identification:_identify(navigation2_tutorials) by extensions ['cmake', 'python']
[0.376s] Level 1:colcon.colcon_core.package_identification:_identify(navigation2_tutorials) by extension 'cmake'
[0.376s] Level 1:colcon.colcon_core.package_identification:_identify(navigation2_tutorials) by extension 'python'
[0.376s] Level 1:colcon.colcon_core.package_identification:_identify(navigation2_tutorials) by extensions ['python_setup_py']
[0.376s] Level 1:colcon.colcon_core.package_identification:_identify(navigation2_tutorials) by extension 'python_setup_py'
[0.376s] Level 1:colcon.colcon_core.package_identification:_identify(navigation2_tutorials/nav2_costmap_filters_demo) by extensions ['ignore', 'ignore_ament_install']
[0.376s] Level 1:colcon.colcon_core.package_identification:_identify(navigation2_tutorials/nav2_costmap_filters_demo) by extension 'ignore'
[0.376s] Level 1:colcon.colcon_core.package_identification:_identify(navigation2_tutorials/nav2_costmap_filters_demo) by extension 'ignore_ament_install'
[0.376s] Level 1:colcon.colcon_core.package_identification:_identify(navigation2_tutorials/nav2_costmap_filters_demo) by extensions ['colcon_pkg']
[0.376s] Level 1:colcon.colcon_core.package_identification:_identify(navigation2_tutorials/nav2_costmap_filters_demo) by extension 'colcon_pkg'
[0.376s] Level 1:colcon.colcon_core.package_identification:_identify(navigation2_tutorials/nav2_costmap_filters_demo) by extensions ['colcon_meta']
[0.376s] Level 1:colcon.colcon_core.package_identification:_identify(navigation2_tutorials/nav2_costmap_filters_demo) by extension 'colcon_meta'
[0.376s] Level 1:colcon.colcon_core.package_identification:_identify(navigation2_tutorials/nav2_costmap_filters_demo) by extensions ['ros']
[0.376s] Level 1:colcon.colcon_core.package_identification:_identify(navigation2_tutorials/nav2_costmap_filters_demo) by extension 'ros'
[0.378s] DEBUG:colcon.colcon_core.package_identification:Package 'navigation2_tutorials/nav2_costmap_filters_demo' with type 'ros.ament_cmake' and name 'nav2_costmap_filters_demo'
[0.378s] Level 1:colcon.colcon_core.package_identification:_identify(navigation2_tutorials/nav2_gradient_costmap_plugin) by extensions ['ignore', 'ignore_ament_install']
[0.378s] Level 1:colcon.colcon_core.package_identification:_identify(navigation2_tutorials/nav2_gradient_costmap_plugin) by extension 'ignore'
[0.378s] Level 1:colcon.colcon_core.package_identification:_identify(navigation2_tutorials/nav2_gradient_costmap_plugin) by extension 'ignore_ament_install'
[0.378s] Level 1:colcon.colcon_core.package_identification:_identify(navigation2_tutorials/nav2_gradient_costmap_plugin) by extensions ['colcon_pkg']
[0.378s] Level 1:colcon.colcon_core.package_identification:_identify(navigation2_tutorials/nav2_gradient_costmap_plugin) by extension 'colcon_pkg'
[0.378s] Level 1:colcon.colcon_core.package_identification:_identify(navigation2_tutorials/nav2_gradient_costmap_plugin) by extensions ['colcon_meta']
[0.378s] Level 1:colcon.colcon_core.package_identification:_identify(navigation2_tutorials/nav2_gradient_costmap_plugin) by extension 'colcon_meta'
[0.378s] Level 1:colcon.colcon_core.package_identification:_identify(navigation2_tutorials/nav2_gradient_costmap_plugin) by extensions ['ros']
[0.378s] Level 1:colcon.colcon_core.package_identification:_identify(navigation2_tutorials/nav2_gradient_costmap_plugin) by extension 'ros'
[0.379s] DEBUG:colcon.colcon_core.package_identification:Package 'navigation2_tutorials/nav2_gradient_costmap_plugin' with type 'ros.ament_cmake' and name 'nav2_gradient_costmap_plugin'
[0.379s] Level 1:colcon.colcon_core.package_identification:_identify(navigation2_tutorials/nav2_sms_behavior) by extensions ['ignore', 'ignore_ament_install']
[0.379s] Level 1:colcon.colcon_core.package_identification:_identify(navigation2_tutorials/nav2_sms_behavior) by extension 'ignore'
[0.379s] Level 1:colcon.colcon_core.package_identification:_identify(navigation2_tutorials/nav2_sms_behavior) by extension 'ignore_ament_install'
[0.379s] Level 1:colcon.colcon_core.package_identification:_identify(navigation2_tutorials/nav2_sms_behavior) by extensions ['colcon_pkg']
[0.379s] Level 1:colcon.colcon_core.package_identification:_identify(navigation2_tutorials/nav2_sms_behavior) by extension 'colcon_pkg'
[0.379s] Level 1:colcon.colcon_core.package_identification:_identify(navigation2_tutorials/nav2_sms_behavior) by extensions ['colcon_meta']
[0.379s] Level 1:colcon.colcon_core.package_identification:_identify(navigation2_tutorials/nav2_sms_behavior) by extension 'colcon_meta'
[0.379s] Level 1:colcon.colcon_core.package_identification:_identify(navigation2_tutorials/nav2_sms_behavior) by extensions ['ros']
[0.379s] Level 1:colcon.colcon_core.package_identification:_identify(navigation2_tutorials/nav2_sms_behavior) by extension 'ros'
[0.380s] DEBUG:colcon.colcon_core.package_identification:Package 'navigation2_tutorials/nav2_sms_behavior' with type 'ros.ament_cmake' and name 'nav2_sms_behavior'
[0.380s] Level 1:colcon.colcon_core.package_identification:_identify(navigation2_tutorials/nav2_straightline_planner) by extensions ['ignore', 'ignore_ament_install']
[0.380s] Level 1:colcon.colcon_core.package_identification:_identify(navigation2_tutorials/nav2_straightline_planner) by extension 'ignore'
[0.380s] Level 1:colcon.colcon_core.package_identification:_identify(navigation2_tutorials/nav2_straightline_planner) by extension 'ignore_ament_install'
[0.380s] Level 1:colcon.colcon_core.package_identification:_identify(navigation2_tutorials/nav2_straightline_planner) by extensions ['colcon_pkg']
[0.380s] Level 1:colcon.colcon_core.package_identification:_identify(navigation2_tutorials/nav2_straightline_planner) by extension 'colcon_pkg'
[0.380s] Level 1:colcon.colcon_core.package_identification:_identify(navigation2_tutorials/nav2_straightline_planner) by extensions ['colcon_meta']
[0.380s] Level 1:colcon.colcon_core.package_identification:_identify(navigation2_tutorials/nav2_straightline_planner) by extension 'colcon_meta'
[0.380s] Level 1:colcon.colcon_core.package_identification:_identify(navigation2_tutorials/nav2_straightline_planner) by extensions ['ros']
[0.380s] Level 1:colcon.colcon_core.package_identification:_identify(navigation2_tutorials/nav2_straightline_planner) by extension 'ros'
[0.381s] DEBUG:colcon.colcon_core.package_identification:Package 'navigation2_tutorials/nav2_straightline_planner' with type 'ros.ament_cmake' and name 'nav2_straightline_planner'
[0.381s] Level 1:colcon.colcon_core.package_identification:_identify(navigation2_tutorials/sam_bot_description) by extensions ['ignore', 'ignore_ament_install']
[0.381s] Level 1:colcon.colcon_core.package_identification:_identify(navigation2_tutorials/sam_bot_description) by extension 'ignore'
[0.381s] Level 1:colcon.colcon_core.package_identification:_identify(navigation2_tutorials/sam_bot_description) by extension 'ignore_ament_install'
[0.381s] Level 1:colcon.colcon_core.package_identification:_identify(navigation2_tutorials/sam_bot_description) by extensions ['colcon_pkg']
[0.381s] Level 1:colcon.colcon_core.package_identification:_identify(navigation2_tutorials/sam_bot_description) by extension 'colcon_pkg'
[0.381s] Level 1:colcon.colcon_core.package_identification:_identify(navigation2_tutorials/sam_bot_description) by extensions ['colcon_meta']
[0.381s] Level 1:colcon.colcon_core.package_identification:_identify(navigation2_tutorials/sam_bot_description) by extension 'colcon_meta'
[0.381s] Level 1:colcon.colcon_core.package_identification:_identify(navigation2_tutorials/sam_bot_description) by extensions ['ros']
[0.381s] Level 1:colcon.colcon_core.package_identification:_identify(navigation2_tutorials/sam_bot_description) by extension 'ros'
[0.381s] DEBUG:colcon.colcon_core.package_identification:Package 'navigation2_tutorials/sam_bot_description' with type 'ros.ament_cmake' and name 'sam_bot_description'
[0.381s] Level 1:colcon.colcon_core.package_discovery:discover_packages(recursive) using defaults
[0.381s] Level 1:colcon.colcon_core.package_discovery:discover_packages(ignore) discover
[0.381s] Level 1:colcon.colcon_core.package_discovery:discover_packages(ignore) using defaults
[0.381s] Level 1:colcon.colcon_core.package_discovery:discover_packages(path) discover
[0.381s] Level 1:colcon.colcon_core.package_discovery:discover_packages(path) using defaults
[0.396s] Level 1:colcon.colcon_core.package_discovery:discover_packages(prefix_path) check parameters
[0.397s] Level 1:colcon.colcon_core.package_discovery:discover_packages(prefix_path) discover
[0.398s] DEBUG:colcon.colcon_installed_package_information.package_discovery:Found 455 installed packages in /opt/ros/humble
[0.400s] Level 1:colcon.colcon_core.package_discovery:discover_packages(prefix_path) using defaults
[0.426s] Level 5:colcon.colcon_core.verb:set package 'nav2_costmap_filters_demo' build argument 'cmake_args' from command line to 'None'
[0.426s] Level 5:colcon.colcon_core.verb:set package 'nav2_costmap_filters_demo' build argument 'cmake_target' from command line to 'None'
[0.426s] Level 5:colcon.colcon_core.verb:set package 'nav2_costmap_filters_demo' build argument 'cmake_target_skip_unavailable' from command line to 'False'
[0.426s] Level 5:colcon.colcon_core.verb:set package 'nav2_costmap_filters_demo' build argument 'cmake_clean_cache' from command line to 'False'
[0.426s] Level 5:colcon.colcon_core.verb:set package 'nav2_costmap_filters_demo' build argument 'cmake_clean_first' from command line to 'False'
[0.426s] Level 5:colcon.colcon_core.verb:set package 'nav2_costmap_filters_demo' build argument 'cmake_force_configure' from command line to 'False'
[0.426s] Level 5:colcon.colcon_core.verb:set package 'nav2_costmap_filters_demo' build argument 'ament_cmake_args' from command line to 'None'
[0.426s] Level 5:colcon.colcon_core.verb:set package 'nav2_costmap_filters_demo' build argument 'catkin_cmake_args' from command line to 'None'
[0.426s] Level 5:colcon.colcon_core.verb:set package 'nav2_costmap_filters_demo' build argument 'catkin_skip_building_tests' from command line to 'False'
[0.426s] DEBUG:colcon.colcon_core.verb:Building package 'nav2_costmap_filters_demo' with the following arguments: {'ament_cmake_args': None, 'build_base': '/home/szymon/Documents/MIAPR/Project_NAV2_przyklad/build/nav2_costmap_filters_demo', 'catkin_cmake_args': None, 'catkin_skip_building_tests': False, 'cmake_args': None, 'cmake_clean_cache': False, 'cmake_clean_first': False, 'cmake_force_configure': False, 'cmake_target': None, 'cmake_target_skip_unavailable': False, 'install_base': '/home/szymon/Documents/MIAPR/Project_NAV2_przyklad/install/nav2_costmap_filters_demo', 'merge_install': False, 'path': '/home/szymon/Documents/MIAPR/Project_NAV2_przyklad/navigation2_tutorials/nav2_costmap_filters_demo', 'symlink_install': False, 'test_result_base': None}
[0.427s] Level 5:colcon.colcon_core.verb:set package 'nav2_gradient_costmap_plugin' build argument 'cmake_args' from command line to 'None'
[0.427s] Level 5:colcon.colcon_core.verb:set package 'nav2_gradient_costmap_plugin' build argument 'cmake_target' from command line to 'None'
[0.427s] Level 5:colcon.colcon_core.verb:set package 'nav2_gradient_costmap_plugin' build argument 'cmake_target_skip_unavailable' from command line to 'False'
[0.427s] Level 5:colcon.colcon_core.verb:set package 'nav2_gradient_costmap_plugin' build argument 'cmake_clean_cache' from command line to 'False'
[0.427s] Level 5:colcon.colcon_core.verb:set package 'nav2_gradient_costmap_plugin' build argument 'cmake_clean_first' from command line to 'False'
[0.427s] Level 5:colcon.colcon_core.verb:set package 'nav2_gradient_costmap_plugin' build argument 'cmake_force_configure' from command line to 'False'
[0.427s] Level 5:colcon.colcon_core.verb:set package 'nav2_gradient_costmap_plugin' build argument 'ament_cmake_args' from command line to 'None'
[0.427s] Level 5:colcon.colcon_core.verb:set package 'nav2_gradient_costmap_plugin' build argument 'catkin_cmake_args' from command line to 'None'
[0.427s] Level 5:colcon.colcon_core.verb:set package 'nav2_gradient_costmap_plugin' build argument 'catkin_skip_building_tests' from command line to 'False'
[0.427s] DEBUG:colcon.colcon_core.verb:Building package 'nav2_gradient_costmap_plugin' with the following arguments: {'ament_cmake_args': None, 'build_base': '/home/szymon/Documents/MIAPR/Project_NAV2_przyklad/build/nav2_gradient_costmap_plugin', 'catkin_cmake_args': None, 'catkin_skip_building_tests': False, 'cmake_args': None, 'cmake_clean_cache': False, 'cmake_clean_first': False, 'cmake_force_configure': False, 'cmake_target': None, 'cmake_target_skip_unavailable': False, 'install_base': '/home/szymon/Documents/MIAPR/Project_NAV2_przyklad/install/nav2_gradient_costmap_plugin', 'merge_install': False, 'path': '/home/szymon/Documents/MIAPR/Project_NAV2_przyklad/navigation2_tutorials/nav2_gradient_costmap_plugin', 'symlink_install': False, 'test_result_base': None}
[0.427s] Level 5:colcon.colcon_core.verb:set package 'nav2_sms_behavior' build argument 'cmake_args' from command line to 'None'
[0.427s] Level 5:colcon.colcon_core.verb:set package 'nav2_sms_behavior' build argument 'cmake_target' from command line to 'None'
[0.427s] Level 5:colcon.colcon_core.verb:set package 'nav2_sms_behavior' build argument 'cmake_target_skip_unavailable' from command line to 'False'
[0.427s] Level 5:colcon.colcon_core.verb:set package 'nav2_sms_behavior' build argument 'cmake_clean_cache' from command line to 'False'
[0.427s] Level 5:colcon.colcon_core.verb:set package 'nav2_sms_behavior' build argument 'cmake_clean_first' from command line to 'False'
[0.427s] Level 5:colcon.colcon_core.verb:set package 'nav2_sms_behavior' build argument 'cmake_force_configure' from command line to 'False'
[0.427s] Level 5:colcon.colcon_core.verb:set package 'nav2_sms_behavior' build argument 'ament_cmake_args' from command line to 'None'
[0.427s] Level 5:colcon.colcon_core.verb:set package 'nav2_sms_behavior' build argument 'catkin_cmake_args' from command line to 'None'
[0.427s] Level 5:colcon.colcon_core.verb:set package 'nav2_sms_behavior' build argument 'catkin_skip_building_tests' from command line to 'False'
[0.427s] DEBUG:colcon.colcon_core.verb:Building package 'nav2_sms_behavior' with the following arguments: {'ament_cmake_args': None, 'build_base': '/home/szymon/Documents/MIAPR/Project_NAV2_przyklad/build/nav2_sms_behavior', 'catkin_cmake_args': None, 'catkin_skip_building_tests': False, 'cmake_args': None, 'cmake_clean_cache': False, 'cmake_clean_first': False, 'cmake_force_configure': False, 'cmake_target': None, 'cmake_target_skip_unavailable': False, 'install_base': '/home/szymon/Documents/MIAPR/Project_NAV2_przyklad/install/nav2_sms_behavior', 'merge_install': False, 'path': '/home/szymon/Documents/MIAPR/Project_NAV2_przyklad/navigation2_tutorials/nav2_sms_behavior', 'symlink_install': False, 'test_result_base': None}
[0.427s] Level 5:colcon.colcon_core.verb:set package 'nav2_straightline_planner' build argument 'cmake_args' from command line to 'None'
[0.427s] Level 5:colcon.colcon_core.verb:set package 'nav2_straightline_planner' build argument 'cmake_target' from command line to 'None'
[0.427s] Level 5:colcon.colcon_core.verb:set package 'nav2_straightline_planner' build argument 'cmake_target_skip_unavailable' from command line to 'False'
[0.427s] Level 5:colcon.colcon_core.verb:set package 'nav2_straightline_planner' build argument 'cmake_clean_cache' from command line to 'False'
[0.427s] Level 5:colcon.colcon_core.verb:set package 'nav2_straightline_planner' build argument 'cmake_clean_first' from command line to 'False'
[0.427s] Level 5:colcon.colcon_core.verb:set package 'nav2_straightline_planner' build argument 'cmake_force_configure' from command line to 'False'
[0.427s] Level 5:colcon.colcon_core.verb:set package 'nav2_straightline_planner' build argument 'ament_cmake_args' from command line to 'None'
[0.427s] Level 5:colcon.colcon_core.verb:set package 'nav2_straightline_planner' build argument 'catkin_cmake_args' from command line to 'None'
[0.427s] Level 5:colcon.colcon_core.verb:set package 'nav2_straightline_planner' build argument 'catkin_skip_building_tests' from command line to 'False'
[0.427s] DEBUG:colcon.colcon_core.verb:Building package 'nav2_straightline_planner' with the following arguments: {'ament_cmake_args': None, 'build_base': '/home/szymon/Documents/MIAPR/Project_NAV2_przyklad/build/nav2_straightline_planner', 'catkin_cmake_args': None, 'catkin_skip_building_tests': False, 'cmake_args': None, 'cmake_clean_cache': False, 'cmake_clean_first': False, 'cmake_force_configure': False, 'cmake_target': None, 'cmake_target_skip_unavailable': False, 'install_base': '/home/szymon/Documents/MIAPR/Project_NAV2_przyklad/install/nav2_straightline_planner', 'merge_install': False, 'path': '/home/szymon/Documents/MIAPR/Project_NAV2_przyklad/navigation2_tutorials/nav2_straightline_planner', 'symlink_install': False, 'test_result_base': None}
[0.427s] Level 5:colcon.colcon_core.verb:set package 'sam_bot_description' build argument 'cmake_args' from command line to 'None'
[0.427s] Level 5:colcon.colcon_core.verb:set package 'sam_bot_description' build argument 'cmake_target' from command line to 'None'
[0.427s] Level 5:colcon.colcon_core.verb:set package 'sam_bot_description' build argument 'cmake_target_skip_unavailable' from command line to 'False'
[0.428s] Level 5:colcon.colcon_core.verb:set package 'sam_bot_description' build argument 'cmake_clean_cache' from command line to 'False'
[0.428s] Level 5:colcon.colcon_core.verb:set package 'sam_bot_description' build argument 'cmake_clean_first' from command line to 'False'
[0.428s] Level 5:colcon.colcon_core.verb:set package 'sam_bot_description' build argument 'cmake_force_configure' from command line to 'False'
[0.428s] Level 5:colcon.colcon_core.verb:set package 'sam_bot_description' build argument 'ament_cmake_args' from command line to 'None'
[0.428s] Level 5:colcon.colcon_core.verb:set package 'sam_bot_description' build argument 'catkin_cmake_args' from command line to 'None'
[0.428s] Level 5:colcon.colcon_core.verb:set package 'sam_bot_description' build argument 'catkin_skip_building_tests' from command line to 'False'
[0.428s] DEBUG:colcon.colcon_core.verb:Building package 'sam_bot_description' with the following arguments: {'ament_cmake_args': None, 'build_base': '/home/szymon/Documents/MIAPR/Project_NAV2_przyklad/build/sam_bot_description', 'catkin_cmake_args': None, 'catkin_skip_building_tests': False, 'cmake_args': None, 'cmake_clean_cache': False, 'cmake_clean_first': False, 'cmake_force_configure': False, 'cmake_target': None, 'cmake_target_skip_unavailable': False, 'install_base': '/home/szymon/Documents/MIAPR/Project_NAV2_przyklad/install/sam_bot_description', 'merge_install': False, 'path': '/home/szymon/Documents/MIAPR/Project_NAV2_przyklad/navigation2_tutorials/sam_bot_description', 'symlink_install': False, 'test_result_base': None}
[0.428s] INFO:colcon.colcon_core.executor:Executing jobs using 'parallel' executor
[0.428s] DEBUG:colcon.colcon_parallel_executor.executor.parallel:run_until_complete
[0.429s] INFO:colcon.colcon_ros.task.ament_cmake.build:Building ROS package in '/home/szymon/Documents/MIAPR/Project_NAV2_przyklad/navigation2_tutorials/nav2_costmap_filters_demo' with build type 'ament_cmake'
[0.429s] INFO:colcon.colcon_cmake.task.cmake.build:Building CMake package in '/home/szymon/Documents/MIAPR/Project_NAV2_przyklad/navigation2_tutorials/nav2_costmap_filters_demo'
[0.431s] INFO:colcon.colcon_core.plugin_system:Skipping extension 'colcon_core.shell.bat': Not used on non-Windows systems
[0.431s] INFO:colcon.colcon_core.shell:Skip shell extension 'powershell' for command environment: Not usable outside of PowerShell
[0.431s] DEBUG:colcon.colcon_core.shell:Skip shell extension 'dsv' for command environment
[0.433s] INFO:colcon.colcon_ros.task.ament_cmake.build:Building ROS package in '/home/szymon/Documents/MIAPR/Project_NAV2_przyklad/navigation2_tutorials/nav2_gradient_costmap_plugin' with build type 'ament_cmake'
[0.433s] INFO:colcon.colcon_cmake.task.cmake.build:Building CMake package in '/home/szymon/Documents/MIAPR/Project_NAV2_przyklad/navigation2_tutorials/nav2_gradient_costmap_plugin'
[0.433s] INFO:colcon.colcon_core.shell:Skip shell extension 'powershell' for command environment: Not usable outside of PowerShell
[0.433s] DEBUG:colcon.colcon_core.shell:Skip shell extension 'dsv' for command environment
[0.435s] INFO:colcon.colcon_ros.task.ament_cmake.build:Building ROS package in '/home/szymon/Documents/MIAPR/Project_NAV2_przyklad/navigation2_tutorials/nav2_sms_behavior' with build type 'ament_cmake'
[0.435s] INFO:colcon.colcon_cmake.task.cmake.build:Building CMake package in '/home/szymon/Documents/MIAPR/Project_NAV2_przyklad/navigation2_tutorials/nav2_sms_behavior'
[0.435s] INFO:colcon.colcon_core.shell:Skip shell extension 'powershell' for command environment: Not usable outside of PowerShell
[0.435s] DEBUG:colcon.colcon_core.shell:Skip shell extension 'dsv' for command environment
[0.437s] INFO:colcon.colcon_ros.task.ament_cmake.build:Building ROS package in '/home/szymon/Documents/MIAPR/Project_NAV2_przyklad/navigation2_tutorials/nav2_straightline_planner' with build type 'ament_cmake'
[0.437s] INFO:colcon.colcon_cmake.task.cmake.build:Building CMake package in '/home/szymon/Documents/MIAPR/Project_NAV2_przyklad/navigation2_tutorials/nav2_straightline_planner'
[0.437s] INFO:colcon.colcon_core.shell:Skip shell extension 'powershell' for command environment: Not usable outside of PowerShell
[0.437s] DEBUG:colcon.colcon_core.shell:Skip shell extension 'dsv' for command environment
[0.439s] INFO:colcon.colcon_ros.task.ament_cmake.build:Building ROS package in '/home/szymon/Documents/MIAPR/Project_NAV2_przyklad/navigation2_tutorials/sam_bot_description' with build type 'ament_cmake'
[0.439s] INFO:colcon.colcon_cmake.task.cmake.build:Building CMake package in '/home/szymon/Documents/MIAPR/Project_NAV2_przyklad/navigation2_tutorials/sam_bot_description'
[0.439s] INFO:colcon.colcon_core.shell:Skip shell extension 'powershell' for command environment: Not usable outside of PowerShell
[0.439s] DEBUG:colcon.colcon_core.shell:Skip shell extension 'dsv' for command environment
[0.444s] DEBUG:colcon.colcon_core.event_handler.log_command:Invoking command in '/home/szymon/Documents/MIAPR/Project_NAV2_przyklad/build/nav2_costmap_filters_demo': CMAKE_PREFIX_PATH=/opt/ros/humble /usr/bin/cmake /home/szymon/Documents/MIAPR/Project_NAV2_przyklad/navigation2_tutorials/nav2_costmap_filters_demo -DCMAKE_INSTALL_PREFIX=/home/szymon/Documents/MIAPR/Project_NAV2_przyklad/install/nav2_costmap_filters_demo
[0.445s] DEBUG:colcon.colcon_core.event_handler.log_command:Invoking command in '/home/szymon/Documents/MIAPR/Project_NAV2_przyklad/build/nav2_gradient_costmap_plugin': CMAKE_PREFIX_PATH=/opt/ros/humble /usr/bin/cmake /home/szymon/Documents/MIAPR/Project_NAV2_przyklad/navigation2_tutorials/nav2_gradient_costmap_plugin -DCMAKE_INSTALL_PREFIX=/home/szymon/Documents/MIAPR/Project_NAV2_przyklad/install/nav2_gradient_costmap_plugin
[0.447s] DEBUG:colcon.colcon_core.event_handler.log_command:Invoking command in '/home/szymon/Documents/MIAPR/Project_NAV2_przyklad/build/nav2_sms_behavior': CMAKE_PREFIX_PATH=/opt/ros/humble /usr/bin/cmake /home/szymon/Documents/MIAPR/Project_NAV2_przyklad/navigation2_tutorials/nav2_sms_behavior -DCMAKE_INSTALL_PREFIX=/home/szymon/Documents/MIAPR/Project_NAV2_przyklad/install/nav2_sms_behavior
[0.448s] DEBUG:colcon.colcon_core.event_handler.log_command:Invoking command in '/home/szymon/Documents/MIAPR/Project_NAV2_przyklad/build/nav2_straightline_planner': CMAKE_PREFIX_PATH=/opt/ros/humble /usr/bin/cmake /home/szymon/Documents/MIAPR/Project_NAV2_przyklad/navigation2_tutorials/nav2_straightline_planner -DCMAKE_INSTALL_PREFIX=/home/szymon/Documents/MIAPR/Project_NAV2_przyklad/install/nav2_straightline_planner
[0.451s] DEBUG:colcon.colcon_core.event_handler.log_command:Invoking command in '/home/szymon/Documents/MIAPR/Project_NAV2_przyklad/build/sam_bot_description': CMAKE_PREFIX_PATH=/opt/ros/humble /usr/bin/cmake /home/szymon/Documents/MIAPR/Project_NAV2_przyklad/navigation2_tutorials/sam_bot_description -DCMAKE_INSTALL_PREFIX=/home/szymon/Documents/MIAPR/Project_NAV2_przyklad/install/sam_bot_description
[1.335s] DEBUG:colcon.colcon_core.event_handler.log_command:Invoked command in '/home/szymon/Documents/MIAPR/Project_NAV2_przyklad/build/nav2_costmap_filters_demo' returned '0': CMAKE_PREFIX_PATH=/opt/ros/humble /usr/bin/cmake /home/szymon/Documents/MIAPR/Project_NAV2_przyklad/navigation2_tutorials/nav2_costmap_filters_demo -DCMAKE_INSTALL_PREFIX=/home/szymon/Documents/MIAPR/Project_NAV2_przyklad/install/nav2_costmap_filters_demo
[1.337s] DEBUG:colcon.colcon_core.event_handler.log_command:Invoking command in '/home/szymon/Documents/MIAPR/Project_NAV2_przyklad/build/nav2_costmap_filters_demo': CMAKE_PREFIX_PATH=/opt/ros/humble /usr/bin/cmake --build /home/szymon/Documents/MIAPR/Project_NAV2_przyklad/build/nav2_costmap_filters_demo -- -j12 -l12
[1.359s] DEBUG:colcon.colcon_core.event_handler.log_command:Invoked command in '/home/szymon/Documents/MIAPR/Project_NAV2_przyklad/build/nav2_costmap_filters_demo' returned '0': CMAKE_PREFIX_PATH=/opt/ros/humble /usr/bin/cmake --build /home/szymon/Documents/MIAPR/Project_NAV2_przyklad/build/nav2_costmap_filters_demo -- -j12 -l12
[1.367s] DEBUG:colcon.colcon_core.event_handler.log_command:Invoking command in '/home/szymon/Documents/MIAPR/Project_NAV2_przyklad/build/nav2_costmap_filters_demo': CMAKE_PREFIX_PATH=/opt/ros/humble /usr/bin/cmake --install /home/szymon/Documents/MIAPR/Project_NAV2_przyklad/build/nav2_costmap_filters_demo
[1.377s] Level 1:colcon.colcon_core.environment:create_environment_scripts_only(nav2_costmap_filters_demo)
[1.378s] DEBUG:colcon.colcon_core.event_handler.log_command:Invoked command in '/home/szymon/Documents/MIAPR/Project_NAV2_przyklad/build/nav2_costmap_filters_demo' returned '0': CMAKE_PREFIX_PATH=/opt/ros/humble /usr/bin/cmake --install /home/szymon/Documents/MIAPR/Project_NAV2_przyklad/build/nav2_costmap_filters_demo
[1.382s] Level 1:colcon.colcon_core.environment:checking '/home/szymon/Documents/MIAPR/Project_NAV2_przyklad/install/nav2_costmap_filters_demo' for CMake module files
[1.382s] Level 1:colcon.colcon_core.environment:checking '/home/szymon/Documents/MIAPR/Project_NAV2_przyklad/install/nav2_costmap_filters_demo' for CMake config files
[1.382s] Level 1:colcon.colcon_core.shell:create_environment_hook('nav2_costmap_filters_demo', 'cmake_prefix_path')
[1.383s] INFO:colcon.colcon_core.shell:Creating environment hook '/home/szymon/Documents/MIAPR/Project_NAV2_przyklad/install/nav2_costmap_filters_demo/share/nav2_costmap_filters_demo/hook/cmake_prefix_path.ps1'
[1.383s] INFO:colcon.colcon_core.shell:Creating environment descriptor '/home/szymon/Documents/MIAPR/Project_NAV2_przyklad/install/nav2_costmap_filters_demo/share/nav2_costmap_filters_demo/hook/cmake_prefix_path.dsv'
[1.384s] INFO:colcon.colcon_core.shell:Creating environment hook '/home/szymon/Documents/MIAPR/Project_NAV2_przyklad/install/nav2_costmap_filters_demo/share/nav2_costmap_filters_demo/hook/cmake_prefix_path.sh'
[1.385s] Level 1:colcon.colcon_core.environment:checking '/home/szymon/Documents/MIAPR/Project_NAV2_przyklad/install/nav2_costmap_filters_demo/bin'
[1.385s] Level 1:colcon.colcon_core.environment:checking '/home/szymon/Documents/MIAPR/Project_NAV2_przyklad/install/nav2_costmap_filters_demo/lib/pkgconfig/nav2_costmap_filters_demo.pc'
[1.385s] Level 1:colcon.colcon_core.environment:checking '/home/szymon/Documents/MIAPR/Project_NAV2_przyklad/install/nav2_costmap_filters_demo/lib/python3.10/site-packages'
[1.385s] Level 1:colcon.colcon_core.environment:checking '/home/szymon/Documents/MIAPR/Project_NAV2_przyklad/install/nav2_costmap_filters_demo/bin'
[1.385s] INFO:colcon.colcon_core.shell:Creating package script '/home/szymon/Documents/MIAPR/Project_NAV2_przyklad/install/nav2_costmap_filters_demo/share/nav2_costmap_filters_demo/package.ps1'
[1.386s] INFO:colcon.colcon_core.shell:Creating package descriptor '/home/szymon/Documents/MIAPR/Project_NAV2_przyklad/install/nav2_costmap_filters_demo/share/nav2_costmap_filters_demo/package.dsv'
[1.386s] INFO:colcon.colcon_core.shell:Creating package script '/home/szymon/Documents/MIAPR/Project_NAV2_przyklad/install/nav2_costmap_filters_demo/share/nav2_costmap_filters_demo/package.sh'
[1.387s] INFO:colcon.colcon_core.shell:Creating package script '/home/szymon/Documents/MIAPR/Project_NAV2_przyklad/install/nav2_costmap_filters_demo/share/nav2_costmap_filters_demo/package.bash'
[1.387s] INFO:colcon.colcon_core.shell:Creating package script '/home/szymon/Documents/MIAPR/Project_NAV2_przyklad/install/nav2_costmap_filters_demo/share/nav2_costmap_filters_demo/package.zsh'
[1.388s] Level 1:colcon.colcon_core.environment:create_file_with_runtime_dependencies(/home/szymon/Documents/MIAPR/Project_NAV2_przyklad/install/nav2_costmap_filters_demo/share/colcon-core/packages/nav2_costmap_filters_demo)
[1.388s] Level 1:colcon.colcon_core.environment:create_environment_scripts_only(nav2_costmap_filters_demo)
[1.388s] Level 1:colcon.colcon_core.environment:checking '/home/szymon/Documents/MIAPR/Project_NAV2_przyklad/install/nav2_costmap_filters_demo' for CMake module files
[1.389s] Level 1:colcon.colcon_core.environment:checking '/home/szymon/Documents/MIAPR/Project_NAV2_przyklad/install/nav2_costmap_filters_demo' for CMake config files
[1.389s] Level 1:colcon.colcon_core.shell:create_environment_hook('nav2_costmap_filters_demo', 'cmake_prefix_path')
[1.389s] INFO:colcon.colcon_core.shell:Creating environment hook '/home/szymon/Documents/MIAPR/Project_NAV2_przyklad/install/nav2_costmap_filters_demo/share/nav2_costmap_filters_demo/hook/cmake_prefix_path.ps1'
[1.389s] INFO:colcon.colcon_core.shell:Creating environment descriptor '/home/szymon/Documents/MIAPR/Project_NAV2_przyklad/install/nav2_costmap_filters_demo/share/nav2_costmap_filters_demo/hook/cmake_prefix_path.dsv'
[1.389s] INFO:colcon.colcon_core.shell:Creating environment hook '/home/szymon/Documents/MIAPR/Project_NAV2_przyklad/install/nav2_costmap_filters_demo/share/nav2_costmap_filters_demo/hook/cmake_prefix_path.sh'
[1.390s] Level 1:colcon.colcon_core.environment:checking '/home/szymon/Documents/MIAPR/Project_NAV2_przyklad/install/nav2_costmap_filters_demo/bin'
[1.390s] Level 1:colcon.colcon_core.environment:checking '/home/szymon/Documents/MIAPR/Project_NAV2_przyklad/install/nav2_costmap_filters_demo/lib/pkgconfig/nav2_costmap_filters_demo.pc'
[1.390s] Level 1:colcon.colcon_core.environment:checking '/home/szymon/Documents/MIAPR/Project_NAV2_przyklad/install/nav2_costmap_filters_demo/lib/python3.10/site-packages'
[1.390s] Level 1:colcon.colcon_core.environment:checking '/home/szymon/Documents/MIAPR/Project_NAV2_przyklad/install/nav2_costmap_filters_demo/bin'
[1.390s] INFO:colcon.colcon_core.shell:Creating package script '/home/szymon/Documents/MIAPR/Project_NAV2_przyklad/install/nav2_costmap_filters_demo/share/nav2_costmap_filters_demo/package.ps1'
[1.391s] INFO:colcon.colcon_core.shell:Creating package descriptor '/home/szymon/Documents/MIAPR/Project_NAV2_przyklad/install/nav2_costmap_filters_demo/share/nav2_costmap_filters_demo/package.dsv'
[1.391s] INFO:colcon.colcon_core.shell:Creating package script '/home/szymon/Documents/MIAPR/Project_NAV2_przyklad/install/nav2_costmap_filters_demo/share/nav2_costmap_filters_demo/package.sh'
[1.391s] INFO:colcon.colcon_core.shell:Creating package script '/home/szymon/Documents/MIAPR/Project_NAV2_przyklad/install/nav2_costmap_filters_demo/share/nav2_costmap_filters_demo/package.bash'
[1.391s] INFO:colcon.colcon_core.shell:Creating package script '/home/szymon/Documents/MIAPR/Project_NAV2_przyklad/install/nav2_costmap_filters_demo/share/nav2_costmap_filters_demo/package.zsh'
[1.392s] Level 1:colcon.colcon_core.environment:create_file_with_runtime_dependencies(/home/szymon/Documents/MIAPR/Project_NAV2_przyklad/install/nav2_costmap_filters_demo/share/colcon-core/packages/nav2_costmap_filters_demo)
[1.440s] DEBUG:colcon.colcon_core.event_handler.log_command:Invoked command in '/home/szymon/Documents/MIAPR/Project_NAV2_przyklad/build/sam_bot_description' returned '0': CMAKE_PREFIX_PATH=/opt/ros/humble /usr/bin/cmake /home/szymon/Documents/MIAPR/Project_NAV2_przyklad/navigation2_tutorials/sam_bot_description -DCMAKE_INSTALL_PREFIX=/home/szymon/Documents/MIAPR/Project_NAV2_przyklad/install/sam_bot_description
[1.441s] DEBUG:colcon.colcon_core.event_handler.log_command:Invoking command in '/home/szymon/Documents/MIAPR/Project_NAV2_przyklad/build/sam_bot_description': CMAKE_PREFIX_PATH=/opt/ros/humble /usr/bin/cmake --build /home/szymon/Documents/MIAPR/Project_NAV2_przyklad/build/sam_bot_description -- -j12 -l12
[1.463s] DEBUG:colcon.colcon_core.event_handler.log_command:Invoked command in '/home/szymon/Documents/MIAPR/Project_NAV2_przyklad/build/sam_bot_description' returned '0': CMAKE_PREFIX_PATH=/opt/ros/humble /usr/bin/cmake --build /home/szymon/Documents/MIAPR/Project_NAV2_przyklad/build/sam_bot_description -- -j12 -l12
[1.464s] DEBUG:colcon.colcon_core.event_handler.log_command:Invoking command in '/home/szymon/Documents/MIAPR/Project_NAV2_przyklad/build/sam_bot_description': CMAKE_PREFIX_PATH=/opt/ros/humble /usr/bin/cmake --install /home/szymon/Documents/MIAPR/Project_NAV2_przyklad/build/sam_bot_description
[1.471s] Level 1:colcon.colcon_core.environment:create_environment_scripts_only(sam_bot_description)
[1.472s] Level 1:colcon.colcon_core.environment:checking '/home/szymon/Documents/MIAPR/Project_NAV2_przyklad/install/sam_bot_description' for CMake module files
[1.472s] DEBUG:colcon.colcon_core.event_handler.log_command:Invoked command in '/home/szymon/Documents/MIAPR/Project_NAV2_przyklad/build/sam_bot_description' returned '0': CMAKE_PREFIX_PATH=/opt/ros/humble /usr/bin/cmake --install /home/szymon/Documents/MIAPR/Project_NAV2_przyklad/build/sam_bot_description
[1.472s] Level 1:colcon.colcon_core.environment:checking '/home/szymon/Documents/MIAPR/Project_NAV2_przyklad/install/sam_bot_description' for CMake config files
[1.473s] Level 1:colcon.colcon_core.shell:create_environment_hook('sam_bot_description', 'cmake_prefix_path')
[1.473s] INFO:colcon.colcon_core.shell:Creating environment hook '/home/szymon/Documents/MIAPR/Project_NAV2_przyklad/install/sam_bot_description/share/sam_bot_description/hook/cmake_prefix_path.ps1'
[1.473s] INFO:colcon.colcon_core.shell:Creating environment descriptor '/home/szymon/Documents/MIAPR/Project_NAV2_przyklad/install/sam_bot_description/share/sam_bot_description/hook/cmake_prefix_path.dsv'
[1.473s] INFO:colcon.colcon_core.shell:Creating environment hook '/home/szymon/Documents/MIAPR/Project_NAV2_przyklad/install/sam_bot_description/share/sam_bot_description/hook/cmake_prefix_path.sh'
[1.474s] Level 1:colcon.colcon_core.environment:checking '/home/szymon/Documents/MIAPR/Project_NAV2_przyklad/install/sam_bot_description/bin'
[1.474s] Level 1:colcon.colcon_core.environment:checking '/home/szymon/Documents/MIAPR/Project_NAV2_przyklad/install/sam_bot_description/lib/pkgconfig/sam_bot_description.pc'
[1.474s] Level 1:colcon.colcon_core.environment:checking '/home/szymon/Documents/MIAPR/Project_NAV2_przyklad/install/sam_bot_description/lib/python3.10/site-packages'
[1.474s] Level 1:colcon.colcon_core.environment:checking '/home/szymon/Documents/MIAPR/Project_NAV2_przyklad/install/sam_bot_description/bin'
[1.474s] INFO:colcon.colcon_core.shell:Creating package script '/home/szymon/Documents/MIAPR/Project_NAV2_przyklad/install/sam_bot_description/share/sam_bot_description/package.ps1'
[1.475s] INFO:colcon.colcon_core.shell:Creating package descriptor '/home/szymon/Documents/MIAPR/Project_NAV2_przyklad/install/sam_bot_description/share/sam_bot_description/package.dsv'
[1.475s] INFO:colcon.colcon_core.shell:Creating package script '/home/szymon/Documents/MIAPR/Project_NAV2_przyklad/install/sam_bot_description/share/sam_bot_description/package.sh'
[1.475s] INFO:colcon.colcon_core.shell:Creating package script '/home/szymon/Documents/MIAPR/Project_NAV2_przyklad/install/sam_bot_description/share/sam_bot_description/package.bash'
[1.475s] INFO:colcon.colcon_core.shell:Creating package script '/home/szymon/Documents/MIAPR/Project_NAV2_przyklad/install/sam_bot_description/share/sam_bot_description/package.zsh'
[1.475s] Level 1:colcon.colcon_core.environment:create_file_with_runtime_dependencies(/home/szymon/Documents/MIAPR/Project_NAV2_przyklad/install/sam_bot_description/share/colcon-core/packages/sam_bot_description)
[1.476s] Level 1:colcon.colcon_core.environment:create_environment_scripts_only(sam_bot_description)
[1.476s] Level 1:colcon.colcon_core.environment:checking '/home/szymon/Documents/MIAPR/Project_NAV2_przyklad/install/sam_bot_description' for CMake module files
[1.476s] Level 1:colcon.colcon_core.environment:checking '/home/szymon/Documents/MIAPR/Project_NAV2_przyklad/install/sam_bot_description' for CMake config files
[1.476s] Level 1:colcon.colcon_core.shell:create_environment_hook('sam_bot_description', 'cmake_prefix_path')
[1.476s] INFO:colcon.colcon_core.shell:Creating environment hook '/home/szymon/Documents/MIAPR/Project_NAV2_przyklad/install/sam_bot_description/share/sam_bot_description/hook/cmake_prefix_path.ps1'
[1.477s] INFO:colcon.colcon_core.shell:Creating environment descriptor '/home/szymon/Documents/MIAPR/Project_NAV2_przyklad/install/sam_bot_description/share/sam_bot_description/hook/cmake_prefix_path.dsv'
[1.477s] INFO:colcon.colcon_core.shell:Creating environment hook '/home/szymon/Documents/MIAPR/Project_NAV2_przyklad/install/sam_bot_description/share/sam_bot_description/hook/cmake_prefix_path.sh'
[1.477s] Level 1:colcon.colcon_core.environment:checking '/home/szymon/Documents/MIAPR/Project_NAV2_przyklad/install/sam_bot_description/bin'
[1.477s] Level 1:colcon.colcon_core.environment:checking '/home/szymon/Documents/MIAPR/Project_NAV2_przyklad/install/sam_bot_description/lib/pkgconfig/sam_bot_description.pc'
[1.478s] Level 1:colcon.colcon_core.environment:checking '/home/szymon/Documents/MIAPR/Project_NAV2_przyklad/install/sam_bot_description/lib/python3.10/site-packages'
[1.478s] Level 1:colcon.colcon_core.environment:checking '/home/szymon/Documents/MIAPR/Project_NAV2_przyklad/install/sam_bot_description/bin'
[1.478s] INFO:colcon.colcon_core.shell:Creating package script '/home/szymon/Documents/MIAPR/Project_NAV2_przyklad/install/sam_bot_description/share/sam_bot_description/package.ps1'
[1.478s] INFO:colcon.colcon_core.shell:Creating package descriptor '/home/szymon/Documents/MIAPR/Project_NAV2_przyklad/install/sam_bot_description/share/sam_bot_description/package.dsv'
[1.478s] INFO:colcon.colcon_core.shell:Creating package script '/home/szymon/Documents/MIAPR/Project_NAV2_przyklad/install/sam_bot_description/share/sam_bot_description/package.sh'
[1.479s] INFO:colcon.colcon_core.shell:Creating package script '/home/szymon/Documents/MIAPR/Project_NAV2_przyklad/install/sam_bot_description/share/sam_bot_description/package.bash'
[1.479s] INFO:colcon.colcon_core.shell:Creating package script '/home/szymon/Documents/MIAPR/Project_NAV2_przyklad/install/sam_bot_description/share/sam_bot_description/package.zsh'
[1.479s] Level 1:colcon.colcon_core.environment:create_file_with_runtime_dependencies(/home/szymon/Documents/MIAPR/Project_NAV2_przyklad/install/sam_bot_description/share/colcon-core/packages/sam_bot_description)
[2.028s] DEBUG:colcon.colcon_core.event_handler.log_command:Invoked command in '/home/szymon/Documents/MIAPR/Project_NAV2_przyklad/build/nav2_gradient_costmap_plugin' returned '0': CMAKE_PREFIX_PATH=/opt/ros/humble /usr/bin/cmake /home/szymon/Documents/MIAPR/Project_NAV2_przyklad/navigation2_tutorials/nav2_gradient_costmap_plugin -DCMAKE_INSTALL_PREFIX=/home/szymon/Documents/MIAPR/Project_NAV2_przyklad/install/nav2_gradient_costmap_plugin
[2.029s] DEBUG:colcon.colcon_core.event_handler.log_command:Invoking command in '/home/szymon/Documents/MIAPR/Project_NAV2_przyklad/build/nav2_gradient_costmap_plugin': CMAKE_PREFIX_PATH=/opt/ros/humble /usr/bin/cmake --build /home/szymon/Documents/MIAPR/Project_NAV2_przyklad/build/nav2_gradient_costmap_plugin -- -j12 -l12
[2.096s] DEBUG:colcon.colcon_core.event_handler.log_command:Invoked command in '/home/szymon/Documents/MIAPR/Project_NAV2_przyklad/build/nav2_straightline_planner' returned '0': CMAKE_PREFIX_PATH=/opt/ros/humble /usr/bin/cmake /home/szymon/Documents/MIAPR/Project_NAV2_przyklad/navigation2_tutorials/nav2_straightline_planner -DCMAKE_INSTALL_PREFIX=/home/szymon/Documents/MIAPR/Project_NAV2_przyklad/install/nav2_straightline_planner
[2.097s] DEBUG:colcon.colcon_core.event_handler.log_command:Invoking command in '/home/szymon/Documents/MIAPR/Project_NAV2_przyklad/build/nav2_straightline_planner': CMAKE_PREFIX_PATH=/opt/ros/humble /usr/bin/cmake --build /home/szymon/Documents/MIAPR/Project_NAV2_przyklad/build/nav2_straightline_planner -- -j12 -l12
[3.267s] DEBUG:colcon.colcon_core.event_handler.log_command:Invoked command in '/home/szymon/Documents/MIAPR/Project_NAV2_przyklad/build/nav2_sms_behavior' returned '0': CMAKE_PREFIX_PATH=/opt/ros/humble /usr/bin/cmake /home/szymon/Documents/MIAPR/Project_NAV2_przyklad/navigation2_tutorials/nav2_sms_behavior -DCMAKE_INSTALL_PREFIX=/home/szymon/Documents/MIAPR/Project_NAV2_przyklad/install/nav2_sms_behavior
[3.268s] DEBUG:colcon.colcon_core.event_handler.log_command:Invoking command in '/home/szymon/Documents/MIAPR/Project_NAV2_przyklad/build/nav2_sms_behavior': CMAKE_PREFIX_PATH=/opt/ros/humble /usr/bin/cmake --build /home/szymon/Documents/MIAPR/Project_NAV2_przyklad/build/nav2_sms_behavior -- -j12 -l12
[4.552s] DEBUG:colcon.colcon_core.event_handler.log_command:Invoked command in '/home/szymon/Documents/MIAPR/Project_NAV2_przyklad/build/nav2_gradient_costmap_plugin' returned '0': CMAKE_PREFIX_PATH=/opt/ros/humble /usr/bin/cmake --build /home/szymon/Documents/MIAPR/Project_NAV2_przyklad/build/nav2_gradient_costmap_plugin -- -j12 -l12
[4.554s] DEBUG:colcon.colcon_core.event_handler.log_command:Invoking command in '/home/szymon/Documents/MIAPR/Project_NAV2_przyklad/build/nav2_gradient_costmap_plugin': CMAKE_PREFIX_PATH=/opt/ros/humble /usr/bin/cmake --install /home/szymon/Documents/MIAPR/Project_NAV2_przyklad/build/nav2_gradient_costmap_plugin
[4.564s] Level 1:colcon.colcon_core.environment:create_environment_scripts_only(nav2_gradient_costmap_plugin)
[4.564s] Level 1:colcon.colcon_core.environment:checking '/home/szymon/Documents/MIAPR/Project_NAV2_przyklad/install/nav2_gradient_costmap_plugin' for CMake module files
[4.565s] DEBUG:colcon.colcon_core.event_handler.log_command:Invoked command in '/home/szymon/Documents/MIAPR/Project_NAV2_przyklad/build/nav2_gradient_costmap_plugin' returned '0': CMAKE_PREFIX_PATH=/opt/ros/humble /usr/bin/cmake --install /home/szymon/Documents/MIAPR/Project_NAV2_przyklad/build/nav2_gradient_costmap_plugin
[4.565s] Level 1:colcon.colcon_core.environment:checking '/home/szymon/Documents/MIAPR/Project_NAV2_przyklad/install/nav2_gradient_costmap_plugin' for CMake config files
[4.565s] Level 1:colcon.colcon_core.shell:create_environment_hook('nav2_gradient_costmap_plugin', 'cmake_prefix_path')
[4.566s] INFO:colcon.colcon_core.shell:Creating environment hook '/home/szymon/Documents/MIAPR/Project_NAV2_przyklad/install/nav2_gradient_costmap_plugin/share/nav2_gradient_costmap_plugin/hook/cmake_prefix_path.ps1'
[4.566s] INFO:colcon.colcon_core.shell:Creating environment descriptor '/home/szymon/Documents/MIAPR/Project_NAV2_przyklad/install/nav2_gradient_costmap_plugin/share/nav2_gradient_costmap_plugin/hook/cmake_prefix_path.dsv'
[4.566s] INFO:colcon.colcon_core.shell:Creating environment hook '/home/szymon/Documents/MIAPR/Project_NAV2_przyklad/install/nav2_gradient_costmap_plugin/share/nav2_gradient_costmap_plugin/hook/cmake_prefix_path.sh'
[4.567s] Level 1:colcon.colcon_core.environment:checking '/home/szymon/Documents/MIAPR/Project_NAV2_przyklad/install/nav2_gradient_costmap_plugin/lib'
[4.567s] Level 1:colcon.colcon_core.shell:create_environment_hook('nav2_gradient_costmap_plugin', 'ld_library_path_lib')
[4.567s] INFO:colcon.colcon_core.shell:Creating environment hook '/home/szymon/Documents/MIAPR/Project_NAV2_przyklad/install/nav2_gradient_costmap_plugin/share/nav2_gradient_costmap_plugin/hook/ld_library_path_lib.ps1'
[4.568s] INFO:colcon.colcon_core.shell:Creating environment descriptor '/home/szymon/Documents/MIAPR/Project_NAV2_przyklad/install/nav2_gradient_costmap_plugin/share/nav2_gradient_costmap_plugin/hook/ld_library_path_lib.dsv'
[4.568s] INFO:colcon.colcon_core.shell:Creating environment hook '/home/szymon/Documents/MIAPR/Project_NAV2_przyklad/install/nav2_gradient_costmap_plugin/share/nav2_gradient_costmap_plugin/hook/ld_library_path_lib.sh'
[4.568s] Level 1:colcon.colcon_core.environment:checking '/home/szymon/Documents/MIAPR/Project_NAV2_przyklad/install/nav2_gradient_costmap_plugin/bin'
[4.569s] Level 1:colcon.colcon_core.environment:checking '/home/szymon/Documents/MIAPR/Project_NAV2_przyklad/install/nav2_gradient_costmap_plugin/lib/pkgconfig/nav2_gradient_costmap_plugin.pc'
[4.569s] Level 1:colcon.colcon_core.environment:checking '/home/szymon/Documents/MIAPR/Project_NAV2_przyklad/install/nav2_gradient_costmap_plugin/lib/python3.10/site-packages'
[4.569s] Level 1:colcon.colcon_core.environment:checking '/home/szymon/Documents/MIAPR/Project_NAV2_przyklad/install/nav2_gradient_costmap_plugin/bin'
[4.569s] INFO:colcon.colcon_core.shell:Creating package script '/home/szymon/Documents/MIAPR/Project_NAV2_przyklad/install/nav2_gradient_costmap_plugin/share/nav2_gradient_costmap_plugin/package.ps1'
[4.570s] INFO:colcon.colcon_core.shell:Creating package descriptor '/home/szymon/Documents/MIAPR/Project_NAV2_przyklad/install/nav2_gradient_costmap_plugin/share/nav2_gradient_costmap_plugin/package.dsv'
[4.570s] INFO:colcon.colcon_core.shell:Creating package script '/home/szymon/Documents/MIAPR/Project_NAV2_przyklad/install/nav2_gradient_costmap_plugin/share/nav2_gradient_costmap_plugin/package.sh'
[4.571s] INFO:colcon.colcon_core.shell:Creating package script '/home/szymon/Documents/MIAPR/Project_NAV2_przyklad/install/nav2_gradient_costmap_plugin/share/nav2_gradient_costmap_plugin/package.bash'
[4.571s] INFO:colcon.colcon_core.shell:Creating package script '/home/szymon/Documents/MIAPR/Project_NAV2_przyklad/install/nav2_gradient_costmap_plugin/share/nav2_gradient_costmap_plugin/package.zsh'
[4.571s] Level 1:colcon.colcon_core.environment:create_file_with_runtime_dependencies(/home/szymon/Documents/MIAPR/Project_NAV2_przyklad/install/nav2_gradient_costmap_plugin/share/colcon-core/packages/nav2_gradient_costmap_plugin)
[4.572s] Level 1:colcon.colcon_core.environment:create_environment_scripts_only(nav2_gradient_costmap_plugin)
[4.572s] Level 1:colcon.colcon_core.environment:checking '/home/szymon/Documents/MIAPR/Project_NAV2_przyklad/install/nav2_gradient_costmap_plugin' for CMake module files
[4.573s] Level 1:colcon.colcon_core.environment:checking '/home/szymon/Documents/MIAPR/Project_NAV2_przyklad/install/nav2_gradient_costmap_plugin' for CMake config files
[4.573s] Level 1:colcon.colcon_core.shell:create_environment_hook('nav2_gradient_costmap_plugin', 'cmake_prefix_path')
[4.573s] INFO:colcon.colcon_core.shell:Creating environment hook '/home/szymon/Documents/MIAPR/Project_NAV2_przyklad/install/nav2_gradient_costmap_plugin/share/nav2_gradient_costmap_plugin/hook/cmake_prefix_path.ps1'
[4.574s] INFO:colcon.colcon_core.shell:Creating environment descriptor '/home/szymon/Documents/MIAPR/Project_NAV2_przyklad/install/nav2_gradient_costmap_plugin/share/nav2_gradient_costmap_plugin/hook/cmake_prefix_path.dsv'
[4.574s] INFO:colcon.colcon_core.shell:Creating environment hook '/home/szymon/Documents/MIAPR/Project_NAV2_przyklad/install/nav2_gradient_costmap_plugin/share/nav2_gradient_costmap_plugin/hook/cmake_prefix_path.sh'
[4.574s] Level 1:colcon.colcon_core.environment:checking '/home/szymon/Documents/MIAPR/Project_NAV2_przyklad/install/nav2_gradient_costmap_plugin/lib'
[4.574s] Level 1:colcon.colcon_core.shell:create_environment_hook('nav2_gradient_costmap_plugin', 'ld_library_path_lib')
[4.575s] INFO:colcon.colcon_core.shell:Creating environment hook '/home/szymon/Documents/MIAPR/Project_NAV2_przyklad/install/nav2_gradient_costmap_plugin/share/nav2_gradient_costmap_plugin/hook/ld_library_path_lib.ps1'
[4.575s] INFO:colcon.colcon_core.shell:Creating environment descriptor '/home/szymon/Documents/MIAPR/Project_NAV2_przyklad/install/nav2_gradient_costmap_plugin/share/nav2_gradient_costmap_plugin/hook/ld_library_path_lib.dsv'
[4.575s] INFO:colcon.colcon_core.shell:Creating environment hook '/home/szymon/Documents/MIAPR/Project_NAV2_przyklad/install/nav2_gradient_costmap_plugin/share/nav2_gradient_costmap_plugin/hook/ld_library_path_lib.sh'
[4.576s] Level 1:colcon.colcon_core.environment:checking '/home/szymon/Documents/MIAPR/Project_NAV2_przyklad/install/nav2_gradient_costmap_plugin/bin'
[4.576s] Level 1:colcon.colcon_core.environment:checking '/home/szymon/Documents/MIAPR/Project_NAV2_przyklad/install/nav2_gradient_costmap_plugin/lib/pkgconfig/nav2_gradient_costmap_plugin.pc'
[4.576s] Level 1:colcon.colcon_core.environment:checking '/home/szymon/Documents/MIAPR/Project_NAV2_przyklad/install/nav2_gradient_costmap_plugin/lib/python3.10/site-packages'
[4.576s] Level 1:colcon.colcon_core.environment:checking '/home/szymon/Documents/MIAPR/Project_NAV2_przyklad/install/nav2_gradient_costmap_plugin/bin'
[4.577s] INFO:colcon.colcon_core.shell:Creating package script '/home/szymon/Documents/MIAPR/Project_NAV2_przyklad/install/nav2_gradient_costmap_plugin/share/nav2_gradient_costmap_plugin/package.ps1'
[4.577s] INFO:colcon.colcon_core.shell:Creating package descriptor '/home/szymon/Documents/MIAPR/Project_NAV2_przyklad/install/nav2_gradient_costmap_plugin/share/nav2_gradient_costmap_plugin/package.dsv'
[4.578s] INFO:colcon.colcon_core.shell:Creating package script '/home/szymon/Documents/MIAPR/Project_NAV2_przyklad/install/nav2_gradient_costmap_plugin/share/nav2_gradient_costmap_plugin/package.sh'
[4.578s] INFO:colcon.colcon_core.shell:Creating package script '/home/szymon/Documents/MIAPR/Project_NAV2_przyklad/install/nav2_gradient_costmap_plugin/share/nav2_gradient_costmap_plugin/package.bash'
[4.579s] INFO:colcon.colcon_core.shell:Creating package script '/home/szymon/Documents/MIAPR/Project_NAV2_przyklad/install/nav2_gradient_costmap_plugin/share/nav2_gradient_costmap_plugin/package.zsh'
[4.579s] Level 1:colcon.colcon_core.environment:create_file_with_runtime_dependencies(/home/szymon/Documents/MIAPR/Project_NAV2_przyklad/install/nav2_gradient_costmap_plugin/share/colcon-core/packages/nav2_gradient_costmap_plugin)
[5.660s] DEBUG:colcon.colcon_core.event_handler.log_command:Invoked command in '/home/szymon/Documents/MIAPR/Project_NAV2_przyklad/build/nav2_straightline_planner' returned '0': CMAKE_PREFIX_PATH=/opt/ros/humble /usr/bin/cmake --build /home/szymon/Documents/MIAPR/Project_NAV2_przyklad/build/nav2_straightline_planner -- -j12 -l12
[5.662s] DEBUG:colcon.colcon_core.event_handler.log_command:Invoking command in '/home/szymon/Documents/MIAPR/Project_NAV2_przyklad/build/nav2_straightline_planner': CMAKE_PREFIX_PATH=/opt/ros/humble /usr/bin/cmake --install /home/szymon/Documents/MIAPR/Project_NAV2_przyklad/build/nav2_straightline_planner
[5.670s] Level 1:colcon.colcon_core.environment:create_environment_scripts_only(nav2_straightline_planner)
[5.671s] Level 1:colcon.colcon_core.environment:checking '/home/szymon/Documents/MIAPR/Project_NAV2_przyklad/install/nav2_straightline_planner' for CMake module files
[5.671s] DEBUG:colcon.colcon_core.event_handler.log_command:Invoked command in '/home/szymon/Documents/MIAPR/Project_NAV2_przyklad/build/nav2_straightline_planner' returned '0': CMAKE_PREFIX_PATH=/opt/ros/humble /usr/bin/cmake --install /home/szymon/Documents/MIAPR/Project_NAV2_przyklad/build/nav2_straightline_planner
[5.671s] Level 1:colcon.colcon_core.environment:checking '/home/szymon/Documents/MIAPR/Project_NAV2_przyklad/install/nav2_straightline_planner' for CMake config files
[5.672s] Level 1:colcon.colcon_core.shell:create_environment_hook('nav2_straightline_planner', 'cmake_prefix_path')
[5.672s] INFO:colcon.colcon_core.shell:Creating environment hook '/home/szymon/Documents/MIAPR/Project_NAV2_przyklad/install/nav2_straightline_planner/share/nav2_straightline_planner/hook/cmake_prefix_path.ps1'
[5.672s] INFO:colcon.colcon_core.shell:Creating environment descriptor '/home/szymon/Documents/MIAPR/Project_NAV2_przyklad/install/nav2_straightline_planner/share/nav2_straightline_planner/hook/cmake_prefix_path.dsv'
[5.673s] INFO:colcon.colcon_core.shell:Creating environment hook '/home/szymon/Documents/MIAPR/Project_NAV2_przyklad/install/nav2_straightline_planner/share/nav2_straightline_planner/hook/cmake_prefix_path.sh'
[5.673s] Level 1:colcon.colcon_core.environment:checking '/home/szymon/Documents/MIAPR/Project_NAV2_przyklad/install/nav2_straightline_planner/lib'
[5.673s] Level 1:colcon.colcon_core.shell:create_environment_hook('nav2_straightline_planner', 'ld_library_path_lib')
[5.674s] INFO:colcon.colcon_core.shell:Creating environment hook '/home/szymon/Documents/MIAPR/Project_NAV2_przyklad/install/nav2_straightline_planner/share/nav2_straightline_planner/hook/ld_library_path_lib.ps1'
[5.674s] INFO:colcon.colcon_core.shell:Creating environment descriptor '/home/szymon/Documents/MIAPR/Project_NAV2_przyklad/install/nav2_straightline_planner/share/nav2_straightline_planner/hook/ld_library_path_lib.dsv'
[5.674s] INFO:colcon.colcon_core.shell:Creating environment hook '/home/szymon/Documents/MIAPR/Project_NAV2_przyklad/install/nav2_straightline_planner/share/nav2_straightline_planner/hook/ld_library_path_lib.sh'
[5.674s] Level 1:colcon.colcon_core.environment:checking '/home/szymon/Documents/MIAPR/Project_NAV2_przyklad/install/nav2_straightline_planner/bin'
[5.675s] Level 1:colcon.colcon_core.environment:checking '/home/szymon/Documents/MIAPR/Project_NAV2_przyklad/install/nav2_straightline_planner/lib/pkgconfig/nav2_straightline_planner.pc'
[5.675s] Level 1:colcon.colcon_core.environment:checking '/home/szymon/Documents/MIAPR/Project_NAV2_przyklad/install/nav2_straightline_planner/lib/python3.10/site-packages'
[5.675s] Level 1:colcon.colcon_core.environment:checking '/home/szymon/Documents/MIAPR/Project_NAV2_przyklad/install/nav2_straightline_planner/bin'
[5.675s] INFO:colcon.colcon_core.shell:Creating package script '/home/szymon/Documents/MIAPR/Project_NAV2_przyklad/install/nav2_straightline_planner/share/nav2_straightline_planner/package.ps1'
[5.676s] INFO:colcon.colcon_core.shell:Creating package descriptor '/home/szymon/Documents/MIAPR/Project_NAV2_przyklad/install/nav2_straightline_planner/share/nav2_straightline_planner/package.dsv'
[5.676s] INFO:colcon.colcon_core.shell:Creating package script '/home/szymon/Documents/MIAPR/Project_NAV2_przyklad/install/nav2_straightline_planner/share/nav2_straightline_planner/package.sh'
[5.677s] INFO:colcon.colcon_core.shell:Creating package script '/home/szymon/Documents/MIAPR/Project_NAV2_przyklad/install/nav2_straightline_planner/share/nav2_straightline_planner/package.bash'
[5.677s] INFO:colcon.colcon_core.shell:Creating package script '/home/szymon/Documents/MIAPR/Project_NAV2_przyklad/install/nav2_straightline_planner/share/nav2_straightline_planner/package.zsh'
[5.677s] Level 1:colcon.colcon_core.environment:create_file_with_runtime_dependencies(/home/szymon/Documents/MIAPR/Project_NAV2_przyklad/install/nav2_straightline_planner/share/colcon-core/packages/nav2_straightline_planner)
[5.677s] Level 1:colcon.colcon_core.environment:create_environment_scripts_only(nav2_straightline_planner)
[5.678s] Level 1:colcon.colcon_core.environment:checking '/home/szymon/Documents/MIAPR/Project_NAV2_przyklad/install/nav2_straightline_planner' for CMake module files
[5.678s] Level 1:colcon.colcon_core.environment:checking '/home/szymon/Documents/MIAPR/Project_NAV2_przyklad/install/nav2_straightline_planner' for CMake config files
[5.678s] Level 1:colcon.colcon_core.shell:create_environment_hook('nav2_straightline_planner', 'cmake_prefix_path')
[5.678s] INFO:colcon.colcon_core.shell:Creating environment hook '/home/szymon/Documents/MIAPR/Project_NAV2_przyklad/install/nav2_straightline_planner/share/nav2_straightline_planner/hook/cmake_prefix_path.ps1'
[5.678s] INFO:colcon.colcon_core.shell:Creating environment descriptor '/home/szymon/Documents/MIAPR/Project_NAV2_przyklad/install/nav2_straightline_planner/share/nav2_straightline_planner/hook/cmake_prefix_path.dsv'
[5.678s] INFO:colcon.colcon_core.shell:Creating environment hook '/home/szymon/Documents/MIAPR/Project_NAV2_przyklad/install/nav2_straightline_planner/share/nav2_straightline_planner/hook/cmake_prefix_path.sh'
[5.679s] Level 1:colcon.colcon_core.environment:checking '/home/szymon/Documents/MIAPR/Project_NAV2_przyklad/install/nav2_straightline_planner/lib'
[5.679s] Level 1:colcon.colcon_core.shell:create_environment_hook('nav2_straightline_planner', 'ld_library_path_lib')
[5.679s] INFO:colcon.colcon_core.shell:Creating environment hook '/home/szymon/Documents/MIAPR/Project_NAV2_przyklad/install/nav2_straightline_planner/share/nav2_straightline_planner/hook/ld_library_path_lib.ps1'
[5.679s] INFO:colcon.colcon_core.shell:Creating environment descriptor '/home/szymon/Documents/MIAPR/Project_NAV2_przyklad/install/nav2_straightline_planner/share/nav2_straightline_planner/hook/ld_library_path_lib.dsv'
[5.679s] INFO:colcon.colcon_core.shell:Creating environment hook '/home/szymon/Documents/MIAPR/Project_NAV2_przyklad/install/nav2_straightline_planner/share/nav2_straightline_planner/hook/ld_library_path_lib.sh'
[5.679s] Level 1:colcon.colcon_core.environment:checking '/home/szymon/Documents/MIAPR/Project_NAV2_przyklad/install/nav2_straightline_planner/bin'
[5.679s] Level 1:colcon.colcon_core.environment:checking '/home/szymon/Documents/MIAPR/Project_NAV2_przyklad/install/nav2_straightline_planner/lib/pkgconfig/nav2_straightline_planner.pc'
[5.680s] Level 1:colcon.colcon_core.environment:checking '/home/szymon/Documents/MIAPR/Project_NAV2_przyklad/install/nav2_straightline_planner/lib/python3.10/site-packages'
[5.680s] Level 1:colcon.colcon_core.environment:checking '/home/szymon/Documents/MIAPR/Project_NAV2_przyklad/install/nav2_straightline_planner/bin'
[5.680s] INFO:colcon.colcon_core.shell:Creating package script '/home/szymon/Documents/MIAPR/Project_NAV2_przyklad/install/nav2_straightline_planner/share/nav2_straightline_planner/package.ps1'
[5.680s] INFO:colcon.colcon_core.shell:Creating package descriptor '/home/szymon/Documents/MIAPR/Project_NAV2_przyklad/install/nav2_straightline_planner/share/nav2_straightline_planner/package.dsv'
[5.680s] INFO:colcon.colcon_core.shell:Creating package script '/home/szymon/Documents/MIAPR/Project_NAV2_przyklad/install/nav2_straightline_planner/share/nav2_straightline_planner/package.sh'
[5.681s] INFO:colcon.colcon_core.shell:Creating package script '/home/szymon/Documents/MIAPR/Project_NAV2_przyklad/install/nav2_straightline_planner/share/nav2_straightline_planner/package.bash'
[5.681s] INFO:colcon.colcon_core.shell:Creating package script '/home/szymon/Documents/MIAPR/Project_NAV2_przyklad/install/nav2_straightline_planner/share/nav2_straightline_planner/package.zsh'
[5.681s] Level 1:colcon.colcon_core.environment:create_file_with_runtime_dependencies(/home/szymon/Documents/MIAPR/Project_NAV2_przyklad/install/nav2_straightline_planner/share/colcon-core/packages/nav2_straightline_planner)
[8.610s] DEBUG:colcon.colcon_core.event_handler.log_command:Invoked command in '/home/szymon/Documents/MIAPR/Project_NAV2_przyklad/build/nav2_sms_behavior' returned '0': CMAKE_PREFIX_PATH=/opt/ros/humble /usr/bin/cmake --build /home/szymon/Documents/MIAPR/Project_NAV2_przyklad/build/nav2_sms_behavior -- -j12 -l12
[8.611s] DEBUG:colcon.colcon_core.event_handler.log_command:Invoking command in '/home/szymon/Documents/MIAPR/Project_NAV2_przyklad/build/nav2_sms_behavior': CMAKE_PREFIX_PATH=/opt/ros/humble /usr/bin/cmake --install /home/szymon/Documents/MIAPR/Project_NAV2_przyklad/build/nav2_sms_behavior
[8.654s] Level 1:colcon.colcon_core.environment:create_environment_scripts_only(nav2_sms_behavior)
[8.654s] Level 1:colcon.colcon_core.environment:checking '/home/szymon/Documents/MIAPR/Project_NAV2_przyklad/install/nav2_sms_behavior' for CMake module files
[8.654s] DEBUG:colcon.colcon_core.event_handler.log_command:Invoked command in '/home/szymon/Documents/MIAPR/Project_NAV2_przyklad/build/nav2_sms_behavior' returned '0': CMAKE_PREFIX_PATH=/opt/ros/humble /usr/bin/cmake --install /home/szymon/Documents/MIAPR/Project_NAV2_przyklad/build/nav2_sms_behavior
[8.655s] Level 1:colcon.colcon_core.environment:checking '/home/szymon/Documents/MIAPR/Project_NAV2_przyklad/install/nav2_sms_behavior' for CMake config files
[8.655s] Level 1:colcon.colcon_core.shell:create_environment_hook('nav2_sms_behavior', 'cmake_prefix_path')
[8.655s] INFO:colcon.colcon_core.shell:Creating environment hook '/home/szymon/Documents/MIAPR/Project_NAV2_przyklad/install/nav2_sms_behavior/share/nav2_sms_behavior/hook/cmake_prefix_path.ps1'
[8.655s] INFO:colcon.colcon_core.shell:Creating environment descriptor '/home/szymon/Documents/MIAPR/Project_NAV2_przyklad/install/nav2_sms_behavior/share/nav2_sms_behavior/hook/cmake_prefix_path.dsv'
[8.656s] INFO:colcon.colcon_core.shell:Creating environment hook '/home/szymon/Documents/MIAPR/Project_NAV2_przyklad/install/nav2_sms_behavior/share/nav2_sms_behavior/hook/cmake_prefix_path.sh'
[8.656s] Level 1:colcon.colcon_core.environment:checking '/home/szymon/Documents/MIAPR/Project_NAV2_przyklad/install/nav2_sms_behavior/lib'
[8.656s] Level 1:colcon.colcon_core.shell:create_environment_hook('nav2_sms_behavior', 'ld_library_path_lib')
[8.656s] INFO:colcon.colcon_core.shell:Creating environment hook '/home/szymon/Documents/MIAPR/Project_NAV2_przyklad/install/nav2_sms_behavior/share/nav2_sms_behavior/hook/ld_library_path_lib.ps1'
[8.656s] INFO:colcon.colcon_core.shell:Creating environment descriptor '/home/szymon/Documents/MIAPR/Project_NAV2_przyklad/install/nav2_sms_behavior/share/nav2_sms_behavior/hook/ld_library_path_lib.dsv'
[8.656s] INFO:colcon.colcon_core.shell:Creating environment hook '/home/szymon/Documents/MIAPR/Project_NAV2_przyklad/install/nav2_sms_behavior/share/nav2_sms_behavior/hook/ld_library_path_lib.sh'
[8.657s] Level 1:colcon.colcon_core.environment:checking '/home/szymon/Documents/MIAPR/Project_NAV2_przyklad/install/nav2_sms_behavior/bin'
[8.657s] Level 1:colcon.colcon_core.environment:checking '/home/szymon/Documents/MIAPR/Project_NAV2_przyklad/install/nav2_sms_behavior/lib/pkgconfig/nav2_sms_behavior.pc'
[8.657s] Level 1:colcon.colcon_core.environment:checking '/home/szymon/Documents/MIAPR/Project_NAV2_przyklad/install/nav2_sms_behavior/lib/python3.10/site-packages'
[8.657s] Level 1:colcon.colcon_core.environment:checking '/home/szymon/Documents/MIAPR/Project_NAV2_przyklad/install/nav2_sms_behavior/bin'
[8.657s] INFO:colcon.colcon_core.shell:Creating package script '/home/szymon/Documents/MIAPR/Project_NAV2_przyklad/install/nav2_sms_behavior/share/nav2_sms_behavior/package.ps1'
[8.657s] INFO:colcon.colcon_core.shell:Creating package descriptor '/home/szymon/Documents/MIAPR/Project_NAV2_przyklad/install/nav2_sms_behavior/share/nav2_sms_behavior/package.dsv'
[8.657s] INFO:colcon.colcon_core.shell:Creating package script '/home/szymon/Documents/MIAPR/Project_NAV2_przyklad/install/nav2_sms_behavior/share/nav2_sms_behavior/package.sh'
[8.658s] INFO:colcon.colcon_core.shell:Creating package script '/home/szymon/Documents/MIAPR/Project_NAV2_przyklad/install/nav2_sms_behavior/share/nav2_sms_behavior/package.bash'
[8.658s] INFO:colcon.colcon_core.shell:Creating package script '/home/szymon/Documents/MIAPR/Project_NAV2_przyklad/install/nav2_sms_behavior/share/nav2_sms_behavior/package.zsh'
[8.658s] Level 1:colcon.colcon_core.environment:create_file_with_runtime_dependencies(/home/szymon/Documents/MIAPR/Project_NAV2_przyklad/install/nav2_sms_behavior/share/colcon-core/packages/nav2_sms_behavior)
[8.658s] Level 1:colcon.colcon_core.environment:create_environment_scripts_only(nav2_sms_behavior)
[8.658s] Level 1:colcon.colcon_core.environment:checking '/home/szymon/Documents/MIAPR/Project_NAV2_przyklad/install/nav2_sms_behavior' for CMake module files
[8.659s] Level 1:colcon.colcon_core.environment:checking '/home/szymon/Documents/MIAPR/Project_NAV2_przyklad/install/nav2_sms_behavior' for CMake config files
[8.659s] Level 1:colcon.colcon_core.shell:create_environment_hook('nav2_sms_behavior', 'cmake_prefix_path')
[8.659s] INFO:colcon.colcon_core.shell:Creating environment hook '/home/szymon/Documents/MIAPR/Project_NAV2_przyklad/install/nav2_sms_behavior/share/nav2_sms_behavior/hook/cmake_prefix_path.ps1'
[8.659s] INFO:colcon.colcon_core.shell:Creating environment descriptor '/home/szymon/Documents/MIAPR/Project_NAV2_przyklad/install/nav2_sms_behavior/share/nav2_sms_behavior/hook/cmake_prefix_path.dsv'
[8.660s] INFO:colcon.colcon_core.shell:Creating environment hook '/home/szymon/Documents/MIAPR/Project_NAV2_przyklad/install/nav2_sms_behavior/share/nav2_sms_behavior/hook/cmake_prefix_path.sh'
[8.660s] Level 1:colcon.colcon_core.environment:checking '/home/szymon/Documents/MIAPR/Project_NAV2_przyklad/install/nav2_sms_behavior/lib'
[8.660s] Level 1:colcon.colcon_core.shell:create_environment_hook('nav2_sms_behavior', 'ld_library_path_lib')
[8.660s] INFO:colcon.colcon_core.shell:Creating environment hook '/home/szymon/Documents/MIAPR/Project_NAV2_przyklad/install/nav2_sms_behavior/share/nav2_sms_behavior/hook/ld_library_path_lib.ps1'
[8.660s] INFO:colcon.colcon_core.shell:Creating environment descriptor '/home/szymon/Documents/MIAPR/Project_NAV2_przyklad/install/nav2_sms_behavior/share/nav2_sms_behavior/hook/ld_library_path_lib.dsv'
[8.661s] INFO:colcon.colcon_core.shell:Creating environment hook '/home/szymon/Documents/MIAPR/Project_NAV2_przyklad/install/nav2_sms_behavior/share/nav2_sms_behavior/hook/ld_library_path_lib.sh'
[8.661s] Level 1:colcon.colcon_core.environment:checking '/home/szymon/Documents/MIAPR/Project_NAV2_przyklad/install/nav2_sms_behavior/bin'
[8.661s] Level 1:colcon.colcon_core.environment:checking '/home/szymon/Documents/MIAPR/Project_NAV2_przyklad/install/nav2_sms_behavior/lib/pkgconfig/nav2_sms_behavior.pc'
[8.661s] Level 1:colcon.colcon_core.environment:checking '/home/szymon/Documents/MIAPR/Project_NAV2_przyklad/install/nav2_sms_behavior/lib/python3.10/site-packages'
[8.661s] Level 1:colcon.colcon_core.environment:checking '/home/szymon/Documents/MIAPR/Project_NAV2_przyklad/install/nav2_sms_behavior/bin'
[8.661s] INFO:colcon.colcon_core.shell:Creating package script '/home/szymon/Documents/MIAPR/Project_NAV2_przyklad/install/nav2_sms_behavior/share/nav2_sms_behavior/package.ps1'
[8.661s] INFO:colcon.colcon_core.shell:Creating package descriptor '/home/szymon/Documents/MIAPR/Project_NAV2_przyklad/install/nav2_sms_behavior/share/nav2_sms_behavior/package.dsv'
[8.662s] INFO:colcon.colcon_core.shell:Creating package script '/home/szymon/Documents/MIAPR/Project_NAV2_przyklad/install/nav2_sms_behavior/share/nav2_sms_behavior/package.sh'
[8.662s] INFO:colcon.colcon_core.shell:Creating package script '/home/szymon/Documents/MIAPR/Project_NAV2_przyklad/install/nav2_sms_behavior/share/nav2_sms_behavior/package.bash'
[8.662s] INFO:colcon.colcon_core.shell:Creating package script '/home/szymon/Documents/MIAPR/Project_NAV2_przyklad/install/nav2_sms_behavior/share/nav2_sms_behavior/package.zsh'
[8.662s] Level 1:colcon.colcon_core.environment:create_file_with_runtime_dependencies(/home/szymon/Documents/MIAPR/Project_NAV2_przyklad/install/nav2_sms_behavior/share/colcon-core/packages/nav2_sms_behavior)
[8.662s] DEBUG:colcon.colcon_parallel_executor.executor.parallel:closing loop
[8.663s] DEBUG:colcon.colcon_parallel_executor.executor.parallel:loop closed
[8.663s] DEBUG:colcon.colcon_parallel_executor.executor.parallel:run_until_complete finished with '0'
[8.663s] DEBUG:colcon.colcon_core.event_reactor:joining thread
[8.666s] INFO:colcon.colcon_core.plugin_system:Skipping extension 'colcon_notification.desktop_notification.terminal_notifier': Not used on non-Darwin systems
[8.666s] INFO:colcon.colcon_core.plugin_system:Skipping extension 'colcon_notification.desktop_notification.win32': Not used on non-Windows systems
[8.666s] INFO:colcon.colcon_notification.desktop_notification:Sending desktop notification using 'notify2'
[8.676s] DEBUG:colcon.colcon_core.event_reactor:joined thread
[8.676s] INFO:colcon.colcon_core.shell:Creating prefix script '/home/szymon/Documents/MIAPR/Project_NAV2_przyklad/install/local_setup.ps1'
[8.677s] INFO:colcon.colcon_core.shell:Creating prefix util module '/home/szymon/Documents/MIAPR/Project_NAV2_przyklad/install/_local_setup_util_ps1.py'
[8.678s] INFO:colcon.colcon_core.shell:Creating prefix chain script '/home/szymon/Documents/MIAPR/Project_NAV2_przyklad/install/setup.ps1'
[8.679s] INFO:colcon.colcon_core.shell:Creating prefix script '/home/szymon/Documents/MIAPR/Project_NAV2_przyklad/install/local_setup.sh'
[8.679s] INFO:colcon.colcon_core.shell:Creating prefix util module '/home/szymon/Documents/MIAPR/Project_NAV2_przyklad/install/_local_setup_util_sh.py'
[8.679s] INFO:colcon.colcon_core.shell:Creating prefix chain script '/home/szymon/Documents/MIAPR/Project_NAV2_przyklad/install/setup.sh'
[8.680s] INFO:colcon.colcon_core.shell:Creating prefix script '/home/szymon/Documents/MIAPR/Project_NAV2_przyklad/install/local_setup.bash'
[8.680s] INFO:colcon.colcon_core.shell:Creating prefix chain script '/home/szymon/Documents/MIAPR/Project_NAV2_przyklad/install/setup.bash'
[8.681s] INFO:colcon.colcon_core.shell:Creating prefix script '/home/szymon/Documents/MIAPR/Project_NAV2_przyklad/install/local_setup.zsh'
[8.681s] INFO:colcon.colcon_core.shell:Creating prefix chain script '/home/szymon/Documents/MIAPR/Project_NAV2_przyklad/install/setup.zsh'
