[  2%] [34m[1mGenerating C code for ROS interfaces[0m
[  5%] [34m[1mGenerating C++ code for ROS interfaces[0m
[  5%] Built target ament_cmake_python_copy_nav2_sms_behavior
running egg_info
creating nav2_sms_behavior.egg-info
writing nav2_sms_behavior.egg-info/PKG-INFO
writing dependency_links to nav2_sms_behavior.egg-info/dependency_links.txt
writing top-level names to nav2_sms_behavior.egg-info/top_level.txt
writing manifest file 'nav2_sms_behavior.egg-info/SOURCES.txt'
reading manifest file 'nav2_sms_behavior.egg-info/SOURCES.txt'
writing manifest file 'nav2_sms_behavior.egg-info/SOURCES.txt'
[  5%] Built target ament_cmake_python_build_nav2_sms_behavior_egg
[  8%] [32mBuilding C object CMakeFiles/nav2_sms_behavior__rosidl_generator_c.dir/rosidl_generator_c/nav2_sms_behavior/action/detail/send_sms__functions.c.o[0m
[ 11%] [32m[1mLinking C shared library libnav2_sms_behavior__rosidl_generator_c.so[0m
[ 11%] Built target nav2_sms_behavior__rosidl_generator_c
[ 14%] [34m[1mGenerating C type support dispatch for ROS interfaces[0m
[ 17%] [34m[1mGenerating C type support for eProsima Fast-RTPS[0m
[ 20%] [34m[1mGenerating C introspection for ROS interfaces[0m
[ 20%] Built target nav2_sms_behavior__cpp
[ 26%] [34m[1mGenerating C++ introspection for ROS interfaces[0m
[ 26%] [34m[1mGenerating C++ type support for eProsima Fast-RTPS[0m
[ 29%] [34m[1mGenerating C++ type support dispatch for ROS interfaces[0m
[ 32%] [32mBuilding CXX object CMakeFiles/nav2_sms_behavior__rosidl_typesupport_cpp.dir/rosidl_typesupport_cpp/nav2_sms_behavior/action/send_sms__type_support.cpp.o[0m
[ 35%] [32mBuilding C object CMakeFiles/nav2_sms_behavior__rosidl_typesupport_introspection_c.dir/rosidl_typesupport_introspection_c/nav2_sms_behavior/action/detail/send_sms__type_support.c.o[0m
[ 38%] [32m[1mLinking C shared library libnav2_sms_behavior__rosidl_typesupport_introspection_c.so[0m
[ 41%] [32mBuilding CXX object CMakeFiles/nav2_sms_behavior__rosidl_typesupport_c.dir/rosidl_typesupport_c/nav2_sms_behavior/action/send_sms__type_support.cpp.o[0m
[ 41%] Built target nav2_sms_behavior__rosidl_typesupport_introspection_c
[ 44%] [32mBuilding CXX object CMakeFiles/nav2_sms_behavior__rosidl_typesupport_introspection_cpp.dir/rosidl_typesupport_introspection_cpp/nav2_sms_behavior/action/detail/send_sms__type_support.cpp.o[0m
[ 47%] [32m[1mLinking CXX shared library libnav2_sms_behavior__rosidl_typesupport_c.so[0m
[ 50%] [32mBuilding CXX object CMakeFiles/nav2_sms_behavior__rosidl_typesupport_fastrtps_cpp.dir/rosidl_typesupport_fastrtps_cpp/nav2_sms_behavior/action/detail/dds_fastrtps/send_sms__type_support.cpp.o[0m
[ 50%] Built target nav2_sms_behavior__rosidl_typesupport_c
[ 52%] [32mBuilding CXX object CMakeFiles/nav2_sms_behavior__rosidl_typesupport_fastrtps_c.dir/rosidl_typesupport_fastrtps_c/nav2_sms_behavior/action/detail/send_sms__type_support_c.cpp.o[0m
[ 55%] [32m[1mLinking CXX shared library libnav2_sms_behavior__rosidl_typesupport_fastrtps_c.so[0m
[ 58%] [32m[1mLinking CXX shared library libnav2_sms_behavior__rosidl_typesupport_introspection_cpp.so[0m
[ 58%] Built target nav2_sms_behavior__rosidl_typesupport_fastrtps_c
[ 61%] [32m[1mLinking CXX shared library libnav2_sms_behavior__rosidl_typesupport_cpp.so[0m
[ 64%] [32m[1mLinking CXX shared library libnav2_sms_behavior__rosidl_typesupport_fastrtps_cpp.so[0m
[ 64%] Built target nav2_sms_behavior__rosidl_typesupport_cpp
[ 64%] Built target nav2_sms_behavior__rosidl_typesupport_introspection_cpp
[ 67%] [32mBuilding CXX object CMakeFiles/nav2_sms_behavior_plugin.dir/src/send_sms.cpp.o[0m
[ 70%] [32mBuilding CXX object CMakeFiles/nav2_sms_behavior_plugin.dir/src/twilio.cpp.o[0m
[ 70%] Built target nav2_sms_behavior__rosidl_typesupport_fastrtps_cpp
[ 70%] Built target nav2_sms_behavior
[ 73%] [34m[1mGenerating Python code for ROS interfaces[0m
[ 73%] Built target nav2_sms_behavior__py
[ 76%] [32mBuilding C object CMakeFiles/nav2_sms_behavior__rosidl_generator_py.dir/rosidl_generator_py/nav2_sms_behavior/action/_send_sms_s.c.o[0m
[ 79%] [32m[1mLinking C shared library rosidl_generator_py/nav2_sms_behavior/libnav2_sms_behavior__rosidl_generator_py.so[0m
[ 79%] Built target nav2_sms_behavior__rosidl_generator_py
[ 85%] [32mBuilding C object CMakeFiles/nav2_sms_behavior__rosidl_typesupport_c__pyext.dir/rosidl_generator_py/nav2_sms_behavior/_nav2_sms_behavior_s.ep.rosidl_typesupport_c.c.o[0m
[ 85%] [32mBuilding C object CMakeFiles/nav2_sms_behavior__rosidl_typesupport_fastrtps_c__pyext.dir/rosidl_generator_py/nav2_sms_behavior/_nav2_sms_behavior_s.ep.rosidl_typesupport_fastrtps_c.c.o[0m
[ 88%] [32mBuilding C object CMakeFiles/nav2_sms_behavior__rosidl_typesupport_introspection_c__pyext.dir/rosidl_generator_py/nav2_sms_behavior/_nav2_sms_behavior_s.ep.rosidl_typesupport_introspection_c.c.o[0m
[ 91%] [32m[1mLinking C shared library rosidl_generator_py/nav2_sms_behavior/nav2_sms_behavior_s__rosidl_typesupport_fastrtps_c.cpython-310-x86_64-linux-gnu.so[0m
[ 91%] Built target nav2_sms_behavior__rosidl_typesupport_fastrtps_c__pyext
[ 94%] [32m[1mLinking C shared library rosidl_generator_py/nav2_sms_behavior/nav2_sms_behavior_s__rosidl_typesupport_introspection_c.cpython-310-x86_64-linux-gnu.so[0m
[ 97%] [32m[1mLinking C shared library rosidl_generator_py/nav2_sms_behavior/nav2_sms_behavior_s__rosidl_typesupport_c.cpython-310-x86_64-linux-gnu.so[0m
[ 97%] Built target nav2_sms_behavior__rosidl_typesupport_introspection_c__pyext
[ 97%] Built target nav2_sms_behavior__rosidl_typesupport_c__pyext
[100%] [32m[1mLinking CXX shared library libnav2_sms_behavior_plugin.so[0m
[100%] Built target nav2_sms_behavior_plugin
-- Install configuration: ""
-- Installing: /root/Shared/src/TurtleRRT-Connect/MIAPR_project/install/nav2_sms_behavior/share/ament_index/resource_index/rosidl_interfaces/nav2_sms_behavior
-- Installing: /root/Shared/src/TurtleRRT-Connect/MIAPR_project/install/nav2_sms_behavior/include/nav2_sms_behavior/nav2_sms_behavior
-- Installing: /root/Shared/src/TurtleRRT-Connect/MIAPR_project/install/nav2_sms_behavior/include/nav2_sms_behavior/nav2_sms_behavior/action
-- Installing: /root/Shared/src/TurtleRRT-Connect/MIAPR_project/install/nav2_sms_behavior/include/nav2_sms_behavior/nav2_sms_behavior/action/send_sms.h
-- Installing: /root/Shared/src/TurtleRRT-Connect/MIAPR_project/install/nav2_sms_behavior/include/nav2_sms_behavior/nav2_sms_behavior/action/detail
-- Installing: /root/Shared/src/TurtleRRT-Connect/MIAPR_project/install/nav2_sms_behavior/include/nav2_sms_behavior/nav2_sms_behavior/action/detail/send_sms__functions.h
-- Installing: /root/Shared/src/TurtleRRT-Connect/MIAPR_project/install/nav2_sms_behavior/include/nav2_sms_behavior/nav2_sms_behavior/action/detail/send_sms__functions.c
-- Installing: /root/Shared/src/TurtleRRT-Connect/MIAPR_project/install/nav2_sms_behavior/include/nav2_sms_behavior/nav2_sms_behavior/action/detail/send_sms__type_support.h
-- Installing: /root/Shared/src/TurtleRRT-Connect/MIAPR_project/install/nav2_sms_behavior/include/nav2_sms_behavior/nav2_sms_behavior/action/detail/send_sms__struct.h
-- Installing: /root/Shared/src/TurtleRRT-Connect/MIAPR_project/install/nav2_sms_behavior/include/nav2_sms_behavior/nav2_sms_behavior/msg
-- Installing: /root/Shared/src/TurtleRRT-Connect/MIAPR_project/install/nav2_sms_behavior/include/nav2_sms_behavior/nav2_sms_behavior/msg/rosidl_generator_c__visibility_control.h
-- Installing: /root/Shared/src/TurtleRRT-Connect/MIAPR_project/install/nav2_sms_behavior/share/nav2_sms_behavior/environment/library_path.sh
-- Installing: /root/Shared/src/TurtleRRT-Connect/MIAPR_project/install/nav2_sms_behavior/share/nav2_sms_behavior/environment/library_path.dsv
-- Installing: /root/Shared/src/TurtleRRT-Connect/MIAPR_project/install/nav2_sms_behavior/lib/libnav2_sms_behavior__rosidl_generator_c.so
-- Set runtime path of "/root/Shared/src/TurtleRRT-Connect/MIAPR_project/install/nav2_sms_behavior/lib/libnav2_sms_behavior__rosidl_generator_c.so" to ""
-- Up-to-date: /root/Shared/src/TurtleRRT-Connect/MIAPR_project/install/nav2_sms_behavior/include/nav2_sms_behavior/nav2_sms_behavior
-- Up-to-date: /root/Shared/src/TurtleRRT-Connect/MIAPR_project/install/nav2_sms_behavior/include/nav2_sms_behavior/nav2_sms_behavior/action
-- Up-to-date: /root/Shared/src/TurtleRRT-Connect/MIAPR_project/install/nav2_sms_behavior/include/nav2_sms_behavior/nav2_sms_behavior/action/detail
-- Installing: /root/Shared/src/TurtleRRT-Connect/MIAPR_project/install/nav2_sms_behavior/include/nav2_sms_behavior/nav2_sms_behavior/action/detail/send_sms__rosidl_typesupport_fastrtps_c.h
-- Up-to-date: /root/Shared/src/TurtleRRT-Connect/MIAPR_project/install/nav2_sms_behavior/include/nav2_sms_behavior/nav2_sms_behavior/msg
-- Installing: /root/Shared/src/TurtleRRT-Connect/MIAPR_project/install/nav2_sms_behavior/include/nav2_sms_behavior/nav2_sms_behavior/msg/rosidl_typesupport_fastrtps_c__visibility_control.h
-- Installing: /root/Shared/src/TurtleRRT-Connect/MIAPR_project/install/nav2_sms_behavior/lib/libnav2_sms_behavior__rosidl_typesupport_fastrtps_c.so
-- Set runtime path of "/root/Shared/src/TurtleRRT-Connect/MIAPR_project/install/nav2_sms_behavior/lib/libnav2_sms_behavior__rosidl_typesupport_fastrtps_c.so" to ""
-- Up-to-date: /root/Shared/src/TurtleRRT-Connect/MIAPR_project/install/nav2_sms_behavior/include/nav2_sms_behavior/nav2_sms_behavior
-- Up-to-date: /root/Shared/src/TurtleRRT-Connect/MIAPR_project/install/nav2_sms_behavior/include/nav2_sms_behavior/nav2_sms_behavior/action
-- Installing: /root/Shared/src/TurtleRRT-Connect/MIAPR_project/install/nav2_sms_behavior/include/nav2_sms_behavior/nav2_sms_behavior/action/send_sms.hpp
-- Up-to-date: /root/Shared/src/TurtleRRT-Connect/MIAPR_project/install/nav2_sms_behavior/include/nav2_sms_behavior/nav2_sms_behavior/action/detail
-- Installing: /root/Shared/src/TurtleRRT-Connect/MIAPR_project/install/nav2_sms_behavior/include/nav2_sms_behavior/nav2_sms_behavior/action/detail/send_sms__traits.hpp
-- Installing: /root/Shared/src/TurtleRRT-Connect/MIAPR_project/install/nav2_sms_behavior/include/nav2_sms_behavior/nav2_sms_behavior/action/detail/send_sms__type_support.hpp
-- Installing: /root/Shared/src/TurtleRRT-Connect/MIAPR_project/install/nav2_sms_behavior/include/nav2_sms_behavior/nav2_sms_behavior/action/detail/send_sms__struct.hpp
-- Installing: /root/Shared/src/TurtleRRT-Connect/MIAPR_project/install/nav2_sms_behavior/include/nav2_sms_behavior/nav2_sms_behavior/action/detail/send_sms__builder.hpp
-- Up-to-date: /root/Shared/src/TurtleRRT-Connect/MIAPR_project/install/nav2_sms_behavior/include/nav2_sms_behavior/nav2_sms_behavior/msg
-- Installing: /root/Shared/src/TurtleRRT-Connect/MIAPR_project/install/nav2_sms_behavior/include/nav2_sms_behavior/nav2_sms_behavior/msg/rosidl_generator_cpp__visibility_control.hpp
-- Up-to-date: /root/Shared/src/TurtleRRT-Connect/MIAPR_project/install/nav2_sms_behavior/include/nav2_sms_behavior/nav2_sms_behavior
-- Up-to-date: /root/Shared/src/TurtleRRT-Connect/MIAPR_project/install/nav2_sms_behavior/include/nav2_sms_behavior/nav2_sms_behavior/action
-- Up-to-date: /root/Shared/src/TurtleRRT-Connect/MIAPR_project/install/nav2_sms_behavior/include/nav2_sms_behavior/nav2_sms_behavior/action/detail
-- Installing: /root/Shared/src/TurtleRRT-Connect/MIAPR_project/install/nav2_sms_behavior/include/nav2_sms_behavior/nav2_sms_behavior/action/detail/dds_fastrtps
-- Installing: /root/Shared/src/TurtleRRT-Connect/MIAPR_project/install/nav2_sms_behavior/include/nav2_sms_behavior/nav2_sms_behavior/action/detail/send_sms__rosidl_typesupport_fastrtps_cpp.hpp
-- Up-to-date: /root/Shared/src/TurtleRRT-Connect/MIAPR_project/install/nav2_sms_behavior/include/nav2_sms_behavior/nav2_sms_behavior/msg
-- Installing: /root/Shared/src/TurtleRRT-Connect/MIAPR_project/install/nav2_sms_behavior/include/nav2_sms_behavior/nav2_sms_behavior/msg/rosidl_typesupport_fastrtps_cpp__visibility_control.h
-- Installing: /root/Shared/src/TurtleRRT-Connect/MIAPR_project/install/nav2_sms_behavior/lib/libnav2_sms_behavior__rosidl_typesupport_fastrtps_cpp.so
-- Set runtime path of "/root/Shared/src/TurtleRRT-Connect/MIAPR_project/install/nav2_sms_behavior/lib/libnav2_sms_behavior__rosidl_typesupport_fastrtps_cpp.so" to ""
-- Up-to-date: /root/Shared/src/TurtleRRT-Connect/MIAPR_project/install/nav2_sms_behavior/include/nav2_sms_behavior/nav2_sms_behavior
-- Up-to-date: /root/Shared/src/TurtleRRT-Connect/MIAPR_project/install/nav2_sms_behavior/include/nav2_sms_behavior/nav2_sms_behavior/action
-- Up-to-date: /root/Shared/src/TurtleRRT-Connect/MIAPR_project/install/nav2_sms_behavior/include/nav2_sms_behavior/nav2_sms_behavior/action/detail
-- Installing: /root/Shared/src/TurtleRRT-Connect/MIAPR_project/install/nav2_sms_behavior/include/nav2_sms_behavior/nav2_sms_behavior/action/detail/send_sms__type_support.c
-- Installing: /root/Shared/src/TurtleRRT-Connect/MIAPR_project/install/nav2_sms_behavior/include/nav2_sms_behavior/nav2_sms_behavior/action/detail/send_sms__rosidl_typesupport_introspection_c.h
-- Up-to-date: /root/Shared/src/TurtleRRT-Connect/MIAPR_project/install/nav2_sms_behavior/include/nav2_sms_behavior/nav2_sms_behavior/msg
-- Installing: /root/Shared/src/TurtleRRT-Connect/MIAPR_project/install/nav2_sms_behavior/include/nav2_sms_behavior/nav2_sms_behavior/msg/rosidl_typesupport_introspection_c__visibility_control.h
-- Installing: /root/Shared/src/TurtleRRT-Connect/MIAPR_project/install/nav2_sms_behavior/lib/libnav2_sms_behavior__rosidl_typesupport_introspection_c.so
-- Set runtime path of "/root/Shared/src/TurtleRRT-Connect/MIAPR_project/install/nav2_sms_behavior/lib/libnav2_sms_behavior__rosidl_typesupport_introspection_c.so" to ""
-- Installing: /root/Shared/src/TurtleRRT-Connect/MIAPR_project/install/nav2_sms_behavior/lib/libnav2_sms_behavior__rosidl_typesupport_c.so
-- Set runtime path of "/root/Shared/src/TurtleRRT-Connect/MIAPR_project/install/nav2_sms_behavior/lib/libnav2_sms_behavior__rosidl_typesupport_c.so" to ""
-- Up-to-date: /root/Shared/src/TurtleRRT-Connect/MIAPR_project/install/nav2_sms_behavior/include/nav2_sms_behavior/nav2_sms_behavior
-- Up-to-date: /root/Shared/src/TurtleRRT-Connect/MIAPR_project/install/nav2_sms_behavior/include/nav2_sms_behavior/nav2_sms_behavior/action
-- Up-to-date: /root/Shared/src/TurtleRRT-Connect/MIAPR_project/install/nav2_sms_behavior/include/nav2_sms_behavior/nav2_sms_behavior/action/detail
-- Installing: /root/Shared/src/TurtleRRT-Connect/MIAPR_project/install/nav2_sms_behavior/include/nav2_sms_behavior/nav2_sms_behavior/action/detail/send_sms__rosidl_typesupport_introspection_cpp.hpp
-- Installing: /root/Shared/src/TurtleRRT-Connect/MIAPR_project/install/nav2_sms_behavior/include/nav2_sms_behavior/nav2_sms_behavior/action/detail/send_sms__type_support.cpp
-- Installing: /root/Shared/src/TurtleRRT-Connect/MIAPR_project/install/nav2_sms_behavior/lib/libnav2_sms_behavior__rosidl_typesupport_introspection_cpp.so
-- Set runtime path of "/root/Shared/src/TurtleRRT-Connect/MIAPR_project/install/nav2_sms_behavior/lib/libnav2_sms_behavior__rosidl_typesupport_introspection_cpp.so" to ""
-- Installing: /root/Shared/src/TurtleRRT-Connect/MIAPR_project/install/nav2_sms_behavior/lib/libnav2_sms_behavior__rosidl_typesupport_cpp.so
-- Set runtime path of "/root/Shared/src/TurtleRRT-Connect/MIAPR_project/install/nav2_sms_behavior/lib/libnav2_sms_behavior__rosidl_typesupport_cpp.so" to ""
-- Installing: /root/Shared/src/TurtleRRT-Connect/MIAPR_project/install/nav2_sms_behavior/share/nav2_sms_behavior/environment/pythonpath.sh
-- Installing: /root/Shared/src/TurtleRRT-Connect/MIAPR_project/install/nav2_sms_behavior/share/nav2_sms_behavior/environment/pythonpath.dsv
-- Installing: /root/Shared/src/TurtleRRT-Connect/MIAPR_project/install/nav2_sms_behavior/local/lib/python3.10/dist-packages/nav2_sms_behavior-1.0.0-py3.10.egg-info
-- Installing: /root/Shared/src/TurtleRRT-Connect/MIAPR_project/install/nav2_sms_behavior/local/lib/python3.10/dist-packages/nav2_sms_behavior-1.0.0-py3.10.egg-info/dependency_links.txt
-- Installing: /root/Shared/src/TurtleRRT-Connect/MIAPR_project/install/nav2_sms_behavior/local/lib/python3.10/dist-packages/nav2_sms_behavior-1.0.0-py3.10.egg-info/PKG-INFO
-- Installing: /root/Shared/src/TurtleRRT-Connect/MIAPR_project/install/nav2_sms_behavior/local/lib/python3.10/dist-packages/nav2_sms_behavior-1.0.0-py3.10.egg-info/top_level.txt
-- Installing: /root/Shared/src/TurtleRRT-Connect/MIAPR_project/install/nav2_sms_behavior/local/lib/python3.10/dist-packages/nav2_sms_behavior-1.0.0-py3.10.egg-info/SOURCES.txt
-- Installing: /root/Shared/src/TurtleRRT-Connect/MIAPR_project/install/nav2_sms_behavior/local/lib/python3.10/dist-packages/nav2_sms_behavior
-- Installing: /root/Shared/src/TurtleRRT-Connect/MIAPR_project/install/nav2_sms_behavior/local/lib/python3.10/dist-packages/nav2_sms_behavior/action
-- Installing: /root/Shared/src/TurtleRRT-Connect/MIAPR_project/install/nav2_sms_behavior/local/lib/python3.10/dist-packages/nav2_sms_behavior/action/_send_sms_s.c
-- Installing: /root/Shared/src/TurtleRRT-Connect/MIAPR_project/install/nav2_sms_behavior/local/lib/python3.10/dist-packages/nav2_sms_behavior/action/__init__.py
-- Installing: /root/Shared/src/TurtleRRT-Connect/MIAPR_project/install/nav2_sms_behavior/local/lib/python3.10/dist-packages/nav2_sms_behavior/action/_send_sms.py
-- Installing: /root/Shared/src/TurtleRRT-Connect/MIAPR_project/install/nav2_sms_behavior/local/lib/python3.10/dist-packages/nav2_sms_behavior/nav2_sms_behavior_s__rosidl_typesupport_fastrtps_c.cpython-310-x86_64-linux-gnu.so
-- Installing: /root/Shared/src/TurtleRRT-Connect/MIAPR_project/install/nav2_sms_behavior/local/lib/python3.10/dist-packages/nav2_sms_behavior/libnav2_sms_behavior__rosidl_generator_py.so
-- Installing: /root/Shared/src/TurtleRRT-Connect/MIAPR_project/install/nav2_sms_behavior/local/lib/python3.10/dist-packages/nav2_sms_behavior/_nav2_sms_behavior_s.ep.rosidl_typesupport_c.c
-- Installing: /root/Shared/src/TurtleRRT-Connect/MIAPR_project/install/nav2_sms_behavior/local/lib/python3.10/dist-packages/nav2_sms_behavior/_nav2_sms_behavior_s.ep.rosidl_typesupport_introspection_c.c
-- Installing: /root/Shared/src/TurtleRRT-Connect/MIAPR_project/install/nav2_sms_behavior/local/lib/python3.10/dist-packages/nav2_sms_behavior/__init__.py
-- Installing: /root/Shared/src/TurtleRRT-Connect/MIAPR_project/install/nav2_sms_behavior/local/lib/python3.10/dist-packages/nav2_sms_behavior/_nav2_sms_behavior_s.ep.rosidl_typesupport_fastrtps_c.c
-- Installing: /root/Shared/src/TurtleRRT-Connect/MIAPR_project/install/nav2_sms_behavior/local/lib/python3.10/dist-packages/nav2_sms_behavior/nav2_sms_behavior_s__rosidl_typesupport_c.cpython-310-x86_64-linux-gnu.so
-- Installing: /root/Shared/src/TurtleRRT-Connect/MIAPR_project/install/nav2_sms_behavior/local/lib/python3.10/dist-packages/nav2_sms_behavior/nav2_sms_behavior_s__rosidl_typesupport_introspection_c.cpython-310-x86_64-linux-gnu.so
Listing '/root/Shared/src/TurtleRRT-Connect/MIAPR_project/install/nav2_sms_behavior/local/lib/python3.10/dist-packages/nav2_sms_behavior'...
Compiling '/root/Shared/src/TurtleRRT-Connect/MIAPR_project/install/nav2_sms_behavior/local/lib/python3.10/dist-packages/nav2_sms_behavior/__init__.py'...
Listing '/root/Shared/src/TurtleRRT-Connect/MIAPR_project/install/nav2_sms_behavior/local/lib/python3.10/dist-packages/nav2_sms_behavior/action'...
Compiling '/root/Shared/src/TurtleRRT-Connect/MIAPR_project/install/nav2_sms_behavior/local/lib/python3.10/dist-packages/nav2_sms_behavior/action/__init__.py'...
Compiling '/root/Shared/src/TurtleRRT-Connect/MIAPR_project/install/nav2_sms_behavior/local/lib/python3.10/dist-packages/nav2_sms_behavior/action/_send_sms.py'...
-- Installing: /root/Shared/src/TurtleRRT-Connect/MIAPR_project/install/nav2_sms_behavior/local/lib/python3.10/dist-packages/nav2_sms_behavior/nav2_sms_behavior_s__rosidl_typesupport_fastrtps_c.cpython-310-x86_64-linux-gnu.so
-- Set runtime path of "/root/Shared/src/TurtleRRT-Connect/MIAPR_project/install/nav2_sms_behavior/local/lib/python3.10/dist-packages/nav2_sms_behavior/nav2_sms_behavior_s__rosidl_typesupport_fastrtps_c.cpython-310-x86_64-linux-gnu.so" to ""
-- Installing: /root/Shared/src/TurtleRRT-Connect/MIAPR_project/install/nav2_sms_behavior/local/lib/python3.10/dist-packages/nav2_sms_behavior/nav2_sms_behavior_s__rosidl_typesupport_introspection_c.cpython-310-x86_64-linux-gnu.so
-- Set runtime path of "/root/Shared/src/TurtleRRT-Connect/MIAPR_project/install/nav2_sms_behavior/local/lib/python3.10/dist-packages/nav2_sms_behavior/nav2_sms_behavior_s__rosidl_typesupport_introspection_c.cpython-310-x86_64-linux-gnu.so" to ""
-- Installing: /root/Shared/src/TurtleRRT-Connect/MIAPR_project/install/nav2_sms_behavior/local/lib/python3.10/dist-packages/nav2_sms_behavior/nav2_sms_behavior_s__rosidl_typesupport_c.cpython-310-x86_64-linux-gnu.so
-- Set runtime path of "/root/Shared/src/TurtleRRT-Connect/MIAPR_project/install/nav2_sms_behavior/local/lib/python3.10/dist-packages/nav2_sms_behavior/nav2_sms_behavior_s__rosidl_typesupport_c.cpython-310-x86_64-linux-gnu.so" to ""
-- Installing: /root/Shared/src/TurtleRRT-Connect/MIAPR_project/install/nav2_sms_behavior/lib/libnav2_sms_behavior__rosidl_generator_py.so
-- Set runtime path of "/root/Shared/src/TurtleRRT-Connect/MIAPR_project/install/nav2_sms_behavior/lib/libnav2_sms_behavior__rosidl_generator_py.so" to ""
-- Installing: /root/Shared/src/TurtleRRT-Connect/MIAPR_project/install/nav2_sms_behavior/share/nav2_sms_behavior/action/SendSms.idl
-- Installing: /root/Shared/src/TurtleRRT-Connect/MIAPR_project/install/nav2_sms_behavior/share/nav2_sms_behavior/action/SendSms.action
-- Installing: /root/Shared/src/TurtleRRT-Connect/MIAPR_project/install/nav2_sms_behavior/share/nav2_sms_behavior/behavior_plugin.xml
-- Installing: /root/Shared/src/TurtleRRT-Connect/MIAPR_project/install/nav2_sms_behavior/lib/libnav2_sms_behavior_plugin.so
-- Set runtime path of "/root/Shared/src/TurtleRRT-Connect/MIAPR_project/install/nav2_sms_behavior/lib/libnav2_sms_behavior_plugin.so" to ""
-- Up-to-date: /root/Shared/src/TurtleRRT-Connect/MIAPR_project/install/nav2_sms_behavior/include/
-- Up-to-date: /root/Shared/src/TurtleRRT-Connect/MIAPR_project/install/nav2_sms_behavior/include//nav2_sms_behavior
-- Installing: /root/Shared/src/TurtleRRT-Connect/MIAPR_project/install/nav2_sms_behavior/include//nav2_sms_behavior/send_sms.hpp
-- Installing: /root/Shared/src/TurtleRRT-Connect/MIAPR_project/install/nav2_sms_behavior/include//nav2_sms_behavior/twilio.hpp
-- Installing: /root/Shared/src/TurtleRRT-Connect/MIAPR_project/install/nav2_sms_behavior/include//nav2_sms_behavior/type_conversion.hpp
-- Up-to-date: /root/Shared/src/TurtleRRT-Connect/MIAPR_project/install/nav2_sms_behavior/share/nav2_sms_behavior/behavior_plugin.xml
-- Installing: /root/Shared/src/TurtleRRT-Connect/MIAPR_project/install/nav2_sms_behavior/share/ament_index/resource_index/package_run_dependencies/nav2_sms_behavior
-- Installing: /root/Shared/src/TurtleRRT-Connect/MIAPR_project/install/nav2_sms_behavior/share/ament_index/resource_index/parent_prefix_path/nav2_sms_behavior
-- Installing: /root/Shared/src/TurtleRRT-Connect/MIAPR_project/install/nav2_sms_behavior/share/nav2_sms_behavior/environment/ament_prefix_path.sh
-- Installing: /root/Shared/src/TurtleRRT-Connect/MIAPR_project/install/nav2_sms_behavior/share/nav2_sms_behavior/environment/ament_prefix_path.dsv
-- Installing: /root/Shared/src/TurtleRRT-Connect/MIAPR_project/install/nav2_sms_behavior/share/nav2_sms_behavior/environment/path.sh
-- Installing: /root/Shared/src/TurtleRRT-Connect/MIAPR_project/install/nav2_sms_behavior/share/nav2_sms_behavior/environment/path.dsv
-- Installing: /root/Shared/src/TurtleRRT-Connect/MIAPR_project/install/nav2_sms_behavior/share/nav2_sms_behavior/local_setup.bash
-- Installing: /root/Shared/src/TurtleRRT-Connect/MIAPR_project/install/nav2_sms_behavior/share/nav2_sms_behavior/local_setup.sh
-- Installing: /root/Shared/src/TurtleRRT-Connect/MIAPR_project/install/nav2_sms_behavior/share/nav2_sms_behavior/local_setup.zsh
-- Installing: /root/Shared/src/TurtleRRT-Connect/MIAPR_project/install/nav2_sms_behavior/share/nav2_sms_behavior/local_setup.dsv
-- Installing: /root/Shared/src/TurtleRRT-Connect/MIAPR_project/install/nav2_sms_behavior/share/nav2_sms_behavior/package.dsv
-- Installing: /root/Shared/src/TurtleRRT-Connect/MIAPR_project/install/nav2_sms_behavior/share/ament_index/resource_index/packages/nav2_sms_behavior
-- Installing: /root/Shared/src/TurtleRRT-Connect/MIAPR_project/install/nav2_sms_behavior/share/ament_index/resource_index/nav2_core__pluginlib__plugin/nav2_sms_behavior
-- Installing: /root/Shared/src/TurtleRRT-Connect/MIAPR_project/install/nav2_sms_behavior/share/nav2_sms_behavior/cmake/export_nav2_sms_behavior__rosidl_generator_cExport.cmake
-- Installing: /root/Shared/src/TurtleRRT-Connect/MIAPR_project/install/nav2_sms_behavior/share/nav2_sms_behavior/cmake/export_nav2_sms_behavior__rosidl_generator_cExport-noconfig.cmake
-- Installing: /root/Shared/src/TurtleRRT-Connect/MIAPR_project/install/nav2_sms_behavior/share/nav2_sms_behavior/cmake/export_nav2_sms_behavior__rosidl_typesupport_fastrtps_cExport.cmake
-- Installing: /root/Shared/src/TurtleRRT-Connect/MIAPR_project/install/nav2_sms_behavior/share/nav2_sms_behavior/cmake/export_nav2_sms_behavior__rosidl_typesupport_fastrtps_cExport-noconfig.cmake
-- Installing: /root/Shared/src/TurtleRRT-Connect/MIAPR_project/install/nav2_sms_behavior/share/nav2_sms_behavior/cmake/export_nav2_sms_behavior__rosidl_generator_cppExport.cmake
-- Installing: /root/Shared/src/TurtleRRT-Connect/MIAPR_project/install/nav2_sms_behavior/share/nav2_sms_behavior/cmake/export_nav2_sms_behavior__rosidl_typesupport_fastrtps_cppExport.cmake
-- Installing: /root/Shared/src/TurtleRRT-Connect/MIAPR_project/install/nav2_sms_behavior/share/nav2_sms_behavior/cmake/export_nav2_sms_behavior__rosidl_typesupport_fastrtps_cppExport-noconfig.cmake
-- Installing: /root/Shared/src/TurtleRRT-Connect/MIAPR_project/install/nav2_sms_behavior/share/nav2_sms_behavior/cmake/nav2_sms_behavior__rosidl_typesupport_introspection_cExport.cmake
-- Installing: /root/Shared/src/TurtleRRT-Connect/MIAPR_project/install/nav2_sms_behavior/share/nav2_sms_behavior/cmake/nav2_sms_behavior__rosidl_typesupport_introspection_cExport-noconfig.cmake
-- Installing: /root/Shared/src/TurtleRRT-Connect/MIAPR_project/install/nav2_sms_behavior/share/nav2_sms_behavior/cmake/nav2_sms_behavior__rosidl_typesupport_cExport.cmake
-- Installing: /root/Shared/src/TurtleRRT-Connect/MIAPR_project/install/nav2_sms_behavior/share/nav2_sms_behavior/cmake/nav2_sms_behavior__rosidl_typesupport_cExport-noconfig.cmake
-- Installing: /root/Shared/src/TurtleRRT-Connect/MIAPR_project/install/nav2_sms_behavior/share/nav2_sms_behavior/cmake/nav2_sms_behavior__rosidl_typesupport_introspection_cppExport.cmake
-- Installing: /root/Shared/src/TurtleRRT-Connect/MIAPR_project/install/nav2_sms_behavior/share/nav2_sms_behavior/cmake/nav2_sms_behavior__rosidl_typesupport_introspection_cppExport-noconfig.cmake
-- Installing: /root/Shared/src/TurtleRRT-Connect/MIAPR_project/install/nav2_sms_behavior/share/nav2_sms_behavior/cmake/nav2_sms_behavior__rosidl_typesupport_cppExport.cmake
-- Installing: /root/Shared/src/TurtleRRT-Connect/MIAPR_project/install/nav2_sms_behavior/share/nav2_sms_behavior/cmake/nav2_sms_behavior__rosidl_typesupport_cppExport-noconfig.cmake
-- Installing: /root/Shared/src/TurtleRRT-Connect/MIAPR_project/install/nav2_sms_behavior/share/nav2_sms_behavior/cmake/export_nav2_sms_behavior__rosidl_generator_pyExport.cmake
-- Installing: /root/Shared/src/TurtleRRT-Connect/MIAPR_project/install/nav2_sms_behavior/share/nav2_sms_behavior/cmake/export_nav2_sms_behavior__rosidl_generator_pyExport-noconfig.cmake
-- Installing: /root/Shared/src/TurtleRRT-Connect/MIAPR_project/install/nav2_sms_behavior/share/nav2_sms_behavior/cmake/rosidl_cmake-extras.cmake
-- Installing: /root/Shared/src/TurtleRRT-Connect/MIAPR_project/install/nav2_sms_behavior/share/nav2_sms_behavior/cmake/ament_cmake_export_dependencies-extras.cmake
-- Installing: /root/Shared/src/TurtleRRT-Connect/MIAPR_project/install/nav2_sms_behavior/share/nav2_sms_behavior/cmake/ament_cmake_export_include_directories-extras.cmake
-- Installing: /root/Shared/src/TurtleRRT-Connect/MIAPR_project/install/nav2_sms_behavior/share/nav2_sms_behavior/cmake/ament_cmake_export_libraries-extras.cmake
-- Installing: /root/Shared/src/TurtleRRT-Connect/MIAPR_project/install/nav2_sms_behavior/share/nav2_sms_behavior/cmake/ament_cmake_export_targets-extras.cmake
-- Installing: /root/Shared/src/TurtleRRT-Connect/MIAPR_project/install/nav2_sms_behavior/share/nav2_sms_behavior/cmake/rosidl_cmake_export_typesupport_targets-extras.cmake
-- Installing: /root/Shared/src/TurtleRRT-Connect/MIAPR_project/install/nav2_sms_behavior/share/nav2_sms_behavior/cmake/rosidl_cmake_export_typesupport_libraries-extras.cmake
-- Installing: /root/Shared/src/TurtleRRT-Connect/MIAPR_project/install/nav2_sms_behavior/share/nav2_sms_behavior/cmake/nav2_sms_behaviorConfig.cmake
-- Installing: /root/Shared/src/TurtleRRT-Connect/MIAPR_project/install/nav2_sms_behavior/share/nav2_sms_behavior/cmake/nav2_sms_behaviorConfig-version.cmake
-- Installing: /root/Shared/src/TurtleRRT-Connect/MIAPR_project/install/nav2_sms_behavior/share/nav2_sms_behavior/package.xml
