[0.013s] Invoking command in '/root/Shared/src/MIAPR_project/build/nav2_RRTstar_planner': CMAKE_PREFIX_PATH=${CMAKE_PREFIX_PATH}:/opt/ros/humble /usr/bin/cmake --build /root/Shared/src/MIAPR_project/build/nav2_RRTstar_planner -- -j8 -l8
[0.064s] [100%] Built target nav2_RRTstar_planner_plugin
[0.072s] Invoked command in '/root/Shared/src/MIAPR_project/build/nav2_RRTstar_planner' returned '0': CMAKE_PREFIX_PATH=${CMAKE_PREFIX_PATH}:/opt/ros/humble /usr/bin/cmake --build /root/Shared/src/MIAPR_project/build/nav2_RRTstar_planner -- -j8 -l8
[0.080s] Invoking command in '/root/Shared/src/MIAPR_project/build/nav2_RRTstar_planner': CMAKE_PREFIX_PATH=${CMAKE_PREFIX_PATH}:/opt/ros/humble /usr/bin/cmake --install /root/Shared/src/MIAPR_project/build/nav2_RRTstar_planner
[0.090s] -- Install configuration: ""
[0.090s] -- Up-to-date: /root/Shared/src/MIAPR_project/install/nav2_RRTstar_planner/share/nav2_RRTstar_planner/global_planner_plugin.xml
[0.090s] -- Up-to-date: /root/Shared/src/MIAPR_project/install/nav2_RRTstar_planner/lib/libnav2_RRTstar_planner_plugin.so
[0.090s] -- Up-to-date: /root/Shared/src/MIAPR_project/install/nav2_RRTstar_planner/include/
[0.090s] -- Up-to-date: /root/Shared/src/MIAPR_project/install/nav2_RRTstar_planner/include//nav2_RRTstar_planner
[0.090s] -- Up-to-date: /root/Shared/src/MIAPR_project/install/nav2_RRTstar_planner/include//nav2_RRTstar_planner/RRT_star_planner.hpp
[0.090s] -- Up-to-date: /root/Shared/src/MIAPR_project/install/nav2_RRTstar_planner/share/nav2_RRTstar_planner/global_planner_plugin.xml
[0.091s] -- Up-to-date: /root/Shared/src/MIAPR_project/install/nav2_RRTstar_planner/share/nav2_RRTstar_planner/environment/library_path.sh
[0.091s] -- Up-to-date: /root/Shared/src/MIAPR_project/install/nav2_RRTstar_planner/share/nav2_RRTstar_planner/environment/library_path.dsv
[0.091s] -- Up-to-date: /root/Shared/src/MIAPR_project/install/nav2_RRTstar_planner/share/ament_index/resource_index/package_run_dependencies/nav2_RRTstar_planner
[0.091s] -- Up-to-date: /root/Shared/src/MIAPR_project/install/nav2_RRTstar_planner/share/ament_index/resource_index/parent_prefix_path/nav2_RRTstar_planner
[0.091s] -- Up-to-date: /root/Shared/src/MIAPR_project/install/nav2_RRTstar_planner/share/nav2_RRTstar_planner/environment/ament_prefix_path.sh
[0.091s] -- Up-to-date: /root/Shared/src/MIAPR_project/install/nav2_RRTstar_planner/share/nav2_RRTstar_planner/environment/ament_prefix_path.dsv
[0.091s] -- Up-to-date: /root/Shared/src/MIAPR_project/install/nav2_RRTstar_planner/share/nav2_RRTstar_planner/environment/path.sh
[0.091s] -- Up-to-date: /root/Shared/src/MIAPR_project/install/nav2_RRTstar_planner/share/nav2_RRTstar_planner/environment/path.dsv
[0.091s] -- Up-to-date: /root/Shared/src/MIAPR_project/install/nav2_RRTstar_planner/share/nav2_RRTstar_planner/local_setup.bash
[0.091s] -- Up-to-date: /root/Shared/src/MIAPR_project/install/nav2_RRTstar_planner/share/nav2_RRTstar_planner/local_setup.sh
[0.091s] -- Up-to-date: /root/Shared/src/MIAPR_project/install/nav2_RRTstar_planner/share/nav2_RRTstar_planner/local_setup.zsh
[0.091s] -- Up-to-date: /root/Shared/src/MIAPR_project/install/nav2_RRTstar_planner/share/nav2_RRTstar_planner/local_setup.dsv
[0.091s] -- Installing: /root/Shared/src/MIAPR_project/install/nav2_RRTstar_planner/share/nav2_RRTstar_planner/package.dsv
[0.091s] -- Up-to-date: /root/Shared/src/MIAPR_project/install/nav2_RRTstar_planner/share/ament_index/resource_index/packages/nav2_RRTstar_planner
[0.091s] -- Up-to-date: /root/Shared/src/MIAPR_project/install/nav2_RRTstar_planner/share/ament_index/resource_index/nav2_core__pluginlib__plugin/nav2_RRTstar_planner
[0.091s] -- Up-to-date: /root/Shared/src/MIAPR_project/install/nav2_RRTstar_planner/share/nav2_RRTstar_planner/cmake/ament_cmake_export_include_directories-extras.cmake
[0.091s] -- Up-to-date: /root/Shared/src/MIAPR_project/install/nav2_RRTstar_planner/share/nav2_RRTstar_planner/cmake/ament_cmake_export_libraries-extras.cmake
[0.091s] -- Up-to-date: /root/Shared/src/MIAPR_project/install/nav2_RRTstar_planner/share/nav2_RRTstar_planner/cmake/ament_cmake_export_dependencies-extras.cmake
[0.091s] -- Up-to-date: /root/Shared/src/MIAPR_project/install/nav2_RRTstar_planner/share/nav2_RRTstar_planner/cmake/nav2_RRTstar_plannerConfig.cmake
[0.092s] -- Up-to-date: /root/Shared/src/MIAPR_project/install/nav2_RRTstar_planner/share/nav2_RRTstar_planner/cmake/nav2_RRTstar_plannerConfig-version.cmake
[0.092s] -- Up-to-date: /root/Shared/src/MIAPR_project/install/nav2_RRTstar_planner/share/nav2_RRTstar_planner/package.xml
[0.092s] Invoked command in '/root/Shared/src/MIAPR_project/build/nav2_RRTstar_planner' returned '0': CMAKE_PREFIX_PATH=${CMAKE_PREFIX_PATH}:/opt/ros/humble /usr/bin/cmake --install /root/Shared/src/MIAPR_project/build/nav2_RRTstar_planner
